=~=~=~=~=~=~=~=~=~=~=~= PuTTY log 2024.12.04 15:18:00 =~=~=~=~=~=~=~=~=~=~=~=
-4.53
-16.14
-26.62
-26.79
-8.03
35.05
102.09
186.04
274.26
351.26
402.56
418.44
396.61
343.02
270.52
195.76
135.10
100.65
97.53
122.89
167.03
216.14
255.89
275.18
268.76
238.36
192.06
141.74
99.99
76.87
77.39
100.41
139.27
183.95
223.57
249.26
256.51
245.96
223.01
196.15
174.62
166.01
174.39
199.29
236.17
277.66
315.51
342.92
356.17
355.37
344.40
329.64
318.15
316.01
326.60
349.85
382.34
418.41
451.69
476.71
490.34
492.45
485.85
475.38
466.62
464.38
471.52
488.29
512.35
539.39
564.42
583.00
592.46
592.42
584.87
573.43
562.28
555.08
554.02
559.28
569.23
580.77
590.28
594.67
592.07
582.33
567.00
548.88
531.23
516.85
507.26
502.53
501.30
501.14
499.36
493.78
483.18
467.60
448.38
427.86
408.52
392.35
380.41
372.55
367.54
363.37
357.90
349.46
337.22
321.37
303.05
284.05
266.32
251.61
240.89
234.05
230.14
227.57
224.59
219.76
212.27
202.14
190.17
177.76
166.52
157.92
152.93
151.78
154.05
158.73
164.55
170.28
175.06
178.50
180.80
182.62
184.90
188.64
194.59
203.04
213.83
226.30
239.53
252.54
264.59
275.28
284.80
293.66
302.57
312.38
323.66
336.70
351.35
366.98
382.64
397.36
410.42
421.49
430.78
438.86
446.58
454.86
464.40
475.49
487.96
501.32
514.72
527.20
537.97
546.56
552.93
557.29
560.20
562.48
564.80
567.61
571.01
574.71
578.27
581.09
582.60
582.34
580.05
575.69
569.54
562.10
553.99
545.80
537.98
530.69
523.74
516.72
509.08
500.28
489.91
477.91
464.64
450.65
436.55
423.02
410.51
399.22
388.97
379.44
370.06
360.18
349.38
337.46
324.49
310.73
296.67
282.94
270.04
258.28
247.74
238.34
229.79
221.78
213.98
206.20
198.43
190.86
183.77
177.33
171.77
167.32
164.03
161.88
160.75
160.52
161.14
162.66
165.15
168.64
173.25
179.05
186.02
194.08
203.02
212.70
222.93
233.52
244.31
255.11
265.86
276.56
287.28
298.09
309.04
320.14
331.40
342.85
354.53
366.48
378.74
391.31
404.20
417.30
430.41
443.25
455.52
466.95
477.34
486.77
495.48
503.84
512.24
520.90
529.91
539.22
548.52
557.32
565.04
571.20
575.49
577.90
578.65
578.18
577.00
575.58
574.26
573.08
571.84
570.19
567.62
563.69
558.14
550.89
542.16
532.31
521.75
510.94
500.23
489.77
479.57
469.44
459.25
448.83
438.06
426.89
415.33
403.43
391.15
378.59
365.88
353.09
340.30
327.61
315.16
303.12
291.60
280.65
270.26
260.40
250.97
241.80
232.61
223.16
213.47
203.70
194.16
185.30
177.63
171.51
167.02
164.18
162.88
162.70
163.25
164.27
165.58
167.08
168.85
171.18
174.44
179.00
185.16
192.99
202.38
213.07
224.66
236.67
248.65
260.22
271.12
281.30
290.96
300.42
310.08
320.33
331.45
343.63
356.76
370.61
384.81
398.93
412.59
425.40
437.21
448.03
458.03
467.56
476.96
486.45
496.26
506.41
516.62
526.55
535.82
544.06
551.11
557.02
562.01
566.37
570.39
574.15
577.53
580.27
581.97
582.30
581.05
578.10
573.62
567.99
561.64
555.03
548.50
542.09
535.71
529.05
521.69
513.28
503.65
492.76
480.73
467.94
454.85
441.91
429.50
417.83
406.88
396.43
386.16
375.68
364.71
353.12
341.01
328.51
315.82
303.21
290.91
279.04
267.65
256.66
246.06
235.81
225.82
216.29
207.44
199.35
192.13
185.83
180.34
175.39
170.75
166.46
162.66
159.61
157.60
156.98
157.93
160.49
164.59
170.10
176.78
184.34
192.52
201.08
209.89
218.88
228.09
237.65
247.67
258.10
268.92
280.05
291.36
302.89
314.62
326.50
338.65
351.10
363.83
376.78
389.79
402.59
414.97
426.77
437.95
448.60
458.87
468.93
478.96
489.10
499.38
509.63
519.66
529.23
538.12
546.23
553.54
560.01
565.75
570.78
575.00
578.25
580.39
581.28
580.92
579.36
576.77
573.40
569.54
565.43
561.14
556.47
551.18
545.02
537.79
529.37
519.74
509.12
497.86
486.36
474.99
463.96
453.28
442.71
431.90
420.56
408.52
395.83
382.72
369.55
356.73
344.61
333.35
322.86
312.90
303.03
292.80
281.83
269.95
257.29
244.19
231.25
219.22
208.75
200.24
193.74
188.94
185.27
181.94
178.30
174.08
169.34
164.47
160.10
157.08
156.18
157.71
161.58
167.47
174.77
182.81
191.02
199.04
206.74
214.21
221.71
229.61
238.22
247.71
258.14
269.41
281.31
293.50
305.73
317.83
329.84
341.83
353.92
366.30
379.06
392.17
405.41
418.49
431.16
443.10
454.11
464.25
473.67
482.68
491.62
500.79
510.34
520.19
530.14
539.83
548.84
556.79
563.40
568.55
572.35
575.01
576.76
577.82
578.35
578.43
577.98
576.82
574.75
571.65
567.42
562.10
555.77
548.54
540.59
532.06
523.05
513.60
503.76
493.50
482.81
471.78
460.61
449.41
438.26
427.17
416.06
404.83
393.33
381.36
368.87
355.97
342.83
329.72
316.88
304.58
292.99
282.19
272.09
262.39
252.84
243.11
232.91
222.34
211.73
201.54
192.26
184.30
177.91
173.10
169.68
167.41
165.98
165.00
164.21
163.59
163.30
163.63
164.89
167.46
171.68
177.66
185.37
194.51
204.66
215.34
226.08
236.53
246.56
256.23
265.75
275.44
285.60
296.38
307.84
319.91
332.39
345.16
358.04
370.83
383.39
395.70
407.77
419.63
431.29
442.76
454.01
465.05
475.81
486.24
496.39
506.28
515.95
525.42
534.63
543.43
551.54
558.71
564.69
569.35
572.73
574.97
576.36
577.12
577.44
577.50
577.25
576.41
574.67
571.71
567.32
561.47
554.32
546.12
537.21
527.94
518.56
509.20
499.91
490.54
480.84
470.56
459.53
447.72
435.34
422.75
410.29
398.18
386.51
375.28
364.32
353.31
341.95
330.06
317.56
304.62
291.52
278.56
266.13
254.56
244.07
234.74
226.49
219.18
212.46
205.96
199.39
192.59
185.63
178.58
171.69
165.45
160.37
156.88
155.31
155.78
158.24
162.44
167.93
174.27
181.01
187.92
194.88
201.85
209.00
216.59
224.89
234.13
244.36
255.39
267.00
278.87
290.66
302.26
313.69
325.00
336.41
348.15
360.39
373.16
386.33
399.66
412.82
425.47
437.35
448.37
458.69
468.47
477.97
487.53
497.45
507.86
518.65
529.48
539.83
549.17
556.98
562.98
567.18
569.86
571.53
572.73
573.89
575.20
576.61
577.82
578.41
578.00
576.21
572.72
567.51
560.76
552.77
543.94
534.71
525.38
516.13
506.96
497.79
488.38
478.49
467.95
456.69
444.85
432.63
420.30
408.07
396.11
384.38
372.72
361.01
349.02
336.62
323.96
311.26
298.81
286.81
275.44
264.86
255.05
245.86
237.10
228.43
219.71
210.84
201.87
193.01
184.54
176.83
170.19
164.87
161.03
158.76
158.04
158.72
160.69
163.77
167.85
172.72
178.18
184.01
190.06
196.37
202.98
210.07
217.88
226.61
236.36
247.15
258.90
271.37
284.21
297.03
309.50
321.44
332.75
343.46
353.83
364.12
374.68
385.80
397.64
410.15
423.16
436.31
449.19
461.50
473.00
483.61
493.52
502.88
511.86
520.61
529.24
537.74
545.92
553.52
560.31
566.04
570.59
573.89
575.99
577.08
577.32
576.86
575.90
574.58
572.94
570.85
568.03
564.19
559.10
552.74
545.10
536.34
526.67
516.35
505.67
494.83
483.93
473.03
462.07
450.99
439.79
428.51
417.13
405.58
393.84
381.88
369.68
357.28
344.70
332.04
319.40
307.09
295.38
284.39
274.03
264.11
254.48
244.94
235.33
225.53
215.62
205.85
196.47
187.82
180.13
173.51
168.11
164.10
161.51
160.30
160.41
161.69
163.88
166.76
170.15
173.90
177.94
182.38
187.46
193.46
200.56
208.76
218.06
228.31
239.18
250.39
261.74
273.11
284.62
296.37
308.38
320.64
333.06
345.50
357.82
369.92
381.69
393.15
404.41
415.62
426.95
438.49
450.29
462.34
474.44
486.32
497.67
508.19
517.76
526.33
533.98
540.87
547.19
553.12
558.70
564.01
569.08
573.81
577.92
581.10
583.11
583.73
582.81
580.37
576.52
571.50
565.57
558.98
551.95
544.67
537.13
529.23
520.84
511.90
502.39
492.36
481.96
471.38
460.76
450.06
439.22
428.14
416.66
404.64
391.99
378.74
365.11
351.48
338.28
325.88
314.53
304.13
294.44
285.07
275.52
265.38
254.37
242.58
230.39
218.31
206.96
196.99
188.84
182.56
177.98
174.70
172.18
169.97
167.78
165.59
163.63
162.21
161.73
162.58
164.92
168.82
174.21
180.91
188.67
197.20
206.29
215.73
225.42
235.29
245.27
255.38
265.62
276.10
286.92
298.16
309.94
322.29
335.12
348.26
361.51
374.64
387.44
399.75
411.50
422.69
433.40
443.77
453.93
464.13
474.54
485.25
496.12
506.98
517.68
527.93
537.36
545.71
552.85
558.70
563.38
567.21
570.45
573.24
575.70
577.81
579.33
580.09
579.91
578.62
576.11
572.32
567.24
560.95
553.59
545.30
536.32
526.89
517.26
507.66
498.19
488.88
479.63
470.14
460.10
449.25
437.41
424.65
411.23
397.54
384.01
370.99
358.78
347.43
336.81
326.62
316.37
305.68
294.30
282.07
269.23
256.26
243.73
232.09
221.75
212.85
205.19
198.51
192.49
186.88
181.49
176.30
171.36
166.95
163.46
161.18
160.28
160.74
162.52
165.51
169.50
174.36
179.95
186.18
193.08
200.65
208.93
217.95
227.73
238.10
248.88
259.84
270.85
281.75
292.51
303.24
314.08
325.18
336.70
348.77
361.48
374.70
388.17
401.53
414.41
426.55
437.81
448.22
457.97
467.40
476.86
486.69
497.06
507.94
519.09
530.06
540.33
549.34
556.80
562.55
566.65
569.42
571.38
572.97
574.42
575.80
577.09
578.06
578.38
577.69
575.70
572.27
567.30
560.83
553.06
544.22
534.65
524.72
514.70
504.83
495.25
485.86
476.49
466.93
456.94
446.25
434.64
422.11
408.78
394.91
380.97
367.45
354.62
342.73
331.89
321.99
312.71
303.54
293.95
283.48
271.93
259.37
246.16
232.98
220.55
209.44
200.13
192.80
187.26
183.06
179.61
176.34
172.89
169.15
165.30
161.77
159.15
158.06
158.97
162.02
167.02
173.51
181.01
188.93
196.80
204.49
212.17
220.09
228.57
237.86
248.17
259.50
271.55
283.92
296.22
308.09
319.44
330.36
341.09
351.98
363.37
375.47
388.37
401.93
415.82
429.58
442.78
455.07
466.23
476.30
485.52
494.29
502.97
511.77
520.70
529.67
538.55
547.08
555.01
562.10
568.18
573.11
576.86
579.44
580.79
580.97
580.11
578.30
575.67
572.44
568.80
564.85
560.50
555.59
549.95
543.37
535.66
526.74
516.67
505.70
494.17
482.32
470.46
458.84
447.64
436.75
425.99
415.19
404.19
392.86
381.21
369.26
357.01
344.48
331.80
319.15
306.74
294.65
282.98
271.74
260.96
250.66
240.85
231.53
222.59
213.97
205.66
197.76
190.38
183.56
177.31
171.75
166.94
162.97
160.00
158.21
157.77
158.73
161.11
164.95
170.18
176.52
183.69
191.45
199.53
207.69
215.86
224.10
232.52
241.30
250.69
260.83
271.74
283.38
295.68
308.46
321.56
334.74
347.77
360.47
372.67
384.33
395.52
406.33
417.02
427.78
438.81
450.20
461.98
474.04
486.14
498.02
509.41
520.03
529.66
538.17
545.47
551.62
556.80
561.15
564.96
568.45
571.69
574.66
577.20
579.04
579.98
579.85
578.53
575.98
572.20
567.21
561.09
554.09
546.50
538.48
530.09
521.41
512.34
502.84
492.78
482.14
470.96
459.32
447.44
435.55
423.82
412.24
400.80
389.35
377.77
365.91
353.67
341.04
328.19
315.27
302.51
290.16
278.44
267.42
257.04
247.15
237.58
228.17
218.87
209.75
200.93
192.62
185.02
178.39
172.86
168.43
165.16
162.98
161.75
161.39
161.76
162.86
164.70
167.30
170.80
175.37
181.15
188.22
196.57
205.94
216.07
226.76
237.71
248.64
259.34
269.71
279.89
290.11
300.52
311.28
322.48
334.16
346.30
358.89
371.85
385.05
398.31
411.41
424.13
436.28
447.76
458.58
468.83
478.59
488.09
497.59
507.13
516.73
526.32
535.68
544.59
552.78
559.98
566.01
570.83
574.48
577.11
578.87
579.83
580.00
579.28
577.62
574.99
571.40
566.90
561.62
555.71
549.31
542.43
535.10
527.31
519.04
510.29
501.00
491.12
480.67
469.69
458.14
446.10
433.67
421.00
408.20
395.47
382.98
370.81
358.99
347.53
336.35
325.25
314.09
302.86
291.53
280.06
268.52
257.08
245.89
235.08
224.78
215.14
206.22
198.11
190.75
184.06
178.14
172.98
168.60
165.16
162.76
161.43
161.34
162.48
164.68
167.73
171.40
175.52
180.03
184.98
190.50
196.95
204.65
213.75
224.27
236.03
248.56
261.39
273.99
285.93
297.08
307.48
317.38
327.21
337.44
348.44
360.44
373.49
387.38
401.64
415.77
429.14
441.33
452.25
462.00
470.90
479.46
488.25
497.75
508.14
519.22
530.53
541.36
551.00
558.86
564.67
568.55
570.87
572.15
573.10
574.26
575.89
577.85
579.62
580.54
579.91
577.23
572.31
565.36
556.91
547.64
538.30
529.30
520.85
512.88
504.97
496.62
487.42
477.08
465.55
453.08
440.15
427.27
414.80
402.93
391.61
380.63
369.68
358.46
346.67
334.21
321.22
308.03
295.05
282.67
271.21
260.81
251.39
242.68
234.31
225.94
217.23
208.05
198.71
189.63
181.33
174.20
168.46
164.22
161.55
160.34
160.43
161.64
163.70
166.44
169.76
173.63
178.07
183.07
188.63
194.89
201.99
210.03
219.15
229.32
240.39
252.11
264.11
276.05
287.63
298.72
309.29
319.56
329.90
340.66
352.12
364.40
377.44
391.05
404.91
418.67
431.89
444.25
455.59
465.92
475.50
484.57
493.48
502.53
511.95
521.73
531.58
541.22
550.27
558.31
565.08
570.46
574.44
577.04
578.48
578.99
578.76
578.01
576.76
574.95
572.46
569.20
565.11
560.22
554.51
547.90
540.41
532.08
522.95
513.08
502.66
491.98
481.23
470.52
459.93
449.35
438.54
427.41
415.80
403.61
390.85
377.69
364.39
351.22
338.46
326.28
314.75
303.86
293.50
283.37
273.20
262.82
252.11
241.09
229.90
218.87
208.43
198.95
190.70
183.81
178.23
173.72
170.01
167.01
164.66
162.99
162.12
162.20
163.28
165.35
168.30
172.08
176.74
182.26
188.68
196.02
204.28
213.41
223.41
234.24
245.70
257.51
269.30
280.75
291.70
302.10
312.13
322.11
332.34
343.15
354.84
367.48
380.99
395.05
409.20
422.99
435.93
447.71
458.30
467.88
476.84
485.67
494.79
504.51
514.88
525.58
536.10
545.88
554.39
561.21
566.13
569.23
570.96
571.98
572.92
574.14
575.78
577.60
579.06
579.44
578.10
574.59
568.80
560.93
551.58
541.50
531.41
521.89
513.29
505.58
498.43
491.28
483.49
474.47
463.90
451.82
438.53
424.49
410.27
396.44
383.41
371.28
359.93
349.09
338.36
327.42
316.00
304.05
291.74
279.40
267.44
256.16
245.68
235.99
226.96
218.42
210.16
202.07
194.18
186.56
179.34
172.77
167.18
162.80
159.89
158.58
158.90
160.74
163.87
167.95
172.61
177.52
182.54
187.72
193.15
199.01
205.62
213.35
222.41
232.88
244.60
257.21
270.24
283.17
295.58
307.19
318.01
328.24
338.29
348.64
359.60
371.31
383.77
396.88
410.39
423.93
437.15
449.82
461.76
472.85
483.13
492.68
501.68
510.29
518.68
526.97
535.24
543.47
551.54
559.28
566.36
572.45
577.26
580.57
582.28
582.41
581.12
578.75
575.64
572.09
568.38
564.67
560.89
556.84
552.23
546.67
539.86
531.67
522.10
511.33
499.65
487.46
475.12
462.96
451.13
439.64
428.47
417.58
406.77
395.84
384.63
373.08
361.19
348.97
336.49
323.88
311.29
298.86
286.72
274.93
263.50
252.45
241.81
231.66
222.03
213.00
204.63
196.93
190.05
184.14
179.16
174.94
171.27
168.04
165.16
162.82
161.18
160.41
160.84
162.74
166.37
171.83
179.00
187.47
196.68
206.10
215.30
224.07
232.38
240.46
248.77
257.80
268.01
279.60
292.45
306.28
320.51
334.49
347.70
359.82
370.83
380.99
390.67
400.47
410.84
422.07
434.30
447.40
460.96
474.46
487.27
498.88
509.11
517.96
525.63
532.47
538.86
545.10
551.38
557.68
563.86
569.67
574.76
578.83
581.60
582.87
582.60
580.86
577.85
573.82
569.07
563.82
558.20
552.26
545.96
539.23
531.97
524.08
515.41
505.84
495.43
484.35
472.81
461.05
449.33
437.79
426.51
415.34
404.13
392.66
380.78
368.48
355.76
342.71
329.55
316.52
303.89
291.95
280.87
270.72
261.39
252.56
243.91
235.13
225.96
216.38
206.62
197.03
188.08
180.17
173.49
168.15
164.26
161.76
160.51
160.35
161.07
162.54
164.79
167.91
172.03
177.23
183.39
190.39
198.08
206.21
214.59
223.18
232.01
241.20
250.99
261.56
273.03
285.37
298.35
311.62
324.74
337.38
349.40
360.77
371.66
382.31
393.01
404.04
415.54
427.51
439.88
452.41
464.90
477.19
489.03
500.21
510.58
520.06
528.59
536.26
543.18
549.45
555.21
560.56
565.53
570.15
574.22
577.57
580.01
581.40
581.61
580.50
578.06
574.37
569.63
564.08
557.95
551.39
544.50
537.30
529.69
521.47
512.47
502.67
492.16
481.19
469.99
458.76
447.55
436.34
425.02
413.44
401.45
389.02
376.22
363.28
350.40
337.83
325.82
314.55
304.03
294.04
284.20
274.09
263.39
252.03
240.16
228.14
216.51
205.87
196.64
189.16
183.54
179.51
176.49
173.78
170.95
167.77
164.34
161.09
158.59
157.52
158.52
162.01
167.99
176.11
185.70
195.90
205.85
214.95
223.00
230.09
236.71
243.61
251.54
261.04
272.37
285.44
299.85
314.95
329.87
343.88
356.56
367.80
377.90
387.37
396.79
406.76
417.70
429.76
442.71
456.11
469.40
481.93
493.35
503.55
512.64
520.89
528.60
536.06
543.44
550.80
557.90
564.37
569.93
574.29
577.29
578.95
579.43
578.93
577.67
575.91
573.83
571.39
568.42
564.58
559.61
553.36
545.82
537.26
528.00
518.35
508.57
498.76
488.86
478.67
468.06
456.82
444.78
432.00
418.77
405.53
392.77
380.79
369.66
359.31
349.42
339.46
328.92
317.42
304.87
291.46
277.60
263.92
251.06
239.48
229.46
221.01
213.86
207.53
201.45
195.19
188.57
181.62
174.56
167.82
162.00
157.62
155.15
154.93
156.94
160.89
166.32
172.55
178.91
184.98
190.62
195.91
201.23
207.15
214.11
222.50
232.52
244.04
256.67
269.89
283.19
296.10
308.33
319.77
330.67
341.39
352.23
363.55
375.48
387.97
400.78
413.60
426.16
438.31
450.00
461.34
472.48
483.48
494.29
504.84
515.07
524.76
533.69
541.65
548.49
554.21
558.94
562.99
566.75
570.35
573.85
577.15
579.89
581.70
582.26
581.30
578.69
574.44
568.75
561.95
554.49
546.72
538.87
531.04
523.16
515.11
506.64
497.41
487.22
476.00
463.94
451.40
438.74
426.40
414.66
403.60
393.05
382.67
372.04
360.73
348.48
335.31
321.56
307.77
294.50
282.13
270.93
260.98
252.05
243.68
235.41
226.90
217.98
208.69
199.19
189.95
181.48
174.16
168.29
164.04
161.45
160.41
160.72
162.05
164.09
166.59
169.45
172.67
176.39
180.87
186.42
193.26
201.47
211.03
221.71
233.08
244.68
256.08
266.97
277.28
287.17
296.98
307.13
317.96
329.69
342.39
355.92
369.88
383.78
397.08
409.43
420.66
430.85
440.32
449.55
459.02
469.10
480.00
491.67
503.79
515.88
527.45
537.88
546.77
553.95
559.42
563.48
566.63
569.33
571.91
574.46
576.81
578.68
579.76
579.81
578.66
576.22
572.53
567.72
561.86
555.07
547.54
539.51
531.05
522.14
512.75
502.83
492.39
481.56
470.45
459.20
447.92
436.71
425.63
414.63
403.46
391.89
379.82
367.20
354.09
340.74
327.46
314.42
301.86
290.02
278.95
268.59
258.87
249.54
240.44
231.52
222.66
213.81
204.99
196.37
188.26
180.92
174.49
169.05
164.66
161.40
159.36
158.54
158.94
160.58
163.42
167.39
172.35
178.06
184.32
191.04
198.14
205.57
213.43
221.88
231.05
241.04
251.82
263.22
275.11
287.34
299.79
312.43
325.10
337.68
350.02
362.01
373.64
385.06
396.35
407.59
418.89
430.32
441.88
453.50
465.06
476.42
487.41
497.99
508.17
517.96
527.40
536.48
545.08
552.93
559.79
565.49
569.89
573.15
575.47
577.00
577.91
578.28
578.16
577.50
576.19
574.05
570.90
566.66
561.25
554.66
546.94
538.23
528.80
518.91
508.82
498.67
488.40
477.97
467.31
456.37
445.17
433.76
422.20
410.57
398.92
387.26
375.57
363.84
352.02
340.08
328.01
315.79
303.53
291.33
279.26
267.40
255.94
245.04
234.88
225.51
216.93
209.07
201.71
194.79
188.22
181.90
175.84
170.15
165.07
160.84
157.78
156.22
156.42
158.58
162.72
168.51
175.47
182.97
190.39
197.39
203.84
209.97
216.20
223.02
230.93
240.30
251.30
263.88
277.67
292.05
306.32
319.90
332.34
343.56
353.79
363.53
373.39
383.80
395.05
407.30
420.33
433.76
447.08
459.80
471.70
482.61
492.59
501.97
511.06
520.12
529.24
538.26
546.91
554.89
561.82
567.37
571.49
574.29
575.97
576.88
577.28
577.39
577.25
576.76
575.69
573.75
570.64
566.14
560.19
552.85
544.34
534.98
525.09
514.97
504.84
494.78
484.75
474.69
464.44
453.89
443.00
431.78
420.29
408.64
396.92
385.10
373.14
361.00
348.68
336.12
323.35
310.55
298.01
285.94
274.54
264.06
254.48
245.64
237.21
228.82
220.19
211.10
201.57
191.88
182.60
174.27
167.44
162.58
159.94
159.38
160.55
162.97
165.99
169.10
171.97
174.59
177.16
180.17
184.16
189.64
196.93
206.04
216.78
228.68
241.16
253.67
265.74
277.03
287.44
297.11
306.46
315.99
326.18
337.34
349.57
362.84
376.85
391.18
405.32
418.74
431.15
442.40
452.64
462.24
471.61
481.13
491.06
501.46
512.20
522.97
533.26
542.64
550.72
557.30
562.35
566.12
568.99
571.29
573.36
575.31
577.07
578.47
579.20
578.93
577.33
574.17
569.46
563.29
555.92
547.73
539.18
530.58
522.02
513.45
504.74
495.66
485.90
475.28
463.75
451.49
438.80
426.08
413.70
401.88
390.65
379.76
368.88
357.60
345.66
333.00
319.85
306.66
293.90
281.99
271.13
261.30
252.28
243.58
234.71
225.36
215.49
205.31
195.26
185.93
177.92
171.57
166.91
163.83
162.15
161.58
161.75
162.50
163.86
166.00
169.01
172.91
177.67
183.24
189.59
196.67
204.45
212.87
221.90
231.49
241.62
252.30
263.55
275.20
287.13
299.18
311.19
323.03
334.66
346.11
357.45
368.80
380.29
392.01
404.03
416.36
429.02
441.94
454.83
467.41
479.38
490.55
500.78
510.03
518.33
525.89
532.95
539.79
546.57
553.26
559.77
565.94
571.54
576.34
580.03
582.32
583.05
582.21
579.90
576.45
572.24
567.60
562.79
557.87
552.74
547.17
540.80
533.33
524.64
514.74
503.79
492.09
480.03
468.01
456.28
444.92
433.87
422.94
411.99
400.93
389.65
378.08
366.25
354.24
342.07
329.79
317.50
305.23
293.04
281.00
269.18
257.67
246.59
236.11
226.33
217.31
209.12
201.81
195.32
189.52
184.27
179.29
174.40
169.68
165.26
161.45
158.67
157.39
157.96
160.51
164.95
170.97
178.17
186.11
194.36
202.64
210.76
218.78
226.85
235.13
243.91
253.44
263.84
275.01
286.86
299.20
311.79
324.48
337.08
349.50
361.77
373.92
386.05
398.23
410.48
422.81
435.08
447.04
458.50
469.35
479.55
489.22
498.53
507.65
516.77
525.86
534.81
543.42
551.49
558.81
565.13
570.33
574.44
577.41
579.31
580.22
580.14
579.08
577.09
574.27
570.72
566.62
562.04
557.00
551.47
545.37
538.50
530.71
521.90
512.10
501.35
489.84
477.82
465.51
453.10
440.79
428.72
417.08
405.97
395.38
385.11
374.85
364.24
352.91
340.65
327.45
313.58
299.52
285.87
273.28
262.08
252.36
243.90
236.21
228.71
220.85
212.28
202.93
193.24
183.80
175.26
168.28
163.19
160.11
158.97
159.49
161.25
163.71
166.44
169.22
172.01
175.03
178.56
183.06
188.88
196.16
204.92
214.96
225.95
237.53
249.29
260.98
272.58
284.01
295.29
306.49
317.69
329.00
340.49
352.20
364.08
376.01
387.99
400.04
412.16
424.32
436.55
448.85
461.09
473.07
484.58
495.36
505.22
514.14
522.22
529.68
536.76
543.68
550.66
557.75
564.69
571.14
576.64
580.72
583.06
583.55
582.28
579.60
575.93
571.74
567.42
563.18
559.04
554.84
550.25
544.87
538.34
530.43
521.10
510.49
498.88
486.59
474.06
461.71
449.74
438.15
426.89
415.88
404.88
393.71
382.31
370.65
358.74
346.63
334.43
322.22
309.99
297.70
285.52
273.55
261.83
250.57
240.02
230.35
221.58
213.69
206.51
199.72
193.10
186.44
179.69
172.95
166.55
161.05
156.99
154.90
155.15
157.70
162.16
168.04
174.68
181.43
187.80
193.57
198.83
203.94
209.50
216.17
224.46
234.60
246.47
259.68
273.61
287.51
300.82
313.19
324.55
335.07
345.11
355.22
365.84
377.27
389.63
402.72
416.18
429.53
442.32
454.30
465.44
475.75
485.48
494.89
504.20
513.55
522.93
532.14
540.84
548.74
555.60
561.35
566.13
570.22
573.79
577.00
579.77
581.85
582.94
582.73
580.97
577.63
572.80
566.70
559.63
551.96
544.04
536.04
528.01
519.90
511.61
503.03
493.98
484.33
474.00
462.99
451.33
439.14
426.55
413.70
400.74
387.82
375.15
362.90
351.24
340.17
329.52
319.13
308.78
298.09
286.85
274.95
262.47
249.77
237.31
225.63
215.20
206.33
199.09
193.24
188.39
184.08
179.87
175.40
170.62
165.76
161.29
157.84
155.94
156.04
158.32
162.73
169.01
176.72
185.24
194.01
202.56
210.62
218.17
225.46
232.79
240.64
249.58
259.98
271.93
285.24
299.39
313.74
327.69
340.68
352.48
363.16
373.03
382.70
392.81
403.84
416.04
429.36
443.42
457.65
471.29
483.64
494.30
503.19
510.56
517.00
523.23
529.89
537.33
545.68
554.66
563.56
571.67
578.35
582.99
585.22
585.11
583.02
579.53
575.39
571.23
567.43
564.12
561.15
558.07
554.25
549.10
542.24
533.59
523.33
511.94
499.99
488.01
476.44
465.41
454.76
444.25
433.59
422.57
411.10
399.21
386.91
374.37
361.82
349.42
337.21
325.16
313.24
301.49
289.84
278.32
267.06
256.04
245.43
235.43
226.14
217.57
209.64
202.22
195.12
188.29
181.83
175.76
170.10
165.06
161.03
158.36
157.24
157.85
160.28
164.40
169.90
176.25
182.98
189.68
196.14
202.32
208.43
214.92
222.32
231.06
241.38
253.22
266.23
279.98
293.89
307.43
320.24
332.11
343.13
353.60
363.95
374.59
385.85
397.79
410.32
423.18
436.02
448.48
460.36
471.57
482.17
492.34
502.28
512.05
521.61
530.77
539.30
547.03
553.75
559.36
563.94
567.64
570.69
573.39
575.90
578.13
579.84
580.69
580.29
578.33
574.73
569.59
563.17
555.86
548.07
540.11
532.19
524.33
516.31
507.84
498.72
488.80
478.04
466.53
454.44
442.09
429.72
417.52
405.57
393.82
382.23
370.63
358.92
347.15
335.39
323.69
312.01
300.44
289.02
277.75
266.56
255.47
244.53
233.77
223.28
213.23
203.90
195.58
188.42
182.44
177.57
173.60
170.25
167.36
164.91
162.98
161.74
161.39
162.15
164.27
167.86
172.81
179.02
186.36
194.63
203.60
212.96
222.40
231.82
241.21
250.57
260.10
270.02
280.59
291.96
304.14
317.07
330.55
344.32
357.98
371.25
383.93
395.90
407.12
417.78
428.14
438.45
448.96
459.76
470.84
482.08
493.19
503.86
513.91
523.28
532.00
540.18
547.80
554.79
561.11
566.73
571.57
575.53
578.48
580.25
580.79
580.11
578.34
575.73
572.52
568.88
564.90
560.56
555.77
550.36
544.08
536.67
527.98
518.05
507.08
495.51
483.77
472.23
461.07
450.27
439.58
428.66
417.31
405.33
392.68
379.51
366.10
352.79
339.90
327.67
316.19
305.47
295.25
285.26
275.16
264.67
253.69
242.24
230.67
219.41
208.89
199.56
191.78
185.59
180.81
177.08
173.90
170.96
168.07
165.18
162.58
160.71
159.97
160.81
163.43
167.86
174.01
181.52
189.93
198.81
207.78
216.63
225.34
234.03
242.94
252.30
262.29
273.05
284.54
296.61
309.08
321.74
334.43
347.08
359.60
371.95
384.13
396.15
407.96
419.54
430.89
442.07
453.10
463.99
474.74
485.35
495.80
506.08
516.12
525.80
534.98
543.50
551.18
557.84
563.44
568.10
571.92
574.89
577.02
578.39
579.02
578.89
577.98
576.22
573.56
569.95
565.35
559.75
553.21
545.75
537.55
528.82
519.78
510.49
500.98
491.17
481.00
470.43
459.39
447.82
435.77
423.37
410.88
398.55
386.63
375.19
364.01
352.87
341.49
329.68
317.36
304.53
291.50
278.67
266.39
254.95
244.59
235.40
227.27
219.94
213.10
206.41
199.49
192.26
184.76
177.21
169.98
163.68
158.82
155.81
154.95
156.32
159.70
164.71
170.75
177.24
183.67
189.77
195.50
201.01
206.63
212.87
220.12
228.72
238.89
250.64
263.74
277.70
291.95
305.92
319.12
331.21
342.27
352.62
362.62
372.72
383.39
394.84
407.02
419.66
432.50
445.19
457.36
468.88
479.73
490.05
500.05
509.91
519.68
529.21
538.28
546.62
553.97
560.10
564.97
568.67
571.45
573.63
575.43
576.96
578.28
579.27
579.61
578.90
576.79
573.06
567.62
560.58
552.15
542.72
532.84
523.00
513.44
504.25
495.40
486.58
477.44
467.60
456.84
445.17
432.83
420.09
407.28
394.78
382.79
371.23
360.01
348.86
337.49
325.73
313.64
301.33
289.12
277.34
266.13
255.63
245.80
236.50
227.46
218.45
209.44
200.56
192.10
184.32
177.55
172.01
167.69
164.62
162.73
161.83
161.80
162.59
164.17
166.50
169.62
173.59
178.55
184.65
191.93
200.32
209.76
220.03
230.73
241.54
252.23
262.61
272.67
282.53
292.35
302.40
313.02
324.48
336.88
350.16
364.09
378.30
392.32
405.79
418.41
430.05
440.73
450.61
459.97
469.22
478.69
488.61
499.07
509.96
520.98
531.68
541.56
550.19
557.31
562.78
566.74
569.59
571.65
573.31
574.87
576.45
577.87
578.81
578.88
577.75
575.22
571.20
565.66
558.71
550.61
541.75
532.52
523.26
514.21
505.31
496.39
487.15
477.26
466.55
454.92
442.42
429.25
415.78
402.37
389.40
377.10
365.60
354.84
344.66
334.75
324.67
313.96
302.37
289.86
276.63
263.21
250.21
238.14
227.43
218.27
210.46
203.64
197.41
191.51
185.75
179.99
174.22
168.71
163.84
160.01
157.57
156.81
157.87
160.66
164.93
170.28
176.37
183.04
190.16
197.70
205.62
213.86
222.46
231.48
240.91
250.82
261.21
272.06
283.31
294.94
306.97
319.32
331.88
344.64
357.47
370.18
382.61
394.63
406.28
417.58
428.60
439.52
450.47
461.54
472.70
483.90
494.99
505.75
515.94
525.38
534.01
541.81
548.90
555.36
561.21
566.49
571.17
575.16
578.31
580.44
581.40
581.05
579.43
576.71
573.20
569.24
565.02
560.52
555.51
549.66
542.79
534.72
525.42
515.02
503.80
492.14
480.42
468.92
457.75
446.90
436.19
425.44
414.39
402.87
390.87
378.56
366.16
353.89
341.86
330.15
318.65
307.18
295.58
283.79
271.89
260.04
248.46
237.41
227.14
217.76
209.30
201.72
194.81
188.42
182.41
176.66
171.12
165.94
161.49
158.15
156.29
156.15
157.86
161.44
166.59
172.82
179.64
186.67
193.63
200.45
207.24
214.33
222.06
230.78
240.72
251.93
264.27
277.32
290.54
303.44
315.70
327.18
337.97
348.28
358.44
368.88
379.95
391.89
404.77
418.45
432.59
446.63
459.97
472.13
482.91
492.40
500.87
508.71
516.38
524.29
532.55
541.04
549.44
557.24
563.94
569.24
573.13
575.73
577.27
577.99
578.14
577.84
577.10
575.80
573.69
570.51
566.06
560.32
553.32
545.26
536.40
527.06
517.59
508.18
498.90
489.71
480.39
470.68
460.35
449.31
437.57
425.20
412.31
399.14
385.94
372.92
360.27
348.10
336.38
325.03
313.95
303.07
292.32
281.72
271.24
260.79
250.31
239.90
229.61
219.44
209.47
199.84
190.84
182.68
175.58
169.72
165.23
162.24
160.70
160.47
161.31
162.92
165.07
167.61
170.40
173.53
177.30
182.12
188.30
196.04
205.35
215.97
227.45
239.22
250.69
261.55
271.70
281.29
290.77
300.71
311.55
323.64
336.95
351.13
365.60
379.72
392.95
404.87
415.46
425.04
434.15
443.39
453.28
464.11
475.83
488.21
500.78
512.98
524.23
534.03
542.14
548.52
553.46
557.46
561.00
564.59
568.52
572.85
577.25
581.12
583.75
584.52
583.07
579.39
573.82
566.93
559.47
552.10
545.28
539.13
533.38
527.51
520.96
513.16
503.70
492.49
479.75
465.98
451.76
437.83
424.78
412.89
402.15
392.25
382.73
373.03
362.71
351.45
339.22
326.25
312.86
299.42
286.34
273.92
262.32
251.51
241.33
231.72
222.52
213.62
204.96
196.67
188.98
182.23
176.67
172.29
168.98
166.56
164.77
163.46
162.55
162.16
162.58
164.10
167.02
171.59
177.85
185.63
194.56
204.07
213.64
222.93
231.87
240.52
249.25
258.53
268.70
280.03
292.58
306.13
320.17
334.08
347.33
359.64
370.94
381.43
391.45
401.50
412.01
423.24
435.28
448.01
461.10
474.13
486.62
498.25
508.77
518.10
526.37
533.78
540.61
547.10
553.35
559.26
564.66
569.47
573.55
576.74
578.96
580.13
580.18
579.17
577.13
574.08
570.12
565.35
559.88
553.76
547.01
539.69
531.84
523.45
514.50
504.95
494.84
484.33
473.51
462.46
451.25
439.87
428.24
416.28
403.97
391.33
378.55
365.91
353.59
341.73
330.43
319.62
309.09
298.50
287.56
276.08
264.10
251.80
239.58
227.98
217.53
208.58
201.24
195.42
190.81
186.79
182.72
178.07
172.84
167.29
161.94
157.59
155.06
155.01
157.67
162.78
169.84
178.16
186.90
195.34
203.16
210.32
217.06
223.87
231.28
239.81
249.77
261.12
273.58
286.70
300.01
313.04
325.44
337.06
348.10
358.94
370.00
381.56
393.74
406.40
419.31
432.13
444.47
456.03
466.70
476.53
485.79
494.82
503.98
513.46
523.30
533.27
542.96
551.91
559.61
565.67
570.05
572.96
574.68
575.56
575.94
576.16
576.29
576.22
575.78
574.59
572.25
568.51
563.25
556.55
548.55
539.54
529.89
520.00
510.15
500.50
491.09
481.71
472.07
461.80
450.61
438.47
425.50
412.06
398.50
385.20
372.42
360.37
349.11
338.51
328.21
317.96
307.49
296.57
285.17
273.35
261.34
249.42
237.82
226.74
216.42
207.06
198.73
191.44
185.06
179.49
174.64
170.44
166.92
164.06
162.05
161.09
161.32
162.80
165.44
169.12
173.57
178.57
184.06
190.08
196.88
204.59
213.33
223.19
234.14
245.90
258.06
270.22
281.99
293.08
303.54
313.59
323.60
334.04
345.33
357.71
371.17
385.38
399.79
413.79
426.82
438.56
448.98
458.32
467.04
475.65
484.62
494.25
504.67
515.78
527.11
538.12
548.17
556.64
563.18
567.81
570.84
572.74
573.95
574.82
575.66
576.57
577.32
577.65
577.20
575.60
572.48
567.60
561.00
552.96
543.86
534.14
524.19
514.37
504.84
495.59
486.43
477.07
467.19
456.61
445.28
433.38
421.11
408.75
396.50
384.45
372.65
360.95
349.20
337.27
325.10
312.71
300.30
288.10
276.29
265.15
254.78
245.14
236.15
227.60
219.28
211.01
202.70
194.37
186.16
178.40
171.43
165.50
160.84
157.75
156.40
156.94
159.21
162.84
167.41
172.48
177.68
182.81
187.84
193.04
198.78
205.48
213.45
222.83
233.60
245.57
258.42
271.68
284.84
297.47
309.24
320.11
330.39
340.48
350.83
361.80
373.51
385.90
398.73
411.72
424.57
436.96
448.74
459.92
470.67
481.21
491.74
502.31
512.82
523.03
532.59
541.17
548.54
554.63
559.45
563.29
566.56
569.61
572.69
575.81
578.73
580.97
582.03
581.42
578.86
574.37
568.15
560.73
552.77
544.87
537.37
530.33
523.54
516.51
508.72
499.77
489.46
477.92
465.50
452.70
440.07
427.99
416.55
405.62
394.90
383.93
372.25
359.65
346.24
332.40
318.72
305.75
293.88
283.28
273.86
265.21
256.82
248.01
238.23
227.38
215.77
203.98
192.81
183.07
175.41
170.10
167.07
165.93
165.99
166.48
166.80
166.64
166.03
165.27
164.96
165.88
168.72
174.03
181.99
192.34
204.29
216.77
228.75
239.48
248.65
256.40
263.31
270.23
278.11
287.71
299.44
313.24
328.65
344.77
360.55
375.22
388.27
399.59
409.51
418.68
427.85
437.65
448.46
460.31
472.90
485.63
497.83
508.90
518.46
526.45
533.12
539.01
544.71
550.75
557.27
564.18
571.06
577.27
582.06
584.78
585.18
583.38
579.87
575.38
570.60
566.13
562.17
558.63
555.05
550.72
544.97
537.40
527.96
516.93
504.82
492.25
479.77
467.81
456.53
445.92
435.75
425.60
415.02
403.76
391.79
379.24
366.34
353.34
340.45
327.87
315.76
304.14
292.94
282.00
271.22
260.57
250.02
239.66
229.71
220.43
211.96
204.24
197.13
190.49
184.11
177.82
171.58
165.68
160.53
156.66
154.67
155.01
157.78
162.65
169.00
176.06
183.10
189.61
195.39
200.61
205.77
211.56
218.62
227.32
237.81
250.00
263.44
277.48
291.41
304.66
316.90
328.02
338.20
347.87
357.49
367.57
378.58
390.72
403.98
418.06
432.39
446.44
459.66
471.68
482.31
491.65
500.07
508.00
515.76
523.64
531.84
540.28
548.69
556.73
564.00
570.14
575.02
578.57
580.74
581.58
581.31
580.03
577.90
575.07
571.60
567.51
562.85
557.59
551.62
544.90
537.50
529.35
520.49
511.00
500.96
490.39
479.39
468.09
456.64
445.17
433.86
422.66
411.52
400.32
388.85
376.92
364.48
351.67
338.76
326.02
313.67
301.93
290.89
280.45
270.37
260.39
250.21
239.58
228.60
217.56
206.88
197.08
188.62
181.87
176.94
173.54
171.09
169.15
167.30
165.34
163.32
161.56
160.65
161.13
163.45
167.87
174.37
182.59
192.00
201.98
211.93
221.46
230.36
238.69
246.78
255.06
264.03
274.07
285.36
297.86
311.37
325.54
339.92
354.07
367.52
379.98
391.44
402.03
412.05
421.97
432.20
443.13
454.87
467.33
480.23
493.07
505.30
516.43
526.09
534.21
540.91
546.45
551.22
555.67
560.12
564.79
569.65
574.41
578.67
581.93
583.71
583.69
581.77
578.14
573.15
567.22
560.73
554.05
547.32
540.47
533.42
525.99
517.94
509.08
499.28
488.53
476.99
464.94
452.72
440.70
429.07
417.97
407.30
396.78
386.08
374.88
363.01
350.35
337.01
323.32
309.70
296.57
284.28
272.95
262.57
252.95
243.81
234.90
226.02
217.11
208.23
199.56
191.42
184.02
177.48
171.88
167.26
163.59
160.92
159.34
158.99
160.07
162.59
166.48
171.62
177.68
184.25
191.05
197.92
204.73
211.57
218.67
226.42
235.24
245.41
256.98
269.75
283.35
297.19
310.65
323.27
334.89
345.54
355.45
365.08
374.95
385.54
397.18
409.99
423.74
438.00
452.12
465.46
477.43
487.79
496.63
504.25
511.25
518.28
525.86
534.22
543.30
552.68
561.70
569.66
575.95
580.15
582.19
582.32
580.93
578.60
575.95
573.45
571.31
569.40
567.24
564.32
559.96
553.75
545.59
535.70
524.55
512.72
500.82
489.44
478.89
469.15
459.97
450.97
441.62
431.41
420.06
407.49
393.90
379.73
365.56
351.92
339.19
327.54
316.81
306.70
296.79
286.65
276.04
265.01
253.72
242.45
231.57
221.38
212.06
203.69
196.20
189.41
183.20
177.43
172.02
167.11
163.03
160.15
158.81
159.23
161.35
164.91
169.54
174.83
180.43
186.00
191.43
196.98
203.06
210.19
218.75
228.90
240.51
253.18
266.36
279.39
291.71
303.05
313.44
323.10
332.53
342.40
353.19
365.20
378.49
392.80
407.57
422.11
435.73
447.95
458.58
467.81
476.14
484.17
492.53
501.56
511.34
521.68
532.14
542.15
551.09
558.57
564.45
568.84
572.11
574.62
576.64
578.27
579.43
579.95
579.51
577.78
574.60
570.03
564.20
557.44
550.11
542.66
535.33
528.12
520.92
513.42
505.25
496.09
485.74
474.22
461.75
448.71
435.56
422.65
410.30
398.60
387.35
376.28
365.14
353.66
341.70
329.33
316.78
304.33
292.29
280.80
269.91
259.56
249.53
239.63
229.73
219.76
209.88
200.37
191.58
183.91
177.63
172.78
169.21
166.66
164.82
163.43
162.38
161.70
161.68
162.67
164.94
168.74
174.16
181.13
189.43
198.63
208.29
217.96
227.40
236.55
245.56
254.75
264.47
275.01
286.50
298.84
311.80
325.10
338.38
351.36
363.83
375.81
387.35
398.56
409.63
420.78
432.11
443.67
455.42
467.21
478.75
489.73
500.00
509.49
518.34
526.76
534.92
542.90
550.60
557.77
564.22
569.80
574.34
577.65
579.64
580.35
579.92
578.58
576.55
574.02
571.08
567.63
563.48
558.45
552.40
545.28
537.06
527.81
517.81
507.39
496.83
486.34
476.01
465.84
455.78
445.68
435.28
424.41
412.89
400.68
387.85
374.52
360.93
347.45
334.37
321.90
310.14
299.00
288.32
277.99
267.81
257.62
247.43
237.36
227.59
218.23
209.41
201.10
193.28
185.98
179.23
173.07
167.59
162.99
159.51
157.39
156.92
158.26
161.35
165.97
171.71
178.00
184.38
190.53
196.38
202.12
208.13
214.80
222.58
231.82
242.66
254.92
268.22
282.05
295.82
309.04
321.40
332.75
343.26
353.31
363.39
373.91
385.14
397.24
410.22
423.85
437.72
451.32
464.21
476.04
486.62
496.05
504.52
512.35
519.91
527.44
535.04
542.67
550.13
557.21
563.77
569.70
574.81
578.84
581.63
583.12
583.19
581.77
579.00
575.07
570.21
564.78
559.11
553.41
547.74
541.87
535.51
528.32
520.03
510.45
499.62
487.71
475.07
462.13
449.37
437.14
425.63
414.82
404.39
394.05
383.47
372.31
360.40
347.79
334.69
321.45
308.31
295.61
283.67
272.62
262.44
253.09
244.36
236.00
227.76
219.45
210.94
202.14
193.20
184.53
176.51
169.49
163.90
160.12
158.25
158.19
159.73
162.59
166.41
170.71
175.21
179.88
184.72
189.86
195.51
201.96
209.39
217.98
227.65
238.23
249.50
261.20
273.15
285.15
297.08
308.88
320.50
332.02
343.56
355.16
366.86
378.65
390.48
402.36
414.33
426.37
438.52
450.78
463.06
475.20
486.95
498.07
508.34
517.70
526.15
533.76
540.63
546.96
552.88
558.44
563.71
568.67
573.22
577.21
580.43
582.62
583.56
583.00
580.84
577.19
572.18
566.07
559.22
551.92
544.45
536.98
529.53
521.96
514.14
505.79
496.67
486.67
475.75
464.02
451.65
438.80
425.71
412.61
399.73
387.25
375.34
364.09
353.43
343.12
332.87
322.34
311.30
299.65
287.38
274.72
262.02
249.70
238.16
227.63
218.26
209.93
202.39
195.45
189.01
183.10
177.70
172.80
168.48
164.95
162.37
160.87
160.65
161.78
164.13
167.52
171.76
176.72
182.40
188.86
196.09
204.12
212.93
222.42
232.50
242.99
253.73
264.63
275.61
286.62
297.65
308.78
320.21
332.05
344.33
357.05
370.09
383.32
396.47
409.25
421.47
432.96
443.67
453.82
463.69
473.53
483.61
494.03
504.75
515.60
526.26
536.31
545.34
553.08
559.40
564.28
567.91
570.63
572.69
574.30
575.66
576.77
577.54
577.81
577.30
575.71
572.81
568.47
562.65
555.45
547.06
537.68
527.73
517.65
507.81
498.35
489.20
480.19
470.93
461.07
450.27
438.35
425.40
411.75
397.90
384.39
371.66
359.82
348.86
338.72
329.05
319.34
309.01
297.73
285.49
272.52
259.27
246.28
234.10
223.18
213.80
205.96
199.42
193.90
188.97
184.28
179.55
174.59
169.52
164.70
160.68
157.92
156.76
157.48
160.15
164.55
170.39
177.39
185.11
193.13
201.26
209.47
217.88
226.62
235.81
245.63
256.07
267.13
278.69
290.54
302.48
314.31
325.87
337.21
348.44
359.76
371.44
383.61
396.29
409.34
422.51
435.43
447.85
459.58
470.51
480.68
490.18
499.23
508.02
516.73
525.40
533.95
542.31
550.28
557.65
564.20
569.80
574.43
578.01
580.45
581.71
581.74
580.61
578.43
575.27
571.26
566.59
561.36
555.65
549.58
543.13
536.21
528.72
520.61
511.71
502.00
491.45
480.06
468.05
455.65
443.17
430.86
418.80
407.05
395.53
384.15
372.88
361.68
350.42
338.94
327.09
314.85
302.31
289.59
276.96
264.66
252.95
242.09
232.29
223.49
215.53
208.26
201.43
194.80
188.16
181.50
174.88
168.55
162.96
158.56
155.84
155.16
156.64
160.11
165.13
171.23
177.91
184.72
191.31
197.60
203.68
209.87
216.68
224.53
233.69
244.22
255.95
268.51
281.50
294.53
307.25
319.34
330.80
341.84
352.65
363.48
374.64
386.32
398.53
411.16
423.99
436.72
449.14
461.19
472.81
484.00
494.76
505.08
514.91
524.16
532.65
540.33
547.17
553.17
558.42
562.96
566.89
570.37
573.38
575.82
577.65
578.78
579.12
578.50
576.76
573.82
569.61
564.16
557.58
550.01
541.69
532.81
523.54
514.00
504.24
494.30
484.22
473.97
463.54
452.90
441.95
430.70
419.15
407.30
395.13
382.65
369.94
357.08
344.19
331.54
319.34
307.64
296.50
285.90
275.72
265.78
255.81
245.63
235.18
224.57
213.99
203.89
194.62
186.45
179.73
174.56
170.74
167.96
165.96
164.43
163.17
162.18
161.71
162.07
163.57
166.49
171.04
177.21
184.77
193.39
202.72
212.34
222.01
231.76
241.63
251.80
262.46
273.69
285.46
297.58
309.82
321.97
333.76
345.14
356.14
366.96
377.85
389.10
400.99
413.65
426.91
440.45
453.82
466.57
478.27
488.75
498.05
506.30
513.83
521.11
528.53
536.34
544.56
552.94
561.02
568.28
574.26
578.52
580.87
581.44
580.51
578.47
575.82
572.97
570.17
567.39
564.38
560.85
556.42
550.74
543.64
535.19
525.61
515.21
504.40
493.56
482.80
472.23
461.74
451.07
439.94
428.18
415.77
402.89
389.84
376.93
364.41
352.41
340.91
329.82
318.94
308.02
296.92
285.55
273.90
262.05
250.21
238.70
227.82
217.81
208.85
200.95
194.14
188.31
183.16
178.36
173.64
168.98
164.57
160.80
158.09
156.88
157.58
160.28
164.83
170.86
177.92
185.55
193.39
201.24
209.06
216.94
225.09
233.69
242.89
252.78
263.33
274.46
286.00
297.85
309.94
322.21
334.59
347.11
359.79
372.49
385.11
397.55
409.61
421.20
432.36
443.14
453.70
464.23
474.82
485.46
496.18
506.91
517.43
527.50
536.88
545.31
552.68
558.94
564.14
568.39
571.86
574.62
576.72
578.19
578.98
579.04
578.29
576.67
574.14
570.68
566.30
560.95
554.57
547.18
538.90
529.79
519.99
509.76
499.33
488.87
478.45
468.02
457.54
446.92
436.03
424.74
412.96
400.67
387.91
374.82
361.70
348.93
336.73
325.23
314.50
304.27
294.17
283.82
272.95
261.42
249.42
237.34
225.69
215.02
205.72
197.92
191.64
186.58
182.34
178.45
174.40
170.00
165.43
161.19
157.95
156.39
156.96
159.83
164.95
171.84
179.84
188.37
196.89
205.03
212.60
219.71
226.78
234.35
242.83
252.55
263.61
275.87
288.97
302.40
315.69
328.49
340.66
352.27
363.57
374.86
386.35
398.18
410.29
422.54
434.69
446.52
457.85
468.62
478.89
488.78
498.54
508.36
518.32
528.35
538.14
547.26
555.23
561.73
566.68
570.25
572.75
574.53
575.84
576.89
577.75
578.29
578.29
577.44
575.39
571.85
566.75
560.21
552.43
543.77
534.58
525.15
515.71
506.35
496.90
487.27
477.33
466.93
456.05
444.78
433.20
421.35
409.34
397.24
385.06
372.81
360.43
347.91
335.25
322.52
309.82
297.41
285.52
274.41
264.28
255.02
246.36
237.98
229.53
220.72
211.57
202.23
193.00
184.23
176.34
169.60
164.30
160.64
158.70
158.46
159.82
162.47
165.95
169.86
173.89
177.96
182.17
186.79
192.15
198.57
206.26
215.25
225.38
236.42
248.08
259.97
271.83
283.54
294.99
306.20
317.31
328.47
339.86
351.60
363.73
376.18
388.78
401.35
413.69
425.69
437.36
448.75
459.90
470.96
482.01
493.01
503.79
514.14
523.82
532.65
540.54
547.51
553.60
558.89
563.50
567.53
571.04
574.07
576.62
578.54
579.64
579.78
578.73
576.38
572.70
567.79
561.84
555.06
547.68
539.88
531.83
523.58
515.12
506.32
497.01
487.05
476.30
464.68
452.35
439.66
427.08
414.94
403.42
392.55
382.10
371.68
360.83
349.25
336.82
323.62
309.97
296.32
283.18
270.94
259.95
250.26
241.56
233.47
225.52
217.30
208.56
199.36
190.08
181.27
173.53
167.47
163.42
161.33
160.98
161.90
163.51
165.29
166.98
168.61
170.46
173.00
176.83
182.33
189.75
199.09
209.91
221.63
233.62
245.27
256.19
266.26
275.67
284.82
294.22
304.29
315.35
327.53
340.64
354.28
368.03
381.47
394.27
406.34
417.80
428.91
439.90
451.03
462.38
473.92
485.50
496.82
507.53
517.37
526.16
533.95
540.98
547.47
553.61
559.52
565.27
570.80
575.85
580.00
582.81
583.94
583.30
580.99
577.28
572.54
567.26
561.93
556.87
552.01
547.05
541.56
535.09
527.25
517.83
506.85
494.66
481.70
468.51
455.76
443.85
432.93
422.91
413.42
403.94
393.94
382.95
370.76
357.41
343.26
328.83
314.81
301.75
290.03
279.68
270.46
261.94
253.60
244.90
235.45
225.09
214.01
202.72
191.93
182.44
174.81
169.36
166.10
164.72
164.66
165.28
166.08
166.70
167.12
167.53
168.34
170.09
173.24
178.12
184.86
193.32
203.14
213.80
224.81
235.88
246.81
257.51
268.09
278.64
289.27
300.10
311.20
322.55
334.09
345.78
357.61
369.52
381.56
393.77
406.19
418.88
431.79
444.76
457.55
469.87
481.40
491.92
501.41
509.91
517.68
525.07
532.39
539.94
547.79
555.73
563.37
570.27
575.97
580.02
582.22
582.53
581.19
578.67
575.48
572.06
568.77
565.69
562.59
559.09
554.69
548.91
541.48
532.42
522.02
510.76
499.19
487.70
476.58
465.94
455.60
445.28
434.70
423.65
412.02
399.80
387.14
374.29
361.58
349.24
337.43
326.15
315.19
304.33
293.29
281.89
270.10
258.10
246.08
234.35
223.40
213.63
205.23
198.26
192.56
187.78
183.46
179.12
174.49
169.53
164.56
160.14
156.89
155.41
156.09
159.06
164.14
170.84
178.50
186.53
194.54
202.31
209.91
217.46
225.28
233.77
243.24
253.78
265.29
277.41
289.79
302.18
314.39
326.40
338.25
350.12
362.21
374.59
387.19
399.90
412.55
424.97
436.99
448.49
459.39
469.69
479.46
488.87
498.22
507.78
517.60
527.57
537.38
546.61
554.90
561.86
567.25
571.18
573.90
575.65
576.72
577.29
577.41
577.09
576.24
574.74
572.37
568.98
564.43
558.62
551.61
543.52
534.53
524.95
515.10
505.26
495.48
485.71
475.89
465.86
455.45
444.57
433.21
421.36
409.11
396.67
384.17
371.69
359.32
347.08
334.96
322.98
311.18
299.62
288.29
277.25
266.56
256.31
246.49
237.01
227.79
218.73
209.75
200.89
192.38
184.43
177.32
171.28
166.49
162.99
160.76
159.84
160.14
161.51
163.83
166.95
170.80
175.36
180.62
186.58
193.22
200.55
208.64
217.52
227.29
237.94
249.31
261.18
273.22
285.07
296.54
307.58
318.21
328.68
339.29
350.33
362.10
374.80
388.31
402.37
416.55
430.28
443.14
454.79
465.19
474.54
483.14
491.49
499.98
508.94
518.40
528.21
538.06
547.52
556.08
563.35
569.14
573.42
576.24
577.78
578.28
578.08
577.45
576.62
575.68
574.50
572.78
570.12
566.09
560.40
553.06
544.22
534.18
523.41
512.44
501.66
491.28
481.28
471.49
461.58
451.32
440.54
429.15
417.21
404.91
392.56
380.37
368.47
356.83
345.33
333.75
321.86
309.52
296.80
283.95
271.27
259.13
247.86
237.70
228.70
220.64
213.26
206.21
199.09
191.74
184.26
176.87
169.92
163.97
159.58
157.14
156.82
158.51
161.91
166.53
171.79
177.11
182.13
186.77
191.22
195.87
201.23
207.82
215.94
225.69
236.94
249.30
262.29
275.45
288.36
300.77
312.56
323.85
334.90
345.89
357.00
368.37
380.07
392.02
404.15
416.32
428.39
440.30
452.08
463.76
475.35
486.85
498.22
509.22
519.61
529.12
537.49
544.58
550.42
555.18
559.12
562.67
566.27
570.14
574.21
578.19
581.63
583.95
584.59
583.18
579.60
573.95
566.68
558.46
549.95
541.66
533.87
526.58
519.51
512.23
504.19
494.96
484.40
472.61
459.94
446.95
434.14
421.92
410.46
399.77
389.67
379.74
369.44
358.35
346.22
333.08
319.21
305.11
291.38
278.58
267.03
256.80
247.78
239.59
231.75
223.87
215.71
207.20
198.43
189.73
181.50
174.13
167.97
163.30
160.20
158.62
158.41
159.45
161.63
164.83
168.86
173.55
178.78
184.46
190.55
197.11
204.23
212.01
220.71
230.49
241.39
253.24
265.76
278.56
291.19
303.35
314.89
325.77
336.14
346.40
356.96
368.16
380.19
393.15
406.86
420.91
434.79
447.95
459.98
470.69
480.16
488.80
497.05
505.41
514.20
523.47
533.04
542.44
551.25
559.08
565.56
570.57
574.23
576.75
578.39
579.35
579.75
579.52
578.54
576.64
573.72
569.72
564.72
558.88
552.29
545.10
537.31
528.93
520.11
510.93
501.41
491.47
481.03
470.12
458.72
446.78
434.42
421.79
409.05
396.42
384.08
372.15
360.53
349.15
337.93
326.69
315.31
303.70
291.91
280.07
268.29
256.65
245.34
234.55
224.44
215.12
206.60
198.82
191.83
185.67
180.33
175.79
171.78
168.19
164.98
162.29
160.38
159.49
159.81
161.60
165.12
170.42
177.37
185.62
194.68
204.05
213.31
222.13
230.51
238.68
246.96
255.76
265.52
276.45
288.51
301.62
315.47
329.52
343.23
356.23
368.26
379.38
389.80
399.86
410.03
420.69
432.06
444.11
456.66
469.40
481.86
493.71
504.74
514.73
523.76
531.87
539.19
545.91
552.15
557.99
563.44
568.35
572.56
575.92
578.27
579.49
579.66
578.82
577.08
574.61
571.52
567.82
563.45
558.32
552.29
545.20
536.93
527.48
517.12
506.19
495.02
483.88
472.94
462.21
451.59
440.92
430.03
418.75
407.09
395.12
382.95
370.79
358.80
347.11
335.78
324.63
313.42
301.99
290.22
278.00
265.46
253.04
241.26
230.48
220.99
212.81
205.75
199.49
193.58
187.75
181.85
175.86
169.93
164.44
159.85
156.70
155.41
156.21
159.11
163.90
170.09
177.14
184.57
192.00
199.27
206.35
213.42
220.82
228.81
237.66
247.51
258.30
269.89
282.09
294.69
307.44
320.17
332.74
345.04
356.97
368.55
379.87
391.09
402.32
413.73
425.44
437.50
449.86
462.40
474.85
486.90
498.18
508.38
517.45
525.43
532.46
538.79
544.72
550.47
556.18
561.90
567.48
572.72
577.35
580.95
583.19
583.76
582.55
579.61
575.23
569.80
563.74
557.43
551.15
545.08
539.19
533.10
526.34
518.49
509.26
498.64
486.89
474.39
461.63
449.02
436.87
425.31
414.29
403.56
392.71
381.38
369.42
356.83
343.74
330.57
317.80
305.76
294.55
284.15
274.27
264.45
254.33
243.71
232.61
221.43
210.69
200.92
192.49
185.59
180.24
176.10
172.70
169.67
166.76
163.98
161.53
159.79
159.25
160.32
163.23
168.01
174.39
181.94
190.24
198.91
207.64
216.39
225.20
234.12
243.33
253.03
263.30
274.20
285.66
297.49
309.52
321.55
333.47
345.27
357.03
368.94
381.14
393.72
406.66
419.81
432.85
445.46
457.35
468.35
478.46
487.77
496.47
504.88
513.35
522.12
531.23
540.53
549.76
558.42
566.04
572.26
576.81
579.59
580.74
580.53
579.26
577.31
575.06
572.77
570.44
567.99
565.18
561.65
556.94
550.76
543.00
533.78
523.36
512.16
500.67
489.25
478.13
467.45
457.10
446.81
436.25
425.15
413.37
400.98
388.17
375.26
362.62
350.58
339.24
328.51
318.11
307.60
296.64
285.01
272.72
260.06
247.57
235.87
225.32
216.13
208.29
201.53
195.46
189.64
183.81
177.92
172.06
166.57
161.98
158.87
157.71
158.62
161.45
165.86
171.36
177.32
183.27
188.88
194.06
199.12
204.61
211.11
219.08
228.82
240.34
253.28
267.06
280.91
294.10
306.22
317.14
327.05
336.46
345.98
356.20
367.53
380.10
393.85
408.40
423.16
437.52
450.85
462.77
473.17
482.23
490.38
498.18
506.08
514.38
523.18
532.37
541.62
550.44
558.39
565.10
570.53
574.83
578.05
580.28
581.63
582.14
581.74
580.33
577.82
574.12
569.26
563.38
556.70
549.45
541.90
534.33
526.72
518.90
510.72
501.94
492.30
481.67
470.01
457.48
444.44
431.20
418.14
405.57
393.63
382.38
371.68
361.27
350.78
339.80
328.07
315.55
302.42
289.06
275.93
263.51
252.09
241.76
232.48
224.12
216.49
209.27
202.19
195.14
188.10
181.22
174.68
168.67
163.57
159.72
157.40
156.80
157.82
160.30
164.09
168.95
174.63
180.87
187.56
194.74
202.37
210.45
218.98
227.93
237.32
247.14
257.41
268.12
279.21
290.65
302.32
314.23
326.46
339.05
352.02
365.26
378.49
391.48
403.98
415.82
426.96
437.52
447.79
458.13
468.82
480.01
491.68
503.53
515.14
525.99
535.64
543.77
550.34
555.48
559.45
562.64
565.55
568.59
572.03
575.80
579.52
582.56
584.19
583.85
581.22
576.31
569.41
561.17
552.36
543.74
535.89
529.03
522.96
517.09
510.65
502.85
493.18
481.44
467.90
453.19
438.08
423.43
409.95
397.88
387.25
377.81
368.98
360.03
350.30
339.28
326.86
313.24
298.90
284.57
270.90
258.37
247.28
237.62
229.12
221.43
214.14
207.00
199.85
192.78
185.94
179.53
173.75
168.70
164.57
161.54
159.73
159.24
160.17
162.46
166.05
170.90
176.91
183.81
191.30
199.10
206.99
214.89
222.81
230.95
239.59
248.91
259.18
270.54
282.87
295.95
309.41
322.87
335.98
348.48
360.18
371.13
381.60
391.90
402.42
413.51
425.43
438.11
451.40
464.85
477.88
490.05
500.97
510.49
518.68
525.78
532.18
538.33
544.53
550.97
557.68
564.52
571.05
576.76
581.11
583.65
584.23
582.90
579.93
575.79
570.96
565.95
561.06
556.40
551.89
547.14
541.72
535.21
527.25
517.72
506.78
494.80
482.23
469.52
457.12
445.32
434.19
423.64
413.44
403.23
392.64
381.35
369.31
356.60
343.42
330.06
316.81
303.93
291.65
280.14
269.51
259.73
250.61
241.90
233.34
224.58
215.36
205.79
196.26
187.21
179.06
172.14
166.63
162.67
160.21
159.16
159.43
160.85
163.23
166.41
170.27
174.77
179.84
185.45
191.55
198.18
205.41
213.34
222.08
231.73
242.35
253.78
265.80
278.16
290.60
302.96
315.09
326.90
338.36
349.44
360.32
371.19
382.25
393.63
405.45
417.68
430.17
442.81
455.38
467.65
479.38
490.45
500.79
510.35
519.22
527.50
535.24
542.47
549.29
555.62
561.44
566.79
571.66
575.93
579.40
581.94
583.31
583.35
581.97
579.21
575.14
569.88
563.68
556.89
549.72
542.36
534.96
527.47
519.69
511.44
502.57
493.03
482.75
471.65
459.81
447.40
434.63
421.70
408.84
396.35
384.42
373.04
362.15
351.60
341.12
330.36
319.02
306.98
294.29
281.25
268.22
255.54
243.67
232.95
223.47
215.21
208.01
201.60
195.60
189.74
183.88
177.91
171.93
166.30
161.50
158.08
156.47
156.87
159.22
163.20
168.36
174.18
180.34
186.63
193.03
199.69
206.91
215.01
224.13
234.37
245.59
257.45
269.48
281.34
292.74
303.69
314.37
324.92
335.65
346.93
358.99
371.93
385.64
399.73
413.73
427.12
439.52
450.73
460.84
470.12
478.92
487.69
496.75
506.23
516.16
526.34
536.41
545.96
554.45
561.55
567.10
571.16
574.02
575.95
577.19
577.93
578.20
577.90
576.85
574.83
571.77
567.60
562.40
556.36
549.74
542.70
535.31
527.61
519.43
510.59
500.96
490.42
479.00
466.86
454.34
441.81
429.49
417.43
405.64
394.12
382.84
371.64
360.45
349.24
337.92
326.45
314.83
303.02
291.02
278.90
266.77
254.82
243.25
232.30
222.13
212.94
204.82
197.71
191.54
186.17
181.44
177.04
172.64
168.28
164.24
160.90
158.73
158.13
159.34
162.39
166.99
172.77
179.43
186.68
194.31
202.28
210.61
219.32
228.50
238.25
248.60
259.45
270.68
282.16
293.77
305.37
316.94
328.54
340.30
352.33
364.73
377.55
390.58
403.55
416.27
428.45
439.88
450.54
460.58
470.32
480.07
490.14
500.70
511.74
522.97
533.86
543.83
552.42
559.25
564.14
567.33
569.34
570.72
572.02
573.65
575.66
577.77
579.53
580.32
579.52
576.64
571.47
564.22
555.45
545.84
536.10
526.87
518.49
511.00
504.05
496.94
488.92
479.38
468.03
454.93
440.62
425.90
411.59
398.38
386.68
376.47
367.31
358.44
349.05
338.55
326.59
313.18
298.80
284.18
270.18
257.50
246.56
237.38
229.70
223.09
216.92
210.58
203.67
196.07
187.91
179.58
171.65
164.89
159.87
156.96
156.20
157.38
160.14
163.96
168.38
173.10
178.09
183.45
189.39
196.14
203.86
212.54
222.11
232.28
242.72
253.21
263.58
273.76
283.92
294.30
305.21
316.89
329.40
342.67
356.38
370.11
383.52
396.31
408.32
419.52
430.06
440.21
450.26
460.50
471.15
482.28
493.78
505.46
517.01
527.95
537.82
546.33
553.27
558.64
562.64
565.66
568.25
570.81
573.58
576.55
579.40
581.63
582.69
582.18
579.80
575.51
569.45
561.99
553.58
544.75
535.94
527.36
519.03
510.81
502.40
493.44
483.66
472.91
461.32
449.16
436.66
424.15
411.98
400.35
389.22
378.41
367.66
356.62
345.04
332.85
320.12
307.04
293.86
280.98
268.78
257.48
247.30
238.11
229.66
221.61
213.60
205.44
197.01
188.49
180.31
173.02
167.01
162.67
160.19
159.47
160.27
162.12
164.60
167.36
170.21
173.21
176.59
180.73
186.05
192.86
201.30
211.27
222.39
234.14
245.97
257.42
268.27
278.54
288.43
298.27
308.51
319.50
331.44
344.29
357.85
371.82
385.90
399.67
412.78
424.97
436.23
446.66
456.46
465.97
475.53
485.39
495.62
506.15
516.78
527.24
537.22
546.36
554.31
560.82
565.85
569.59
572.32
574.26
575.70
576.81
577.73
578.39
578.57
577.92
576.03
572.58
567.49
560.79
552.73
543.76
534.37
525.05
516.17
507.80
499.68
491.28
482.11
471.90
460.54
448.19
435.27
422.20
409.42
397.27
385.78
374.67
363.64
352.35
340.55
328.11
315.13
301.90
288.83
276.36
264.77
254.21
244.60
235.64
227.07
218.67
210.26
201.71
193.17
185.07
177.73
171.40
166.28
162.63
160.51
159.89
160.60
162.45
165.27
168.77
172.62
176.59
180.66
185.00
189.99
196.05
203.55
212.74
223.51
235.48
248.20
261.04
273.42
284.87
295.17
304.60
313.72
323.17
333.57
345.42
358.79
373.34
388.46
403.44
417.59
430.38
441.59
451.36
460.08
468.34
476.87
486.19
496.55
507.84
519.74
531.61
542.66
552.25
559.93
565.48
569.08
571.17
572.29
573.05
573.89
574.99
576.29
577.44
577.94
577.35
575.27
571.45
565.89
558.82
550.61
541.66
532.38
523.07
513.91
504.89
495.82
486.51
476.72
466.27
455.04
443.04
430.52
417.80
405.19
393.00
381.41
370.35
359.59
348.76
337.53
325.69
313.20
300.14
286.74
273.47
260.80
249.13
238.68
229.51
221.47
214.37
207.85
201.45
194.85
188.01
181.05
174.21
167.85
162.49
158.53
156.21
155.79
157.27
160.54
165.27
171.10
177.61
184.33
191.04
197.67
204.39
211.46
219.09
227.47
236.82
247.22
258.51
270.52
283.10
295.94
308.75
321.35
333.57
345.35
356.78
368.00
379.17
390.46
401.94
413.61
425.49
437.53
449.65
461.72
473.64
485.29
496.50
507.07
516.88
525.84
533.83
540.87
547.05
552.55
557.66
562.57
567.40
572.04
576.26
579.73
582.07
582.93
582.10
579.59
575.56
570.33
564.38
558.12
551.79
545.54
539.35
532.92
525.81
517.61
508.02
497.07
484.99
472.18
459.25
446.78
435.13
424.37
414.26
404.35
394.04
382.88
370.62
357.29
343.23
328.99
315.20
302.50
291.22
281.33
272.53
264.24
255.71
246.36
235.92
224.50
212.55
200.82
190.25
181.58
175.23
171.21
169.12
168.36
168.18
167.90
167.11
165.76
164.27
163.21
163.29
165.21
169.42
176.11
184.98
195.41
206.59
217.77
228.33
237.93
246.63
254.84
263.22
272.39
282.81
294.72
307.94
322.05
336.41
350.31
363.20
374.82
385.25
394.94
404.55
414.69
425.82
438.06
451.28
464.99
478.59
491.49
503.14
513.27
521.89
529.18
535.52
541.38
547.09
552.82
558.62
564.46
570.16
575.43
579.82
582.88
584.30
583.87
581.62
577.79
572.79
567.15
561.27
555.36
549.43
543.40
537.09
530.29
522.81
514.42
504.99
494.63
483.52
471.87
459.90
447.86
435.83
423.84
411.84
399.78
387.62
375.30
362.94
350.68
338.69
327.01
315.65
304.51
293.46
282.40
271.14
259.62
247.95
236.44
225.42
215.24
206.26
198.68
192.48
187.41
183.05
178.98
174.69
170.00
165.10
160.43
156.64
154.48
154.60
157.40
162.82
170.37
179.20
188.41
197.24
205.20
212.21
218.50
224.68
231.57
239.98
250.35
262.71
276.70
291.59
306.54
320.62
333.23
344.23
353.86
362.72
371.52
380.98
391.63
403.70
417.00
431.06
445.35
459.25
472.20
483.96
494.42
503.74
512.22
520.18
527.92
535.57
543.11
550.44
557.31
563.40
568.55
572.70
575.86
578.15
579.68
580.43
580.35
579.35
577.23
573.87
569.29
563.63
557.07
549.77
541.98
533.94
525.80
517.55
509.11
500.25
490.70
480.31
469.05
456.94
444.16
430.97
417.71
404.80
392.56
381.14
370.52
360.45
350.49
340.17
329.09
317.02
304.08
290.63
277.17
264.14
251.92
240.82
230.86
221.95
213.87
206.39
199.31
192.53
186.07
180.07
174.65
169.94
166.11
163.21
161.31
160.51
160.80
162.18
164.67
168.18
172.64
178.12
184.54
191.77
199.77
208.48
217.82
227.66
237.92
248.55
259.45
270.54
281.75
293.09
304.53
316.04
327.61
339.30
351.24
363.48
375.99
388.82
401.88
414.94
427.72
439.99
451.60
462.54
472.81
482.52
491.87
501.01
510.05
519.12
528.28
537.44
546.31
554.54
561.79
567.76
572.31
575.43
577.28
578.11
578.14
577.56
576.55
575.16
573.34
570.95
567.89
563.90
558.74
552.25
544.38
535.24
525.06
514.22
503.16
492.26
481.73
471.60
461.72
451.80
441.54
430.60
418.81
406.23
393.15
380.00
367.18
354.91
343.26
332.17
321.33
310.39
299.06
287.20
274.95
262.64
250.70
239.52
229.49
220.77
213.21
206.50
200.24
194.03
187.54
180.66
173.55
166.71
160.87
156.70
154.68
155.13
158.10
163.23
169.80
176.92
183.85
190.03
195.26
199.74
204.03
208.88
215.10
223.23
233.42
245.56
259.17
273.49
287.71
301.20
313.53
324.62
334.70
344.27
353.98
364.36
375.76
388.29
401.73
415.58
429.22
442.13
454.00
464.72
474.49
483.73
492.95
502.51
512.51
522.88
533.26
543.04
551.65
558.65
563.93
567.64
570.24
572.25
574.11
576.05
578.07
579.78
580.64
580.15
577.86
573.59
567.55
560.20
552.17
544.04
536.19
528.76
521.55
514.19
506.16
497.02
486.62
474.94
462.24
449.00
435.67
422.66
410.29
398.70
387.73
376.99
366.18
355.13
343.72
331.89
319.70
307.30
294.91
282.80
271.20
260.15
249.58
239.35
229.31
219.53
210.18
201.43
193.51
186.57
180.73
175.90
171.88
168.45
165.52
163.12
161.29
160.20
160.14
161.38
164.12
168.35
173.99
180.89
188.81
197.52
206.76
216.32
226.01
235.69
245.42
255.23
265.21
275.43
286.03
297.09
308.69
320.90
333.70
346.99
360.63
374.33
387.70
400.43
412.35
423.40
433.67
443.48
453.19
463.18
473.67
484.65
495.97
507.34
518.35
528.64
537.95
546.03
552.76
558.13
562.39
565.90
569.01
571.93
574.72
577.21
579.07
579.92
579.45
577.46
574.02
569.37
563.88
557.92
551.75
545.40
538.71
531.44
523.30
514.02
503.50
491.90
479.45
466.58
453.76
441.37
429.68
418.81
408.64
398.86
388.97
378.61
367.41
355.20
342.08
328.37
314.48
300.87
287.99
276.06
265.14
255.06
245.62
236.60
227.78
219.11
210.70
202.70
195.20
188.26
181.91
176.03
170.57
165.67
161.56
158.52
156.83
156.70
158.26
161.48
166.17
172.14
179.05
186.59
194.53
202.68
210.90
219.13
227.44
235.99
245.00
254.62
265.06
276.42
288.65
301.56
314.89
328.19
341.15
353.62
365.48
376.76
387.68
398.51
409.48
420.79
432.43
444.29
456.23
468.01
479.43
490.42
500.92
510.90
520.38
529.43
538.07
546.18
553.61
560.19
565.75
570.22
573.66
576.16
577.81
578.71
578.97
578.65
577.70
576.02
573.47
569.82
564.91
558.73
551.37
542.95
533.82
524.38
514.90
505.63
496.55
487.46
478.02
467.89
456.92
445.12
432.68
419.91
407.11
394.66
382.81
371.61
360.90
350.32
339.42
327.83
315.35
302.05
288.25
274.48
261.36
249.39
238.94
230.11
222.66
216.17
210.13
204.05
197.50
190.32
182.76
175.13
168.05
162.18
158.00
155.75
155.54
157.31
160.74
165.41
170.91
176.96
183.35
189.96
196.79
203.97
211.61
219.86
228.83
238.56
248.92
259.77
270.96
282.34
293.80
305.36
316.98
328.68
340.53
352.62
365.00
377.66
390.45
403.18
415.63
427.61
439.03
449.89
460.38
470.76
481.27
492.01
502.97
513.89
524.45
534.31
543.10
550.56
556.60
561.22
564.75
567.58
570.00
572.35
574.72
576.96
578.84
579.97
579.92
578.34
574.96
569.83
563.20
555.41
546.83
537.90
529.02
520.44
512.26
504.29
496.18
487.44
477.73
466.85
454.79
441.90
428.55
415.13
402.08
389.66
377.90
366.68
355.62
344.43
332.85
320.68
308.06
295.28
282.71
270.72
259.58
249.46
240.39
232.15
224.40
216.76
208.85
200.58
192.05
183.50
175.39
168.16
162.29
158.23
156.19
156.17
157.99
161.33
165.74
170.81
176.19
181.66
187.05
192.37
197.82
203.71
210.36
218.09
227.14
237.63
249.40
262.12
275.27
288.28
300.72
312.31
323.09
333.29
343.32
353.65
364.75
376.92
390.15
404.14
418.44
432.50
445.83
458.08
469.07
478.90
487.84
496.25
504.53
512.93
521.57
530.39
539.13
547.46
555.03
561.61
567.15
571.69
575.37
578.33
580.54
581.92
582.40
581.77
579.83
576.52
571.85
565.99
559.22
551.86
544.23
536.61
529.12
521.66
514.05
505.93
496.97
487.01
475.97
463.92
451.16
438.02
424.96
412.29
400.10
388.39
376.93
365.53
354.04
342.24
330.04
317.53
304.86
292.31
280.28
269.07
258.68
249.01
239.86
230.98
222.09
213.05
203.91
194.87
186.23
178.45
171.93
166.88
163.42
161.52
161.00
161.62
163.08
165.15
167.68
170.53
173.77
177.57
182.12
187.71
194.55
202.80
212.43
223.21
234.85
246.91
258.89
270.37
281.11
291.11
300.63
310.06
319.92
330.70
342.63
355.66
369.52
383.77
397.93
411.56
424.38
436.38
447.62
458.20
468.33
478.19
487.93
497.58
507.12
516.52
525.66
534.53
543.07
551.19
558.68
565.25
570.78
575.14
578.21
579.96
580.56
580.17
578.96
577.06
574.47
571.22
567.40
563.00
558.00
552.31
545.88
538.65
530.50
521.42
511.44
500.66
489.21
477.31
465.25
453.23
441.47
430.16
419.30
408.76
398.30
387.66
376.50
364.62
352.00
338.76
325.26
312.04
299.51
288.00
277.58
268.03
258.99
249.99
240.63
230.74
220.37
209.82
199.52
190.07
182.00
175.63
171.11
168.30
166.83
166.18
165.89
165.65
165.32
165.05
165.23
166.47
169.29
173.92
180.45
188.65
198.11
208.40
219.09
229.85
240.35
250.55
260.59
270.67
281.01
291.73
302.90
314.52
326.52
338.78
351.20
363.63
376.01
388.30
400.50
412.62
424.69
436.75
448.68
460.33
471.62
482.43
492.66
502.26
511.20
519.57
527.49
535.13
542.68
550.12
557.40
564.36
570.76
576.26
580.46
583.07
583.95
583.13
580.85
577.46
573.31
568.76
564.10
559.36
554.50
549.40
543.80
537.32
529.68
520.67
510.28
498.83
486.71
474.35
462.23
450.64
439.66
429.13
418.69
407.98
396.63
384.56
371.86
358.76
345.64
332.94
320.98
309.76
299.16
288.87
278.53
267.88
256.72
245.15
233.48
222.16
211.70
202.54
194.91
188.79
183.96
179.98
176.38
172.73
168.82
164.75
160.93
157.98
156.57
157.23
160.27
165.53
172.50
180.55
189.09
197.60
205.76
213.56
221.31
229.45
238.38
248.33
259.34
271.22
283.63
296.18
308.47
320.24
331.40
342.10
352.69
363.59
375.18
387.61
400.77
414.37
427.92
440.93
453.06
464.21
474.47
484.09
493.42
502.80
512.33
521.94
531.41
540.44
548.67
555.75
561.54
566.12
569.69
572.52
574.93
577.12
579.06
580.53
581.20
580.62
578.52
574.75
569.31
562.44
554.55
546.10
537.45
528.82
520.32
512.00
503.71
495.14
485.98
476.12
465.50
454.10
441.98
429.28
416.21
402.98
389.84
376.97
364.49
352.35
340.54
328.98
317.56
306.24
295.04
283.97
273.08
262.50
252.28
242.45
233.05
223.97
215.04
206.22
197.57
189.20
181.34
174.30
168.29
163.54
160.35
158.80
158.92
160.63
163.65
167.64
172.13
176.77
181.42
186.11
190.94
196.23
202.36
209.60
218.27
228.51
240.11
252.69
265.75
278.72
291.11
302.56
313.07
322.94
332.61
342.57
353.33
365.16
378.08
391.95
406.40
420.93
434.90
447.78
459.35
469.61
478.79
487.28
495.49
503.83
512.58
521.92
531.73
541.65
551.22
559.84
566.99
572.37
575.98
577.99
578.69
578.44
577.66
576.61
575.35
573.74
571.57
568.65
564.78
559.85
553.96
547.16
539.44
530.90
521.67
511.81
501.46
490.76
479.74
468.45
456.98
445.49
434.08
422.76
411.55
400.44
389.33
378.04
366.35
354.14
341.43
328.33
315.11
302.06
289.48
277.69
266.87
257.02
248.07
239.72
231.59
223.30
214.60
205.55
196.33
187.27
178.79
171.29
165.15
160.66
157.88
156.85
157.51
159.56
162.65
166.49
170.71
175.15
179.79
184.68
190.07
196.26
203.56
212.09
221.80
232.45
243.77
255.49
267.31
279.12
290.89
302.64
314.49
326.50
338.56
350.60
362.61
374.46
386.07
397.44
408.61
419.73
431.04
442.67
454.66
466.91
479.25
491.29
502.62
512.94
522.07
529.97
536.80
542.84
548.40
553.76
559.20
564.87
570.70
576.27
581.07
584.58
586.38
586.15
583.85
579.69
574.09
567.61
560.69
553.71
546.89
540.22
533.55
526.55
518.87
510.34
500.86
490.37
479.05
467.13
454.91
442.61
430.45
418.54
406.87
395.57
384.59
373.74
362.74
351.44
339.73
327.50
314.76
301.66
288.57
275.83
263.72
252.44
242.06
232.58
223.86
215.70
207.89
200.37
193.20
186.38
180.10
174.41
169.31
164.94
161.42
158.89
157.56
157.59
159.18
162.46
167.47
173.93
181.43
189.53
197.76
205.80
213.45
220.76
228.02
235.70
244.23
253.91
264.92
277.22
290.53
304.45
318.45
332.11
345.04
357.08
368.31
378.93
389.29
399.78
410.71
422.19
434.22
446.65
459.19
471.52
483.38
494.63
505.17
514.99
524.11
532.57
540.40
547.56
554.03
559.74
564.69
568.90
572.48
575.42
577.69
579.28
580.06
579.80
578.39
575.80
572.02
567.15
561.38
554.87
547.74
540.13
532.15
523.87
515.28
506.31
496.88
486.99
476.68
465.96
454.78
443.11
430.96
418.33
405.37
392.24
379.17
366.41
354.23
342.82
332.12
321.88
311.76
301.36
290.36
278.62
266.29
253.65
241.12
229.21
218.39
208.95
200.92
194.26
188.70
183.89
179.41
174.95
170.51
166.30
162.62
159.85
158.37
158.44
160.26
163.77
168.74
174.86
181.73
189.11
196.89
204.94
213.25
221.89
230.94
240.43
250.40
260.87
271.71
282.90
294.48
306.47
318.85
331.51
344.30
357.12
369.75
382.01
393.82
405.15
416.10
426.82
437.58
448.68
460.23
472.17
484.24
496.10
507.37
517.74
527.03
535.08
541.94
547.88
553.25
558.34
563.40
568.61
573.81
578.62
582.49
584.88
585.33
583.73
580.18
575.06
568.93
562.40
556.00
549.99
544.29
538.53
532.32
525.18
516.72
506.70
495.21
482.74
469.85
457.12
445.00
433.74
423.25
413.19
403.08
392.47
380.93
368.33
354.85
340.87
326.87
313.38
300.91
289.75
279.94
271.22
263.02
254.69
245.70
235.75
224.86
213.37
201.95
191.33
182.19
175.02
169.95
166.77
165.19
164.75
164.91
165.22
165.50
165.87
166.61
168.10
170.73
174.62
179.90
186.56
194.41
203.32
213.09
223.49
234.35
245.45
256.61
267.73
278.80
289.80
300.73
311.66
322.68
333.90
345.40
357.24
369.41
381.82
394.38
407.04
419.73
432.39
444.92
457.25
469.12
480.33
490.74
500.27
509.05
517.25
525.08
532.77
540.46
548.19
555.78
562.95
569.38
574.76
578.86
581.48
582.60
582.38
581.04
578.79
575.86
572.32
568.22
563.56
558.21
552.06
545.11
537.36
528.93
520.01
510.71
501.15
491.26
480.99
470.33
459.12
447.35
435.17
422.74
410.34
398.26
386.59
375.30
364.18
352.93
341.27
328.97
316.08
302.81
289.51
276.69
264.84
254.29
245.08
236.87
229.20
221.61
213.66
205.11
196.08
186.99
178.42
170.96
165.00
160.84
158.73
158.60
160.06
162.58
165.73
169.21
172.82
176.54
180.60
185.32
190.94
197.68
205.63
214.68
224.70
235.48
246.74
258.28
269.88
281.42
292.91
304.43
316.12
328.06
340.15
352.27
364.23
375.92
387.30
398.47
409.49
420.55
431.91
443.68
455.83
468.22
480.60
492.57
503.80
514.03
523.13
531.11
538.09
544.33
550.08
555.52
560.78
565.95
570.99
575.54
579.22
581.69
582.62
581.86
579.49
575.77
571.06
565.73
560.12
554.43
548.64
542.61
536.10
528.82
520.53
511.22
500.90
489.69
477.81
465.60
453.48
441.63
430.15
419.04
408.18
397.31
386.15
374.44
362.03
348.94
335.39
321.68
308.23
295.44
283.61
272.99
263.49
254.77
246.31
237.65
228.53
218.88
208.85
198.81
189.24
180.59
173.35
167.80
164.05
162.09
161.73
162.58
164.15
166.06
168.03
170.02
172.22
174.91
178.49
183.26
189.52
197.42
206.81
217.37
228.78
240.61
252.40
263.84
274.72
285.08
295.16
305.30
315.83
326.96
338.79
351.26
364.12
377.15
390.20
403.09
415.64
427.78
439.49
450.77
461.68
472.25
482.57
492.69
502.60
512.17
521.29
529.90
538.03
545.61
552.63
559.10
565.05
570.45
575.14
578.92
581.44
582.48
581.99
580.06
576.90
572.83
568.25
563.54
558.90
554.34
549.60
544.22
537.69
529.67
520.08
509.06
497.00
484.39
471.69
459.37
447.69
436.67
426.07
415.57
404.93
393.95
382.49
370.54
358.16
345.52
332.83
320.29
308.00
295.99
284.23
272.74
261.54
250.79
240.68
231.27
222.57
214.47
206.85
199.53
192.36
185.29
178.37
171.78
165.89
161.06
157.68
156.07
156.38
158.51
162.19
167.07
172.70
178.67
184.69
190.75
197.00
203.70
211.10
219.44
228.86
239.38
250.77
262.74
274.95
287.14
299.12
310.82
322.24
333.51
344.85
356.31
367.99
379.93
392.10
404.48
417.00
429.55
442.09
454.44
466.45
477.95
488.76
498.84
508.15
516.75
524.82
532.49
539.89
547.10
554.15
560.90
567.17
572.75
577.37
580.67
582.42
582.58
581.23
578.70
575.37
571.64
567.75
563.78
559.55
554.75
548.99
541.88
533.26
523.22
512.12
500.44
488.67
477.25
466.54
456.64
447.26
437.93
428.18
417.53
405.69
392.69
378.87
364.68
350.68
337.39
325.05
313.59
302.88
292.69
282.62
272.34
261.72
250.83
239.93
229.30
219.26
210.12
201.92
194.55
187.92
181.94
176.44
171.27
166.45
162.26
159.10
157.43
157.55
159.55
163.35
168.69
175.08
181.94
188.73
195.18
201.27
207.26
213.62
220.89
229.54
239.86
251.88
265.23
279.30
293.31
306.59
318.72
329.59
339.40
348.66
358.03
368.15
379.41
392.00
405.79
420.26
434.80
448.75
461.52
472.81
482.69
491.42
499.46
507.33
515.46
523.98
532.82
541.74
550.34
558.19
564.93
570.37
574.48
577.31
579.05
579.88
579.96
579.29
577.89
575.68
572.57
568.62
563.90
558.45
552.27
545.35
537.64
529.14
519.89
510.01
499.67
488.95
477.90
466.61
455.19
443.70
432.15
420.62
409.23
398.00
386.82
375.49
363.83
351.74
339.18
326.20
312.99
299.81
287.01
274.88
263.66
253.34
243.79
234.83
226.31
218.03
209.88
201.85
194.08
186.76
180.09
174.23
169.28
165.23
162.17
160.16
159.23
159.53
161.13
163.98
168.05
173.26
179.46
186.47
194.12
202.23
210.62
219.17
227.86
236.75
245.98
255.77
266.34
277.81
290.07
302.91
316.03
329.02
341.65
353.79
365.39
376.56
387.55
398.67
410.18
422.26
434.91
447.94
460.97
473.57
485.35
496.08
505.59
514.02
521.56
528.52
535.31
542.30
549.64
557.14
564.50
571.22
576.73
580.64
582.67
582.81
581.28
578.49
574.89
570.91
566.93
563.15
559.53
555.81
551.59
546.35
539.64
531.22
521.16
509.74
497.39
484.74
472.30
460.47
449.37
438.87
428.65
418.33
407.51
395.88
383.44
370.29
356.74
343.19
330.19
318.11
307.03
296.80
287.12
277.52
267.51
256.82
245.47
233.74
222.11
211.14
201.29
192.89
186.22
181.24
177.61
174.82
172.40
169.96
167.41
164.98
162.98
161.85
162.06
163.91
167.50
172.74
179.41
187.01
195.08
203.30
211.57
220.02
228.90
238.50
249.06
260.58
272.93
285.82
298.75
311.31
323.25
334.44
344.94
355.03
365.23
376.02
387.75
400.57
414.34
428.58
442.63
455.87
467.78
478.13
487.03
494.84
502.11
509.49
517.49
526.37
536.03
546.00
555.64
564.24
571.16
576.06
578.79
579.57
578.81
577.12
575.17
573.51
572.34
571.47
570.44
568.64
565.39
560.13
552.67
543.23
532.31
520.66
509.08
498.12
488.10
478.98
470.40
461.90
452.92
443.02
431.90
419.47
405.91
391.73
377.44
363.55
350.44
338.26
327.00
316.41
306.15
295.94
285.48
274.66
263.52
252.23
241.01
230.14
219.92
210.54
