=~=~=~=~=~=~=~=~=~=~=~= PuTTY log 2024.12.04 14:39:50 =~=~=~=~=~=~=~=~=~=~=~=
0.00
45.39
57.77
87.33
136.10
197.58
293.22
338.08
381.29
407.82
406.43
380.16
336.72
294.76
269.90
269.89
297.79
340.89
384.40
409.02
407.07
379.34
335.19
293.34
268.18
271.09
298.81
342.95
386.52
410.44
408.20
379.60
334.15
291.65
267.29
269.53
297.79
341.03
383.81
407.35
404.71
375.72
331.83
291.23
267.66
272.44
300.36
344.65
386.03
407.86
404.43
374.28
330.27
288.90
268.21
273.04
302.95
347.52
389.11
410.57
405.75
374.15
329.48
288.38
266.24
271.52
301.04
346.23
387.31
408.91
403.40
372.46
328.32
287.08
266.91
273.32
303.86
348.44
388.51
409.68
402.86
371.44
325.59
286.55
266.36
272.95
305.08
348.93
389.94
409.18
401.55
370.78
325.69
286.27
268.22
276.30
309.04
353.37
391.88
410.59
401.68
368.30
323.37
284.44
266.51
275.95
309.32
353.87
393.60
411.22
402.04
367.93
322.34
284.56
267.27
276.60
309.86
355.05
393.71
410.33
400.51
365.82
320.53
284.31
267.22
278.18
312.10
356.83
395.53
410.22
398.41
364.28
318.95
282.08
266.64
279.09
314.38
359.19
396.22
410.33
398.02
362.46
316.47
280.40
265.99
278.95
315.58
360.75
397.49
411.13
397.89
361.66
315.83
279.49
265.72
279.87
316.35
361.02
397.79
410.59
396.57
360.77
314.38
279.87
266.90
280.90
318.58
362.96
398.28
409.72
393.74
357.13
311.66
275.46
263.96
279.11
317.13
362.87
397.12
408.93
392.84
355.06
310.38
276.34
264.82
281.09
319.49
364.91
398.96
408.94
393.18
354.76
310.40
275.83
267.16
285.08
322.31
368.07
400.25
410.07
392.28
352.83
307.91
274.66
265.99
283.93
323.64
369.06
402.19
411.52
392.52
354.13
309.19
275.92
267.82
286.14
325.04
370.14
401.82
409.81
389.94
349.36
305.06
273.32
266.25
285.90
326.74
371.93
403.53
410.48
390.29
350.36
304.52
272.57
265.89
286.16
327.26
371.41
403.02
409.42
389.52
349.20
304.40
274.36
268.57
289.14
328.97
373.77
404.15
409.03
386.95
345.57
302.05
271.63
266.79
289.16
329.72
375.21
404.30
409.16
386.16
343.77
300.37
271.08
267.81
290.08
332.34
377.65
406.12
410.34
386.37
343.99
299.87
270.96
269.22
291.76
333.53
377.80
406.12
408.64
384.31
341.79
298.94
271.21
269.76
294.63
336.60
380.13
406.94
407.21
382.24
339.46
295.53
268.65
267.85
294.36
338.02
381.31
408.24
408.88
382.86
338.83
295.17
268.86
268.60
294.26
337.41
381.32
407.71
407.45
380.15
336.38
293.85
268.84
269.39
295.84
339.35
382.36
407.73
405.88
378.83
334.28
292.19
268.73
271.06
299.20
342.59
385.85
409.40
406.68
378.56
332.95
290.52
266.54
269.50
298.69
341.44
384.71
408.76
405.62
377.27
332.84
291.24
268.35
272.00
300.36
344.55
385.86
408.89
404.59
374.55
330.65
289.16
266.91
272.02
301.52
346.22
387.97
410.57
406.62
375.45
330.92
289.53
268.05
272.67
301.41
345.99
386.67
409.02
402.74
372.75
327.66
288.24
268.32
274.46
306.08
349.59
391.61
410.95
404.82
372.33
327.50
287.05
266.40
273.08
304.79
349.59
390.06
409.55
402.10
369.76
324.80
285.88
265.85
273.62
305.32
350.38
390.59
408.52
401.06
368.82
324.51
285.76
267.56
277.23
309.57
354.41
393.05
410.31
400.41
366.77
321.66
283.79
265.61
275.57
310.24
355.54
393.84
410.37
399.99
366.08
320.38
281.85
264.83
276.23
310.37
356.35
393.99
410.22
400.24
365.41
319.86
281.48
266.77
278.52
312.84
357.03
394.51
410.20
397.64
362.34
316.74
280.53
267.02
279.31
315.33
360.39
396.96
410.74
397.00
360.36
315.18
280.01
266.34
280.79
317.29
362.69
399.31
410.99
396.07
359.20
313.36
278.44
265.33
281.32
318.42
363.62
399.35
410.59
396.05
357.51
311.95
277.26
266.36
282.21
318.71
364.57
399.44
410.44
393.48
354.16
309.74
276.08
265.20
281.87
320.53
365.69
400.01
409.96
393.03
354.14
308.07
274.41
264.95
282.76
320.51
366.25
399.74
409.42
392.28
351.93
308.19
274.89
266.75
284.72
323.50
369.34
401.68
409.83
390.59
351.15
306.21
273.99
266.13
285.89
325.96
370.90
403.78
411.22
390.83
350.41
305.17
274.08
266.39
285.65
325.33
371.18
402.98
409.54
389.29
348.05
304.27
273.32
267.54
287.84
327.67
372.49
403.39
409.80
387.96
346.88
303.23
273.55
268.97
290.71
331.14
376.37
405.34
409.55
387.32
344.38
300.39
270.08
265.35
288.15
329.09
374.16
403.94
408.25
386.13
343.63
300.14
271.35
268.31
290.99
331.95
377.15
405.09
408.53
384.83
341.78
298.45
269.67
267.67
292.04
333.11
377.94
406.92
409.11
384.32
340.68
297.76
271.18
268.46
292.07
334.56
378.56
406.15
406.69
382.48
339.46
295.84
269.56
268.97
295.01
337.14
379.50
406.44
406.80
380.39
336.13
293.11
268.06
268.98
295.31
338.05
383.14
408.47
407.71
380.80
335.81
293.74
267.83
268.99
296.22
338.96
382.37
407.46
406.66
379.21
335.06
292.58
269.12
271.31
298.16
342.22
384.41
408.63
405.92
377.26
333.23
291.92
268.43
272.11
300.78
344.27
387.42
410.05
406.13
377.00
332.83
289.81
267.09
271.10
300.07
344.69
385.88
409.13
405.63
375.97
331.79
290.85
268.72
273.54
302.57
345.99
387.84
409.77
404.31
374.05
329.71
289.40
268.74
274.20
304.51
348.84
388.87
409.54
403.15
371.29
327.00
286.94
265.87
273.35
304.78
349.45
389.94
409.42
403.63
371.54
326.50
287.07
267.53
275.02
306.10
350.38
390.32
408.77
400.66
368.45
323.49
285.50
266.89
275.94
309.08
353.35
393.45
410.58
401.29
367.42
321.81
283.66
265.72
275.70
308.68
354.54
393.45
410.71
401.03
367.12
321.28
282.65
265.75
276.19
309.99
354.56
392.81
409.56
399.22
364.92
320.11
282.24
266.52
277.77
313.22
357.50
395.42
410.86
398.93
363.64
317.02
280.15
264.94
276.61
311.57
357.28
395.79
411.49
399.58
364.27
318.95
282.09
267.28
279.97
314.90
359.22
395.44
409.95
397.22
361.15
315.07
279.76
266.74
280.76
316.49
361.81
398.27
412.01
397.74
359.85
314.31
277.67
265.85
279.47
315.72
360.93
397.12
410.85
395.79
358.70
312.99
278.30
267.01
282.19
319.08
364.17
399.85
411.87
396.05
357.27
311.95
276.74
265.48
281.06
317.91
364.30
398.41
409.69
394.39
356.31
311.67
277.80
267.13
284.42
321.69
366.49
400.50
410.33
393.45
353.87
308.98
275.57
265.84
284.06
321.68
367.79
402.06
411.09
393.98
354.26
308.55
275.45
265.33
283.79
322.21
367.15
401.18
409.29
391.90
352.32
308.01
275.55
266.78
285.63
324.41
369.87
401.93
409.29
389.32
349.36
305.17
273.33
265.75
285.77
325.96
371.30
403.52
410.70
391.60
350.49
305.57
274.25
267.66
287.57
327.02
371.69
402.86
409.43
388.62
347.90
304.27
273.96
267.93
289.17
328.95
374.01
404.17
408.51
387.33
344.80
300.79
270.73
265.72
287.87
328.06
373.91
404.43
409.28
387.20
345.06
301.80
271.74
267.82
290.33
331.54
376.12
404.20
408.65
385.34
343.61
300.36
271.59
268.61
292.19
334.38
378.16
405.26
406.84
383.01
341.02
296.60
269.56
267.69
292.42
335.72
378.56
407.07
408.24
383.38
340.00
296.09
269.90
268.06
293.24
335.46
379.48
407.07
407.06
382.22
339.21
296.58
270.81
270.55
296.20
339.21
381.82
407.59
407.06
379.61
336.77
292.95
269.13
269.51
296.46
340.01
382.74
408.63
407.05
379.74
334.55
292.33
267.55
269.77
297.13
340.64
384.57
408.89
407.20
379.86
334.25
292.33
267.56
270.41
298.04
340.54
384.06
407.83
405.11
375.48
331.31
290.47
267.15
270.84
299.60
343.88
386.66
409.67
405.86
375.85
331.18
289.54
267.42
271.24
300.25
345.07
386.78
409.41
404.83
374.80
330.90
289.41
268.47
273.43
303.86
348.55
389.51
410.97
404.83
373.77
328.56
287.97
267.15
273.05
303.89
348.57
390.30
411.34
404.42
372.48
327.53
287.18
266.78
273.47
304.90
349.47
389.05
408.92
402.33
369.98
324.04
284.88
265.97
273.98
305.99
350.38
391.49
409.81
401.31
368.97
323.22
284.98
265.60
274.52
308.17
353.33
393.44
410.99
402.73
369.32
323.75
285.23
266.61
276.09
308.97
354.25
392.92
409.84
399.48
365.32
320.66
282.21
266.76
276.86
310.26
356.12
394.09
410.58
399.08
363.63
318.32
280.69
265.21
277.89
311.79
357.42
395.68
411.34
399.60
363.38
318.29
281.30
265.22
277.42
313.36
358.41
395.96
410.47
398.27
363.37
316.86
280.67
266.38
278.81
315.06
358.82
395.44
409.05
395.94
359.60
313.90
278.98
266.09
280.78
316.63
362.33
399.17
411.61
396.34
358.33
313.37
278.15
265.85
280.02
316.64
363.00
398.66
410.97
394.91
356.11
311.70
277.11
266.09
281.59
318.97
365.32
399.85
411.25
395.13
356.07
311.44
277.76
267.11
284.47
320.91
366.23
400.14
409.02
391.89
352.21
308.18
275.80
267.15
284.98
323.76
369.72
403.22
411.87
392.41
352.48
306.87
274.37
265.72
283.93
323.38
368.71
401.83
410.59
391.48
351.80
306.86
274.89
267.81
286.79
326.10
371.18
402.71
409.81
389.29
348.30
304.41
273.84
267.65
287.33
327.95
372.58
403.64
409.06
387.96
347.36
302.59
272.69
267.92
290.30
330.38
374.94
405.73
410.04
388.23
345.31
301.16
271.11
265.87
288.40
329.86
374.66
404.60
409.42
386.89
345.33
300.77
271.73
267.68
290.86
332.17
376.76
405.26
407.99
386.00
343.07
298.68
270.09
267.68
291.75
333.64
377.28
405.75
409.02
384.94
342.45
298.44
271.48
269.73
294.10
335.20
378.98
406.40
407.59
382.24
338.83
296.34
268.74
268.88
293.72
336.87
381.06
406.79
408.25
382.21
338.16
294.81
268.49
268.84
294.52
337.29
381.31
408.22
408.36
381.82
338.43
295.68
269.77
270.29
296.59
339.59
381.71
406.71
406.41
379.70
335.84
293.24
269.24
271.84
298.67
341.69
384.17
407.98
405.38
376.89
331.82
290.51
267.28
270.28
299.49
342.59
386.91
410.18
406.78
377.67
332.06
290.48
266.52
269.54
298.45
341.94
385.10
407.86
404.84
375.46
331.56
291.23
268.18
273.46
302.04
345.44
387.22
408.10
403.78
373.01
328.05
288.89
267.40
272.82
304.03
348.52
389.78
410.22
403.90
373.36
327.40
287.47
267.14
273.96
305.06
348.70
389.56
408.91
401.44
369.49
323.89
284.34
264.85
272.70
305.57
350.24
390.08
408.92
401.56
369.33
323.76
284.61
266.51
275.53
308.04
352.85
391.62
410.22
400.52
367.65
322.19
283.67
266.51
276.20
310.38
355.17
394.36
410.98
401.16
366.73
320.77
282.13
265.60
276.32
309.86
354.31
392.96
410.19
399.32
365.20
319.34
282.89
267.02
277.77
312.73
357.24
395.01
410.48
398.03
362.99
317.15
279.76
264.69
276.49
312.46
357.51
396.08
410.72
398.03
362.23
316.09
279.35
264.31
277.15
312.72
358.59
396.08
409.93
397.39
360.77
315.43
279.89
265.47
279.87
315.83
361.55
397.11
409.84
396.08
359.18
313.88
278.33
266.36
281.94
318.82
363.76
400.10
412.13
396.44
357.93
312.20
277.25
265.47
280.41
317.67
363.38
398.68
410.33
393.99
355.98
310.51
276.22
265.60
281.44
319.10
364.69
399.20
409.82
392.96
353.62
309.74
276.32
266.23
283.69
321.43
367.39
400.90
409.94
392.15
353.23
308.29
275.56
266.90
285.99
324.51
368.85
401.72
409.66
391.23
350.65
305.44
273.10
265.37
285.23
324.78
370.41
402.34
410.46
390.72
350.64
306.06
274.10
267.05
286.80
327.52
371.94
403.14
409.56
389.14
348.29
303.36
272.42
266.64
287.46
327.79
372.74
403.78
409.16
388.50
346.72
302.72
272.68
268.18
290.43
330.00
374.84
405.20
410.29
387.45
345.33
301.27
271.89
267.18
289.04
331.03
375.69
405.21
409.82
386.13
344.95
301.27
272.48
268.85
290.87
332.21
376.38
405.24
407.32
383.42
341.18
297.49
270.19
267.96
291.76
334.55
378.45
406.39
408.25
383.41
340.37
296.73
269.93
268.45
293.72
336.24
380.01
408.23
409.00
384.03
340.24
296.86
270.17
269.12
294.26
336.36
380.14
405.76
406.05
379.38
336.62
293.87
268.22
268.75
295.04
338.83
381.95
407.72
407.20
379.99
335.85
293.10
267.68
268.49
295.20
338.82
382.21
406.84
405.53
379.47
334.77
292.86
267.69
269.90
297.53
339.99
383.66
406.56
404.75
376.76
331.67
290.01
266.14
269.24
298.45
341.43
384.32
409.44
405.72
377.27
331.46
289.06
267.03
269.39
298.45
342.09
384.97
408.52
404.33
376.37
331.65
290.34
267.84
272.25
301.79
345.72
387.04
409.14
403.81
373.65
329.59
288.11
266.68
271.63
301.66
346.26
387.44
409.13
403.29
372.23
328.16
287.58
266.92
272.93
303.99
348.32
389.28
410.69
403.89
371.97
327.15
286.65
266.27
272.31
303.73
349.59
389.27
409.83
403.26
371.54
326.88
286.54
267.80
274.23
305.73
350.52
390.29
410.08
401.18
369.22
324.93
286.00
267.42
276.08
308.28
353.10
392.67
410.57
401.68
368.32
323.10
284.44
266.26
274.65
308.30
352.71
392.28
409.42
400.26
366.75
321.42
283.67
265.72
276.22
309.59
354.91
393.72
410.33
399.73
365.21
319.61
281.83
264.95
275.32
310.39
356.20
394.63
410.23
399.48
364.65
318.57
279.92
264.05
275.95
310.25
356.12
393.34
410.48
398.67
364.13
319.34
281.56
267.56
279.58
315.54
359.98
396.08
410.87
398.39
361.79
315.87
278.20
265.09
278.43
313.49
359.25
396.20
410.44
398.29
362.04
316.72
281.07
267.02
281.41
317.00
361.29
397.37
409.68
395.57
358.57
313.23
277.94
265.08
279.75
317.40
363.21
399.31
412.55
397.47
360.63
314.67
278.69
267.15
281.28
318.05
363.26
397.64
411.13
394.60
357.39
311.96
277.25
267.54
282.60
320.13
364.82
399.33
410.20
393.58
354.27
309.37
275.83
265.58
282.64
320.78
366.34
400.00
409.46
392.41
354.38
308.55
274.04
265.12
283.51
322.31
366.78
400.15
409.67
392.67
352.96
307.78
275.83
266.88
285.49
324.17
368.43
401.44
409.42
390.31
350.90
305.45
274.26
266.89
286.65
326.49
371.55
403.25
410.22
390.96
349.56
304.55
272.45
265.45
286.43
325.59
371.30
402.61
409.04
388.89
348.54
303.61
272.45
266.91
288.72
329.20
373.40
404.06
410.19
388.73
347.39
302.83
272.02
267.19
287.98
329.22
373.90
403.39
408.14
386.43
345.29
301.40
271.39
267.30
289.92
330.77
374.44
403.42
407.73
384.83
342.33
298.32
269.81
266.64
290.09
331.82
377.26
405.48
408.28
384.98
342.94
299.70
270.06
267.84
292.03
334.13
378.84
406.65
409.27
384.58
342.20
298.78
270.31
268.76
292.53
334.92
378.61
404.72
406.70
381.98
338.54
296.61
270.04
269.88
295.69
338.44
382.71
408.99
408.63
382.09
338.43
294.65
269.01
268.71
294.65
337.94
381.17
408.10
406.16
380.16
335.95
293.34
268.49
268.47
296.23
339.10
382.35
407.60
406.41
379.59
335.57
293.62
269.76
272.48
299.32
342.09
385.08
408.47
405.52
376.65
331.41
290.25
266.00
268.75
297.81
340.78
384.71
407.86
405.75
377.13
332.33
290.76
268.46
272.48
300.63
343.53
386.01
409.26
404.32
374.71
329.86
289.68
267.94
272.51
302.84
346.49
388.23
410.44
404.42
373.91
328.83
288.61
268.58
273.69
304.66
349.35
390.16
410.97
403.14
371.57
326.09
286.28
265.86
272.82
304.54
349.35
390.84
409.54
402.76
370.13
325.04
285.39
265.61
274.24
306.21
350.91
390.98
410.19
402.85
369.21
324.68
285.23
267.28
276.32
307.63
352.88
391.50
409.54
400.01
366.12
321.54
283.66
265.99
276.74
310.10
355.32
393.99
411.22
401.39
366.62
320.52
282.76
266.50
276.71
310.65
356.48
394.21
411.91
400.62
366.07
321.43
282.85
267.66
277.40
312.21
357.63
395.00
410.49
398.16
363.75
318.57
280.79
266.39
278.93
314.38
359.87
396.72
412.41
399.95
363.48
317.54
280.78
266.23
278.71
314.29
359.33
396.86
410.59
397.24
361.18
316.61
280.61
267.04
280.15
316.73
362.05
397.38
409.31
395.69
358.03
312.61
278.19
265.30
281.45
317.15
364.14
400.20
411.62
396.47
358.03
313.36
277.52
265.34
280.80
317.92
364.54
398.53
410.88
395.02
356.97
312.47
277.12
266.75
283.01
320.50
365.58
399.75
410.07
393.57
355.31
310.11
276.60
266.78
284.31
322.83
367.65
400.39
409.05
392.03
352.43
307.40
274.54
265.85
284.20
323.79
369.18
402.70
411.13
391.88
352.84
307.64
274.63
265.61
284.48
323.62
369.34
401.57
409.04
390.99
350.49
306.48
274.37
266.89
286.81
325.71
371.04
402.34
409.03
388.51
347.79
303.88
272.67
266.14
287.09
327.90
372.97
403.54
410.07
389.75
348.93
303.89
272.68
267.56
289.00
328.93
373.66
403.67
409.02
388.36
345.56
301.30
271.00
267.01
289.26
330.14
375.47
406.37
412.25
389.50
348.16
302.43
272.94
268.58
289.90
330.80
373.92
404.44
409.13
385.74
343.66
300.25
272.37
268.84
291.39
333.24
378.16
406.13
408.15
384.59
341.91
298.29
269.54
266.91
291.40
333.51
378.18
405.88
407.87
383.14
340.51
296.73
268.76
267.19
292.04
334.40
378.59
406.15
407.97
383.01
339.35
296.73
270.15
269.24
294.39
336.49
380.67
406.80
406.94
380.80
337.39
295.41
269.50
270.31
296.21
340.12
382.99
408.24
407.20
379.48
336.11
292.43
267.71
269.40
296.83
340.77
383.41
408.38
407.44
379.85
335.18
292.19
268.35
270.28
297.91
340.66
383.53
408.10
404.84
377.04
331.94
290.75
267.44
270.81
299.46
342.22
384.73
408.24
404.44
375.60
330.76
290.20
268.47
272.64
302.70
346.36
388.86
411.07
405.86
375.47
331.15
289.78
267.06
271.53
301.91
346.59
386.94
408.41
403.14
372.86
328.57
287.96
267.29
272.69
303.50
348.04
389.14
409.02
402.88
371.30
326.10
287.47
267.38
274.48
305.47
349.86
390.95
410.58
402.73
371.03
325.96
286.80
268.07
275.78
308.16
352.19
391.11
409.31
400.65
367.52
322.60
283.03
266.00
276.19
309.18
354.81
393.19
411.62
402.45
368.54
322.19
283.57
266.12
275.67
309.36
353.23
392.93
409.68
400.25
366.87
320.89
283.69
267.53
277.86
311.70
355.59
393.71
410.34
398.80
364.53
318.83
281.08
265.87
277.37
312.19
357.91
394.87
410.88
399.47
364.37
318.70
281.21
266.09
278.55
312.86
357.28
395.81
409.92
397.77
362.08
316.47
280.55
266.39
279.71
315.82
360.00
396.61
411.24
396.70
360.54
314.15
279.08
265.72
279.23
316.49
361.02
398.44
410.58
396.83
359.09
313.12
278.18
265.20
280.28
316.62
362.46
397.65
410.48
396.17
358.79
313.38
278.32
267.27
282.60
319.87
364.52
399.59
411.12
394.36
356.63
310.65
276.86
265.59
280.95
319.63
364.77
399.86
410.36
393.83
355.96
309.87
275.84
265.47
282.36
320.26
364.94
399.36
409.68
393.30
354.91
309.47
276.87
267.92
285.07
323.52
368.30
402.04
410.59
392.04
352.84
308.02
275.43
266.37
284.71
324.03
369.72
402.19
411.13
391.61
352.06
307.14
274.50
266.89
285.63
325.06
370.38
402.34
409.95
389.54
349.48
304.53
272.80
266.52
285.89
327.15
371.94
403.52
409.57
388.89
348.54
302.83
272.19
266.25
287.57
328.46
372.74
404.17
409.55
388.23
346.60
302.58
272.28
267.55
289.28
329.87
374.94
403.91
408.53
386.02
344.38
301.15
271.62
267.82
291.26
332.44
377.40
406.39
409.78
386.65
343.63
299.86
270.96
267.43
289.97
331.44
376.37
404.83
407.61
384.33
342.57
298.41
271.12
268.19
292.41
333.79
377.03
405.49
407.07
382.89
340.12
297.13
270.06
269.12
294.36
336.99
380.26
407.33
408.75
383.37
339.86
295.70
269.40
269.62
294.87
337.54
381.45
408.60
408.23
381.73
337.52
294.63
268.36
267.71
294.53
337.27
381.33
406.94
406.29
379.64
335.44
293.73
268.33
269.66
296.87
340.37
383.78
407.86
406.16
378.57
334.13
291.28
267.19
270.03
297.89
341.45
384.58
409.00
407.19
378.05
333.24
291.28
267.81
271.19
299.59
342.60
385.37
408.76
405.74
376.61
332.06
290.47
267.44
272.14
301.12
344.92
386.55
408.11
404.33
374.42
329.33
289.31
267.28
273.04
302.85
347.66
389.75
411.34
405.48
374.67
330.36
288.23
266.81
271.50
302.43
346.49
386.82
408.14
403.01
372.58
327.53
288.13
267.40
274.62
305.18
348.69
389.29
408.90
401.56
369.63
324.68
286.39
267.53
274.90
307.27
352.44
392.51
410.47
401.96
369.33
324.13
285.50
266.75
275.94
307.92
352.73
392.14
409.54
399.62
365.73
320.91
282.89
265.99
275.68
309.86
355.18
394.22
411.76
401.66
367.90
322.06
283.41
267.04
276.58
310.90
355.44
393.31
410.87
400.09
365.95
320.80
282.88
267.01
277.66
311.68
357.11
393.98
410.11
398.67
364.00
318.59
280.80
266.50
278.16
313.11
358.17
396.32
411.23
399.20
363.49
318.16
281.31
265.99
278.83
314.13
359.20
396.08
410.85
397.87
362.08
315.84
280.78
267.12
279.99
316.25
361.28
398.27
411.77
397.48
359.73
314.19
278.17
266.08
280.39
315.98
362.49
398.53
411.36
396.21
357.78
312.59
277.01
264.56
279.77
317.14
363.36
399.20
410.86
396.19
358.15
313.49
278.16
266.37
282.50
319.33
364.93
398.83
409.95
393.58
354.80
309.23
276.09
265.82
282.89
321.05
366.09
401.05
410.59
393.56
354.14
308.32
275.44
266.23
283.79
322.09
368.44
401.91
410.74
392.56
353.08
308.16
274.41
265.34
283.93
323.25
368.18
400.92
409.96
391.34
352.70
308.28
275.14
268.62
287.03
326.60
370.92
401.56
408.91
388.90
348.81
303.62
272.59
265.73
286.66
327.27
372.06
404.04
410.72
390.82
348.93
304.95
273.43
267.39
288.13
327.27
372.48
402.89
408.76
387.95
346.74
302.33
272.68
268.07
290.44
330.24
374.18
404.07
408.74
386.53
344.29
300.37
272.39
268.45
291.24
332.98
377.13
406.40
409.67
385.85
343.63
298.56
269.94
267.30
289.81
331.58
375.61
404.57
407.46
383.68
341.93
298.40
270.60
268.36
292.27
334.42
377.68
404.84
406.70
381.85
338.95
295.84
269.53
268.45
293.61
336.25
380.77
408.20
409.02
382.48
338.96
295.83
268.33
268.36
293.22
336.23
380.94
407.56
408.48
382.36
338.82
295.55
269.91
269.76
295.41
338.20
381.32
407.44
406.94
380.14
336.22
293.88
268.48
268.87
295.97
339.33
382.46
406.84
405.28
378.95
334.77
292.85
268.08
270.93
298.43
341.56
385.08
409.00
406.67
378.06
333.10
291.79
267.41
270.56
298.95
342.58
385.74
408.64
406.02
377.13
332.58
290.74
267.68
271.61
300.63
344.41
386.01
408.65
404.57
374.92
331.03
288.77
266.93
271.90
301.38
345.84
386.55
407.99
403.42
373.12
329.45
288.62
267.31
273.07
303.48
347.66
387.59
408.13
401.58
370.66
325.97
286.55
266.52
273.72
305.56
350.37
390.45
410.47
403.50
371.54
326.10
285.90
266.38
273.86
305.44
350.64
390.57
409.82
402.87
370.10
325.45
285.51
266.63
275.02
306.74
351.04
390.86
408.90
400.79
367.92
322.45
284.60
266.89
276.57
309.86
354.02
393.19
410.85
401.01
367.52
320.91
282.92
266.37
276.95
310.89
355.45
393.98
411.25
401.01
365.81
319.89
281.60
265.58
275.83
310.15
355.31
394.61
411.24
399.71
365.59
319.61
283.00
266.74
277.78
312.08
357.25
395.28
410.21
398.82
363.48
318.17
280.94
266.63
279.31
314.40
359.23
396.07
410.98
397.89
361.55
315.59
278.85
265.08
278.05
314.54
359.60
396.34
411.64
397.97
361.94
315.87
280.38
266.87
280.28
316.22
361.01
397.53
409.44
396.45
359.45
313.50
278.85
266.09
281.69
317.53
362.60
398.29
409.17
394.66
356.85
312.44
278.44
266.75
283.78
321.15
366.34
400.63
410.72
394.23
355.05
309.87
275.95
265.71
282.51
320.40
367.00
401.26
411.89
393.84
355.58
310.88
277.48
267.80
284.84
323.49
368.30
402.08
410.44
392.92
352.58
307.53
274.65
266.24
284.19
322.49
368.46
400.75
410.09
390.33
351.80
307.50
274.51
266.93
285.62
326.21
369.86
402.11
409.03
390.05
349.86
304.79
273.86
266.51
286.81
327.13
372.19
404.04
410.59
390.56
349.72
304.66
273.07
266.13
286.82
326.09
371.31
401.97
408.64
388.49
346.87
303.13
273.44
268.55
289.54
329.50
374.02
404.56
409.41
387.81
346.08
302.33
273.31
268.57
291.51
331.28
375.84
404.59
407.86
385.36
342.59
298.45
269.69
266.64
290.20
331.82
376.12
404.73
408.00
384.57
341.80
297.53
269.94
267.54
292.04
333.78
378.06
406.53
408.75
384.68
341.28
297.66
270.44
269.10
292.69
334.57
378.31
405.36
406.06
380.17
337.79
295.17
268.36
267.72
293.88
337.51
381.55
408.75
408.61
383.13
338.83
295.94
269.76
269.63
295.94
338.94
382.87
409.15
408.73
381.31
337.03
293.98
268.58
269.66
296.59
340.24
383.80
408.51
407.18
380.65
335.79
293.08
268.76
270.54
299.19
340.14
383.19
407.44
404.55
375.64
327.97
289.62
266.32
269.38
297.99
341.42
386.90
409.67
405.63
376.50
331.93
289.81
266.66
270.33
299.33
343.65
385.75
408.49
404.59
375.20
331.14
290.84
268.97
273.17
303.50
346.98
389.11
410.05
404.44
374.55
329.45
288.77
267.70
273.68
304.63
348.96
389.27
411.24
404.80
373.36
328.31
287.05
266.65
272.95
303.99
348.56
389.04
409.41
403.63
371.55
326.37
286.94
267.53
275.14
305.57
350.40
390.31
409.67
401.96
369.34
324.79
285.37
267.29
275.27
308.17
352.84
392.64
411.62
402.71
369.60
323.64
285.24
266.35
275.17
307.67
351.80
391.52
408.79
399.86
367.39
321.67
283.82
266.65
276.97
310.37
355.06
392.54
409.57
399.34
364.27
319.76
281.71
266.74
277.51
311.56
357.01
395.26
411.62
399.32
364.29
318.18
281.32
266.10
277.51
312.47
357.40
396.58
410.82
398.70
362.61
316.73
280.67
265.45
277.90
312.75
358.21
395.79
410.58
397.64
361.15
316.49
279.88
266.51
280.50
315.55
360.54
396.61
410.44
396.84
359.87
315.05
279.99
267.54
281.95
318.55
363.75
399.19
410.85
395.56
358.04
312.57
277.79
266.12
282.20
319.34
364.56
399.72
410.58
394.26
355.45
309.85
276.61
265.06
282.37
320.78
366.34
401.81
411.88
395.25
356.61
310.50
276.99
266.75
283.39
321.31
365.98
399.73
409.04
391.25
352.33
307.52
274.27
265.49
283.67
323.49
368.94
402.46
410.60
392.81
353.47
307.76
275.57
266.23
286.00
325.32
370.11
402.87
411.12
391.85
351.67
307.01
274.61
268.07
286.93
326.48
371.56
402.34
409.30
388.50
348.69
303.87
273.47
267.81
287.96
329.11
373.62
404.15
409.71
387.97
346.33
302.09
270.99
266.37
288.12
329.22
374.54
405.09
410.07
388.48
346.85
301.28
271.53
266.63
289.27
330.14
374.94
405.21
409.55
387.96
345.80
301.80
272.55
268.57
291.49
332.60
376.61
405.22
408.53
384.70
342.84
299.07
271.73
269.08
292.82
334.82
378.68
407.05
407.60
383.02
340.12
296.46
269.41
267.95
293.46
335.84
380.28
408.08
408.86
382.90
339.49
296.05
269.39
268.10
293.34
336.36
380.03
406.55
406.94
381.06
338.03
295.28
270.17
269.90
296.34
339.99
382.19
408.25
406.55
379.48
335.98
293.85
269.22
270.44
297.53
341.27
384.68
408.76
406.93
379.21
334.80
292.57
268.46
270.69
298.30
341.43
385.22
409.64
406.39
377.58
332.48
292.02
268.56
270.82
298.72
342.22
386.00
408.86
405.75
375.85
332.07
290.85
268.72
273.03
301.79
345.98
386.92
409.81
404.82
374.28
329.62
288.38
266.64
272.03
302.18
347.38
388.49
409.44
405.22
374.63
329.85
288.52
266.78
273.20
303.10
347.52
387.71
408.91
402.74
371.82
327.02
286.68
267.03
273.32
304.27
349.09
389.65
409.81
402.62
370.39
325.97
286.53
266.75
274.13
305.58
351.54
391.33
410.47
402.10
369.86
324.66
285.12
266.51
275.01
308.04
352.33
392.03
409.95
401.68
367.90
323.63
284.69
267.02
276.75
309.72
355.55
393.70
410.72
400.64
366.74
321.42
282.63
265.87
276.33
310.49
355.83
393.85
410.99
399.98
365.32
319.86
281.56
265.22
276.11
310.89
356.09
394.39
410.46
399.18
364.17
318.96
281.81
266.39
277.92
312.83
358.04
394.78
409.18
397.26
361.80
315.32
278.63
264.57
278.27
314.02
358.72
395.82
410.72
397.75
360.25
314.70
278.97
265.43
279.11
315.08
361.14
397.89
411.39
397.09
361.02
315.44
279.99
267.40
280.91
317.67
362.83
398.52
410.60
395.68
358.68
313.37
278.57
266.36
281.96
319.34
363.74
399.35
409.95
394.37
356.36
310.38
276.61
265.07
281.46
320.13
365.68
400.25
411.40
394.85
356.85
311.43
276.33
266.78
283.27
320.88
366.37
398.96
409.31
392.28
353.60
309.08
276.21
267.40
285.49
324.41
368.68
401.18
409.06
390.45
350.76
305.46
273.23
265.86
284.85
324.30
369.87
402.84
410.46
390.47
350.65
306.20
274.10
265.88
285.52
325.31
371.03
402.09
409.44
389.28
349.34
305.68
274.34
268.33
287.73
328.19
372.59
403.51
408.76
386.82
345.86
301.67
271.37
266.27
287.08
329.22
373.76
404.57
409.82
388.08
347.77
302.17
272.56
266.53
288.90
330.11
373.75
403.95
407.99
386.53
345.31
301.01
272.79
268.58
291.37
332.47
376.49
405.74
408.89
385.74
343.88
300.23
272.13
268.98
292.54
334.27
378.05
406.14
408.11
383.93
341.03
297.90
269.52
268.36
292.54
334.40
378.88
405.49
407.85
381.72
338.58
295.30
268.61
267.96
292.57
336.38
380.13
407.18
407.99
382.21
339.20
296.21
270.16
270.15
296.33
338.82
382.09
407.72
406.55
379.50
335.71
292.81
267.57
269.02
295.94
340.90
383.77
409.02
408.24
380.62
335.83
292.72
267.43
268.99
296.88
340.10
382.75
407.13
405.50
378.15
333.25
290.26
267.17
270.03
298.69
341.68
384.97
408.64
405.23
376.89
331.93
290.73
266.65
270.34
299.47
343.87
386.13
408.78
405.36
375.84
331.56
289.81
267.55
271.24
300.64
344.41
386.28
408.38
403.53
374.29
329.46
289.42
267.68
273.70
303.60
348.17
389.52
409.66
404.72
373.49
328.28
286.85
265.38
272.13
302.05
346.40
387.97
408.86
403.56
371.44
326.74
287.22
266.75
273.43
304.55
348.57
389.15
409.69
402.08
370.38
324.82
285.39
267.15
274.87
306.23
351.06
391.60
410.43
402.23
368.83
323.75
284.74
265.34
274.13
306.49
351.68
391.23
409.69
401.30
368.42
323.89
284.32
266.91
276.58
309.44
354.03
392.17
409.68
400.25
366.35
320.12
283.30
266.35
277.36
311.57
355.82
395.02
410.47
399.72
364.92
319.08
281.21
265.22
276.48
311.04
356.36
394.49
410.07
399.60
364.38
318.70
281.75
266.35
279.18
313.37
358.57
395.92
410.74
398.30
362.96
317.50
279.64
266.02
279.18
315.29
359.89
396.85
411.35
398.02
361.16
315.70
280.00
265.21
279.12
315.44
361.65
396.85
409.60
396.21
359.82
314.15
277.17
265.48
279.85
316.63
361.70
397.11
410.22
394.77
357.90
312.58
277.53
265.73
281.44
319.46
364.39
398.96
411.01
394.47
356.24
310.15
275.94
265.58
280.17
318.23
364.66
399.17
409.85
392.56
354.26
309.75
275.04
265.98
282.62
320.40
365.87
399.86
410.06
392.54
353.49
308.30
275.96
266.88
284.57
323.39
367.91
401.55
409.95
390.85
351.43
306.10
273.73
265.60
284.97
324.40
369.88
402.36
410.59
391.48
351.27
305.44
273.49
265.99
285.36
325.72
370.25
402.99
409.56
389.81
349.85
304.64
273.99
266.89
287.19
327.29
371.30
403.26
409.02
388.23
347.40
302.71
272.56
267.55
288.99
329.08
373.67
404.17
409.40
387.07
344.81
300.37
270.34
265.75
287.98
329.09
374.32
404.44
409.79
386.92
344.68
301.02
272.50
268.05
290.49
331.43
375.84
405.75
407.58
385.12
342.85
299.05
272.02
268.32
292.29
333.78
377.27
405.75
407.46
383.28
340.38
296.74
269.80
268.32
292.94
335.33
379.36
407.57
409.01
383.52
340.13
296.86
269.77
268.35
292.97
335.46
379.49
406.15
406.56
381.71
338.41
295.95
270.05
269.63
296.47
338.81
382.08
407.86
407.06
381.17
337.13
294.00
268.75
269.25
295.95
339.48
383.11
408.48
408.37
380.63
337.40
294.26
268.85
270.95
296.97
340.52
383.28
407.84
406.55
378.83
333.88
291.94
267.04
269.26
297.27
339.73
384.06
408.09
406.52
378.33
333.76
292.95
268.19
271.36
298.81
342.45
384.59
407.87
404.71
376.50
332.32
290.46
268.62
271.99
301.53
345.07
386.53
409.28
404.32
374.69
330.11
288.77
267.57
272.77
303.33
347.53
388.62
410.58
405.08
373.63
328.57
287.46
266.90
272.79
302.97
348.59
388.99
409.42
403.04
371.40
327.11
286.30
265.62
272.95
304.27
349.21
389.01
409.04
401.71
369.61
325.59
286.00
267.02
274.65
306.22
351.94
391.60
410.32
402.22
368.83
323.77
284.98
266.87
275.40
307.54
352.47
392.40
409.68
400.03
366.36
321.02
282.78
265.34
276.06
309.47
354.69
393.84
410.70
400.52
365.84
320.37
282.51
265.73
277.24
311.79
356.48
395.16
411.23
400.36
365.32
319.46
282.09
265.99
277.26
312.07
357.65
394.62
410.10
398.17
363.09
318.95
281.16
266.65
278.84
315.16
359.95
395.70
409.85
396.57
361.03
314.81
278.71
265.72
279.60
315.83
361.81
398.40
411.24
397.00
360.37
314.76
278.71
264.97
279.49
316.62
361.94
397.76
410.72
396.06
359.08
314.28
279.32
267.66
281.96
318.83
363.89
398.41
409.83
393.59
355.83
310.52
275.72
264.96
281.83
319.58
364.94
400.26
410.96
394.76
356.24
310.87
277.24
266.13
282.37
320.78
366.09
399.72
409.83
393.06
354.51
309.74
276.48
267.27
284.96
323.63
368.15
400.53
409.34
391.22
352.69
308.29
275.28
267.82
287.31
326.71
371.93
403.25
411.11
392.12
351.40
306.49
274.11
267.02
286.54
325.58
371.05
402.73
410.06
390.19
349.08
304.93
273.97
267.14
287.21
327.28
372.19
404.17
410.06
389.52
347.79
302.36
272.42
266.60
287.72
327.68
373.51
405.58
411.09
389.92
348.80
303.98
273.33
267.43
288.88
329.48
373.90
403.91
408.52
387.20
345.81
302.69
272.54
268.35
291.23
331.66
375.86
404.19
408.50
384.83
343.39
299.32
271.48
268.86
291.75
334.28
377.92
406.27
408.64
384.96
341.53
298.69
270.43
268.97
294.11
335.82
380.66
407.83
409.53
384.30
341.02
296.59
269.67
267.69
292.82
335.46
378.84
406.16
406.56
381.45
338.82
296.18
270.04
269.53
295.04
338.30
381.55
407.70
406.80
380.68
337.14
294.12
268.88
268.60
295.56
338.18
381.71
408.10
407.69
381.69
337.78
295.03
270.43
270.54
296.99
340.13
382.58
407.98
405.91
378.84
334.67
292.58
267.17
269.28
296.73
340.76
384.17
408.38
406.94
379.21
334.53
291.79
268.08
269.89
298.57
341.43
385.22
408.63
405.90
378.05
333.46
292.81
268.71
272.65
301.28
344.91
387.03
409.54
404.97
375.73
331.67
290.44
268.21
273.05
302.80
347.13
388.62
410.69
406.11
375.07
329.61
288.51
267.16
272.13
302.32
347.14
387.70
408.93
402.77
371.67
327.65
286.02
266.02
273.07
304.25
349.87
390.18
410.44
403.53
371.94
327.36
287.05
267.57
275.00
307.11
352.20
391.72
410.71
402.50
369.34
324.52
284.59
265.74
273.86
306.62
352.20
391.99
410.98
402.47
369.20
323.64
284.86
266.09
274.91
307.03
351.68
391.76
409.03
399.11
366.52
320.88
284.19
266.24
275.44
310.67
354.88
395.39
411.24
401.54
368.29
321.27
283.83
266.36
276.96
310.52
354.54
393.72
410.20
399.47
365.58
319.98
282.63
266.26
277.51
312.06
357.00
394.63
409.44
399.10
363.34
318.57
282.24
266.72
279.61
313.78
359.33
397.34
410.71
398.18
361.29
316.24
280.40
265.43
278.72
314.43
360.74
397.48
411.27
397.49
361.66
315.97
278.97
265.99
279.60
316.09
361.42
397.25
410.99
397.09
360.36
314.54
278.84
266.50
281.42
317.65
362.08
397.92
409.55
394.77
357.27
311.66
277.92
266.50
283.11
321.15
365.70
401.55
412.12
395.78
356.75
310.12
276.87
264.93
281.86
319.88
364.92
400.27
410.07
394.35
356.20
310.37
276.88
267.16
284.80
322.97
367.15
400.65
410.20
392.53
352.98
308.30
275.41
266.77
284.59
324.02
369.45
401.94
410.10
391.37
352.05
306.22
273.50
265.86
285.08
324.17
369.38
401.68
410.59
391.34
351.26
307.01
274.76
267.55
287.32
326.85
371.02
401.99
408.53
389.00
348.29
303.51
273.33
267.91
288.49
328.85
373.50
404.81
410.97
388.72
348.31
303.10
271.90
267.58
288.21
329.59
374.31
403.78
410.98
389.10
348.01
303.50
272.67
268.85
289.91
330.13
374.44
404.04
408.11
385.79
343.36
299.98
271.63
267.01
290.48
331.83
376.73
406.13
409.03
386.26
343.22
299.36
270.19
267.67
290.99
331.83
377.30
405.33
408.90
384.71
341.80
298.44
270.06
268.58
292.53
334.81
378.84
406.28
409.17
383.76
340.63
296.76
268.36
267.96
292.30
334.28
379.26
406.39
407.71
382.91
339.46
296.97
269.93
268.74
294.50
337.00
380.53
406.55
406.95
380.41
337.27
294.64
268.98
269.26
295.05
338.96
382.72
407.83
405.93
379.00
334.65
292.70
266.53
268.23
296.22
339.98
383.79
409.16
408.46
380.50
336.50
293.07
269.50
270.55
297.78
341.69
384.03
408.64
405.90
377.79
333.63
291.65
268.84
271.84
299.60
343.40
385.47
409.40
405.22
375.46
330.92
288.79
266.79
270.44
299.98
343.77
386.28
409.54
406.24
376.74
331.94
290.47
268.59
273.03
302.69
346.09
387.06
409.30
403.00
374.31
328.53
288.76
267.44
272.79
304.27
347.26
388.25
408.12
401.96
370.65
325.97
286.55
266.78
274.37
305.82
350.64
390.70
410.32
402.60
370.40
325.19
285.50
266.52
274.50
306.21
351.18
391.75
411.45
403.76
370.14
324.94
286.27
267.91
275.53
307.15
352.21
391.60
410.08
400.92
367.77
323.75
284.96
267.67
277.24
310.37
355.56
393.44
410.60
401.28
365.94
320.30
282.14
265.94
276.08
308.74
354.80
394.58
411.36
400.40
365.84
321.03
283.39
266.23
277.14
310.90
356.47
394.37
410.34
398.94
364.02
319.61
281.68
266.52
277.80
312.57
357.78
394.39
409.04
397.12
361.42
316.23
279.76
265.08
278.19
313.11
359.47
396.82
411.09
397.66
361.96
316.46
280.52
266.12
278.69
315.21
359.61
396.85
410.33
396.84
359.47
314.17
278.83
265.70
280.79
316.60
362.59
398.56
411.50
397.47
360.10
314.02
278.45
266.89
281.15
317.55
362.23
398.40
410.83
394.51
357.17
312.31
278.54
267.02
282.61
320.25
364.55
399.49
409.67
394.10
355.56
309.98
277.02
266.24
284.43
321.93
366.88
400.91
410.32
393.19
354.28
308.93
275.69
266.52
283.78
322.73
367.54
401.02
410.46
392.53
353.22
308.05
275.31
267.66
285.71
324.42
368.85
401.29
410.21
390.96
351.14
306.49
274.64
267.40
287.05
325.97
370.65
402.48
408.90
388.90
348.05
303.88
272.94
266.38
287.33
327.13
372.99
403.77
409.55
388.64
346.48
302.85
271.89
266.12
287.87
328.69
373.89
404.07
409.04
388.21
346.32
301.17
271.79
267.13
289.68
330.66
374.92
405.48
409.29
387.04
345.56
301.01
271.76
267.82
290.84
332.06
375.73
404.60
407.86
385.35
342.96
298.82
271.51
268.31
292.68
334.16
377.91
406.02
407.87
383.78
340.89
297.65
269.91
268.73
293.60
335.57
380.14
407.57
409.00
383.92
340.25
296.60
269.27
268.09
292.81
334.94
379.12
405.49
407.34
381.57
338.94
296.21
269.91
269.90
295.80
339.20
381.81
407.99
407.33
380.78
337.01
293.87
269.11
269.89
295.96
340.27
383.75
409.91
407.59
379.76
335.84
293.71
268.19
268.51
295.99
339.45
383.39
407.60
406.14
379.09
335.19
293.08
268.86
271.47
298.66
339.36
382.83
406.63
403.89
375.54
330.53
291.49
268.86
271.48
300.37
344.41
386.50
408.89
404.73
375.72
331.53
289.56
266.81
270.97
300.62
344.68
386.27
409.02
404.19
374.56
330.63
289.40
266.80
271.53
301.13
346.22
386.54
408.00
403.80
373.35
329.48
288.90
267.67
273.85
304.00
347.77
388.63
408.38
402.49
371.56
327.12
287.58
267.43
274.63
306.08
350.76
390.57
409.94
402.22
370.26
325.05
285.12
266.14
273.85
305.83
351.05
391.34
410.57
402.49
370.13
325.80
285.88
266.68
274.90
307.88
352.19
391.12
409.68
400.78
368.58
322.83
285.23
267.80
276.57
310.78
355.04
394.21
410.99
401.42
367.88
321.80
283.57
266.24
277.36
310.64
355.44
394.87
411.47
401.67
366.74
320.91
283.41
266.61
276.85
310.28
354.94
393.58
409.82
398.82
364.66
319.34
282.89
267.79
279.31
314.03
358.55
396.17
410.47
398.56
362.05
316.12
279.40
264.92
277.64
312.63
359.34
396.28
411.80
398.03
362.69
317.01
280.14
266.35
278.44
314.97
359.19
396.72
410.74
396.69
361.17
315.98
280.37
267.67
281.57
317.62
363.23
398.15
410.60
396.59
359.06
314.02
278.44
267.27
282.45
319.73
364.67
400.10
412.79
396.80
358.56
311.83
277.79
266.34
281.96
318.85
364.54
399.97
410.60
394.51
356.34
311.27
276.36
265.35
282.36
320.37
365.20
399.62
409.81
393.19
354.29
308.30
275.96
266.09
283.53
322.23
367.13
401.29
410.34
392.27
352.71
307.53
274.52
265.98
285.23
324.39
370.25
402.99
411.89
392.90
352.97
307.51
274.50
267.04
284.45
324.31
370.13
402.16
410.48
390.33
350.11
306.37
274.23
267.65
286.93
326.37
371.82
402.86
409.57
388.50
347.90
303.11
272.17
266.25
286.82
327.55
372.59
403.64
409.04
387.33
346.87
303.21
272.78
268.60
290.30
332.05
376.62
405.60
410.07
387.43
344.90
300.51
270.20
266.65
289.04
331.04
376.10
405.73
410.20
386.65
345.83
300.87
272.66
268.72
291.49
333.51
376.75
405.88
407.99
385.09
341.66
297.54
269.95
266.88
291.92
332.99
377.66
406.15
408.11
383.66
340.78
296.99
269.14
267.45
292.04
334.92
379.36
406.41
408.38
384.16
340.87
297.78
270.56
269.62
295.03
336.74
380.40
406.55
406.81
380.92
337.65
294.91
269.13
269.39
295.30
338.83
381.94
407.85
406.30
379.12
335.20
292.43
266.53
267.73
294.78
338.69
382.50
407.72
407.44
379.48
335.33
292.57
268.20
269.52
296.23
339.88
382.62
407.34
405.76
377.78
333.38
291.42
268.32
271.06
298.57
342.09
384.81
408.51
404.87
375.85
331.42
290.09
266.77
270.45
299.10
343.38
385.74
408.64
404.97
375.05
330.40
289.70
268.68
273.02
301.96
346.24
388.06
409.29
403.43
372.97
327.77
286.99
265.61
271.87
302.98
347.26
388.49
410.34
404.02
372.85
328.84
287.42
267.82
273.86
304.51
349.74
388.89
409.42
402.34
370.64
325.71
285.64
266.40
273.98
305.82
350.51
391.10
409.79
402.63
369.61
324.92
284.98
265.75
273.86
306.09
351.17
390.72
409.68
401.18
369.34
323.73
285.25
267.17
276.82
310.10
353.64
392.95
410.70
401.15
366.89
322.07
283.77
267.29
277.12
310.11
355.08
392.81
409.79
398.56
363.27
318.59
281.82
265.85
277.41
311.80
357.25
395.56
410.58
398.94
363.26
317.01
280.41
264.82
277.52
312.58
358.18
396.21
411.49
398.67
362.35
316.62
280.12
265.47
277.80
313.89
358.82
396.09
410.07
397.48
361.67
315.57
279.64
267.16
280.48
316.75
360.92
396.72
410.60
395.41
358.96
314.02
278.81
267.16
281.56
318.43
364.02
398.79
410.98
395.93
357.50
311.97
276.00
264.95
280.65
316.75
362.63
397.38
410.33
394.76
356.35
312.21
277.63
267.27
283.27
320.38
365.45
399.22
409.56
393.32
354.90
310.12
276.61
267.16
285.08
323.09
368.04
400.52
410.09
391.88
352.07
307.54
274.75
266.10
284.87
323.24
368.70
401.07
409.03
390.05
349.87
304.42
272.45
265.35
284.20
324.30
369.49
402.85
410.44
391.11
351.29
306.46
274.38
267.30
286.90
326.61
370.93
401.70
409.56
389.26
348.42
303.39
272.57
267.27
287.83
327.29
371.46
402.49
408.25
387.06
345.31
301.30
271.26
266.64
288.12
328.97
373.77
404.43
409.41
387.70
346.34
302.19
273.19
268.31
290.98
331.55
375.84
405.62
409.14
386.78
344.01
300.25
271.48
267.41
291.13
332.19
377.65
406.01
409.03
386.13
343.34
299.07
270.21
267.81
291.49
332.87
377.43
406.12
408.49
384.21
341.80
298.91
270.83
268.23
292.69
335.18
379.09
406.14
407.08
382.12
339.60
296.32
270.31
268.85
294.38
337.80
381.28
407.97
407.35
380.80
337.26
294.38
267.56
267.34
293.64
338.03
381.67
407.61
406.17
380.27
336.48
293.08
268.10
268.09
295.06
338.46
381.82
407.07
406.04
379.21
335.69
293.10
268.87
270.80
298.41
341.29
383.78
408.51
406.40
378.30
333.90
292.17
268.19
271.35
298.94
342.97
385.61
408.51
405.38
376.62
331.54
290.10
266.78
270.05
299.37
342.47
386.39
409.00
405.36
376.12
331.15
290.86
268.19
272.64
301.93
345.19
387.58
409.66
404.56
374.05
329.48
289.26
267.93
273.06
303.49
348.55
389.38
410.85
404.04
372.99
328.18
286.66
266.67
271.90
303.23
348.57
389.38
410.58
404.05
372.33
327.78
287.19
266.64
273.47
304.52
349.21
389.03
409.04
402.21
369.73
324.43
285.51
266.09
274.26
305.46
350.51
390.72
409.29
401.30
368.05
322.74
284.72
266.73
276.19
308.95
353.49
393.46
411.36
402.30
368.42
322.08
283.68
267.01
275.79
309.37
353.76
393.30
410.85
400.11
366.24
320.52
283.15
266.23
276.09
309.88
354.79
393.58
409.95
398.81
364.81
318.96
281.46
266.51
278.13
313.22
357.67
396.07
412.26
400.73
364.92
318.31
281.85
266.35
278.04
312.88
357.90
395.53
410.22
398.41
362.95
318.31
281.44
267.15
280.65
315.55
360.63
396.60
410.21
396.98
360.38
314.68
279.87
266.34
280.92
317.14
361.93
399.21
411.61
397.34
360.26
313.88
278.57
265.35
280.14
317.24
361.80
398.19
410.06
396.83
359.33
313.75
279.48
267.39
282.85
319.09
364.16
398.93
410.59
394.11
355.84
311.17
276.21
265.10
281.08
319.33
365.30
398.96
409.33
393.08
355.04
309.08
275.33
264.68
282.11
320.79
365.96
400.26
409.70
392.15
353.23
308.30
274.64
265.35
283.04
322.07
367.39
400.53
409.82
391.61
353.37
307.51
275.70
267.42
285.08
325.21
368.94
402.33
409.69
390.72
350.89
305.71
273.87
266.75
286.52
325.85
371.06
403.12
410.97
390.95
350.23
305.06
272.96
266.52
286.53
326.48
370.66
402.37
409.16
388.88
347.79
303.24
273.58
267.13
288.39
328.19
373.24
404.31
409.28
388.09
347.13
303.08
273.44
268.33
290.45
331.14
375.32
404.71
409.02
386.27
343.90
299.99
270.18
267.44
289.02
331.18
376.64
405.07
409.31
385.37
343.60
299.46
269.95
267.05
290.46
332.60
376.89
405.87
408.76
385.23
343.48
299.95
271.62
269.01
293.32
335.42
378.96
406.28
407.98
383.28
340.39
296.46
268.89
267.45
291.77
334.68
378.46
405.88
407.60
382.10
339.09
295.57
269.14
268.08
293.87
335.97
379.64
406.56
407.18
382.60
338.93
296.08
270.32
270.80
296.96
339.47
381.70
406.69
405.92
379.22
335.43
292.97
267.83
269.01
296.88
340.11
383.77
407.99
406.16
378.96
335.04
292.56
267.31
269.68
297.11
340.64
383.55
406.94
404.87
376.90
332.44
291.52
267.56
270.70
299.09
342.73
384.96
408.51
404.45
375.21
330.66
288.91
266.40
269.94
299.47
343.76
386.66
408.76
404.99
375.46
331.65
289.15
266.82
271.24
301.38
345.46
386.03
408.38
403.27
373.13
328.18
288.12
266.38
272.68
302.96
347.78
388.76
409.55
403.91
371.82
327.41
286.54
265.99
272.31
302.97
348.56
389.01
409.68
403.13
371.68
326.36
286.43
267.02
273.96
305.71
349.74
390.58
410.06
402.60
370.64
324.92
285.78
266.90
275.26
307.39
351.82
390.97
409.95
400.91
368.30
323.10
284.71
266.77
275.56
309.74
354.36
394.73
411.62
401.43
368.72
322.43
284.31
266.64
275.28
309.49
354.41
393.94
410.59
400.15
366.35
321.01
283.16
266.12
277.36
311.03
356.37
394.61
410.97
399.48
363.64
318.58
280.53
264.95
275.84
310.91
357.13
394.75
410.23
399.08
363.46
317.67
280.31
265.05
278.29
312.99
358.17
395.69
410.48
398.66
362.43
316.76
279.90
266.36
279.34
314.16
359.10
395.42
409.04
395.05
359.22
314.26
279.10
266.13
280.26
317.14
362.06
397.89
409.69
394.92
358.30
312.57
277.55
265.22
280.39
317.67
363.11
398.66
410.60
395.30
357.64
312.84
277.91
265.98
281.85
318.96
364.14
398.95
409.82
394.23
355.96
310.52
276.37
266.24
282.99
320.00
365.22
399.46
409.81
392.82
353.88
309.20
275.83
265.48
283.29
322.19
366.73
400.28
408.66
391.50
352.19
306.23
274.28
264.80
283.82
323.00
368.29
401.69
410.22
391.48
351.93
306.62
273.86
266.51
285.74
324.66
369.77
402.10
409.79
390.58
349.47
304.92
274.24
266.88
287.08
326.51
371.68
403.25
408.77
387.99
347.26
303.22
272.29
267.05
287.84
328.96
374.68
405.56
411.74
389.66
348.04
304.00
273.30
267.28
287.75
328.20
373.24
403.78
408.12
386.17
344.93
301.40
271.75
267.30
289.55
330.64
375.08
404.45
408.63
385.88
343.12
299.10
270.45
266.77
289.83
331.56
376.87
405.87
409.56
386.12
343.49
299.22
270.44
267.28
290.36
331.96
376.88
405.36
408.00
383.93
341.16
298.56
270.80
268.46
292.98
334.92
379.73
406.80
407.86
382.36
339.49
295.81
268.22
267.08
292.05
335.69
380.01
407.20
407.98
383.40
339.46
296.21
269.40
268.33
294.00
336.24
380.02
406.29
406.81
380.66
336.88
294.54
268.73
270.03
296.59
338.82
383.41
408.73
408.34
380.80
335.97
294.25
268.58
269.91
295.96
339.49
382.75
407.71
406.53
378.31
334.17
291.93
267.94
270.04
297.00
340.79
383.27
407.48
405.64
377.25
333.89
291.27
268.86
272.49
300.35
344.43
385.47
408.90
405.11
374.92
331.56
289.42
267.17
272.16
301.52
346.09
386.94
408.91
404.05
373.77
329.34
288.75
267.81
272.94
304.01
348.02
389.53
410.19
403.25
373.40
327.63
287.20
266.69
272.66
304.25
348.45
388.75
409.67
403.26
371.94
326.61
287.21
266.77
273.85
305.71
349.32
390.20
409.42
401.82
370.27
324.53
285.89
265.99
273.75
306.61
350.61
391.00
409.04
401.55
368.57
323.00
284.07
265.72
274.78
306.61
351.70
391.38
409.79
401.03
367.28
321.82
283.94
266.88
276.05
309.36
354.41
393.56
411.63
401.66
367.25
321.58
282.90
266.23
276.33
309.35
355.06
393.83
410.98
399.61
365.47
319.85
281.58
265.10
275.44
310.00
354.95
393.21
409.42
399.07
364.13
318.96
282.11
266.75
278.29
313.12
357.64
395.28
410.60
397.37
361.97
316.38
280.12
265.45
277.42
313.12
359.33
397.48
411.88
399.32
362.98
317.01
281.17
266.86
278.82
314.20
358.96
396.57
409.82
395.31
359.10
313.76
278.57
264.43
278.87
315.57
360.63
396.89
408.66
394.91
358.17
313.22
278.69
266.25
282.10
319.33
364.53
399.08
410.72
395.00
357.13
311.69
277.25
266.77
282.48
320.38
364.67
399.49
410.32
393.56
354.17
308.73
276.06
266.60
283.28
320.41
367.16
401.00
411.11
392.81
353.49
309.59
276.31
267.28
284.98
324.14
369.20
401.95
410.21
391.87
352.06
306.37
274.40
266.23
285.36
324.17
369.87
402.97
410.46
391.38
350.76
306.34
274.12
266.37
285.77
325.85
370.76
403.13
410.33
390.30
349.86
305.06
273.83
266.77
286.95
326.74
371.68
402.76
408.77
388.49
347.78
303.49
273.58
268.19
289.41
329.61
374.16
405.20
410.42
388.22
346.12
301.68
272.01
266.90
288.00
328.84
373.90
404.05
409.29
386.92
345.71
301.80
272.39
268.59
290.58
331.94
375.85
405.10
408.89
386.12
343.88
299.34
272.02
268.30
292.03
332.87
377.14
406.65
408.10
384.34
341.68
299.04
270.94
268.36
292.95
335.17
379.75
406.53
408.11
383.54
340.11
297.11
269.91
268.98
294.50
337.52
381.29
408.36
409.27
383.62
340.24
296.98
271.31
270.79
296.34
338.57
381.82
407.71
406.67
380.40
335.32
293.13
268.98
269.46
296.63
338.59
382.86
408.62
406.02
378.47
333.90
291.27
266.80
268.61
295.95
340.67
383.65
408.37
406.31
378.44
333.99
291.02
266.42
268.87
297.26
340.53
383.41
407.86
406.01
376.75
333.40
291.76
268.57
272.28
299.97
343.88
385.25
408.13
403.91
374.82
329.74
289.29
268.07
272.25
301.56
345.47
387.04
408.89
403.41
372.60
327.67
287.75
267.01
272.27
303.01
347.13
389.25
409.94
403.79
373.36
328.55
287.98
267.05
272.68
304.67
349.04
389.52
409.58
402.49
372.20
326.99
286.93
267.03
274.36
305.95
350.65
390.96
409.93
402.23
370.13
325.29
286.15
267.17
274.89
308.31
352.70
391.87
410.87
401.54
368.95
323.26
284.06
266.63
275.41
308.17
353.25
392.41
410.59
401.16
367.39
321.43
282.91
265.47
275.81
309.20
354.41
393.72
411.36
402.05
367.38
322.21
283.53
267.15
277.76
310.88
356.11
393.85
410.20
399.08
363.76
318.82
281.18
265.99
277.39
312.20
357.28
395.41
410.44
397.78
362.74
317.11
280.28
265.76
278.41
314.90
359.74
396.34
412.02
398.00
362.34
316.09
279.73
265.35
278.20
314.79
360.23
396.73
410.60
397.74
360.76
315.47
279.35
266.49
280.27
315.97
361.42
397.90
409.94
395.70
358.57
312.83
277.42
264.45
280.13
317.51
362.60
398.57
410.59
396.06
358.16
311.93
277.03
264.69
280.53
317.79
362.86
398.18
409.69
394.88
356.59
311.82
277.78
266.74
283.80
320.50
365.84
400.13
410.32
393.97
354.67
309.36
275.57
265.98
283.39
320.77
365.75
399.88
409.92
393.18
353.23
308.83
276.33
267.27
285.11
323.51
369.45
401.14
409.47
390.35
351.26
306.48
273.61
265.60
284.86
323.91
369.49
402.46
409.79
390.47
350.00
305.69
273.60
266.26
285.75
325.84
371.17
402.60
410.34
389.92
349.85
304.79
273.59
267.02
286.81
327.16
371.94
403.51
408.65
387.35
347.01
302.68
272.29
266.79
287.97
329.75
374.02
404.56
409.42
387.70
346.08
301.67
272.15
267.28
289.95
330.77
375.96
405.99
409.67
388.10
345.41
301.42
271.90
267.66
290.46
330.92
375.33
404.57
408.51
384.83
343.12
299.33
271.09
268.47
291.24
333.25
377.67
405.35
408.14
382.64
341.17
297.36
269.14
267.85
291.76
335.70
379.61
407.31
409.16
384.69
341.52
297.51
269.68
267.95
293.20
335.19
378.98
406.41
407.71
382.36
339.10
295.95
269.64
269.38
294.37
337.15
380.29
406.42
406.81
380.52
336.87
293.75
268.75
269.76
297.10
339.86
383.27
409.66
408.07
380.67
335.98
292.94
267.95
269.14
295.68
339.37
382.90
408.21
407.05
379.88
335.42
293.99
269.51
271.07
299.08
339.35
383.32
406.90
403.90
376.18
331.16
291.50
268.10
271.74
300.46
343.89
385.64
407.98
404.98
375.07
330.51
289.31
266.91
271.36
300.64
345.33
388.06
410.68
406.01
375.98
331.28
290.58
267.67
271.63
301.43
345.04
386.67
408.65
403.64
374.54
329.34
289.30
268.97
274.45
304.53
348.57
389.89
410.43
403.94
371.95
327.65
287.07
266.38
272.94
303.62
348.45
389.92
410.94
404.03
373.01
326.73
288.38
268.18
274.72
307.14
349.20
390.22
409.04
401.02
369.75
323.87
285.24
267.18
275.66
308.42
352.99
392.26
410.19
401.06
367.15
322.07
283.29
265.86
275.54
308.56
354.30
393.05
411.50
401.41
366.87
321.31
283.02
265.58
276.22
309.98
355.29
394.38
411.12
401.39
366.99
321.42
282.88
266.64
277.51
311.14
355.72
393.74
410.05
398.80
363.79
318.56
281.82
266.64
277.78
312.72
357.92
395.28
409.82
397.66
361.94
316.48
280.03
266.10
279.06
314.81
360.39
397.73
411.89
398.17
361.28
315.83
279.36
265.20
279.10
315.45
361.28
398.54
411.50
399.05
361.51
315.84
280.02
266.85
281.54
316.63
361.83
397.50
409.95
395.68
358.79
313.87
278.59
266.52
282.99
319.44
364.67
398.56
409.95
393.86
355.71
310.89
275.95
265.49
281.45
319.35
364.95
399.85
409.79
392.59
354.30
309.04
276.22
265.22
282.24
320.67
366.24
400.48
409.68
392.44
352.96
309.34
276.46
267.14
285.76
323.89
369.60
402.97
411.48
393.05
352.98
307.26
275.05
266.36
284.96
324.03
369.22
402.33
409.69
391.00
350.49
305.95
273.48
265.34
285.39
324.80
370.26
402.22
409.42
389.80
349.59
305.30
274.10
267.29
287.59
327.39
371.82
402.62
408.90
388.48
347.52
303.38
273.58
268.31
289.54
329.99
374.53
404.18
408.41
386.16
345.05
300.62
270.60
265.89
288.66
330.51
375.19
404.59
408.78
386.39
344.01
299.61
271.10
267.78
290.59
332.10
376.62
407.16
410.42
386.00
344.05
299.57
271.85
268.21
291.12
333.12
376.77
405.76
407.32
383.94
340.64
297.25
269.94
267.56
292.04
333.78
378.58
406.38
407.98
382.91
339.73
296.60
270.31
268.05
292.71
335.10
379.21
406.14
406.20
380.94
337.63
294.93
268.63
268.97
295.17
337.67
381.70
408.22
408.23
381.56
337.39
294.40
268.22
268.74
295.68
339.19
382.35
408.53
408.09
382.06
338.03
294.50
269.77
270.68
297.37
340.52
383.13
407.98
405.90
377.93
334.02
291.91
268.08
270.56
298.29
342.73
385.72
409.53
406.16
376.90
332.45
289.82
265.24
268.13
296.61
340.79
383.95
407.59
405.23
376.12
331.82
290.21
267.30
271.09
299.45
343.52
385.24
408.11
405.10
374.79
331.04
290.08
268.31
273.82
302.05
346.76
387.69
409.14
403.16
372.35
328.16
287.72
266.91
272.15
303.38
348.17
388.99
409.82
402.88
371.82
326.10
286.18
265.98
272.28
303.40
348.06
389.52
409.03
401.86
369.87
325.31
286.42
266.62
273.99
306.77
351.13
391.61
410.22
401.03
369.23
323.37
283.80
265.37
273.22
306.10
351.17
391.75
410.69
402.47
369.49
324.40
285.88
267.02
275.81
308.42
353.10
392.03
409.44
400.39
367.00
322.06
283.02
266.40
276.58
310.49
355.59
393.84
411.36
400.11
365.98
320.11
281.97
266.00
276.46
311.54
356.49
394.50
411.37
399.58
364.67
318.96
281.31
265.99
277.26
312.07
356.88
394.91
410.44
398.79
363.76
318.81
282.08
266.79
279.48
314.36
359.46
395.43
409.30
397.26
360.64
315.33
279.37
265.32
279.48
315.06
361.03
398.14
411.62
397.50
360.65
314.40
278.19
265.09
278.17
315.47
360.91
397.36
411.26
396.19
359.08
314.16
277.77
265.86
280.28
317.51
363.49
399.07
411.37
396.32
358.55
312.33
277.79
266.35
280.78
318.23
363.76
398.65
410.37
393.34
355.69
310.66
276.61
266.87
283.26
321.19
366.49
400.75
410.99
393.31
354.26
309.48
275.55
266.63
283.67
322.60
368.42
401.80
411.25
392.66
353.49
307.91
275.29
266.49
284.32
323.53
368.69
402.71
410.20
391.00
351.81
305.93
273.76
265.23
284.05
323.79
368.85
401.16
409.69
390.07
350.37
305.96
273.99
266.64
286.16
325.71
370.38
401.19
408.02
387.85
347.64
303.63
272.80
267.16
288.38
329.33
374.00
404.45
409.95
388.98
348.15
302.32
271.92
267.29
288.73
329.49
373.65
404.43
409.79
388.99
346.06
302.87
273.31
268.29
290.88
330.38
375.44
404.45
407.74
386.27
344.37
299.99
271.01
267.67
290.96
331.57
375.60
404.70
408.63
384.58
342.35
299.21
271.20
269.11
291.25
333.53
378.30
406.49
408.78
383.68
341.42
298.41
270.17
268.35
292.81
335.43
379.87
407.18
409.02
384.30
340.76
296.61
269.93
268.31
292.96
335.10
378.96
406.40
406.57
381.33
338.16
295.18
269.41
268.97
295.42
338.06
381.17
407.46
407.07
380.64
337.78
294.76
269.64
270.56
296.98
340.51
383.12
407.85
406.16
378.58
334.28
292.44
266.78
269.03
296.35
340.50
383.66
407.35
405.91
378.17
333.36
291.29
267.03
270.04
298.18
341.17
384.71
408.24
405.75
377.02
333.10
292.02
268.46
272.54
301.26
344.78
387.06
409.01
405.86
377.01
331.01
289.86
267.31
271.58
301.02
344.04
386.53
409.27
404.45
375.21
330.62
289.42
268.10
272.24
302.96
345.85
386.42
408.65
403.12
372.07
327.30
287.08
266.89
272.82
303.24
348.04
389.91
410.18
403.02
372.24
326.46
287.32
265.61
272.04
303.89
348.55
389.80
409.17
402.88
371.41
326.60
286.55
266.91
274.10
306.48
350.24
390.97
410.19
402.08
370.41
324.01
286.16
267.01
275.13
307.67
351.81
391.62
409.18
400.66
367.50
321.68
282.81
265.60
275.91
308.95
353.52
393.06
410.84
401.29
366.61
320.78
282.65
265.20
276.33
309.85
354.67
393.74
410.59
400.88
366.47
321.41
283.00
267.05
277.90
312.17
357.13
393.47
409.19
397.91
363.09
316.88
279.16
264.70
277.23
312.72
357.67
395.03
411.39
399.17
363.61
318.19
280.40
266.90
279.58
314.64
359.50
396.60
411.60
397.49
361.85
316.07
279.99
265.51
278.71
315.54
360.12
396.24
410.46
397.08
361.04
315.18
280.12
267.42
280.65
316.89
362.07
397.74
409.56
394.55
357.52
312.06
277.56
264.94
280.52
318.20
362.59
398.83
410.21
394.75
356.87
311.04
276.23
265.22
280.93
317.93
364.04
399.05
410.58
394.13
356.36
311.65
277.39
267.04
282.85
321.82
366.09
399.73
410.23
392.53
354.52
309.34
275.68
266.52
284.32
323.23
368.30
401.30
410.07
392.02
352.33
307.52
275.02
266.37
285.63
324.27
369.49
401.58
408.77
390.20
349.72
304.53
273.88
266.74
286.66
326.79
371.67
403.88
410.34
389.40
349.58
304.00
272.06
266.53
286.76
327.66
372.10
403.77
410.71
390.18
348.54
304.41
273.32
267.66
288.24
328.32
373.12
403.00
409.44
386.77
346.49
301.94
272.27
268.59
289.92
331.03
374.56
404.07
408.11
384.71
343.13
298.29
269.69
266.80
289.15
331.45
376.51
405.96
409.67
385.52
343.36
300.22
271.21
266.92
290.63
332.32
376.36
405.00
406.68
384.06
341.67
298.40
271.62
269.24
294.24
335.70
380.01
406.90
408.24
383.28
339.33
296.49
269.14
268.46
293.60
336.11
380.40
407.96
409.39
383.64
339.99
296.22
269.52
269.24
293.72
336.51
380.02
406.28
406.70
380.67
337.89
295.03
269.28
270.16
296.83
339.99
382.74
407.33
406.57
379.60
335.03
292.08
266.55
268.60
296.08
339.61
383.00
408.37
406.68
378.84
334.41
291.92
268.07
269.38
297.54
340.91
384.17
408.78
406.27
378.55
334.01
292.17
269.11
272.37
300.76
344.01
385.48
408.14
404.33
375.18
330.90
289.82
267.81
272.66
302.07
345.96
387.57
409.28
404.05
373.64
329.22
289.02
267.42
273.59
303.08
348.05
388.88
409.14
404.06
371.81
327.40
286.70
266.51
273.70
305.03
349.47
389.43
410.22
403.49
371.66
325.72
285.52
266.51
274.10
305.31
349.75
390.07
409.54
401.95
369.61
324.28
285.39
266.90
274.88
307.66
351.68
390.85
409.71
401.02
368.55
323.51
284.45
267.81
277.22
310.49
354.93
393.71
411.49
401.66
367.14
321.05
283.41
265.96
276.09
308.84
354.41
393.83
410.58
400.38
365.45
321.30
282.99
266.77
276.75
310.51
356.48
393.83
410.34
398.69
364.54
319.34
281.19
266.40
277.62
312.71
358.44
395.90
412.15
399.34
363.51
317.66
280.40
265.58
277.25
312.10
357.30
395.80
410.83
398.15
361.69
316.75
281.55
267.12
279.75
315.08
360.75
397.47
410.60
396.73
359.73
314.69
278.57
265.32
279.24
315.07
361.16
397.89
411.11
397.75
361.13
315.31
279.38
266.77
281.40
317.13
361.84
397.11
410.07
395.16
357.39
313.25
277.39
266.26
281.70
318.80
364.55
399.07
410.59
394.51
356.36
310.76
276.36
264.83
280.94
318.71
364.55
399.20
410.47
393.46
355.71
310.76
276.73
267.04
283.77
322.06
367.02
400.90
411.09
393.57
354.02
308.95
275.68
266.12
283.55
322.72
368.67
402.19
410.87
394.10
354.61
309.08
275.98
266.22
285.23
322.61
367.80
401.03
409.55
391.37
351.03
307.67
274.88
267.42
285.90
325.57
371.01
402.34
409.84
389.80
350.50
304.91
272.31
265.63
286.00
326.72
371.83
403.14
410.21
389.93
349.58
303.46
272.58
265.73
286.15
327.05
371.30
403.77
408.90
387.87
346.75
303.86
273.94
268.07
289.96
330.37
376.22
405.72
409.93
388.23
346.20
302.31
271.64
267.70
290.56
331.53
376.25
405.22
409.93
386.40
343.77
299.59
270.56
267.03
289.44
331.45
376.76
406.50
409.40
386.02
344.00
300.86
272.51
269.12
292.42
334.02
378.18
405.60
407.73
383.15
340.25
297.65
269.52
268.35
293.21
334.78
379.51
405.50
406.83
381.85
338.28
294.78
268.13
267.30
293.47
336.38
380.01
406.55
407.22
381.94
337.63
294.44
267.34
268.33
294.50
336.62
380.04
406.18
407.06
379.99
336.77
294.38
269.35
270.44
296.61
340.76
384.02
408.89
407.20
379.61
335.32
293.08
267.41
269.54
296.99
341.14
384.96
409.28
408.22
380.12
335.19
292.57
268.58
270.03
298.31
341.16
384.44
408.78
405.48
377.80
332.85
291.89
268.32
271.10
300.13
342.96
385.37
407.61
403.27
374.70
329.22
288.79
266.91
271.61
302.19
345.83
387.71
410.07
404.81
375.19
328.95
288.26
267.03
272.51
303.75
347.39
389.15
410.07
404.17
373.76
328.53
287.97
266.92
273.59
304.64
348.95
389.54
409.14
403.40
371.93
326.85
286.71
267.44
275.10
306.59
350.53
389.80
410.08
402.47
369.33
324.18
284.74
266.74
274.75
306.89
351.55
392.26
410.84
402.08
369.48
323.62
285.12
265.99
275.29
308.68
353.47
392.93
410.48
401.94
368.29
322.46
284.06
266.09
275.95
308.71
354.02
392.54
409.57
399.34
365.05
320.53
282.48
266.37
276.88
311.42
356.20
393.86
409.71
398.79
364.78
319.22
282.36
268.05
279.31
314.80
358.68
395.54
409.32
396.61
360.88
315.71
280.14
266.35
280.78
316.62
362.44
399.17
412.53
398.13
360.77
314.68
278.96
265.58
279.75
315.33
361.83
398.52
412.13
398.01
359.47
314.82
279.58
266.72
280.94
316.50
362.07
397.65
409.30
394.76
356.86
312.47
278.29
267.39
283.53
320.12
365.84
400.23
410.46
394.38
355.17
310.65
276.22
266.24
283.65
321.15
367.54
401.27
411.24
393.61
354.01
308.29
275.06
264.67
282.25
321.07
365.97
401.43
410.19
392.92
353.11
308.18
275.94
266.23
284.86
322.98
368.30
401.31
409.68
391.10
351.17
306.49
275.13
267.39
286.16
325.72
370.51
403.13
409.29
389.67
349.59
303.87
272.59
265.49
286.65
327.38
371.30
404.19
411.21
390.03
350.03
303.85
273.70
267.95
287.55
328.06
372.39
402.86
409.80
387.96
345.83
301.71
272.29
267.77
289.80
330.65
374.92
406.01
410.19
387.81
346.10
300.50
271.51
266.90
289.03
329.89
374.44
404.30
408.63
386.27
344.00
300.64
272.14
269.48
292.01
333.26
376.76
405.22
408.38
383.52
341.82
297.77
269.92
268.74
291.88
335.46
378.95
407.17
409.03
383.92
341.54
296.98
269.03
267.45
292.41
334.80
378.61
405.64
408.50
382.85
339.35
296.11
269.63
269.62
294.38
336.76
380.15
407.33
407.05
381.32
337.79
295.02
270.55
269.63
296.49
339.34
382.58
408.24
406.55
380.01
335.84
292.97
267.96
269.77
296.71
339.75
383.41
408.86
407.57
379.76
335.57
292.94
268.10
270.05
297.74
342.07
384.05
408.77
407.18
379.07
334.40
292.31
268.70
271.72
299.60
342.98
386.12
409.01
405.50
375.98
331.55
290.08
266.78
270.33
299.22
343.38
385.88
408.37
404.33
374.43
331.03
289.27
267.57
272.28
302.03
346.75
387.06
409.68
404.29
374.28
329.08
288.12
268.08
272.25
303.39
347.14
388.21
409.82
402.61
372.09
326.89
286.17
265.62
272.03
302.70
347.54
387.86
409.55
403.76
372.06
326.52
287.35
267.64
274.23
305.34
349.07
389.93
409.69
402.32
370.13
324.45
284.48
266.89
273.57
306.24
350.65
391.74
412.14
402.84
371.32
325.17
286.78
267.80
275.54
307.65
352.34
393.04
410.94
402.48
369.10
323.74
285.63
267.15
276.18
308.70
352.61
392.03
409.41
399.87
366.36
321.15
283.55
266.64
276.85
310.77
355.44
393.45
409.57
398.19
363.90
319.20
281.82
265.99
277.27
312.46
357.77
395.15
411.12
398.78
364.28
318.82
281.95
267.55
278.30
314.29
358.67
395.67
410.22
396.98
361.43
315.99
279.48
265.47
279.22
314.25
359.75
396.62
410.57
397.49
360.01
314.54
278.95
265.21
279.37
315.70
361.29
397.13
410.09
395.80
358.05
312.74
277.90
265.44
280.56
317.53
363.74
399.59
410.86
396.06
358.93
313.47
278.18
266.91
282.98
320.23
364.82
398.69
410.07
393.84
355.31
310.65
276.86
267.15
283.92
321.30
366.63
400.24
410.32
392.28
353.38
309.08
275.41
266.79
284.05
323.48
368.69
401.68
410.98
392.79
352.84
308.05
275.66
267.52
286.53
325.70
371.16
402.87
411.13
390.94
351.02
305.31
272.81
266.65
285.88
326.88
371.94
404.54
411.74
391.48
350.64
305.56
274.74
267.39
287.59
328.05
373.73
405.19
410.48
390.19
348.91
303.49
271.93
265.21
287.20
327.53
372.47
403.54
409.82
389.11
348.28
303.23
272.94
267.81
289.53
329.86
374.29
404.70
408.89
387.08
344.54
301.15
272.26
267.40
290.48
331.94
377.25
407.04
409.93
387.18
344.65
300.23
270.84
267.05
289.82
331.44
376.50
405.08
409.03
385.48
343.61
300.50
271.35
269.51
292.91
334.39
378.60
405.87
408.89
384.57
341.40
298.94
271.07
270.15
294.37
336.35
380.14
406.02
407.22
382.47
338.78
296.11
269.41
269.62
296.20
337.78
381.83
407.58
407.45
380.80
336.62
294.00
268.21
268.74
295.18
338.57
382.48
408.62
407.96
381.17
336.74
294.26
269.50
270.15
297.26
339.74
383.01
407.60
405.76
378.83
333.62
292.07
267.82
270.54
299.85
342.56
385.88
409.95
407.28
378.82
333.77
291.11
267.17
270.46
298.79
342.72
385.13
408.11
405.22
377.02
331.52
290.88
268.21
272.62
301.80
344.43
386.93
408.61
403.94
373.79
329.45
289.54
267.82
272.79
303.11
347.26
388.86
409.92
403.92
373.39
328.68
288.24
267.56
273.43
304.26
348.83
389.77
411.48
404.42
372.87
327.92
287.44
267.04
273.33
303.87
348.59
388.90
409.40
402.60
370.79
326.87
286.91
268.22
275.66
307.87
352.33
391.37
411.09
402.84
369.75
324.42
285.09
267.02
275.02
307.64
353.23
392.00
410.35
401.44
368.28
322.59
283.18
265.08
274.52
308.18
352.45
392.04
409.44
400.11
366.88
321.94
283.78
266.78
276.87
310.88
355.69
394.11
410.71
400.10
366.24
319.99
282.37
266.39
276.58
311.04
356.24
394.09
410.48
399.73
365.79
321.91
283.13
267.58
279.59
314.35
358.94
394.26
409.71
397.63
362.45
317.54
280.78
267.02
279.86
315.69
360.88
397.63
411.50
398.14
361.68
315.57
280.13
265.32
279.25
315.19
361.01
398.28
410.59
398.16
360.87
315.32
278.99
265.59
280.38
315.57
360.93
396.47
409.82
395.16
357.92
313.37
277.78
266.26
281.05
318.55
363.89
398.68
410.34
394.89
356.86
311.30
276.37
265.21
281.70
319.85
365.82
400.11
411.53
395.26
357.36
311.41
276.36
265.99
282.48
320.91
366.35
400.24
410.87
394.22
356.06
310.64
277.01
267.01
284.83
322.59
367.13
400.65
410.20
392.00
352.35
307.54
274.75
266.37
284.59
323.62
369.22
402.22
410.46
391.62
351.81
306.59
274.11
266.14
285.10
325.19
370.26
402.60
410.20
390.84
350.24
305.31
273.34
266.51
286.53
326.74
371.56
403.14
410.21
390.17
348.67
303.13
271.92
265.97
286.67
327.16
371.56
404.32
410.57
389.76
349.09
303.87
274.61
267.80
288.78
328.96
373.74
404.17
408.52
387.46
346.47
302.31
273.20
268.31
290.71
331.56
375.45
405.48
408.51
386.28
343.49
299.34
270.08
266.64
290.07
331.04
376.39
405.21
409.16
385.24
342.71
298.94
269.54
266.80
290.08
331.82
376.78
404.57
407.61
383.56
341.66
298.27
271.36
269.23
293.59
336.00
379.34
407.81
408.23
382.76
339.61
295.81
268.89
267.06
292.17
335.58
379.60
407.06
407.61
382.89
339.58
296.07
269.28
268.33
293.87
336.51
380.14
406.67
406.43
380.54
336.99
294.91
269.51
268.60
296.00
338.81
382.57
407.87
406.68
381.15
337.77
295.42
269.51
270.97
297.63
340.87
383.00
406.84
405.77
377.91
334.17
292.31
268.18
270.83
298.18
342.45
385.98
409.40
407.32
378.17
332.99
291.16
267.39
270.16
297.94
341.18
384.83
409.40
405.85
377.28
333.25
292.13
268.85
272.03
300.74
344.51
386.54
408.37
404.97
375.85
330.76
289.70
267.82
272.37
302.05
345.59
387.44
409.79
404.96
374.54
329.34
288.26
266.65
271.75
302.32
345.96
387.85
409.67
404.42
373.64
329.87
289.50
268.20
274.40
304.36
349.84
389.41
409.55
403.78
371.55
326.76
286.03
265.99
273.59
304.76
349.60
390.21
410.06
402.99
371.05
325.30
286.15
266.13
274.77
306.85
352.07
392.27
410.96
403.51
369.60
324.67
284.71
265.73
274.52
306.47
351.56
390.74
409.55
400.90
367.28
322.22
283.02
265.75
274.78
308.16
353.50
392.28
409.95
400.40
367.26
321.14
282.79
265.61
275.54
310.13
354.53
393.19
410.87
400.48
366.60
321.95
283.89
267.80
278.96
312.94
358.28
395.80
411.11
400.62
365.30
319.21
281.34
264.83
276.75
310.63
356.10
394.24
409.81
399.08
363.37
319.22
282.20
267.01
278.83
313.88
359.19
395.94
410.48
397.63
361.68
315.60
279.89
265.31
278.84
314.16
359.85
397.11
410.21
397.51
360.75
315.06
278.99
265.85
280.24
316.62
362.20
398.40
411.90
397.62
360.87
314.79
278.33
265.48
279.74
316.62
361.16
397.13
409.69
395.41
358.30
313.88
279.45
267.66
283.15
320.11
366.07
400.61
411.50
395.15
357.13
312.32
278.53
267.39
282.76
321.70
367.47
401.52
411.80
393.83
355.82
310.13
275.81
266.36
283.14
321.17
367.02
400.51
410.21
393.06
353.85
309.08
276.22
267.27
285.49
324.29
369.06
402.32
410.21
391.50
351.93
306.61
274.00
265.86
284.58
324.03
369.35
402.33
410.85
391.35
351.42
306.48
273.98
266.26
285.12
324.41
369.88
402.08
409.16
388.92
348.58
304.64
273.96
266.25
287.09
327.00
372.21
403.92
409.27
388.89
346.50
302.59
272.01
265.99
287.62
327.91
373.90
403.92
409.17
387.97
345.56
301.43
270.60
265.87
288.13
329.08
374.29
404.45
409.67
387.81
346.35
302.31
273.04
269.11
290.98
332.07
376.75
405.72
408.90
385.90
343.35
299.47
270.60
266.76
290.47
332.21
377.00
406.78
410.05
386.26
344.03
299.84
271.34
268.21
291.12
333.12
377.28
405.23
407.22
383.29
340.50
297.25
269.29
267.06
292.57
334.91
379.74
407.44
409.01
384.44
340.64
297.25
269.13
267.83
292.04
334.81
379.37
406.14
407.87
382.10
339.33
296.33
270.16
269.24
295.18
337.53
381.05
407.59
406.53
380.80
336.49
294.00
268.61
268.48
295.70
338.94
382.34
407.61
406.30
379.61
335.45
292.44
267.18
268.23
295.32
338.70
382.36
407.33
405.90
378.33
334.67
292.04
267.96
269.66
296.73
340.15
382.63
407.20
404.60
376.65
333.10
291.38
268.61
272.11
300.34
343.40
385.25
408.86
405.47
375.47
331.30
291.61
269.72
273.82
302.98
346.34
387.96
409.80
403.89
373.40
328.07
287.98
266.77
272.03
302.58
347.12
387.98
410.09
404.65
373.62
328.34
286.94
267.42
272.54
303.36
347.66
388.50
409.30
402.87
371.43
326.24
286.55
266.50
273.21
304.29
349.47
390.17
410.20
402.22
370.79
325.18
285.90
266.25
273.59
305.32
349.36
389.94
409.02
402.08
368.69
324.44
285.50
267.53
276.07
308.04
353.10
391.88
410.09
401.03
368.03
321.95
283.83
266.23
275.93
308.84
353.76
393.30
410.85
401.42
367.25
322.08
283.29
266.12
276.21
308.82
354.29
393.18
410.44
400.26
365.98
321.80
283.64
267.29
277.25
311.67
356.86
393.98
410.10
398.30
363.89
318.69
281.82
266.24
278.32
313.37
359.19
397.21
411.49
399.47
362.98
317.92
280.52
265.21
277.29
312.59
358.30
395.94
410.59
398.67
362.97
317.52
281.18
266.75
279.99
315.05
360.38
396.33
410.22
396.34
359.99
314.67
278.83
266.24
280.00
316.50
362.46
398.51
411.37
396.08
358.17
312.86
277.66
265.31
279.50
316.92
362.83
399.31
411.39
396.18
358.54
312.86
278.31
266.60
282.09
318.85
364.66
399.58
410.87
394.63
356.85
311.68
277.13
267.40
283.25
321.05
365.98
399.97
409.95
392.43
354.39
309.19
275.72
266.78
284.93
323.75
368.58
401.93
411.11
393.19
352.95
307.65
274.41
265.07
284.46
323.10
368.31
401.32
409.30
390.85
350.25
305.19
272.95
265.47
284.72
324.56
369.88
402.74
411.09
391.20
350.90
305.58
274.75
267.79
287.45
327.01
371.42
402.62
408.79
387.97
347.78
302.96
272.17
267.18
288.22
329.86
374.54
405.46
411.23
389.26
348.04
303.34
272.66
267.30
288.63
329.86
374.93
405.08
410.58
388.86
347.12
302.46
272.67
268.83
290.17
330.54
375.09
404.67
409.16
385.76
344.40
301.00
272.27
269.24
291.75
333.39
377.41
406.11
408.89
384.33
342.08
298.16
270.45
267.43
291.00
333.00
376.89
406.01
407.97
383.67
341.30
298.40
271.72
269.89
294.37
336.87
380.39
407.32
408.24
382.60
339.86
296.20
269.91
269.65
294.88
338.18
380.79
407.33
407.20
380.66
336.76
293.36
267.71
268.22
295.17
338.94
382.35
407.74
407.86
380.62
337.00
293.61
267.94
269.93
295.95
339.61
382.63
407.97
406.78
380.13
336.21
293.99
270.31
271.45
299.84
342.31
384.04
408.14
405.49
377.78
333.12
291.14
267.68
271.21
299.46
342.85
386.01
409.13
406.01
376.77
332.06
290.85
267.43
270.59
299.22
343.38
385.87
408.24
404.85
375.45
331.41
290.35
268.20
273.03
301.80
345.85
387.30
408.89
404.46
373.62
329.60
289.04
266.76
273.33
303.08
347.77
388.24
409.04
403.52
372.71
328.04
286.68
266.80
273.44
304.63
348.97
389.16
410.19
403.38
371.18
325.72
286.80
266.74
273.48
305.85
351.12
392.12
411.13
403.51
371.80
326.22
286.41
266.63
274.13
306.49
350.62
390.99
409.68
400.90
368.98
323.49
284.96
266.91
274.64
307.53
352.08
391.23
408.77
399.50
366.88
321.53
284.34
267.15
277.22
310.66
355.32
394.20
410.33
400.53
365.03
320.40
281.87
265.84
277.24
310.65
356.75
394.99
412.41
401.39
366.21
320.40
282.50
267.12
277.50
311.83
357.51
395.12
410.24
397.81
363.21
318.15
279.90
264.97
277.52
313.23
358.18
395.04
410.47
397.62
362.07
317.01
280.25
267.17
280.24
316.07
361.56
396.72
410.22
396.99
359.95
314.41
278.73
265.58
281.30
317.13
362.46
398.68
410.45
396.46
357.77
311.96
276.91
264.54
280.14
316.51
362.22
398.29
410.85
395.14
357.14
312.73
277.62
266.64
282.24
319.19
365.20
399.21
409.94
393.86
355.44
310.62
276.48
266.13
282.88
321.16
366.62
400.24
410.34
392.29
353.76
309.07
275.93
267.02
284.44
323.90
369.47
402.70
411.37
392.41
352.97
307.51
274.26
266.13
284.31
323.52
368.33
401.17
410.06
390.96
351.28
306.10
274.14
266.90
285.87
325.45
369.74
401.57
408.92
389.54
348.93
303.90
273.10
266.61
287.19
327.29
371.81
404.17
410.20
389.26
348.56
303.49
272.55
265.88
287.35
327.76
373.24
403.41
409.30
388.49
347.51
303.22
272.54
267.05
288.39
329.60
374.01
404.06
408.52
387.57
345.94
301.81
272.55
268.31
291.62
331.67
375.86
405.23
409.13
386.52
344.02
299.72
270.85
267.44
290.72
332.32
375.98
405.25
407.59
384.72
342.72
298.65
271.63
268.85
293.56
335.32
379.37
407.68
409.26
384.20
340.64
297.24
269.79
267.44
291.79
334.43
378.06
406.15
407.97
382.99
340.14
297.00
270.42
269.77
293.99
336.49
380.26
406.28
406.70
380.94
338.67
295.28
269.80
269.25
296.20
339.47
381.69
407.61
406.68
380.38
336.35
292.59
267.72
269.12
295.68
339.37
382.60
408.74
407.71
380.26
335.84
293.23
268.08
269.51
296.48
339.87
382.49
407.23
405.90
378.67
334.53
291.80
268.74
271.31
300.11
343.23
385.34
409.30
406.01
377.13
332.34
290.86
266.50
270.49
299.72
343.83
387.07
409.17
406.12
376.76
331.56
290.45
267.15
271.12
299.99
344.53
387.05
408.37
403.95
374.17
329.71
288.77
267.70
273.41
303.86
347.30
387.99
410.31
403.88
372.48
326.76
286.68
266.52
272.03
303.12
347.40
388.88
409.79
403.25
372.48
327.39
287.72
