=~=~=~=~=~=~=~=~=~=~=~= PuTTY log 2024.12.04 15:38:29 =~=~=~=~=~=~=~=~=~=~=~=
426
430
432
436
437
441
446
446
447
451
450
453
452
449
448
446
444
439
435
432
428
426
418
415
410
404
399
394
388
380
375
367
359
351
345
337
328
320
314
305
298
288
283
277
268
263
257
250
245
236
232
228
224
218
216
211
209
209
208
208
207
207
207
212
212
214
216
218
221
224
227
235
241
246
252
256
264
266
276
280
287
296
301
307
315
325
331
340
346
354
364
371
378
384
391
399
404
410
415
420
424
429
434
437
439
444
446
447
449
451
451
451
451
449
447
447
443
439
435
432
429
425
420
413
409
404
396
392
386
380
372
363
356
350
340
334
326
319
311
306
295
289
283
275
269
259
256
250
242
237
232
225
221
217
217
211
211
209
207
207
207
207
210
211
212
212
216
218
221
226
230
233
241
243
249
257
264
271
279
284
290
296
304
310
319
324
333
341
347
355
363
371
378
383
392
399
406
412
416
423
426
431
436
438
441
444
446
448
448
447
450
450
451
450
447
445
443
439
436
432
426
421
419
411
407
401
395
391
382
378
369
365
356
348
340
332
325
317
309
300
295
287
277
270
263
258
253
246
241
236
230
226
223
218
213
213
211
209
208
204
204
205
207
212
212
214
217
219
225
229
234
238
242
250
254
260
264
269
278
282
289
299
307
311
320
327
334
343
351
360
365
374
381
388
392
398
406
411
416
421
427
432
435
439
442
449
447
451
451
450
450
451
449
448
446
442
439
437
434
430
426
422
418
414
409
399
396
388
381
374
367
360
352
347
337
331
323
314
307
301
295
287
278
274
266
258
252
245
239
231
229
221
219
215
214
213
210
207
209
207
209
207
210
212
212
213
216
219
224
228
232
236
243
247
254
259
266
271
279
288
296
302
308
316
322
328
338
343
353
359
365
375
381
389
397
404
409
415
420
424
428
433
437
439
443
444
447
446
450
451
452
449
449
449
445
444
440
437
433
428
424
421
414
409
404
398
392
390
380
376
367
361
350
344
336
328
322
313
305
299
290
283
277
268
263
258
249
245
239
233
229
224
217
214
213
209
208
207
203
207
210
207
207
210
214
218
220
220
226
227
233
237
243
249
254
261
266
275
282
286
296
304
310
318
324
332
338
345
353
360
368
374
383
388
397
403
411
415
423
428
431
434
439
441
445
445
448
448
449
449
451
448
447
448
445
444
442
439
434
432
425
420
416
408
403
398
390
383
378
371
365
359
350
344
336
328
319
312
304
296
289
283
275
269
259
255
247
243
237
231
228
226
220
216
214
210
208
208
205
203
207
207
209
211
214
215
222
222
226
232
234
241
246
251
258
261
269
274
281
287
294
305
311
318
327
334
342
350
356
363
372
376
384
392
397
403
411
416
421
425
431
436
441
444
446
446
449
447
449
449
450
448
448
447
446
442
441
438
432
428
424
419
411
408
401
395
389
382
377
369
363
353
348
342
333
328
318
312
305
296
287
280
274
266
259
251
247
241
235
230
227
222
221
218
212
210
208
208
205
208
205
209
207
209
213
215
218
225
225
230
237
242
247
252
260
266
272
276
284
290
297
305
313
318
326
335
342
350
358
366
373
379
390
393
400
405
412
417
424
426
430
433
437
441
445
446
447
448
450
450
452
451
449
448
445
440
436
435
429
425
421
417
413
406
403
395
390
382
376
370
360
351
347
339
332
323
316
307
302
293
285
279
271
267
260
252
246
242
233
230
223
220
216
215
212
209
209
210
206
210
208
208
208
211
214
213
219
224
228
229
235
241
247
253
261
266
274
281
287
292
298
308
314
322
328
335
344
351
359
365
375
381
389
397
402
406
411
418
424
428
432
437
439
443
443
446
449
451
450
452
452
451
448
445
444
440
437
432
431
427
419
416
411
405
400
393
388
381
375
366
361
354
345
336
331
320
316
305
299
290
283
276
271
263
257
251
245
239
235
231
223
221
216
214
211
209
208
207
206
206
207
209
212
212
218
218
222
226
229
235
239
244
251
255
264
268
272
280
287
295
300
307
315
324
331
340
347
354
363
371
376
382
388
397
402
407
413
420
425
427
432
437
440
445
445
448
451
453
452
452
450
448
445
444
443
440
437
431
428
425
419
414
409
403
399
393
386
380
374
365
356
350
342
333
329
319
312
307
297
289
283
275
269
261
255
250
243
236
229
228
221
220
217
213
211
209
207
207
206
206
210
210
212
216
214
218
220
225
232
236
243
245
252
256
262
270
273
281
287
295
302
310
320
327
333
343
350
357
362
370
376
384
391
397
403
409
415
421
425
430
436
437
442
443
449
450
451
451
452
450
449
450
446
443
440
439
435
431
428
421
420
413
408
402
398
391
384
376
370
365
356
347
341
331
325
318
311
303
297
288
282
274
268
260
254
248
243
238
231
227
222
217
214
211
211
211
207
207
207
210
208
210
212
214
217
220
221
224
231
238
244
248
250
257
261
271
275
282
289
298
304
311
320
326
334
344
351
360
364
371
380
385
391
398
404
410
417
422
427
430
438
441
445
447
446
448
450
450
450
449
448
447
445
443
441
438
435
430
427
425
419
414
406
400
394
389
380
375
367
360
355
345
337
332
323
317
309
302
297
289
281
274
266
258
253
244
240
233
227
225
219
215
215
210
213
207
208
208
206
206
208
210
213
212
217
219
223
227
232
238
242
248
250
260
263
272
279
285
294
302
308
316
320
329
336
345
349
357
366
372
378
388
394
400
406
413
418
425
430
432
437
440
443
444
448
449
448
450
450
449
449
447
443
441
441
437
434
432
428
424
416
412
404
400
394
387
380
373
364
359
351
345
338
330
322
318
310
300
292
286
276
270
265
258
251
243
237
231
230
224
222
216
213
212
211
208
204
208
206
207
207
210
211
214
219
220
226
230
233
237
241
247
255
258
267
276
282
285
296
302
307
317
321
331
336
346
352
359
369
377
385
389
397
402
408
414
419
423
429
432
436
439
446
446
447
449
450
451
453
449
448
449
445
442
441
434
432
429
425
422
416
411
405
401
395
385
378
372
364
358
351
343
335
327
321
311
304
299
290
282
276
270
264
257
250
241
236
233
225
221
219
215
214
213
209
209
206
209
207
210
212
212
212
216
216
221
224
230
236
242
244
249
256
261
268
272
280
288
294
303
309
317
327
332
340
346
354
361
369
376
383
390
395
403
410
417
420
425
433
434
440
441
443
444
448
450
450
449
450
450
447
446
445
441
438
437
434
430
426
421
414
408
401
396
389
382
377
371
363
355
349
341
333
327
322
313
307
298
290
280
274
266
260
256
248
241
235
229
225
219
219
214
214
213
210
211
207
208
206
208
208
211
212
216
219
222
226
232
235
240
243
251
256
262
270
278
284
292
298
304
312
318
326
333
340
349
357
361
370
378
384
393
400
405
412
419
425
428
432
435
439
442
444
447
447
449
449
451
450
449
449
446
447
442
439
438
432
427
423
418
413
408
401
393
387
382
375
370
363
357
350
342
334
326
316
308
300
296
287
279
272
264
258
251
247
242
237
232
225
222
217
216
213
209
207
205
208
205
206
207
210
213
215
218
219
226
228
234
238
244
248
256
260
266
270
278
282
291
299
303
314
318
327
336
343
351
359
367
375
380
388
394
399
407
412
420
421
426
432
435
438
441
445
448
449
448
452
451
453
450
448
447
444
441
438
435
429
427
420
416
412
406
401
395
390
383
374
366
360
354
344
337
329
321
315
306
299
294
283
279
272
264
259
253
244
240
233
227
223
219
217
214
213
209
209
207
207
207
209
212
212
212
216
216
220
223
229
233
235
243
245
254
258
265
271
281
286
292
301
309
316
321
329
337
346
351
360
369
377
383
392
395
403
408
413
420
423
428
432
435
439
443
445
448
449
450
453
450
452
449
447
445
442
440
437
433
429
425
422
416
410
404
399
395
386
382
372
364
358
352
344
336
329
321
313
304
295
291
285
275
271
263
258
251
244
238
232
230
221
219
216
213
211
209
207
207
206
207
207
210
210
215
216
218
222
224
228
233
237
242
248
255
259
267
273
281
289
298
303
310
316
324
332
340
345
354
361
369
374
383
391
397
403
409
417
423
427
430
436
436
442
443
446
447
449
448
450
448
449
449
446
445
444
441
439
435
429
424
418
412
407
405
396
390
384
377
371
366
358
350
343
334
327
320
310
305
297
289
280
272
267
258
251
247
243
239
233
227
222
218
216
213
209
208
208
203
205
207
205
207
211
213
214
220
226
227
230
236
240
246
250
258
261
268
275
283
288
295
305
310
319
327
334
342
349
356
361
372
378
384
392
399
405
410
415
419
427
429
436
439
445
446
448
450
449
452
449
451
448
448
448
443
441
437
436
434
431
424
420
414
408
402
396
388
383
376
368
362
355
347
341
333
327
319
314
302
294
287
280
272
266
260
253
248
240
237
230
224
221
218
215
215
212
211
209
208
208
208
207
209
210
212
215
217
223
227
231
237
240
245
250
257
265
271
277
284
291
297
308
314
320
328
335
341
352
357
363
372
378
386
393
402
408
413
420
424
428
432
434
440
441
443
446
446
450
452
451
451
449
448
448
445
441
438
435
430
427
421
416
411
404
398
393
389
381
374
370
362
355
346
337
331
324
313
307
299
291
285
277
269
263
257
253
247
239
235
231
227
222
220
214
212
208
209
205
205
205
208
207
209
211
215
218
222
225
230
234
235
240
247
251
261
268
275
280
286
290
300
305
313
321
330
336
342
351
359
367
375
383
389
396
402
409
414
418
424
429
432
435
440
443
444
446
449
449
448
452
451
452
449
446
442
439
438
432
429
425
421
414
409
403
399
393
387
378
374
367
359
351
346
338
328
320
315
308
299
292
283
275
270
261
256
250
246
241
233
231
226
222
216
214
210
209
209
207
205
208
207
206
210
210
214
220
221
228
229
233
235
243
248
255
261
268
276
281
287
296
302
309
316
321
331
338
344
354
361
371
374
383
389
398
405
410
416
421
425
429
433
437
441
443
445
447
449
451
453
452
452
451
448
445
444
439
435
431
427
423
418
416
409
404
397
393
387
379
373
365
360
350
344
335
327
320
313
304
295
289
281
276
267
264
256
250
242
236
231
227
222
219
215
212
209
207
208
206
207
207
207
210
212
212
216
220
222
225
229
236
240
245
251
255
261
267
275
282
289
299
303
311
320
328
334
340
349
357
363
369
376
383
391
396
405
411
418
422
428
432
437
436
441
443
445
447
450
450
451
451
449
450
448
444
442
440
434
433
428
423
417
411
407
402
395
390
383
379
368
362
356
350
340
334
324
316
308
301
294
288
279
273
265
261
252
247
242
236
233
230
222
220
214
210
210
208
208
204
208
205
208
209
209
214
218
220
223
228
229
235
241
249
254
260
264
270
276
281
289
296
306
313
320
326
337
342
351
357
366
371
378
388
393
400
403
411
417
423
427
430
438
439
442
447
449
450
450
450
452
450
449
448
445
444
440
439
435
431
428
423
418
414
408
403
394
387
381
372
366
359
352
343
337
331
323
316
310
302
295
288
278
272
265
257
251
244
240
234
229
222
219
215
214
213
212
207
210
207
206
207
209
209
212
214
217
219
222
227
231
235
241
247
254
259
268
274
282
286
292
299
306
313
321
328
335
343
350
359
366
374
381
389
396
403
408
412
420
424
428
432
435
439
443
445
449
448
450
453
453
451
450
448
446
444
440
437
432
428
425
420
416
411
404
398
393
389
380
376
367
361
354
344
336
330
320
314
305
299
291
285
277
270
263
255
250
243
239
234
228
224
221
216
210
210
211
207
205
205
209
207
212
211
214
217
218
223
225
232
232
239
246
250
256
259
266
272
278
286
293
299
308
315
323
333
340
346
356
361
369
377
383
390
396
401
408
413
419
424
427
434
439
443
445
447
449
449
449
451
450
450
446
447
443
441
438
437
433
430
425
422
413
410
401
398
392
386
377
372
363
358
348
343
335
328
320
315
308
299
290
282
275
268
261
256
247
241
237
230
226
224
222
218
214
212
211
208
208
207
206
208
208
208
211
213
218
221
224
230
235
237
243
247
255
263
269
275
282
289
295
306
313
318
326
332
341
349
356
362
368
378
383
391
397
405
412
418
423
426
431
433
438
441
441
444
447
449
451
451
451
448
449
448
446
445
440
438
434
429
424
419
412
406
400
394
389
383
377
370
363
354
351
342
336
328
318
311
304
296
286
280
273
267
258
251
247
243
238
231
226
222
221
216
211
208
208
207
206
203
207
209
208
211
214
218
221
223
228
232
234
242
247
254
258
265
269
277
283
289
297
304
312
321
327
335
345
350
359
366
374
380
386
393
398
403
413
417
419
426
432
437
442
442
445
449
449
448
451
449
451
449
448
444
444
441
438
435
431
427
423
420
414
409
402
396
388
382
376
366
359
353
345
339
331
323
316
307
299
295
288
281
274
266
260
252
244
240
236
227
225
219
216
215
210
211
211
207
208
206
208
208
210
211
213
217
219
224
227
231
235
241
246
251
258
265
271
279
284
294
302
308
317
320
330
336
345
352
358
365
373
381
387
395
399
408
414
418
425
430
435
436
439
443
445
447
447
447
450
449
449
451
448
448
446
442
439
434
430
427
422
417
408
405
398
391
387
378
373
366
359
354
346
339
331
322
316
305
298
290
284
277
269
263
257
250
245
242
236
230
226
218
216
214
212
209
208
205
203
205
207
208
209
212
215
220
223
226
230
234
238
242
248
254
261
267
273
279
287
295
303
310
316
324
329
339
345
353
359
368
375
383
391
396
406
412
415
421
425
429
432
437
440
444
444
448
447
450
448
449
451
450
449
447
445
441
436
432
427
424
420
413
409
403
398
390
383
379
371
364
359
352
345
338
330
322
314
304
297
288
283
275
269
260
255
251
243
237
231
228
223
219
218
216
214
208
209
208
204
207
205
209
209
213
216
219
222
225
231
236
239
246
251
256
263
268
274
281
288
295
302
309
317
325
331
340
349
357
362
370
378
385
393
398
401
409
415
420
424
429
433
438
442
443
447
448
452
451
452
452
451
447
445
443
442
438
435
431
426
422
419
413
407
402
397
391
386
380
372
364
356
348
339
333
325
318
309
303
293
287
281
273
267
262
256
250
242
235
229
225
222
218
215
213
210
207
209
207
207
210
210
212
210
212
216
217
221
227
230
234
241
244
249
257
264
271
277
282
291
298
305
315
322
326
336
344
349
358
363
372
379
385
391
399
407
412
419
424
430
432
436
439
442
446
447
447
450
449
451
449
449
449
446
445
442
440
437
432
428
424
418
412
406
400
394
389
382
374
368
361
354
347
340
333
325
316
312
304
294
285
280
273
264
258
251
245
239
234
229
227
223
217
217
213
210
208
208
206
205
205
208
208
211
211
219
221
224
228
234
237
242
247
252
258
269
273
282
285
292
301
308
312
322
328
337
342
351
359
365
374
380
388
396
402
406
413
416
424
428
430
435
440
443
445
450
448
452
453
452
450
450
448
446
443
441
436
432
430
425
421
416
410
407
400
394
388
383
375
366
360
353
344
337
329
320
313
307
298
291
285
277
270
266
258
252
248
240
234
228
223
220
217
213
210
208
206
206
207
207
209
207
211
214
218
222
222
224
228
233
236
246
250
254
260
266
274
280
287
293
299
307
315
322
331
339
346
355
362
370
377
382
390
397
402
407
413
418
424
427
432
435
440
446
448
450
450
452
452
452
448
448
447
445
442
439
436
434
431
427
423
416
411
405
398
390
386
378
371
364
355
349
343
335
328
320
315
307
297
293
284
278
269
264
253
249
243
237
232
227
225
219
216
213
211
209
210
208
210
206
208
209
209
211
216
217
221
225
229
235
239
243
249
255
261
267
275
284
289
298
302
310
318
324
333
339
346
354
362
370
375
384
390
399
406
411
415
424
428
431
434
437
440
444
445
449
448
449
450
449
447
450
447
446
444
442
437
434
428
423
420
413
409
403
397
389
383
377
370
363
355
350
340
335
328
320
312
303
296
287
280
272
267
259
252
251
244
238
232
226
222
220
213
211
209
208
206
207
207
206
210
210
211
214
218
218
222
224
229
235
240
245
251
257
264
272
276
281
290
297
303
314
318
326
336
341
347
356
364
371
379
386
391
399
406
413
417
423
428
430
436
437
441
443
447
449
447
449
451
449
452
450
447
445
442
436
436
429
425
421
417
413
406
399
393
391
383
377
369
362
354
345
338
331
322
314
307
301
293
287
279
275
265
258
254
246
240
234
229
225
219
218
215
213
210
210
210
208
210
207
208
208
212
213
217
220
222
227
231
237
242
247
251
259
265
274
278
285
294
300
308
313
321
327
336
344
350
357
366
372
381
387
396
402
409
412
418
424
427
431
435
439
442
444
446
449
450
452
450
450
450
449
445
443
441
436
434
429
425
419
416
409
404
400
393
388
382
374
367
360
351
345
338
329
321
314
305
297
291
284
278
273
263
258
252
244
240
236
228
221
220
216
213
209
209
207
208
207
209
207
210
214
214
216
218
220
224
229
233
237
242
248
255
259
264
273
278
288
294
301
310
316
324
332
338
346
354
359
369
376
381
389
394
402
407
414
420
427
430
435
439
441
444
445
446
447
451
451
449
449
447
447
444
443
440
439
433
429
427
422
415
410
402
400
392
385
377
372
363
358
350
341
334
328
321
315
306
300
292
284
276
268
264
255
248
242
237
234
230
225
221
218
212
209
208
205
205
205
205
205
211
211
215
218
219
222
226
228
234
240
246
252
256
262
268
276
281
288
295
303
309
316
326
333
342
348
356
360
370
377
383
392
397
403
407
415
422
426
431
436
440
442
444
447
448
449
447
451
450
448
447
447
446
443
441
435
434
427
424
417
413
408
400
395
389
384
375
369
363
355
351
342
334
326
319
310
302
296
286
280
273
266
259
251
247
241
235
231
225
223
221
217
214
209
208
207
208
206
206
206
209
212
213
215
220
222
228
232
234
240
247
252
257
263
270
276
284
287
295
304
310
320
326
335
341
350
358
366
372
380
387
392
397
405
412
416
422
425
429
433
439
444
447
447
449
450
451
451
450
450
449
447
444
440
438
434
430
429
421
420
412
407
401
396
389
382
375
366
360
354
345
337
334
324
317
309
303
295
288
280
274
265
258
252
246
240
235
227
224
223
218
217
215
212
208
206
206
205
208
209
208
211
213
215
221
225
228
231
239
243
250
254
262
264
271
276
284
290
297
305
313
319
327
335
343
350
358
367
375
382
390
398
400
408
412
418
423
427
432
434
439
441
445
446
449
450
453
452
450
450
448
445
443
440
438
434
430
426
419
415
410
404
402
395
388
383
375
366
360
351
345
337
329
322
313
307
301
291
284
279
270
266
262
252
246
238
233
227
224
217
217
213
211
210
207
207
207
206
209
210
210
212
216
216
218
223
227
229
235
243
246
253
259
264
272
278
288
293
299
308
318
324
330
340
344
352
362
368
373
381
387
392
400
407
414
418
423
430
435
438
442
444
446
448
450
450
449
451
447
449
447
445
445
442
439
434
433
428
422
415
408
405
398
390
385
379
370
363
357
351
345
337
327
321
316
308
300
291
284
274
269
261
257
248
244
237
231
226
225
220
220
215
213
209
206
208
207
205
206
209
209
211
215
217
222
225
231
236
239
245
250
256
264
268
276
282
288
294
303
309
315
323
330
339
347
353
362
369
379
386
391
398
404
412
414
421
425
429
433
436
440
443
445
448
449
451
452
452
450
449
446
446
442
439
436
432
427
423
419
413
407
403
397
391
384
378
371
364
357
348
341
332
327
317
313
305
297
289
282
275
268
261
256
252
241
234
231
225
220
219
213
211
211
209
209
210
206
208
211
212
210
212
215
217
221
225
227
235
239
244
252
257
263
270
275
282
291
298
306
313
321
328
336
340
348
357
363
369
379
383
390
397
403
411
419
422
429
433
436
441
443
445
446
449
450
450
450
449
448
449
445
443
445
441
436
432
428
422
420
413
408
401
393
387
380
375
369
363
356
349
342
334
327
318
309
302
296
288
281
273
265
259
251
247
241
238
232
229
223
219
214
212
209
211
205
205
208
207
208
211
212
213
220
222
223
228
232
236
241
245
250
257
264
271
277
283
291
300
306
315
323
330
336
345
349
358
365
373
377
387
393
401
406
413
419
426
430
431
435
439
442
443
446
447
450
449
449
450
451
448
447
445
443
438
436
430
426
420
416
411
405
400
395
387
381
374
368
361
354
346
340
331
324
315
308
301
292
285
277
271
264
257
250
247
242
237
231
224
220
216
216
211
208
208
207
205
206
206
207
209
211
218
217
222
226
230
233
238
242
249
254
262
267
272
278
290
291
301
307
316
323
330
338
348
352
360
367
376
383
389
393
399
407
410
418
426
430
432
436
440
442
446
448
447
452
450
450
447
447
447
443
443
438
438
435
430
426
422
416
409
404
400
392
386
377
371
363
357
350
343
337
329
321
312
304
300
291
284
276
268
261
255
248
243
238
231
228
223
222
218
214
214
214
206
208
206
208
207
208
209
210
215
217
222
225
230
235
239
246
247
255
260
268
276
282
290
296
303
309
316
323
333
339
344
353
363
369
377
383
389
396
404
411
416
422
425
430
433
438
439
443
443
446
447
451
453
452
452
451
449
446
442
440
435
432
428
422
419
413
408
401
397
390
384
381
373
366
356
348
341
334
328
320
311
302
296
287
280
275
267
259
254
250
246
239
232
228
223
217
216
214
209
209
206
207
206
206
207
210
214
216
216
218
222
225
229
236
240
245
249
256
261
267
275
282
291
297
307
310
320
328
333
340
350
354
362
372
377
383
389
396
403
410
414
420
425
431
435
440
443
444
446
446
450
451
450
449
449
446
445
445
443
439
435
434
430
424
420
413
407
401
396
387
381
376
368
363
355
347
340
333
326
319
312
303
296
288
280
273
265
258
251
245
241
236
231
228
223
220
216
211
211
208
205
209
205
205
209
210
213
214
219
222
226
228
234
236
240
245
251
258
264
272
277
284
289
299
307
312
318
327
334
343
349
357
366
373
383
388
394
400
405
412
418
421
426
431
434
438
445
446
448
450
451
452
451
452
449
447
447
441
439
437
432
431
426
424
418
411
408
400
394
388
381
374
369
360
353
345
337
328
323
315
307
301
294
287
278
272
266
258
252
246
241
232
227
222
221
217
215
213
211
210
210
207
208
206
206
208
211
213
216
221
225
227
231
235
242
246
253
259
267
273
280
285
293
300
308
315
322
327
336
346
353
359
367
374
381
391
396
404
409
414
419
424
429
433
437
440
443
443
446
446
450
448
450
450
450
449
446
446
441
436
432
427
426
417
413
409
403
399
392
388
380
374
366
360
351
345
337
328
320
315
305
296
290
282
275
271
263
257
253
245
238
236
226
224
220
217
213
211
209
208
208
203
207
207
209
210
212
216
219
223
227
230
233
237
243
250
256
260
266
272
281
285
293
300
307
314
321
331
338
349
356
364
372
376
384
390
396
401
407
414
419
424
429
433
438
441
444
448
449
450
449
451
452
450
449
447
444
442
439
435
433
429
425
420
415
410
403
400
392
384
377
369
363
357
348
341
334
327
320
313
303
298
290
282
276
268
262
253
248
243
235
231
227
225
219
217
213
211
208
210
208
206
207
205
207
209
211
215
218
221
225
229
235
239
247
252
256
261
267
275
281
289
295
303
311
319
326
334
343
349
358
362
370
379
385
390
397
403
410
415
419
424
430
433
438
442
444
449
450
451
450
450
450
450
449
446
443
442
438
435
431
429
423
418
415
410
404
398
392
384
376
370
364
355
347
338
331
325
315
308
303
295
288
283
273
268
262
254
248
242
237
230
225
219
217
215
213
211
210
210
206
210
206
208
210
212
212
216
217
223
227
231
236
241
245
250
257
263
269
277
283
293
300
306
314
321
328
337
342
350
357
362
370
379
387
394
399
406
414
418
422
427
429
436
438
441
444
447
449
450
450
450
450
449
446
446
446
443
440
434
430
426
423
415
412
405
400
394
386
381
373
367
361
354
348
339
333
325
317
310
302
293
287
277
272
265
257
251
246
241
238
231
224
221
220
216
212
210
205
207
205
206
205
207
210
214
217
218
221
223
228
234
236
242
248
254
260
267
274
282
284
292
298
308
315
321
329
336
343
350
358
366
375
381
387
396
404
407
414
420
423
429
433
435
440
441
444
449
447
451
450
450
452
451
450
446
446
442
437
434
428
425
420
414
410
405
399
393
387
381
374
367
360
354
344
338
330
321
315
306
299
290
285
277
271
263
257
251
245
238
233
228
223
219
217
211
209
209
207
205
206
207
210
207
211
214
216
218
222
223
228
233
240
243
249
253
259
267
273
279
287
295
302
309
317
324
330
341
348
353
359
367
374
382
389
395
403
407
416
419
424
429
433
437
440
444
445
447
448
448
450
450
448
447
447
446
443
440
439
434
432
427
420
414
410
404
396
390
383
377
371
362
356
350
342
335
326
323
314
306
298
290
282
276
268
262
256
247
243
237
232
226
226
221
215
212
213
212
210
208
208
208
208
208
211
211
213
218
221
225
230
235
240
247
251
259
265
269
276
284
286
296
302
309
317
324
331
339
347
356
362
371
375
386
391
398
404
412
416
420
425
429
432
438
440
443
445
448
450
452
452
452
450
448
447
445
441
439
434
433
427
423
418
411
407
401
398
392
383
379
370
366
359
350
342
334
328
317
311
304
294
288
278
272
266
259
253
250
244
238
234
228
222
219
213
211
209
208
208
205
207
207
207
209
210
218
217
220
222
226
232
236
241
243
249
257
263
269
273
283
291
299
306
314
322
330
334
344
348
358
363
372
378
386
390
398
403
411
416
422
426
432
434
439
443
444
446
448
447
448
447
449
449
446
447
444
442
437
437
431
429
426
418
414
408
400
395
389
381
374
369
359
353
347
339
331
326
316
310
305
296
286
278
272
266
256
251
244
241
235
229
226
223
219
217
215
212
208
208
206
208
205
208
209
211
211
215
220
223
228
231
235
243
249
254
260
266
272
277
283
293
299
307
312
320
330
338
346
354
362
368
374
380
386
392
400
407
413
417
421
427
430
435
438
445
446
447
451
451
451
449
452
450
447
445
442
441
438
434
428
426
421
416
412
406
401
395
388
382
373
368
360
351
344
336
329
323
314
307
302
293
286
278
273
267
260
250
244
240
233
229
224
221
214
213
214
209
210
210
207
208
209
208
210
212
213
216
222
223
226
235
237
242
248
251
259
265
272
279
288
295
300
310
316
324
332
336
347
352
360
366
375
383
385
395
401
407
414
420
425
430
436
438
440
443
447
447
449
449
451
449
449
448
447
446
443
440
436
433
428
425
422
418
412
403
396
392
385
377
372
364
359
350
344
338
328
322
315
308
297
292
285
274
268
263
256
248
243
237
233
227
223
221
215
213
212
208
209
208
208
205
206
208
209
211
215
215
221
227
229
233
239
246
252
254
259
267
272
282
288
297
303
314
316
325
333
339
345
352
362
369
377
383
388
395
402
408
416
420
428
431
434
438
439
444
446
449
449
448
451
449
448
447
446
445
444
441
436
434
429
425
422
414
409
401
397
392
383
377
370
363
357
351
342
335
327
322
314
306
296
290
284
276
268
261
254
247
243
235
232
228
224
217
213
213
209
208
207
207
209
209
209
210
212
216
216
217
222
225
232
234
237
243
248
257
262
269
275
281
289
295
305
309
320
326
334
345
351
356
361
368
378
383
391
395
403
410
418
423
428
432
438
440
441
443
446
449
448
450
449
449
449
447
447
443
440
439
435
432
427
424
419
412
406
403
396
388
383
373
368
362
355
347
341
331
325
317
312
303
298
290
281
274
266
260
252
247
241
235
227
224
223
218
215
214
211
208
208
204
204
208
208
209
210
214
215
219
221
228
231
237
241
246
254
258
265
272
279
286
291
298
303
313
320
326
334
342
348
357
364
373
380
388
392
400
405
411
418
421
428
430
434
439
441
443
448
450
452
452
453
450
448
449
446
444
441
437
434
429
424
420
417
409
406
399
394
388
381
376
370
360
352
346
337
329
321
314
306
298
291
286
277
270
264
259
253
245
238
232
230
222
219
218
212
213
209
209
209
207
207
209
210
208
212
213
214
219
224
225
231
237
242
247
253
259
263
273
278
286
295
301
310
313
324
330
338
346
350
361
367
372
379
388
395
400
408
413
418
425
430
434
438
440
442
444
447
448
449
449
449
448
447
447
445
443
441
437
437
430
426
422
416
410
402
399
390
386
378
371
368
362
351
346
336
328
320
312
305
299
291
282
277
269
263
255
251
243
239
232
228
225
218
216
213
209
208
208
207
205
206
208
209
211
214
216
220
221
224
229
234
239
244
249
255
263
269
276
280
286
293
302
307
315
323
331
339
348
355
364
370
376
384
392
398
401
409
415
419
426
429
433
438
441
443
447
450
450
451
448
450
450
445
445
444
441
437
435
433
429
425
419
414
409
405
400
391
385
376
372
364
357
348
339
333
325
320
314
305
300
291
283
276
268
262
256
249
242
236
232
227
221
219
215
215
212
212
207
206
206
208
209
210
209
213
214
217
219
226
230
235
239
248
254
258
265
270
278
282
290
297
302
309
318
324
333
340
348
354
361
369
378
386
393
399
406
412
418
422
426
432
435
438
443
444
446
448
447
450
452
451
448
447
447
444
442
438
435
432
425
421
417
413
407
401
395
388
383
378
371
364
354
348
339
332
325
318
309
301
295
286
281
273
265
262
254
248
242
234
229
226
221
219
217
210
210
210
205
205
206
207
210
209
215
215
216
220
223
228
230
236
241
245
249
259
263
271
279
282
289
298
304
311
317
327
337
346
351
356
367
374
380
388
393
398
407
412
417
421
427
432
435
439
443
444
447
451
452
451
450
450
449
448
445
444
442
439
434
430
427
422
418
412
407
400
395
388
382
376
365
361
353
344
338
329
322
317
307
301
292
286
279
274
266
260
253
244
240
235
227
224
221
218
213
213
210
208
209
209
210
206
207
209
212
211
217
219
221
225
231
234
242
247
253
258
265
270
278
287
295
302
307
314
322
332
336
345
351
359
367
371
380
387
393
401
407
413
418
422
430
435
437
441
444
446
446
448
450
450
450
448
448
446
446
443
441
436
435
432
429
422
415
411
404
398
392
385
377
374
366
359
352
343
336
330
322
316
310
300
292
286
277
272
264
256
248
243
238
235
229
228
220
216
214
210
211
209
207
206
206
207
208
212
212
218
218
220
226
228
234
238
244
248
256
262
269
272
282
288
293
299
309
315
323
330
338
347
354
362
369
376
382
390
395
403
408
413
421
423
429
434
437
440
446
446
448
450
450
452
451
450
447
447
445
443
440
435
433
430
426
422
414
410
404
396
392
387
378
371
363
355
349
341
335
326
321
312
310
298
291
284
276
268
264
257
249
243
237
231
227
224
219
218
215
212
208
208
206
208
205
208
207
209
211
215
215
219
225
231
235
241
245
252
256
261
267
275
283
290
296
305
311
318
326
333
340
346
355
361
369
376
384
390
397
403
411
415
421
427
432
438
439
443
445
447
449
449
451
449
448
448
446
447
443
442
440
434
434
430
425
421
413
408
402
395
388
383
377
370
361
353
347
340
335
327
320
314
305
296
289
282
276
268
260
252
248
240
236
230
227
223
220
218
214
212
210
208
207
205
205
208
209
209
211
214
217
222
227
231
235
242
248
252
258
263
271
277
282
290
301
306
313
322
328
336
342
350
357
364
371
378
386
393
399
408
414
418
423
427
432
435
438
441
445
446
449
448
450
448
450
449
450
448
445
441
438
434
432
427
423
415
413
407
401
394
387
383
376
371
362
353
350
342
333
324
316
308
303
291
286
281
271
263
259
254
247
244
236
230
226
221
216
213
212
211
208
205
207
205
207
209
208
214
215
220
220
225
229
232
237
240
248
252
257
264
270
277
283
291
298
306
314
323
328
336
344
350
358
367
372
379
386
392
399
406
413
418
422
427
434
436
440
444
446
445
448
449
449
449
448
448
447
446
444
442
438
438
430
427
422
418
411
405
398
394
386
378
372
367
360
352
346
338
331
324
314
307
301
292
285
276
269
265
257
250
243
239
234
229
225
221
216
213
214
212
210
206
208
205
205
209
210
212
214
218
221
224
228
231
238
245
250
256
260
266
272
277
284
291
301
305
313
322
330
337
345
354
360
370
378
384
388
396
402
407
413
418
425
429
431
435
440
443
445
447
450
452
452
454
452
448
448
446
443
441
434
432
427
425
420
417
410
403
399
393
387
379
372
365
356
351
340
333
327
319
311
303
298
290
283
280
269
265
256
249
241
236
232
226
221
218
213
211
209
209
207
209
207
207
209
210
212
212
216
218
220
224
228
234
241
244
251
257
261
267
274
281
289
294
304
313
319
324
330
340
348
354
362
369
376
381
389
397
402
410
414
422
426
433
436
440
442
445
445
448
447
449
450
449
449
447
446
445
444
438
437
432
428
425
420
413
406
404
395
390
382
377
369
363
356
349
343
335
327
321
313
304
296
287
282
273
268
261
254
247
243
238
231
226
223
221
216
213
211
209
208
205
205
205
207
211
210
212
218
222
223
227
232
234
242
245
251
257
263
270
277
286
292
299
305
312
319
327
333
339
347
355
364
369
376
385
391
397
405
412
418
424
428
429
435
439
442
445
444
448
448
450
450
452
450
449
447
444
440
439
434
432
425
422
417
413
405
399
396
391
382
377
370
365
354
349
340
334
324
316
308
299
293
286
279
273
268
260
256
249
241
236
230
224
220
216
213
211
210
207
207
206
207
207
210
210
212
216
216
217
222
227
233
235
240
246
253
257
266
272
278
284
290
299
306
315
322
329
338
344
353
360
367
374
380
387
395
400
405
411
418
425
430
434
437
440
444
445
447
447
451
449
449
448
449
447
446
443
441
439
434
432
428
423
418
412
405
400
393
386
379
374
367
358
353
345
339
331
323
318
310
302
293
286
279
272
263
257
252
243
239
231
228
224
221
217
217
212
212
208
207
208
205
205
208
208
211
214
219
219
227
230
233
238
244
248
256
260
269
273
282
288
294
300
308
314
321
329
336
344
353
360
365
373
382
387
394
404
408
416
420
423
428
434
436
441
444
445
447
447
451
450
450
450
448
449
447
444
443
437
435
431
424
422
415
409
404
399
393
387
379
372
365
358
352
345
336
331
323
313
307
298
290
283
275
267
261
255
251
245
240
234
230
228
220
217
212
209
208
208
205
205
205
209
209
210
215
216
219
221
226
230
234
237
243
249
253
262
267
275
279
286
294
301
307
317
323
333
342
349
356
362
371
376
384
389
397
402
409
413
418
424
428
434
438
440
444
447
448
450
451
451
450
450
449
447
445
442
440
437
433
429
424
421
417
409
402
400
392
385
378
371
363
357
349
341
334
327
320
312
306
299
292
284
276
270
264
256
248
241
236
231
227
221
218
218
212
214
210
207
208
206
208
208
209
209
211
213
218
219
225
231
235
239
246
250
258
264
269
274
282
290
297
303
311
318
327
335
342
349
356
364
371
378
382
391
397
405
410
417
423
430
434
436
438
440
445
446
447
448
451
450
449
449
448
447
446
442
439
436
433
431
422
420
412
408
402
397
389
381
373
368
362
354
348
339
335
326
318
310
302
292
288
282
272
264
259
251
247
241
235
231
227
223
221
215
214
212
208
208
205
205
208
208
209
211
213
216
219
224
227
232
236
240
248
252
260
264
271
278
286
292
298
305
312
318
328
334
342
350
357
365
373
380
386
394
399
407
414
418
425
429
435
438
440
443
443
448
448
447
449
449
453
448
446
448
445
443
438
435
431
425
422
417
412
404
399
394
387
380
376
370
363
354
348
340
332
324
316
308
299
293
283
278
273
265
258
252
247
242
236
230
226
222
218
213
209
209
207
207
206
207
207
210
211
212
215
218
220
224
228
232
236
240
245
253
259
265
271
279
285
291
299
307
315
323
331
340
346
353
360
365
374
381
389
393
401
407
412
419
423
427
433
438
439
443
447
447
450
452
450
451
448
447
447
445
441
439
438
434
431
429
422
418
410
406
400
392
385
378
372
363
359
351
342
337
330
322
313
308
300
292
285
278
272
261
256
251
244
239
233
229
223
220
217
215
212
210
208
208
206
208
208
205
209
210
214
217
219
224
226
231
240
243
248
254
262
266
273
280
286
293
301
309
315
323
334
339
346
354
361
368
374
382
388
397
402
409
413
418
424
429
432
439
440
443
444
449
448
450
450
449
450
449
445
443
441
439
438
433
432
425
420
417
411
402
399
392
385
376
371
362
357
348
341
335
330
321
314
307
298
291
284
276
268
262
256
249
243
235
230
227
222
218
218
212
211
209
210
208
208
206
206
210
209
211
214
215
222
225
232
234
239
247
252
259
262
269
274
283
288
297
301
309
317
325
333
339
346
355
363
370
378
385
392
400
402
410
414
419
423
430
434
437
440
442
447
446
449
451
453
450
452
449
447
442
442
437
436
432
427
421
418
414
409
403
396
390
386
378
372
364
357
348
342
331
325
317
311
302
295
288
281
275
268
263
255
248
243
237
230
228
221
219
215
210
211
209
208
207
207
210
210
212
212
216
216
219
224
225
232
235
238
246
249
258
264
269
276
281
289
295
303
312
320
327
334
343
352
357
367
372
380
386
393
397
406
409
417
422
427
430
434
440
442
447
446
449
452
450
449
451
449
449
446
443
440
440
435
431
427
422
418
413
410
403
396
389
382
374
368
361
353
345
339
333
323
317
308
303
294
287
280
276
269
258
252
244
240
235
230
224
220
218
215
216
212
208
208
205
205
205
208
209
211
213
213
219
222
227
231
238
242
250
254
260
264
270
277
284
293
298
305
313
322
330
338
344
352
359
364
372
381
386
393
399
405
411
417
423
428
434
436
443
445
446
447
449
449
450
452
449
448
446
446
443
440
438
435
431
427
422
419
412
406
399
394
388
381
374
368
359
351
345
338
330
323
315
308
302
295
287
280
272
264
260
249
245
237
233
227
225
221
215
215
214
211
212
208
208
208
208
208
208
211
213
215
219
222
227
231
237
244
249
254
261
264
274
279
289
295
303
310
316
322
329
338
344
351
360
366
374
381
387
394
401
408
414
420
424
431
432
438
439
443
446
446
449
451
450
450
449
449
449
446
444
444
440
432
430
424
421
416
408
403
397
391
384
379
371
365
359
353
345
339
329
323
314
304
298
289
281
274
269
263
255
249
243
236
234
230
224
220
218
214
212
208
208
206
205
207
208
207
208
214
215
219
222
228
232
236
240
244
249
256
261
267
273
281
288
295
301
309
317
324
333
341
349
357
365
370
378
384
392
397
403
410
415
419
423
429
433
439
440
445
448
450
450
451
450
450
452
447
445
444
441
439
434
433
428
425
419
416
410
404
396
391
384
377
370
365
354
347
339
333
326
320
311
305
298
290
284
276
269
259
253
248
240
235
231
227
223
218
218
212
212
209
207
207
206
205
207
209
209
211
215
219
223
227
231
236
242
246
252
257
262
267
274
283
290
298
306
316
320
328
332
341
347
356
362
370
377
385
391
397
404
410
417
424
426
433
438
441
442
445
447
449
449
449
449
447
449
448
446
443
441
439
436
434
428
423
420
412
408
400
396
389
383
374
368
361
353
347
339
333
326
320
311
303
295
288
280
272
265
261
253
245
241
235
230
229
223
220
218
214
212
208
206
205
209
208
208
209
210
214
215
219
224
227
233
238
241
247
252
259
264
270
279
285
292
298
306
314
320
328
336
343
351
357
363
370
380
387
394
400
406
413
418
424
428
431
437
440
442
443
445
449
448
449
449
453
449
446
446
445
444
438
434
432
427
423
414
411
405
400
395
390
382
373
367
362
354
346
340
330
321
317
308
300
293
283
279
271
263
257
251
247
239
236
234
227
222
216
214
211
209
206
205
206
207
210
207
209
212
213
218
222
223
228
232
235
241
247
251
259
265
272
277
283
293
297
307
315
323
330
338
346
353
360
366
373
381
387
397
402
406
413
419
423
431
431
437
442
444
446
448
447
450
450
451
448
448
446
445
443
440
439
436
430
428
421
416
411
405
399
390
385
376
371
365
358
352
343
336
330
322
317
308
300
292
287
275
270
262
255
249
245
239
235
230
224
222
218
214
210
210
205
205
208
205
208
208
209
210
214
219
223
226
230
234
238
244
249
255
260
267
273
279
286
294
301
309
315
325
332
338
346
353
362
368
376
383
389
394
401
408
414
418
426
431
436
439
441
444
446
447
447
449
449
450
449
449
448
445
445
442
438
433
431
425
419
414
408
403
397
391
383
378
371
363
356
350
345
335
329
320
312
304
296
289
281
275
265
263
255
249
243
241
231
229
226
218
218
214
212
208
209
208
207
205
207
208
209
214
215
219
221
228
230
236
241
247
248
258
264
268
275
281
289
294
304
309
316
325
333
341
347
356
363
372
380
386
393
399
404
411
415
419
426
429
435
439
439
444
448
447
451
451
453
452
450
447
447
445
443
440
434
430
427
422
419
414
410
403
398
390
383
376
370
364
356
347
341
333
323
317
311
301
295
287
281
275
268
260
254
248
242
236
232
225
220
216
215
211
210
209
207
207
207
207
207
210
211
214
217
220
223
225
231
235
239
245
253
258
266
271
275
286
292
300
308
312
321
325
335
341
349
355
363
371
379
388
396
401
407
413
418
423
427
431
435
439
442
444
447
449
449
450
449
450
449
450
448
447
442
438
436
431
427
422
417
411
408
399
395
387
381
374
367
362
353
347
340
334
324
314
308
300
292
285
277
270
265
256
251
245
240
236
231
225
222
220
216
212
209
206
207
205
208
208
206
208
211
213
215
219
226
228
234
236
244
248
253
257
265
272
280
286
292
300
307
313
321
329
335
343
351
358
365
373
384
389
396
402
410
413
418
424
428
430
435
439
441
445
448
451
450
452
450
450
450
447
446
443
441
436
433
429
424
420
413
410
405
399
394
387
380
374
368
362
351
344
339
329
322
313
305
298
290
283
277
269
263
258
251
245
242
234
230
224
217
217
213
210
208
210
206
206
207
207
210
210
215
216
220
221
225
228
233
237
243
247
251
259
267
272
279
286
293
302
307
315
326
333
339
346
352
360
369
375
380
389
394
402
405
413
419
425
431
434
437
442
443
447
446
449
451
449
449
448
447
446
445
443
439
436
434
429
427
422
417
408
404
399
392
384
377
371
363
355
349
343
336
330
322
314
306
300
292
284
276
270
262
253
249
243
237
231
227
224
222
214
215
213
212
208
206
205
209
205
207
209
209
215
217
221
227
231
235
238
246
250
256
261
267
276
284
290
298
304
310
316
324
331
337
347
354
362
369
377
383
391
397
405
409
416
422
426
430
433
439
442
444
445
447
448
450
450
451
447
448
447
446
443
438
437
430
427
422
419
413
407
402
395
391
384
376
372
364
356
350
343
333
326
317
309
303
296
288
281
274
265
261
256
249
243
238
232
226
222
217
216
213
209
208
203
207
205
207
209
209
213
214
216
220
222
226
229
234
240
243
249
255
265
270
275
282
289
297
304
311
322
329
335
344
351
357
365
372
379
387
392
399
405
411
416
422
427
430
435
441
442
447
448
449
451
450
450
450
449
446
446
443
442
439
435
432
426
424
419
415
409
402
397
389
381
375
367
359
355
346
338
331
325
319
311
302
294
287
280
272
264
258
251
245
240
235
229
225
221
219
216
214
212
208
208
208
205
205
205
209
210
212
215
221
223
226
232
235
245
248
252
257
265
270
279
286
290
300
308
314
321
328
336
344
349
359
365
373
382
389
396
401
407
415
418
424
428
431
436
438
441
444
447
449
451
452
449
451
449
450
446
445
440
436
434
428
424
421
415
411
405
398
394
388
382
374
370
360
353
345
337
329
320
312
305
299
291
285
279
271
265
259
251
248
239
234
228
222
218
214
212
209
209
208
206
205
206
207
212
212
212
216
218
220
224
228
233
237
240
247
253
259
267
272
283
288
296
302
308
316
323
331
340
345
354
361
366
373
382
387
394
402
409
416
421
423
429
432
438
439
443
445
447
447
450
448
449
450
449
447
447
444
442
438
433
431
423
421
414
407
405
396
391
385
380
371
364
359
351
345
336
326
322
312
305
296
288
281
274
269
261
255
247
242
239
232
228
222
221
216
213
209
209
208
206
207
208
207
207
210
211
216
220
223
226
232
236
237
243
248
253
260
266
275
282
289
296
302
310
316
324
332
339
346
355
362
367
376
383
389
398
404
412
415
422
426
432
435
438
441
443
445
447
449
451
452
452
449
450
449
445
442
439
435
431
428
423
416
413
408
401
397
390
383
379
371
365
357
351
342
334
328
317
310
301
295
288
280
275
267
261
256
250
242
237
232
225
221
216
215
211
211
207
207
207
207
207
210
212
213
214
216
218
222
224
228
233
238
245
249
256
263
271
277
284
289
298
306
312
319
326
333
340
347
354
363
371
378
383
392
400
406
410
417
422
428
432
435
437
440
445
447
449
448
451
450
451
449
447
447
444
443
440
435
432
