=~=~=~=~=~=~=~=~=~=~=~= PuTTY log 2024.11.27 15:20:09 =~=~=~=~=~=~=~=~=~=~=~=
0.00
34.04
48.49
81.84
94.05
124.11
118.55
114.44
110.56
108.26
106.70
106.57
107.35
109.15
112.12
115.98
120.49
126.17
132.34
139.58
147.30
156.19
165.48
175.01
185.46
196.14
207.35
218.83
230.69
242.68
254.66
266.89
279.01
291.39
304.14
316.90
329.54
341.78
354.54
366.25
378.52
389.96
401.97
413.43
424.64
435.74
445.77
455.97
464.59
472.98
480.32
487.15
492.95
498.11
502.35
505.97
508.54
510.22
510.36
510.10
508.53
506.23
502.75
498.62
493.60
487.01
480.08
471.81
463.31
454.03
443.97
433.68
422.58
411.37
399.39
387.40
375.03
362.79
349.76
337.54
324.10
311.77
298.46
285.84
272.83
260.45
248.08
235.72
223.73
211.99
200.53
189.05
178.76
168.42
159.17
149.88
142.02
134.28
127.59
121.27
116.50
111.98
108.91
106.18
106.19
106.16
108.40
110.82
114.96
119.08
124.22
130.29
136.99
145.11
153.61
163.29
173.20
184.03
194.86
206.46
218.18
230.17
242.54
255.04
267.68
280.43
293.19
305.83
318.58
331.59
344.35
357.12
369.87
382.50
394.62
406.61
418.07
429.29
439.72
449.91
459.05
468.09
476.19
483.67
490.25
496.17
500.94
504.94
508.15
510.74
510.99
511.15
509.17
507.01
502.74
499.02
493.59
488.07
480.83
473.50
464.59
455.71
445.65
435.22
424.13
412.78
400.80
388.70
376.44
363.94
351.45
338.41
325.68
312.77
300.01
286.89
273.99
261.48
249.24
236.86
225.28
213.28
202.21
190.72
179.91
169.60
160.05
151.04
142.79
135.05
128.49
122.29
117.53
113.02
110.06
107.21
106.84
106.54
108.40
110.44
114.82
118.55
123.73
129.50
136.73
144.46
153.23
162.77
173.07
183.51
194.61
205.67
217.93
229.64
242.16
254.40
267.29
279.78
292.68
305.30
318.46
331.07
344.23
356.85
369.75
382.24
394.36
406.23
417.68
428.90
439.34
449.65
459.31
468.21
476.46
483.80
490.51
496.17
500.94
504.94
507.89
510.36
510.86
510.88
509.31
507.25
503.39
499.15
493.85
488.06
480.96
473.36
464.60
455.46
445.26
434.70
423.48
412.14
400.68
388.55
376.33
363.69
351.18
338.43
325.28
312.66
299.75
286.88
273.86
261.48
249.11
236.75
224.76
213.02
201.56
190.34
179.65
169.60
159.79
150.92
142.27
134.80
127.71
121.78
116.63
112.50
109.41
106.83
106.84
106.41
108.55
110.55
114.82
118.70
124.22
130.67
137.38
145.76
154.37
163.94
173.85
184.80
195.77
206.97
218.83
230.81
242.92
255.31
268.06
280.81
293.71
306.33
319.49
332.11
345.00
357.76
370.51
382.89
395.01
406.99
418.59
429.41
440.25
450.41
460.22
468.98
477.49
485.09
491.66
497.21
501.72
505.58
508.41
509.96
510.62
510.34
509.06
506.36
502.75
498.50
493.33
487.15
479.94
472.07
463.43
454.29
444.23
433.80
422.59
411.37
399.38
387.27
374.77
362.53
349.89
336.88
324.26
311.22
298.49
285.33
272.82
260.07
247.44
235.07
223.21
211.34
200.15
188.80
178.50
168.04
158.52
149.10
140.73
133.12
126.54
120.49
115.86
111.98
109.29
107.09
106.83
107.34
109.03
111.61
115.34
119.46
124.75
130.79
138.15
146.27
155.29
164.84
175.14
185.83
196.80
208.26
220.24
232.23
244.60
257.10
269.74
282.75
295.63
308.54
321.41
334.43
347.07
359.56
372.19
384.31
396.55
408.40
420.01
431.09
441.78
451.71
461.25
469.74
478.01
485.21
491.92
497.21
501.97
505.71
508.42
509.71
510.49
509.95
508.68
506.10
502.75
498.50
493.08
486.77
479.55
471.68
462.80
453.65
443.32
432.65
421.16
409.95
397.97
385.73
373.36
361.11
348.21
335.60
322.57
309.95
296.93
284.16
271.41
259.04
246.53
234.31
222.05
210.19
198.73
188.15
177.46
167.56
157.86
149.10
140.34
132.86
126.30
120.75
115.98
111.86
108.77
107.21
106.56
107.22
108.89
112.12
115.72
120.37
125.65
132.09
139.31
147.56
156.32
166.13
176.29
187.38
198.08
210.08
221.52
233.79
245.76
258.39
271.03
283.65
296.55
309.30
322.31
335.07
347.84
360.59
373.22
385.34
397.33
409.05
420.65
431.73
442.43
452.49
462.02
470.65
478.52
485.74
492.04
497.73
502.10
505.97
508.54
510.22
510.36
509.58
508.03
505.31
501.33
497.09
491.52
485.23
477.87
470.00
461.26
451.58
441.66
430.70
419.62
408.02
396.30
384.05
371.81
359.17
346.67
333.79
321.03
308.27
295.50
282.49
270.00
257.22
244.87
232.61
220.88
208.91
197.31
186.48
175.77
165.48
155.94
147.30
139.31
132.09
125.65
120.37
115.46
111.74
108.50
107.09
106.56
107.35
109.16
111.99
116.11
120.22
126.31
132.72
140.87
148.85
158.26
167.92
177.97
188.81
199.74
211.75
223.46
235.98
248.21
260.84
273.47
286.23
298.99
312.01
324.89
338.04
350.41
363.44
375.53
388.18
399.89
411.76
422.84
434.05
444.48
454.68
463.95
472.98
480.70
487.80
493.73
498.88
503.26
506.48
509.33
510.21
511.02
509.82
508.29
504.81
501.20
496.43
490.89
484.19
477.11
468.71
459.58
449.65
439.59
428.64
417.31
405.96
393.97
381.74
369.22
356.73
343.72
330.69
318.06
304.91
292.30
279.27
267.16
254.39
242.42
230.04
218.45
206.32
194.99
183.76
173.33
163.16
154.13
145.62
137.64
130.42
124.22
118.69
113.93
110.70
108.11
106.84
106.70
107.99
109.80
112.89
117.01
121.78
127.33
134.15
142.01
150.39
159.68
169.72
180.03
190.87
202.06
213.93
225.79
238.16
250.53
263.16
275.66
288.56
301.18
314.07
326.83
339.58
352.22
364.97
377.47
389.73
401.83
413.81
424.91
436.12
446.41
456.62
465.36
474.27
481.73
488.83
494.76
499.65
503.91
506.86
509.58
509.95
510.38
509.04
507.51
503.78
499.92
495.14
489.47
482.64
475.17
466.92
457.90
447.97
437.54
426.58
415.24
403.51
391.52
379.41
366.78
354.28
341.64
328.63
315.76
302.85
290.23
277.08
264.59
252.20
239.83
227.73
216.12
204.52
193.07
182.09
171.65
161.61
152.45
144.21
136.35
129.39
123.19
117.66
113.15
109.79
107.09
106.33
106.16
107.75
109.67
113.79
117.78
123.08
128.86
136.35
143.94
152.72
161.87
172.30
182.48
193.32
204.52
216.38
228.11
240.48
252.98
265.62
278.37
291.12
304.02
316.90
329.92
342.68
355.44
368.32
380.56
392.56
404.54
416.25
427.23
437.93
448.35
458.41
467.04
475.69
483.15
490.12
495.79
500.68
504.94
507.89
510.10
510.48
510.49
509.18
506.48
503.15
498.99
494.24
488.19
481.48
474.01
465.50
456.48
446.56
435.99
425.16
413.55
401.71
389.46
377.35
364.72
351.96
338.94
326.31
312.90
300.17
287.12
274.76
262.13
249.63
237.40
225.14
213.54
201.68
190.61
179.52
169.48
159.40
150.53
142.14
134.93
128.10
122.17
117.27
112.88
109.16
106.71
106.31
106.29
107.89
110.44
114.31
118.57
123.57
130.16
137.11
145.76
154.38
164.06
173.85
184.41
195.63
206.96
219.10
230.81
243.45
255.42
268.45
280.94
294.36
307.10
320.52
333.14
345.78
358.41
370.89
383.41
395.13
407.51
418.83
430.20
440.75
451.06
460.61
469.36
477.49
484.96
491.39
497.09
501.72
505.71
508.68
509.83
510.76
510.08
508.93
506.10
503.00
498.62
493.34
487.15
480.19
472.07
463.45
454.16
444.10
433.15
422.07
410.46
398.87
386.49
374.52
362.00
349.51
336.50
323.73
310.97
298.22
285.07
272.45
259.80
247.31
234.94
222.82
211.75
199.87
189.08
177.84
167.80
157.87
148.71
140.61
132.99
126.81
120.87
116.25
112.50
109.27
107.75
106.81
107.74
108.64
112.00
115.45
120.50
125.77
132.48
139.70
147.68
156.45
165.60
176.04
186.60
198.09
209.42
221.54
233.39
245.64
258.01
270.76
283.52
296.55
309.42
322.58
335.20
348.10
360.33
373.10
385.33
397.33
409.32
420.89
432.00
442.69
452.86
462.29
470.79
479.16
486.12
492.31
497.85
502.35
505.97
508.54
509.96
510.49
509.69
508.04
505.07
501.58
497.08
491.41
485.35
477.99
470.15
461.11
451.71
441.40
430.70
419.36
407.89
395.77
383.80
371.28
359.05
346.16
333.66
320.51
307.76
294.60
281.98
269.09
256.72
244.35
232.23
220.24
208.26
196.80
185.83
175.39
164.96
155.82
147.03
139.19
131.32
125.40
119.57
114.83
111.09
108.23
106.72
106.05
107.21
109.03
112.24
116.37
121.14
126.94
133.50
140.99
149.36
158.64
168.31
178.88
189.69
200.92
212.64
224.49
236.63
248.59
261.62
273.98
287.14
299.89
313.30
325.92
338.82
351.57
364.32
376.71
388.82
401.06
412.78
423.88
435.09
445.64
455.71
464.86
473.49
481.49
488.30
494.63
499.65
504.04
507.13
509.45
510.34
510.49
509.31
507.64
504.42
501.08
496.29
491.16
484.31
477.11
468.85
459.43
449.54
439.07
428.25
416.54
404.93
392.93
380.71
368.19
355.69
342.68
329.66
317.03
303.88
291.27
278.49
266.00
253.25
240.86
228.75
216.77
205.17
194.09
183.13
172.69
162.76
153.23
144.73
136.72
129.91
123.33
118.05
113.53
110.05
107.35
106.45
106.43
107.87
109.92
113.53
117.66
122.55
128.62
135.57
143.43
152.07
161.47
171.66
182.09
193.31
204.78
216.51
228.50
240.86
253.23
265.87
278.49
291.39
304.66
317.40
330.46
342.93
356.21
368.19
380.71
392.68
405.06
416.39
427.88
438.69
449.26
458.67
467.57
476.06
483.40
489.87
495.53
500.81
504.67
507.78
510.22
511.12
510.88
509.06
506.87
502.99
499.02
493.85
488.19
481.35
473.74
465.12
455.84
445.91
435.47
424.00
412.93
400.91
389.21
376.31
364.47
351.43
338.95
325.66
313.30
300.14
287.27
274.25
261.74
248.85
236.63
224.49
212.90
201.30
190.34
179.39
169.22
159.40
150.53
142.14
134.41
127.60
121.77
116.87
112.77
109.41
108.13
107.07
107.48
108.51
111.47
114.95
119.08
124.49
130.79
138.15
146.27
155.29
164.84
174.88
185.45
196.41
207.87
219.86
231.97
244.35
256.98
269.21
282.25
294.98
308.15
320.78
334.04
347.05
359.56
371.94
384.56
396.67
408.29
419.75
431.08
441.92
451.84
461.64
470.65
478.90
485.87
492.31
497.84
502.23
505.72
508.80
510.09
510.50
509.69
508.28
505.32
501.97
497.85
492.69
486.51
479.29
471.30
462.40
453.00
442.56
432.00
420.51
408.93
396.94
384.94
372.58
360.21
347.31
334.83
321.53
308.54
295.52
282.86
270.00
257.11
244.99
232.61
220.77
208.77
197.45
186.22
175.77
165.22
155.82
147.03
139.19
131.58
125.27
119.72
114.95
111.09
108.12
107.09
106.43
107.75
109.14
112.65
116.10
121.27
126.68
133.51
141.11
149.62
158.64
168.57
178.74
189.84
200.78
212.52
224.11
236.36
248.73
261.22
274.12
286.74
299.90
312.52
325.67
338.29
351.71
364.19
377.23
389.33
401.45
413.05
424.25
435.35
445.65
456.09
465.24
473.76
481.61
488.56
494.38
499.53
504.02
507.39
509.58
510.48
510.75
509.56
507.64
504.69
500.81
496.31
490.11
483.29
475.68
467.55
458.55
449.01
439.07
428.51
416.78
405.19
392.93
380.70
367.81
355.31
342.67
329.92
317.17
304.27
291.39
278.37
265.86
252.98
240.75
228.36
216.90
204.64
193.84
182.34
172.45
161.98
153.24
144.59
136.73
129.66
123.32
118.17
113.28
110.06
107.21
106.33
106.04
107.74
109.92
113.67
118.05
123.19
129.26
135.96
143.82
152.45
161.73
171.66
182.09
193.05
204.40
216.12
228.11
240.48
252.98
265.87
278.75
291.77
304.54
317.55
330.56
343.07
355.96
368.57
381.35
393.33
405.32
416.92
427.99
438.57
448.62
458.28
467.44
475.55
483.29
490.24
496.17
500.95
505.07
508.15
510.10
510.48
510.49
509.18
506.48
503.15
498.99
494.24
487.93
481.35
473.74
465.12
455.58
445.78
435.21
423.88
412.41
400.53
388.31
375.93
363.42
350.81
338.17
325.53
312.66
299.76
286.74
274.00
261.21
248.99
236.49
224.50
212.64
200.91
189.83
179.00
168.96
159.16
150.27
141.49
134.29
127.44
121.53
116.64
112.61
109.54
106.57
106.59
106.54
108.40
110.70
114.69
119.47
124.73
131.59
138.53
146.92
155.55
164.83
175.01
185.31
196.67
207.99
220.38
232.36
245.00
257.23
270.00
282.48
295.38
308.01
321.29
334.17
347.07
359.82
372.31
384.83
396.80
408.93
420.13
431.35
442.04
452.09
461.90
470.52
479.05
486.24
492.95
497.98
502.62
506.09
508.93
510.09
510.88
510.09
508.68
505.71
502.23
497.85
492.44
486.39
479.02
471.18
461.89
452.88
442.29
431.88
420.26
409.18
396.80
384.57
372.19
359.55
346.69
334.04
321.40
308.54
295.38
282.75
269.99
257.36
245.00
232.75
220.89
209.16
197.82
186.87
176.30
166.25
156.58
147.81
139.43
132.10
125.91
120.22
115.48
111.34
108.64
106.83
106.56
107.09
109.30
112.10
116.38
120.62
126.81
133.25
140.99
148.85
158.14
167.65
178.36
188.80
200.54
212.12
224.24
236.10
248.73
261.22
274.12
287.00
300.02
313.04
326.18
338.68
351.46
363.80
376.45
388.43
400.80
412.53
424.13
434.95
445.66
455.31
464.99
473.23
481.49
488.04
494.25
499.26
503.90
507.13
509.58
510.74
510.87
509.57
507.39
504.29
500.55
495.79
490.25
483.54
476.33
467.68
458.81
448.74
438.57
427.61
416.27
404.54
392.55
380.44
368.07
355.18
342.56
329.65
317.03
303.63
291.01
278.36
265.61
253.12
240.47
228.89
216.62
205.30
193.57
183.00
172.17
162.52
152.96
144.73
136.73
129.77
123.20
117.92
113.52
110.06
107.22
106.45
106.29
107.74
109.41
113.16
117.39
122.42
128.24
135.31
143.17
151.95
161.21
171.28
181.71
193.04
204.40
216.39
228.36
240.49
252.85
265.59
277.99
290.75
303.88
317.03
329.66
342.68
355.44
368.32
380.56
392.82
404.93
416.65
427.88
438.69
449.00
458.55
467.56
475.81
483.29
489.98
496.05
500.68
504.69
507.77
510.09
510.74
510.88
509.44
507.26
503.64
499.52
494.38
488.31
481.87
473.87
465.38
455.96
446.17
435.47
424.51
413.17
401.19
389.08
376.70
364.20
351.31
338.82
325.92
313.04
299.76
287.13
274.23
261.49
249.12
236.86
224.89
212.77
201.56
190.34
179.39
169.22
159.66
150.39
142.29
134.27
127.99
121.64
117.14
112.89
109.41
107.24
106.69
106.93
108.28
110.83
115.20
119.33
124.49
130.80
138.28
146.27
155.17
164.57
175.01
185.31
196.67
207.99
220.38
232.10
244.62
257.10
269.73
282.63
295.11
308.41
321.15
334.04
346.69
359.55
372.19
384.57
396.80
408.67
420.01
431.08
441.66
451.71
461.37
470.27
478.52
485.60
492.19
497.58
501.97
505.59
508.53
510.22
510.37
509.96
508.41
505.58
501.72
497.73
492.43
486.39
478.78
471.18
462.13
452.36
442.05
431.72
420.39
408.68
397.06
385.20
372.58
360.21
347.31
334.57
321.40
308.53
295.26
282.49
269.99
257.36
244.74
232.37
220.50
208.77
197.18
185.97
175.53
165.46
155.80
146.92
139.05
131.83
125.27
119.72
114.95
111.35
108.24
107.10
106.43
107.48
109.15
112.50
116.11
121.02
126.67
133.38
140.99
149.48
158.65
168.31
178.87
189.57
200.41
212.26
224.10
236.49
248.59
261.75
274.11
287.14
300.01
313.03
325.81
338.68
351.83
364.32
376.71
389.08
401.18
412.79
424.13
435.21
445.53
455.46
464.85
473.62
481.10
488.19
494.11
499.14
503.00
506.36
508.80
509.96
510.23
509.57
507.77
504.69
500.94
496.17
490.51
483.54
476.33
467.94
458.67
448.89
438.42
427.74
416.01
404.54
392.55
380.44
368.07
355.44
342.68
329.92
317.16
304.14
291.13
278.63
265.73
253.12
240.60
228.49
216.64
204.90
193.70
182.74
172.17
162.26
152.58
144.34
136.34
129.39
123.20
117.78
113.41
109.79
107.35
106.45
106.43
107.87
109.92
113.53
117.66
122.81
129.00
136.22
143.95
152.72
162.11
172.30
182.74
193.83
205.43
217.15
229.14
241.00
253.76
266.37
279.28
291.91
305.43
318.05
331.10
343.57
356.60
368.84
381.47
393.58
405.58
417.04
428.52
439.07
449.53
459.31
468.33
476.73
483.92
491.02
496.55
501.59
505.20
508.42
510.47
510.99
510.37
509.19
506.98
503.26
498.89
494.11
488.18
480.71
472.98
464.20
454.68
444.75
434.04
423.25
411.62
400.29
387.53
375.55
362.77
350.04
337.14
324.24
311.25
298.34
285.58
272.71
260.19
247.82
235.34
223.08
211.22
199.50
188.28
177.85
167.66
158.00
149.24
141.10
133.51
126.95
121.00
116.12
111.59
108.64
106.83
106.56
107.09
109.04
111.72
115.47
119.98
125.38
132.24
139.30
147.83
156.32
166.11
176.17
186.87
198.21
209.93
221.92
234.04
246.67
258.90
271.94
284.41
297.45
309.82
322.96
335.71
348.48
361.24
374.00
386.37
398.36
410.08
421.94
432.89
443.73
453.64
463.57
472.06
479.94
486.90
493.08
498.37
502.35
505.97
508.54
510.22
510.61
509.96
508.16
505.32
501.58
496.82
491.28
484.83
477.75
469.36
460.35
450.68
440.36
429.29
417.69
406.21
394.22
381.86
369.49
356.85
344.23
331.33
318.58
305.57
292.80
280.04
267.29
254.66
242.29
230.17
217.92
206.08
194.47
183.64
172.82
163.03
153.61
145.11
137.25
129.89
123.73
118.16
113.79
110.06
107.47
106.71
106.43
107.87
109.67
113.41
117.39
122.43
128.10
135.18
142.78
151.30
160.70
170.75
181.33
192.40
203.75
215.36
226.94
239.58
251.68
264.72
276.95
290.50
302.97
316.01
328.89
341.77
354.81
367.28
380.06
392.17
404.28
416.14
427.09
438.44
448.47
458.43
467.30
475.81
483.29
489.72
495.66
500.55
504.67
507.52
509.84
510.73
510.49
508.93
506.99
503.39
499.41
493.97
488.32
481.34
473.74
465.13
455.70
446.04
435.21
424.13
412.79
400.92
388.96
376.70
364.07
351.20
338.29
325.66
312.39
299.38
286.62
273.85
261.10
248.73
236.48
224.38
212.39
200.91
189.83
179.00
168.70
159.03
150.00
141.63
133.90
127.59
121.65
116.90
112.88
109.53
106.98
106.44
106.93
108.52
111.09
115.34
119.72
124.87
131.06
138.28
146.27
155.17
164.83
175.14
186.10
197.56
209.29
221.03
233.26
245.62
258.01
270.51
283.53
296.54
309.56
322.19
335.34
347.95
360.73
372.96
385.59
397.71
409.70
421.16
432.38
443.07
453.38
462.80
471.69
479.67
486.77
492.69
498.11
502.61
506.36
509.19
510.74
511.26
510.09
508.29
505.06
501.20
496.70
491.14
484.97
477.61
469.62
460.35
450.94
440.48
429.81
418.45
406.99
395.14
382.75
370.66
357.88
345.38
332.37
319.61
306.85
293.83
280.82
268.32
255.68
242.94
230.56
218.82
207.10
195.51
184.81
174.49
164.44
154.91
146.01
138.15
130.79
124.49
118.82
114.56
111.08
108.12
107.10
106.81
108.39
109.79
113.68
117.25
122.57
128.09
134.93
142.67
150.90
160.20
169.98
180.41
191.52
202.84
214.96
226.82
238.93
251.70
264.31
276.96
289.72
302.59
315.62
327.98
341.14
353.76
366.66
379.15
391.78
403.64
415.50
426.70
437.79
447.97
458.16
467.04
475.69
482.89
489.74
495.14
500.43
504.42
507.78
509.96
510.99
510.87
509.31
507.01
503.90
499.64
494.90
488.82
482.52
474.52
465.89
456.49
446.55
436.11
424.91
413.82
402.21
390.37
377.86
365.62
352.73
339.85
326.83
314.06
301.05
288.30
275.40
263.04
250.52
238.42
226.18
214.45
202.71
191.51
180.41
169.99
160.32
151.41
142.54
134.81
128.08
122.04
116.90
113.01
110.06
107.22
106.71
106.68
108.39
110.44
114.83
119.19
124.49
130.42
137.63
145.75
154.52
164.44
174.36
185.59
196.38
208.02
219.35
231.58
243.83
256.33
268.83
281.73
294.60
307.50
320.52
333.26
346.30
358.91
371.80
383.92
396.04
408.28
419.74
430.97
441.53
451.71
461.25
470.00
478.14
485.22
492.18
497.58
502.24
505.84
508.80
509.96
510.49
509.95
508.42
505.72
502.35
498.11
492.44
486.39
479.02
470.92
462.02
452.47
442.05
431.35
420.12
408.80
396.80
384.96
372.33
359.82
347.05
334.04
321.29
308.39
295.77
282.62
270.26
257.22
244.87
232.36
220.50
208.52
196.92
186.10
175.52
165.48
155.68
147.18
139.04
131.71
125.01
119.72
114.95
111.09
108.12
106.83
106.31
107.22
109.15
112.50
116.63
121.27
127.21
133.63
141.51
149.48
158.91
168.95
179.38
190.49
201.29
213.43
224.87
237.26
249.50
262.26
275.41
287.90
301.20
313.93
327.08
339.85
352.73
365.62
377.86
390.37
402.21
413.82
424.91
435.86
446.42
456.22
465.51
474.14
481.99
488.83
494.76
499.91
504.04
507.13
509.71
510.21
510.64
509.17
507.52
503.78
500.17
495.14
489.48
482.77
475.43
466.92
457.90
447.97
437.54
426.32
414.85
403.12
391.13
378.77
366.40
353.76
341.14
327.98
315.10
302.08
289.32
276.57
263.94
251.31
238.81
226.69
214.69
202.73
191.64
181.05
170.63
160.71
151.55
143.05
135.18
128.35
122.17
117.28
113.01
109.94
107.21
106.71
106.43
107.87
110.44
114.30
118.70
123.98
130.41
137.50
145.49
154.00
163.42
173.45
184.28
195.12
206.85
218.70
230.82
243.18
255.42
268.21
280.94
294.09
306.86
319.99
333.01
345.78
358.79
371.28
383.54
395.65
407.63
418.98
430.06
441.01
451.32
460.73
469.89
477.73
484.97
491.53
496.93
501.48
505.45
508.79
509.97
510.62
510.33
508.68
505.72
502.10
497.73
492.04
486.25
478.76
471.19
462.53
453.38
442.83
432.38
421.15
409.32
397.33
385.07
373.23
360.19
347.98
334.94
322.31
308.92
296.15
283.26
270.65
257.87
245.89
233.13
221.16
209.02
197.69
186.22
176.04
165.72
156.47
147.42
139.57
131.83
125.52
119.84
115.47
111.59
108.51
107.10
106.42
107.36
108.89
111.99
115.86
120.74
126.29
133.01
140.59
149.50
158.38
168.31
178.62
189.31
200.79
212.12
224.51
236.35
249.26
261.61
274.76
287.13
300.55
313.28
326.07
338.56
351.56
364.20
376.71
389.20
401.45
413.17
424.77
435.60
446.18
455.96
465.37
473.74
481.35
488.45
494.49
499.79
503.78
507.39
509.83
510.48
510.76
509.43
507.52
503.78
499.91
495.27
489.59
483.03
475.56
467.56
458.28
448.50
437.78
427.10
415.62
403.89
391.79
379.53
367.29
354.41
341.65
328.89
315.87
302.99
289.83
277.22
264.32
251.82
239.45
227.20
215.36
204.00
192.53
181.86
171.26
161.61
152.33
143.68
136.10
128.86
122.81
117.53
113.01
109.68
107.09
106.44
106.31
107.87
110.05
114.06
118.16
123.72
129.51
136.87
144.84
153.74
162.64
172.96
183.24
194.48
205.55
217.80
229.91
242.54
255.04
267.94
280.30
293.59
305.80
318.98
331.71
344.74
357.39
369.99
382.76
394.36
406.48
418.06
429.55
440.37
450.80
460.61
469.36
477.49
484.70
491.27
496.82
501.59
505.45
508.68
510.09
510.88
510.09
508.68
505.71
502.23
497.85
492.69
486.51
479.55
471.42
462.93
453.51
443.72
433.15
422.19
410.47
398.62
386.10
373.75
360.97
348.22
335.34
322.43
309.56
296.55
283.91
271.15
258.40
246.02
233.64
221.54
209.42
198.34
186.98
176.44
165.99
156.84
147.94
139.70
132.23
125.91
120.10
115.47
111.34
108.65
106.96
106.56
107.22
109.15
112.24
116.25
120.87
126.56
132.86
140.34
148.33
157.74
167.39
177.86
188.93
200.64
212.01
223.74
236.09
248.59
260.84
273.61
286.62
299.63
312.39
325.42
338.29
351.19
363.69
376.32
388.69
400.80
412.53
424.13
435.21
445.78
455.84
465.24
473.76
481.61
488.56
494.63
499.65
504.04
507.13
509.71
510.21
510.64
509.17
507.78
504.16
500.82
495.91
490.51
483.80
476.46
467.95
458.67
448.88
438.30
427.23
415.63
404.15
392.16
379.80
367.43
354.79
342.17
329.01
316.39
303.24
290.62
277.72
264.97
252.21
239.83
227.72
215.48
204.01
192.53
181.85
171.13
161.35
152.07
143.81
135.96
129.27
123.32
118.05
113.29
110.05
107.34
106.33
106.17
108.13
110.31
114.18
118.43
123.59
129.65
136.85
144.59
153.37
162.63
173.21
183.25
194.61
205.93
218.06
229.91
242.28
254.91
267.41
280.31
292.93
306.08
318.96
332.24
344.87
357.77
370.51
382.88
394.88
406.99
418.45
429.56
440.10
450.29
460.09
469.09
477.76
484.96
491.66
497.08
501.32
505.20
508.15
509.96
510.62
510.34
508.80
505.97
502.61
498.49
493.09
487.16
480.05
472.21
463.18
454.03
443.85
433.15
421.81
410.34
398.35
385.99
373.61
360.97
348.61
335.32
322.85
309.55
297.06
284.16
271.53
259.05
246.27
234.43
221.78
210.08
198.33
187.51
176.56
166.51
156.96
148.21
139.82
132.48
125.91
120.10
115.21
111.21
108.64
107.21
106.96
107.74
109.54
112.50
116.23
120.75
126.30
133.12
140.72
148.98
158.00
167.92
177.97
189.07
199.87
211.76
223.20
235.84
247.82
260.46
273.22
286.23
299.25
312.14
325.42
338.29
351.19
363.94
376.44
388.70
400.80
412.52
423.75
434.82
445.52
455.46
464.60
473.62
481.08
488.07
493.85
499.14
503.26
506.48
509.07
510.09
510.49
509.57
507.51
504.56
500.67
496.30
490.37
484.07
476.58
468.21
458.93
449.26
438.69
427.88
416.65
405.18
392.95
380.83
368.19
355.57
342.67
329.92
317.17
304.27
291.39
278.37
265.86
252.98
240.49
228.23
216.38
204.65
193.18
182.36
172.04
162.11
152.98
144.07
136.48
129.38
123.19
117.93
113.66
110.18
107.36
106.18
106.17
107.48
109.67
113.54
117.78
123.07
129.00
135.96
143.82
152.71
162.11
172.31
182.61
194.22
205.28
217.29
229.01
241.51
253.88
266.38
279.28
292.15
305.18
318.20
331.07
343.97
356.73
369.48
381.86
393.98
406.21
417.68
428.91
439.72
450.03
459.58
468.59
477.10
484.45
491.02
496.82
501.32
505.20
508.15
510.48
510.87
510.88
509.30
506.61
502.88
498.35
493.74
487.14
480.73
472.58
464.34
454.55
444.75
433.92
422.98
410.98
399.52
387.13
374.90
362.27
349.37
336.63
323.72
310.71
297.59
284.94
272.43
259.69
247.18
235.07
222.95
210.96
199.50
188.02
177.47
167.27
157.87
148.72
140.73
133.25
126.81
120.87
116.25
111.73
108.91
106.94
106.18
106.59
108.50
111.73
115.08
120.25
125.50
132.24
139.43
147.94
156.85
166.63
176.94
187.78
198.97
210.84
222.44
234.94
247.17
259.69
271.93
285.07
297.95
310.98
323.87
336.88
349.77
362.26
374.90
387.14
399.65
411.23
422.72
433.79
444.23
454.30
463.82
472.71
480.59
487.92
494.11
499.41
503.51
507.01
509.45
510.47
510.76
509.44
507.90
504.67
500.94
496.44
491.01
484.45
477.11
468.71
459.58
449.65
439.59
428.64
417.31
405.70
393.84
381.21
368.97
355.94
343.47
330.42
317.81
304.54
292.03
278.87
266.14
253.10
241.00
228.23
216.64
205.16
194.09
183.14
172.82
162.76
153.10
144.21
136.47
129.12
123.34
117.90
114.06
110.05
107.87
106.56
106.56
107.62
109.92
113.53
117.40
122.69
128.47
135.71
143.30
152.33
161.47
171.66
182.35
193.18
204.66
216.24
228.37
240.22
252.85
265.61
278.37
291.39
304.27
317.42
330.04
342.94
355.44
368.07
380.70
392.68
404.81
416.39
427.86
438.57
449.00
458.93
467.95
476.46
483.80
490.51
496.17
501.20
505.07
508.16
510.22
510.74
510.75
509.04
506.88
503.13
499.40
494.11
488.19
481.35
473.49
464.99
455.57
445.53
434.84
423.86
412.14
400.30
388.16
375.93
363.30
350.66
337.79
324.77
311.74
299.12
286.09
273.74
260.97
248.99
236.22
224.00
211.99
200.26
189.07
178.35
168.31
158.39
149.62
140.84
133.53
126.27
121.15
115.58
112.00
108.76
107.21
106.32
106.97
108.50
111.61
114.81
119.87
125.38
132.09
139.32
147.42
156.45
165.60
175.79
186.48
197.56
209.17
221.02
233.52
245.76
258.40
271.15
283.91
296.80
309.68
322.70
335.47
348.22
360.85
373.48
385.72
397.98
409.82
421.42
432.64
442.94
453.27
462.53
471.30
479.17
486.50
492.95
498.24
503.00
506.48
508.81
509.96
510.48
509.57
508.04
504.93
501.47
496.81
491.27
484.46
477.23
469.23
460.22
450.42
440.37
429.41
418.20
406.34
394.49
382.24
370.13
357.50
344.75
331.98
318.96
305.83
293.06
280.16
267.81
255.16
242.94
230.82
218.43
206.86
194.71
184.17
173.45
163.54
154.40
145.74
138.15
130.54
124.24
118.95
114.30
110.71
107.86
106.83
106.56
107.61
109.54
112.89
117.01
122.04
127.71
134.80
142.52
151.30
160.44
170.63
180.81
191.90
203.10
214.96
226.82
239.19
252.08
264.70
277.61
290.23
303.37
316.12
328.89
341.91
354.53
367.30
379.53
392.04
403.64
415.76
426.82
437.81
447.97
457.89
466.80
475.17
483.02
489.86
495.79
500.94
504.81
508.04
510.21
510.74
510.76
509.17
507.40
503.51
499.53
494.63
488.68
481.88
473.88
465.75
456.48
446.56
436.25
425.29
413.82
401.83
389.72
377.09
364.59
351.95
338.94
326.32
313.54
300.67
287.66
275.01
262.13
249.38
236.86
224.89
212.77
201.56
190.34
179.91
169.21
159.82
150.50
142.28
134.03
127.59
121.51
116.50
111.99
109.03
106.44
106.19
106.16
108.14
110.44
114.82
119.33
124.87
131.19
138.41
146.78
155.28
164.97
175.00
186.10
196.92
208.52
220.50
232.36
244.87
257.22
270.26
282.62
295.52
308.53
321.40
334.31
347.19
360.20
372.58
385.21
397.18
409.19
420.51
431.73
442.05
452.35
461.75
470.54
478.64
485.86
492.19
497.58
502.23
505.72
508.54
510.22
510.61
509.96
508.16
505.32
501.58
497.33
491.79
485.75
478.64
470.65
461.90
451.96
442.19
430.95
420.40
408.01
396.70
383.90
371.69
358.79
345.89
333.16
320.11
307.50
294.23
281.46
268.70
255.95
243.57
231.33
219.48
207.61
196.41
185.19
174.75
164.83
155.29
146.54
138.40
131.32
124.87
119.46
114.96
111.47
108.24
106.98
106.16
107.36
109.15
112.63
116.90
121.65
127.84
134.02
141.64
150.00
159.28
169.22
179.77
190.99
202.08
213.93
225.78
238.04
250.28
263.16
275.92
288.68
301.44
314.45
327.47
339.97
352.87
365.22
377.87
389.84
402.35
413.95
425.56
436.63
447.20
456.87
466.15
474.52
482.26
488.95
495.01
500.17
504.42
507.52
509.84
510.73
510.49
509.19
507.38
504.04
500.18
495.26
489.74
482.51
475.04
466.27
457.13
446.94
436.51
425.55
413.95
402.36
389.96
378.13
365.22
352.87
339.97
327.21
314.33
301.18
288.56
275.66
263.16
250.79
238.28
226.32
214.18
202.59
191.25
180.41
169.99
160.32
150.90
142.55
134.66
127.97
121.79
116.75
112.76
109.15
106.71
106.06
106.29
107.87
110.32
114.31
118.69
124.10
130.15
137.52
145.36
154.65
163.92
174.12
184.81
196.14
207.49
219.48
231.71
244.48
256.84
269.74
282.24
295.38
308.00
320.91
333.79
346.80
359.70
372.06
384.83
396.80
408.93
420.13
431.35
442.04
452.35
461.51
470.80
478.50
485.88
491.79
497.72
501.97
505.97
508.92
510.36
510.62
510.21
508.41
505.34
501.97
497.84
492.31
486.13
479.02
470.92
462.02
452.47
442.05
431.35
419.86
408.42
396.41
384.31
371.82
359.29
346.67
333.66
320.76
307.89
294.87
281.84
269.23
256.45
243.97
231.85
219.97
208.40
196.66
185.58
175.01
164.81
155.42
146.40
138.41
131.32
124.86
119.08
114.32
110.82
107.99
106.71
106.17
107.75
109.40
113.03
116.49
121.66
127.58
134.28
142.03
150.26
160.06
169.45
179.92
190.74
202.06
213.55
225.40
237.77
250.15
263.16
275.78
288.83
301.56
314.71
327.22
339.97
352.86
365.35
377.74
389.85
402.35
413.94
425.43
436.63
447.06
457.01
465.74
474.79
482.12
489.22
495.15
500.29
504.29
507.39
509.57
510.36
510.49
509.30
507.01
503.91
499.77
495.16
488.82
482.52
474.26
466.02
456.60
446.82
436.25
425.29
414.08
402.47
390.23
378.01
365.48
352.60
339.73
326.42
313.83
300.53
287.91
274.90
262.26
249.76
237.13
225.27
213.15
201.57
190.08
179.78
169.33
159.68
150.53
142.40
134.79
127.71
121.53
116.63
112.49
109.29
106.57
106.59
106.80
108.27
110.59
114.68
119.20
124.24
130.54
137.90
145.88
154.77
164.19
174.50
185.45
196.79
208.26
220.25
232.61
244.99
257.37
270.12
282.88
295.52
308.27
321.02
333.92
346.54
359.70
372.06
384.83
396.80
408.67
420.27
431.20
441.93
451.84
461.37
470.41
478.37
486.00
492.18
497.85
502.23
505.71
508.42
509.71
510.23
509.83
508.15
505.34
501.97
497.32
492.07
485.07
478.27
469.74
461.25
451.45
441.14
430.32
418.97
406.99
395.14
383.01
370.52
358.03
345.24
332.51
319.61
306.71
293.98
281.19
268.70
255.96
243.70
231.58
219.48
207.87
196.53
185.46
174.88
164.83
155.17
146.01
137.90
130.67
124.22
118.70
114.56
110.94
108.27
106.70
106.82
107.35
109.42
112.37
116.76
121.51
127.59
134.29
142.40
150.77
159.94
169.72
180.29
191.25
202.71
214.19
226.32
238.27
250.93
263.03
276.18
289.06
302.08
315.10
328.24
341.00
353.90
366.77
379.15
391.15
403.24
414.84
425.81
436.63
447.20
457.13
466.27
474.79
482.64
489.33
495.54
500.16
504.56
507.51
509.83
510.61
510.61
509.31
507.01
503.64
499.52
494.38
488.57
481.73
474.27
465.62
456.49
446.82
436.10
425.05
413.30
401.70
389.34
377.09
364.72
351.96
339.20
326.18
313.30
300.14
287.78
274.49
262.02
248.98
236.87
224.11
212.52
200.78
189.84
179.00
168.95
159.29
150.13
142.02
134.53
127.71
121.79
116.75
112.76
109.41
107.09
106.45
106.43
108.13
110.56
114.56
119.08
124.62
131.06
138.28
146.53
155.29
164.84
175.14
185.83
196.80
208.26
220.24
232.49
244.73
257.37
270.12
283.13
295.90
309.18
321.92
335.22
347.69
360.73
372.96
385.34
397.58
409.43
421.04
432.12
442.81
452.74
462.28
471.03
479.17
486.25
492.69
498.11
502.61
506.10
509.07
510.47
511.14
510.34
508.80
505.72
501.97
497.46
491.92
485.74
478.38
470.54
461.24
451.85
441.13
430.58
419.36
407.76
395.92
383.66
371.42
358.53
345.78
332.76
319.87
306.59
293.71
280.81
268.06
255.56
243.05
230.82
218.57
207.10
195.50
184.43
173.85
164.31
154.64
146.16
138.14
131.06
124.49
119.07
114.31
110.45
107.99
106.82
106.57
107.48
110.06
113.26
117.53
122.30
128.36
135.18
142.78
151.04
160.06
169.98
180.03
190.87
202.06
213.93
225.79
238.16
250.53
263.68
275.90
289.09
301.68
314.97
327.48
340.61
353.63
366.40
379.15
391.26
403.39
414.97
426.20
437.16
447.18
457.01
465.88
474.38
481.88
488.69
495.01
499.91
504.04
507.39
509.83
510.74
510.88
509.69
507.64
504.04
500.17
495.14
489.22
482.64
474.90
466.67
457.11
447.47
436.89
425.93
414.47
402.86
390.87
378.65
365.87
353.51
340.35
327.48
314.45
301.43
288.56
275.40
262.78
250.14
237.77
225.41
213.67
202.32
190.99
180.30
169.85
160.20
150.77
142.66
134.41
127.86
121.64
116.76
111.99
109.03
106.44
106.19
106.16
108.14
110.70
114.95
119.08
124.24
130.67
137.89
145.89
154.91
164.83
174.88
185.71
196.91
208.52
220.00
232.23
244.34
256.85
269.21
282.11
294.87
307.88
320.64
333.66
346.54
359.44
372.19
384.43
396.57
408.14
419.87
430.96
441.53
451.98
461.50
470.53
478.78
485.72
492.46
497.70
502.75
505.84
508.81
510.34
511.13
510.09
508.69
505.83
502.49
497.85
492.69
486.51
479.29
471.30
462.40
453.00
442.56
432.00
420.77
409.31
397.33
385.34
372.96
360.47
347.57
334.69
321.67
308.65
295.52
282.75
269.85
257.25
244.73
232.87
220.89
209.04
197.57
186.48
175.77
165.73
156.06
147.57
139.43
132.35
125.39
119.99
115.33
111.73
108.51
107.22
106.69
107.48
108.89
112.12
115.98
120.75
126.56
133.25
140.99
149.36
158.90
168.69
179.27
190.34
201.68
213.04
224.76
237.25
249.49
261.89
274.90
288.02
300.93
313.56
326.57
339.46
351.69
364.73
376.94
389.61
401.57
413.55
424.78
435.60
446.17
456.09
465.24
474.01
481.48
488.45
494.36
499.52
503.65
506.87
509.71
510.21
510.64
509.17
507.52
503.78
500.17
495.14
489.48
482.77
475.17
466.80
457.63
447.85
437.28
426.32
414.85
402.86
390.75
378.38
365.75
353.25
340.61
327.60
314.72
301.56
288.81
275.66
263.16
250.53
238.16
226.05
214.06
202.59
191.12
180.30
170.24
160.43
151.31
142.66
135.44
128.09
122.05
116.49
112.64
109.14
106.71
106.07
106.16
108.27
110.17
114.71
118.68
124.37
130.41
137.63
145.51
154.52
163.92
173.99
184.54
196.01
207.23
219.22
231.58
243.95
256.34
269.09
282.10
295.12
307.75
321.17
333.90
347.20
359.43
372.46
384.43
396.81
408.66
420.13
431.36
442.16
452.35
461.64
470.39
478.78
485.86
492.06
497.73
502.34
505.97
508.81
510.47
510.88
509.96
508.41
505.32
501.59
497.20
491.92
485.48
478.52
470.14
461.52
451.82
441.66
430.97
419.86
408.54
396.42
384.31
371.81
359.17
346.16
333.54
320.50
307.76
294.87
282.23
269.62
257.10
244.99
232.37
220.51
208.63
197.31
185.96
175.79
165.60
156.20
147.04
138.93
131.44
124.87
119.34
114.69
110.83
108.26
106.69
106.45
107.09
109.41
112.50
116.37
121.14
126.94
133.50
140.99
149.36
158.90
168.95
179.39
190.61
201.81
213.55
225.14
237.39
250.02
262.64
275.55
288.42
301.18
314.47
326.80
339.99
352.21
365.49
377.47
389.99
401.96
414.08
425.55
436.63
447.21
457.25
466.27
474.92
482.50
489.48
495.41
500.42
504.82
507.63
510.10
510.74
510.61
509.45
507.12
504.17
499.78
495.28
489.07
482.52
474.52
466.15
456.61
446.82
436.24
425.42
413.95
402.48
390.49
378.38
365.75
353.25
340.35
327.48
314.45
301.69
288.94
276.05
263.81
251.04
238.95
226.55
214.96
203.11
191.77
180.94
170.36
160.58
150.91
142.67
134.92
127.97
122.05
117.13
113.15
109.54
107.09
106.58
106.42
108.14
110.70
114.69
119.22
124.61
130.80
137.91
146.00
155.03
164.19
174.50
184.93
196.02
207.48
219.47
231.34
243.71
256.58
269.08
281.99
294.47
308.02
320.50
333.80
346.28
359.44
371.93
384.31
396.55
408.40
420.01
431.09
441.78
451.97
461.37
470.01
478.40
485.33
492.07
497.32
502.49
505.84
508.81
510.09
510.75
509.69
508.29
505.19
502.11
497.32
492.19
485.60
478.52
470.27
461.63
451.84
441.93
430.95
419.89
407.76
395.90
383.79
371.28
358.80
346.42
333.52
320.79
307.23
294.62
281.45
268.70
255.96
243.70
231.58
219.74
207.48
196.55
185.30
175.27
164.96
155.68
146.92
138.66
131.32
124.62
119.08
114.31
110.70
107.99
106.83
106.44
107.36
109.41
112.49
116.50
121.27
127.33
134.15
141.75
150.53
159.79
169.99
180.43
191.37
202.59
214.06
226.05
238.42
250.91
263.55
276.57
289.18
302.23
314.96
328.12
340.62
353.63
366.39
379.03
391.01
403.39
415.22
426.58
437.29
447.97
457.63
466.67
474.90
482.64
489.48
495.52
500.56
504.69
507.89
510.36
510.60
511.02
509.43
507.26
503.65
499.38
494.51
488.56
481.73
474.02
465.62
456.48
446.43
435.72
425.04
413.55
401.83
389.47
377.09
364.32
351.45
338.55
325.80
312.79
300.02
287.00
274.12
261.48
248.85
236.88
224.87
213.29
201.44
190.60
179.64
169.22
159.16
150.53
142.39
134.41
127.87
122.02
117.40
112.64
109.54
106.83
106.45
106.41
108.14
110.71
115.07
119.85
124.74
131.33
138.40
146.78
155.55
165.22
175.53
186.48
197.56
208.91
220.63
232.87
244.99
257.63
270.50
283.52
296.55
309.94
322.57
335.87
348.20
361.51
373.21
385.86
397.71
409.69
421.04
432.12
442.81
453.00
462.40
471.30
479.29
486.51
492.95
498.23
502.62
506.36
508.92
510.49
510.48
509.84
507.77
504.93
500.94
496.44
491.01
484.70
477.23
469.24
460.60
450.55
440.77
429.65
418.73
406.73
395.00
382.77
370.25
358.01
344.87
332.25
319.08
306.34
292.93
280.31
267.41
254.91
242.29
229.91
218.06
206.19
194.99
183.90
173.47
163.41
153.87
145.11
136.99
130.03
123.59
118.57
114.04
110.71
107.86
107.09
106.69
107.87
109.67
113.15
117.27
122.16
127.98
134.93
143.04
151.42
160.71
170.75
181.32
192.28
203.75
215.74
227.59
240.10
252.33
265.10
277.46
290.62
303.50
316.52
329.28
342.29
355.04
367.69
380.18
392.55
404.54
416.27
427.61
438.31
448.62
458.28
467.18
475.68
482.89
490.01
495.64
501.08
504.55
508.29
510.33
511.01
510.88
509.43
507.14
503.39
499.52
494.12
488.19
481.08
473.50
464.85
455.84
445.92
435.34
424.39
412.78
400.80
388.70
376.18
363.82
350.66
338.04
324.89
312.01
298.99
286.23
273.22
260.46
248.08
235.71
223.60
211.74
200.53
189.05
178.50
168.04
158.52
149.36
141.11
133.51
126.94
121.13
116.25
111.99
109.29
107.08
106.45
106.70
108.64
111.21
114.96
119.46
125.13
131.70
139.05
147.31
156.32
166.11
176.17
186.87
198.21
209.67
221.80
233.77
246.54
258.90
272.06
284.68
297.84
310.45
323.61
336.23
349.39
362.00
374.65
387.02
399.12
410.99
422.19
433.41
443.85
454.03
463.18
471.95
479.93
487.15
493.34
498.62
503.26
506.74
509.45
510.48
510.88
509.95
508.03
504.94
501.07
496.70
491.01
484.70
476.97
468.86
459.69
450.17
439.72
429.03
417.95
406.34
394.23
381.86
369.48
356.73
343.97
330.82
318.07
304.65
291.91
279.01
266.38
253.89
241.38
229.40
217.15
205.43
194.09
183.13
173.47
163.13
154.29
145.23
137.50
129.65
123.19
117.92
113.53
109.92
107.62
106.56
106.56
107.62
109.92
113.53
117.66
122.81
129.00
136.22
143.95
152.72
161.86
172.18
182.48
193.45
205.05
216.88
229.02
240.74
254.02
266.23
279.42
291.76
305.05
317.55
330.56
343.32
356.09
368.84
381.47
393.33
405.45
417.03
428.26
438.96
449.38
459.19
468.21
476.58
484.32
490.76
496.70
501.32
505.32
508.16
509.96
510.61
510.22
508.80
506.10
502.62
498.49
493.08
486.78
479.93
472.06
463.32
453.64
443.98
433.14
422.07
410.47
398.48
386.24
373.86
360.97
348.37
335.58
322.96
309.69
296.93
284.16
271.41
258.78
246.41
234.29
222.05
210.20
198.59
187.77
176.94
166.90
157.61
148.71
140.35
132.61
126.16
119.84
115.09
111.20
108.38
107.10
106.55
107.49
109.15
112.23
115.86
120.75
126.67
133.39
140.34
149.11
157.72
167.67
177.71
188.93
200.01
211.87
223.97
236.10
248.48
261.48
274.23
286.89
299.51
312.39
325.28
337.64
350.69
363.16
375.93
388.05
400.15
411.76
423.10
434.17
444.75
454.81
464.21
472.98
480.45
487.42
493.59
498.87
503.27
506.87
509.83
510.74
510.88
509.69
507.64
504.29
500.29
495.66
489.98
483.42
475.82
467.56
458.79
448.74
438.58
427.73
416.78
404.93
392.95
380.83
368.45
355.44
342.82
329.77
317.04
303.63
291.00
277.98
265.22
252.60
240.48
228.23
216.39
204.78
193.44
182.36
171.78
161.99
152.45
143.82
135.70
128.88
122.80
117.66
113.03
109.80
107.08
106.19
105.78
107.49
109.41
113.67
117.51
122.96
128.86
137.25
144.83
153.78
163.02
173.32
183.52
194.21
205.82
217.54
229.52
241.51
254.14
266.76
279.93
292.67
306.08
318.70
331.86
344.48
357.38
369.87
382.50
394.87
406.73
418.60
429.79
440.63
450.42
460.22
468.97
477.36
484.57
491.28
496.82
501.32
505.20
507.89
509.84
510.36
510.22
508.80
506.36
502.75
498.50
493.08
486.77
479.55
471.68
463.05
453.52
443.72
432.63
421.57
409.55
398.10
385.46
373.23
360.59
348.09
335.33
322.45
309.95
297.05
284.43
271.53
259.04
246.41
234.29
221.79
210.08
198.32
187.13
176.18
166.24
156.84
147.95
139.82
132.48
125.91
120.10
115.47
111.34
108.91
107.08
106.83
107.35
109.15
112.12
115.72
120.89
126.41
133.39
140.85
149.36
158.26
168.18
178.35
189.46
200.78
212.64
224.38
236.48
248.99
261.22
273.86
286.88
299.75
312.92
325.92
338.94
351.84
364.45
376.96
389.08
401.18
413.05
424.51
435.60
446.18
456.22
465.24
473.89
481.47
488.71
494.50
499.91
503.78
507.26
509.56
510.36
510.24
509.30
507.51
503.78
500.18
495.52
489.86
483.03
475.55
467.18
457.90
448.23
437.66
426.85
415.36
404.03
391.39
379.30
366.51
353.89
340.88
328.24
315.49
302.48
289.97
277.07
264.46
251.95
239.83
227.47
215.48
204.00
192.66
181.71
171.40
161.47
152.07
143.17
135.18
128.48
122.29
117.29
113.02
109.79
107.22
106.18
106.56
107.74
110.71
114.16
118.83
123.71
130.03
137.12
144.97
153.75
162.90
173.33
183.76
194.99
206.32
218.45
230.29
242.54
255.17
267.79
280.70
293.84
306.97
319.88
332.76
345.77
358.15
370.78
383.01
395.14
406.99
418.71
429.94
440.75
451.06
460.87
469.74
478.14
485.48
492.04
497.47
501.97
505.71
508.42
509.71
510.49
509.95
508.42
505.72
502.35
497.85
492.57
486.24
479.17
471.04
462.66
452.87
442.96
431.98
421.17
409.17
397.33
385.21
372.70
359.83
347.07
333.90
321.30
307.87
295.39
282.24
269.99
257.10
244.62
232.36
220.50
208.52
196.92
186.10
175.52
165.48
155.94
147.30
139.31
131.83
125.52
119.84
115.21
111.21
108.12
106.97
106.16
107.37
109.02
112.50
116.50
121.25
127.21
133.90
141.49
149.89
159.02
168.95
179.01
190.22
201.41
213.17
224.88
237.39
249.76
262.51
275.28
288.30
301.18
314.33
326.95
340.11
352.98
365.75
378.13
390.49
402.47
414.08
425.29
436.25
446.82
456.60
465.77
473.88
481.61
488.44
494.36
499.53
504.04
507.25
509.98
510.33
510.89
508.91
507.14
503.64
499.90
494.77
488.96
482.63
475.03
466.80
457.51
448.12
437.39
426.20
414.73
402.72
390.89
377.98
365.88
353.24
340.35
327.75
314.70
301.96
288.94
275.78
263.31
250.39
238.30
225.53
214.19
202.19
190.88
180.03
169.97
159.94
150.53
142.40
134.79
127.97
121.66
116.90
112.61
109.54
106.32
105.95
106.03
107.74
109.94
114.05
118.69
124.10
130.15
137.52
145.88
154.90
164.71
174.49
185.85
196.38
208.27
219.47
231.59
244.35
256.56
269.51
282.10
295.25
308.02
320.50
333.80
346.28
359.70
372.06
384.83
396.80
408.93
419.87
431.23
441.51
452.10
461.24
470.28
478.52
485.59
492.33
497.45
502.24
505.72
508.53
510.10
510.36
509.96
508.16
505.32
501.32
496.95
491.39
485.10
477.88
470.00
460.99
451.33
440.88
430.45
418.83
407.51
395.13
383.41
370.63
358.03
344.87
332.50
319.34
306.48
293.58
281.07
268.06
255.56
243.05
230.82
218.83
207.22
195.77
184.81
174.23
164.32
154.64
146.14
137.76
130.68
124.48
119.07
114.58
110.96
108.12
106.71
106.29
107.22
109.16
112.88
117.01
121.79
127.71
134.79
142.40
150.53
160.20
170.09
180.56
191.38
202.84
214.58
226.43
238.80
250.93
264.07
276.80
289.86
302.60
315.87
328.77
341.38
354.28
366.78
379.67
391.65
403.78
415.36
426.58
437.41
447.70
457.78
466.40
475.04
482.37
489.34
494.88
500.44
504.54
507.78
510.10
510.85
510.76
509.31
507.12
503.53
499.26
494.36
487.93
481.23
473.48
464.99
455.58
445.65
435.35
424.25
412.79
401.07
388.93
376.84
363.81
351.19
338.17
325.40
312.65
299.51
287.14
274.10
261.63
248.85
236.74
224.63
212.77
201.30
189.96
179.00
168.57
158.90
149.74
141.64
134.28
127.45
121.93
116.86
112.77
109.16
106.56
106.33
106.15
108.14
110.71
115.07
119.60
124.62
131.06
138.28
146.01
155.30
164.68
175.28
185.45
197.31
208.63
220.77
232.49
245.25
257.48
270.26
282.62
295.77
308.39
321.81
334.29
347.59
360.32
373.22
385.35
397.45
409.31
420.65
431.73
442.43
452.49
462.28
470.77
479.05
486.24
492.95
498.24
502.75
506.36
508.80
510.22
510.36
509.84
508.15
505.07
501.47
496.93
491.54
485.10
477.73
469.77
460.46
450.94
440.37
429.67
418.33
406.61
394.62
382.50
370.13
357.24
344.62
331.46
318.71
305.56
293.06
279.92
267.56
254.77
242.42
230.17
218.05
206.86
195.09
184.30
173.21
163.14
153.62
144.59
136.87
129.77
123.84
118.17
114.06
110.29
107.62
106.45
106.16
107.63
109.40
113.41
117.14
122.69
128.21
135.33
142.65
151.82
160.57
170.90
181.19
192.28
203.36
215.09
227.59
239.70
252.48
264.83
278.11
290.73
303.25
316.15
329.26
342.16
354.42
367.43
379.91
392.05
403.64
415.49
426.83
437.66
447.98
457.90
466.91
475.30
482.51
489.48
495.40
500.29
504.30
507.25
509.71
510.09
510.11
508.41
506.49
502.48
498.89
493.32
487.94
480.83
473.36
464.73
455.31
445.40
434.31
423.36
412.01
399.89
388.19
375.40
363.32
350.01
337.65
324.51
312.01
298.86
286.37
273.07
260.60
247.82
235.71
223.60
211.74
200.27
188.93
178.23
167.92
158.52
149.23
141.26
133.63
126.94
120.76
115.72
111.99
108.50
107.10
106.17
107.36
108.62
111.74
115.34
120.36
125.65
132.10
139.43
147.56
156.45
166.24
176.82
187.64
198.98
210.84
222.68
234.94
247.18
260.07
272.82
285.33
298.49
310.96
324.40
336.73
350.04
362.40
375.03
387.27
399.12
410.99
422.19
433.67
443.97
454.30
463.56
472.59
480.32
487.28
493.60
498.61
503.14
506.22
509.07
510.09
510.23
509.19
506.86
504.05
499.77
495.54
489.47
483.55
475.67
467.70
458.40
449.14
438.43
427.62
416.27
404.53
392.17
380.06
367.80
355.31
342.43
329.66
317.03
303.62
290.89
277.84
265.22
252.47
239.95
227.73
215.74
204.38
192.80
181.98
171.52
161.87
152.20
143.82
135.96
129.00
122.81
117.40
113.15
109.53
106.97
105.80
106.17
107.61
109.94
113.67
118.04
123.33
128.86
136.10
143.94
152.97
162.12
172.43
183.13
194.60
205.67
217.94
229.77
242.42
254.40
267.29
279.78
292.94
305.68
318.85
331.47
344.87
357.23
370.02
382.37
394.87
406.35
417.95
429.02
440.11
449.90
459.85
468.71
477.10
484.07
490.63
496.43
501.20
504.81
507.78
509.57
510.22
509.58
508.16
505.71
502.23
497.59
492.06
485.99
478.89
470.66
462.29
452.72
442.84
432.11
421.15
409.84
397.70
385.86
373.22
360.32
347.85
334.67
322.20
308.78
296.15
282.88
270.00
257.36
244.99
232.63
220.63
208.90
197.44
186.22
175.79
165.86
156.58
147.95
139.57
132.36
125.64
119.98
114.96
111.21
108.64
106.70
106.45
106.82
109.16
111.72
115.61
120.89
126.52
133.54
140.98
150.00
158.91
168.69
179.00
189.84
201.03
212.90
224.50
237.01
249.49
262.13
274.64
287.65
300.40
313.30
326.18
339.20
351.71
364.85
376.94
389.48
401.05
413.05
424.13
435.46
445.91
455.85
465.24
473.74
481.49
488.04
494.25
499.00
503.52
506.22
509.20
509.94
510.64
508.92
507.52
504.02
500.17
495.15
489.86
482.89
475.57
467.03
458.16
447.98
437.92
426.96
415.50
403.64
391.78
379.41
366.78
354.03
341.78
328.49
316.16
302.83
290.75
277.20
264.84
252.20
239.83
227.47
215.74
204.13
192.67
181.71
171.39
161.61
152.20
143.57
136.09
128.85
122.70
117.14
113.14
109.67
106.83
106.33
106.42
108.13
110.06
113.93
118.04
123.33
129.38
136.61
144.60
153.48
163.02
172.82
183.39
194.72
206.19
217.81
229.91
242.53
254.91
267.68
280.56
293.71
306.59
319.61
332.63
345.51
358.41
370.90
383.27
395.27
407.25
418.71
429.94
440.75
451.06
460.87
469.74
477.88
485.35
491.52
497.22
501.70
505.71
508.43
510.09
510.61
510.10
508.27
505.59
501.97
497.58
492.19
485.86
478.90
470.66
462.02
452.22
441.93
431.08
420.00
408.29
396.42
384.56
372.19
359.30
346.69
333.52
320.78
307.62
294.87
282.11
269.47
256.72
244.22
231.96
219.86
207.88
196.53
185.45
174.50
164.70
155.28
146.54
138.41
131.44
125.13
119.46
115.21
111.08
108.78
107.07
106.83
107.36
109.53
112.76
116.37
121.14
127.19
133.88
141.64
149.88
159.29
169.21
179.64
190.35
201.95
213.79
225.92
237.90
250.53
263.16
275.92
288.42
301.58
314.31
327.35
339.71
352.86
365.35
378.00
389.98
402.10
413.81
424.90
436.00
446.41
456.74
465.89
474.52
482.26
488.95
495.01
499.65
504.17
507.24
509.98
510.60
510.62
509.19
506.73
503.40
498.75
494.51
488.42
482.14
474.26
466.15
456.87
446.94
436.25
425.42
413.94
402.36
390.23
378.38
366.01
353.12
340.24
327.47
314.44
301.32
288.42
275.92
263.16
250.79
238.28
226.06
214.06
202.32
191.13
179.90
169.87
160.05
151.03
142.67
135.05
128.36
122.17
117.01
112.76
109.41
106.83
106.33
106.42
108.39
110.44
114.58
119.07
124.22
130.56
137.23
145.64
153.99
163.67
173.72
184.54
195.77
207.23
218.95
231.34
243.43
256.21
268.83
282.36
294.73
308.03
320.62
333.80
346.16
359.17
372.07
384.17
396.57
408.40
420.00
430.97
441.53
451.97
461.63
470.39
478.53
485.86
492.56
497.85
502.37
506.36
508.92
509.97
510.49
509.43
508.31
504.79
502.00
497.06
491.92
485.35
478.25
470.27
461.64
451.70
441.81
430.30
419.63
407.23
395.79
383.66
371.54
358.54
346.04
333.38
320.26
307.25
294.60
281.72
268.71
255.81
243.19
231.07
218.94
207.63
195.88
185.59
174.61
164.70
154.91
146.27
138.28
130.80
124.24
118.95
114.30
110.71
107.86
106.83
106.56
107.61
109.29
112.77
116.74
121.92
127.19
134.42
141.87
150.53
159.41
169.34
180.17
191.10
202.60
214.19
226.69
238.80
250.93
263.55
276.55
289.06
301.97
314.70
327.99
340.35
353.51
365.87
378.65
390.87
403.12
414.85
426.06
436.90
447.20
456.86
466.02
474.52
482.38
489.22
495.14
500.17
504.04
507.39
509.57
510.36
510.23
509.18
506.74
503.53
499.38
494.38
488.45
481.47
473.89
465.24
456.22
446.18
435.60
424.51
413.05
400.92
388.96
376.44
363.94
351.19
338.55
325.80
312.79
300.02
287.00
274.12
261.48
248.85
236.37
224.11
212.51
200.65
189.58
179.00
168.95
159.03
149.75
141.63
133.88
127.21
121.27
116.63
112.50
109.41
106.57
106.46
106.53
108.40
110.71
114.81
119.73
124.73
131.33
138.41
146.91
155.80
165.22
175.53
186.48
197.56
208.91
220.63
232.87
244.99
257.37
270.38
283.26
296.17
309.04
322.05
334.69
347.45
360.20
372.84
385.34
397.45
409.58
421.15
432.64
442.95
453.39
462.53
471.44
478.76
486.00
492.30
497.84
502.24
505.84
508.80
509.96
510.23
509.31
507.90
504.80
501.21
496.56
491.27
484.70
477.49
469.10
460.49
450.79
440.37
429.56
418.44
407.12
394.75
382.64
370.39
357.49
344.62
331.72
319.22
306.21
293.20
280.69
267.53
255.06
242.40
230.43
217.93
206.46
195.11
184.03
173.21
163.67
154.25
145.76
137.50
130.94
124.35
118.96
114.05
110.70
107.99
106.32
106.45
107.46
109.94
112.50
117.15
121.89
128.10
134.41
142.67
151.15
160.58
170.37
181.06
192.28
203.49
215.61
227.32
239.98
252.07
265.10
277.72
290.74
303.51
316.52
329.27
342.17
354.79
367.69
379.92
392.69
404.40
416.15
427.35
438.30
448.75
458.14
467.45
475.81
483.15
489.75
495.52
500.55
504.56
507.63
510.10
510.74
510.61
508.93
506.61
502.99
498.50
493.60
487.65
480.85
472.85
464.47
454.81
445.01
434.04
423.25
411.62
400.03
387.67
375.15
363.05
350.01
337.41
324.51
311.49
298.74
285.70
273.09
259.95
247.96
235.18
223.36
211.47
200.53
189.07
178.88
168.42
158.53
149.36
141.10
133.39
126.68
121.13
115.99
112.12
108.88
107.36
106.17
107.10
108.50
111.73
115.34
119.85
125.52
131.82
139.44
147.16
156.72
166.10
176.69
186.99
198.47
209.93
221.66
233.91
246.40
259.04
271.55
284.81
297.95
310.72
323.75
336.61
349.39
361.62
374.00
386.50
398.73
410.73
422.21
433.54
444.10
454.03
463.43
472.07
479.94
487.15
493.08
498.12
502.61
506.09
508.43
509.96
510.34
509.20
507.39
504.66
500.82
496.18
491.01
484.45
477.36
468.84
460.11
450.15
439.98
428.91
417.68
405.96
394.11
381.46
369.50
356.32
344.11
330.82
318.20
305.18
292.41
279.40
266.39
254.14
241.62
229.41
217.54
205.93
194.61
183.51
173.33
162.90
153.75
145.23
137.25
129.78
123.84
118.42
114.32
110.43
108.27
106.96
106.94
107.87
109.67
113.15
117.27
122.42
128.36
135.58
143.56
152.07
161.35
171.13
181.85
192.53
204.27
215.86
228.11
240.48
252.72
265.75
278.22
291.27
304.14
317.28
330.19
342.81
355.95
368.45
380.83
392.95
405.18
416.65
427.88
438.95
449.38
459.20
468.33
476.84
484.32
490.50
496.57
501.05
504.94
507.52
509.83
510.34
510.11
508.66
506.61
502.75
498.76
493.46
487.42
480.32
472.71
463.83
454.68
444.35
433.94
422.32
410.99
398.74
386.88
374.63
362.27
349.64
337.14
323.86
310.86
297.69
284.81
271.55
259.04
246.40
234.17
222.05
210.58
198.98
188.16
177.32
167.41
157.47
148.86
140.46
133.12
126.30
120.49
115.85
111.59
108.65
106.96
106.31
107.10
108.88
112.38
115.85
121.02
126.41
133.00
140.08
148.59
157.61
167.80
177.84
189.08
199.87
211.75
222.82
235.72
247.42
260.48
272.55
285.98
298.34
311.36
324.13
337.39
350.01
363.06
375.27
388.18
399.89
412.02
423.23
434.44
445.13
454.93
464.35
472.84
480.84
487.54
493.73
498.88
503.00
506.61
508.92
510.23
510.36
509.57
507.64
504.42
500.56
496.05
490.36
483.68
476.20
467.94
458.55
448.88
438.16
427.89
416.24
404.81
392.82
380.67
368.47
355.56
343.07
330.45
317.40
304.67
291.52
278.75
266.13
253.36
241.13
228.88
217.15
205.17
193.70
182.73
172.30
161.87
152.72
144.19
136.47
129.13
123.20
118.04
113.79
110.18
107.48
106.45
106.29
107.48
109.54
113.28
117.92
122.94
129.01
135.96
144.07
152.71
162.12
172.18
183.00
193.82
205.30
216.89
229.14
241.25
253.88
266.64
279.66
292.29
305.45
318.05
331.09
343.45
356.60
368.96
381.74
393.71
405.83
417.55
428.76
439.87
449.90
460.10
468.71
476.85
484.07
490.62
496.30
500.68
504.94
507.63
509.72
510.09
510.10
508.54
506.36
502.75
498.76
493.46
487.16
479.94
472.32
463.43
454.04
443.71
433.55
421.93
410.61
398.22
386.50
373.73
361.63
348.72
336.38
323.48
310.71
297.58
284.81
271.66
259.18
246.52
234.55
222.32
210.71
199.24
187.90
177.20
166.89
157.23
148.07
140.22
132.85
126.30
120.76
115.84
112.26
108.62
107.36
106.43
107.22
108.77
111.85
115.60
120.11
125.91
132.47
139.96
148.07
157.23
166.89
177.46
188.02
199.51
211.09
223.21
235.07
247.44
260.33
272.95
285.86
298.99
312.12
325.03
337.65
350.54
363.17
375.67
388.05
400.16
412.14
423.48
434.19
444.75
454.54
464.22
472.32
480.73
487.39
493.86
498.88
503.39
506.75
509.45
510.47
510.76
509.69
508.03
504.94
501.07
496.70
490.76
484.32
476.58
468.47
459.31
449.65
439.08
428.26
416.65
404.80
392.81
380.56
368.08
355.69
343.05
330.19
317.29
304.27
291.27
278.10
265.48
252.85
240.60
228.50
216.51
204.78
193.31
181.84
171.54
161.46
152.33
143.82
136.34
129.65
123.33
118.05
113.53
110.05
107.09
106.33
106.16
108.01
110.05
113.93
118.31
123.57
129.91
136.47
144.99
153.34
162.91
172.30
183.26
193.82
205.56
217.01
229.67
242.02
254.66
267.04
280.04
292.79
305.70
318.44
331.86
344.48
357.38
369.87
382.24
394.23
406.21
417.94
429.29
439.86
450.56
459.81
468.74
476.84
484.18
491.04
496.41
501.47
505.07
508.15
509.84
510.61
510.34
509.07
506.48
503.26
498.62
493.60
487.27
480.20
472.07
463.43
454.03
443.85
433.15
422.07
410.46
398.62
386.37
374.00
361.50
348.60
335.98
322.83
310.21
297.05
284.43
271.53
259.04
246.41
234.04
222.18
210.31
199.12
187.77
177.47
167.01
157.49
148.33
140.08
132.74
126.03
120.63
115.46
112.00
108.62
107.88
106.42
107.64
108.75
112.25
115.34
120.11
125.91
132.47
139.96
148.07
157.49
167.01
177.72
188.15
199.77
211.09
223.21
235.33
247.56
260.34
272.95
285.84
298.35
311.36
324.37
337.39
350.28
362.79
375.81
387.89
399.92
411.50
422.96
434.45
444.47
455.21
464.07
473.50
480.83
488.07
493.59
499.27
503.12
506.62
509.19
510.47
511.02
509.56
507.91
504.67
500.67
495.93
489.85
483.55
475.55
467.18
458.16
448.61
438.05
427.75
416.24
404.95
392.16
380.06
367.29
354.39
341.79
328.75
316.14
303.11
289.83
277.35
264.17
252.23
239.44
227.73
215.48
204.00
192.40
181.59
170.88
161.23
152.06
143.56
135.85
128.86
123.07
117.66
113.28
109.80
107.09
106.32
106.29
107.62
109.94
113.91
118.55
123.59
129.78
136.99
144.84
153.62
162.63
173.22
183.37
194.87
205.93
218.31
229.78
242.43
255.03
267.67
280.32
293.31
306.46
318.97
331.98
344.74
357.38
370.13
382.37
395.02
406.33
418.35
429.14
440.24
450.30
460.08
468.98
477.36
484.56
490.90
496.18
501.19
504.67
507.91
509.82
510.88
510.36
508.92
506.49
502.48
498.12
492.95
486.62
479.70
471.55
463.31
453.77
443.85
433.41
422.19
410.73
398.74
386.37
374.13
361.10
348.62
335.32
322.58
309.30
296.54
283.27
270.91
257.99
246.04
233.51
221.92
209.94
198.59
187.25
176.44
166.24
157.09
147.81
139.97
132.60
126.16
120.11
115.34
111.47
108.38
106.57
106.18
107.21
108.89
111.87
115.98
120.74
126.43
132.73
140.87
148.83
158.14
167.66
178.49
189.31
200.66
212.39
224.37
236.61
248.59
261.37
273.98
286.88
299.90
312.64
325.68
338.55
351.56
363.95
376.71
389.19
401.33
413.17
424.38
435.36
445.64
455.44
464.61
473.22
481.49
488.31
494.50
499.53
503.64
506.48
508.94
509.82
510.37
508.80
507.26
503.77
500.30
494.74
489.62
482.62
475.56
466.40
457.78
447.96
437.54
426.59
415.36
403.77
391.52
379.15
366.40
353.89
340.99
328.13
314.97
302.34
289.32
276.31
263.55
251.17
238.80
226.44
214.45
202.71
191.25
180.29
169.98
160.06
151.04
142.52
135.06
128.09
122.43
117.40
113.02
109.94
106.94
106.46
106.16
108.13
110.32
114.31
118.95
123.71
130.18
136.84
145.25
153.61
163.41
173.72
184.54
196.02
207.61
219.86
231.72
244.22
256.45
269.48
281.97
295.13
308.27
321.40
334.57
346.80
360.22
372.17
384.97
396.54
408.93
420.13
431.35
441.78
451.97
461.37
470.27
478.52
485.86
492.06
497.73
501.83
505.73
508.01
509.58
509.85
509.30
507.90
505.07
501.46
497.35
491.52
485.23
477.35
469.50
460.08
450.56
440.10
429.80
418.19
406.88
394.48
382.64
369.86
357.12
344.62
331.84
319.11
305.95
292.93
280.19
267.14
254.53
242.16
230.02
218.07
206.20
194.85
183.91
172.94
163.03
153.48
144.84
136.87
129.51
123.46
118.04
114.05
110.31
108.01
106.70
106.82
107.61
109.80
113.02
117.28
122.42
128.35
135.20
142.92
151.68
160.70
170.63
181.06
192.28
203.49
215.61
227.32
239.72
251.94
265.09
277.72
290.75
303.89
316.90
329.80
342.67
355.44
368.08
380.30
392.43
404.41
415.74
427.11
438.04
448.35
458.30
466.90
476.09
483.27
490.51
495.92
501.20
505.06
508.29
510.34
510.87
510.50
508.91
506.22
502.50
498.10
493.74
487.14
480.73
472.32
464.22
454.54
444.75
434.19
423.48
412.14
400.16
388.05
375.92
363.04
350.43
337.64
325.02
312.01
299.11
286.49
273.60
261.10
248.73
235.96
224.13
211.85
200.92
189.18
178.89
168.69
159.02
149.89
140.98
133.39
126.54
120.74
115.61
111.61
109.02
107.21
106.57
106.83
108.65
111.20
114.82
119.34
124.74
131.85
138.90
147.70
155.93
166.26
176.02
187.00
197.95
209.67
221.80
234.03
246.41
258.79
271.53
284.42
297.19
310.07
323.35
336.23
349.13
361.62
374.00
386.24
398.09
409.96
421.42
432.50
443.34
453.25
462.93
471.42
479.81
486.63
493.22
498.35
502.88
506.10
509.06
509.83
510.64
509.55
508.43
504.67
501.47
496.55
491.41
484.57
477.50
469.36
460.60
450.94
440.75
430.06
418.72
406.99
395.13
382.62
370.40
357.62
345.26
332.36
319.87
306.72
294.10
280.68
268.33
255.15
243.07
230.69
219.21
206.97
195.64
184.53
173.98
163.81
154.64
146.14
138.02
130.80
124.49
118.81
114.44
110.56
108.00
106.83
106.69
107.62
109.54
112.88
117.14
121.65
127.86
134.66
142.92
150.91
160.33
170.36
180.67
191.52
202.84
214.96
226.82
239.19
251.82
264.32
277.22
289.83
303.25
315.73
329.29
341.89
355.19
367.55
380.44
392.55
404.54
416.01
427.48
438.30
448.62
458.55
467.68
476.08
483.42
489.98
495.92
500.42
504.82
507.89
510.22
510.75
510.36
509.06
506.34
502.88
498.62
493.73
487.80
480.70
472.98
464.21
455.06
444.62
434.32
422.96
411.64
399.51
387.66
375.03
362.79
349.76
337.28
324.24
311.36
298.23
285.58
272.82
260.08
247.56
235.58
223.33
211.61
200.01
188.93
178.23
167.92
158.00
148.98
140.72
132.86
126.17
120.48
115.60
111.74
108.62
107.36
106.43
107.48
109.15
112.24
115.99
120.75
126.29
132.48
139.70
148.20
157.22
166.64
177.21
188.27
199.50
210.97
223.08
235.33
247.44
260.07
272.82
285.59
298.61
311.74
324.51
337.66
350.14
362.80
375.03
387.64
399.39
411.12
422.83
434.05
444.50
454.81
464.21
473.24
480.57
487.69
493.46
499.00
503.00
506.75
509.57
510.74
510.62
509.57
507.38
504.43
500.42
496.06
490.37
484.05
476.46
468.21
459.31
449.65
439.08
428.26
416.91
404.93
393.08
380.43
368.21
355.17
342.29
329.42
316.37
303.90
290.61
278.25
265.35
252.85
240.22
228.11
215.86
204.53
193.17
182.36
171.80
162.11
152.71
144.08
136.34
129.65
123.59
118.17
113.80
109.91
107.48
106.18
106.31
107.87
110.31
113.93
118.31
123.57
129.65
136.35
144.46
153.35
162.76
172.83
183.52
194.72
206.32
217.66
230.06
242.40
255.17
267.42
280.43
293.44
306.21
319.49
332.23
345.53
358.00
370.78
383.15
395.38
407.26
418.72
430.05
440.89
451.06
460.73
469.63
477.87
485.09
491.54
496.94
502.11
505.57
508.69
509.83
510.49
509.83
508.15
505.59
502.10
498.11
492.44
486.39
479.02
471.18
462.15
453.00
442.81
432.12
420.78
409.05
397.19
384.94
372.58
359.95
347.45
334.42
321.29
308.53
295.63
282.76
270.12
257.48
245.13
232.99
221.02
208.92
197.82
186.59
175.67
165.34
156.19
147.18
139.05
131.58
125.40
119.83
115.21
111.22
108.50
107.35
106.43
107.49
109.27
112.50
115.99
121.01
126.67
133.39
140.85
149.62
158.90
168.69
179.27
190.09
201.56
212.77
224.63
237.00
249.49
262.40
274.88
288.18
300.78
313.68
326.45
339.32
352.48
364.84
377.61
389.58
401.97
413.30
424.78
435.60
446.42
455.96
465.38
473.87
481.87
488.83
494.88
500.44
504.54
508.04
510.22
511.12
510.88
509.06
506.87
502.99
499.27
493.97
488.72
481.86
474.65
465.89
456.87
446.94
436.51
425.29
413.82
401.83
389.72
376.83
364.73
351.55
339.22
326.04
313.42
300.55
287.50
274.77
261.87
249.49
237.01
224.76
213.02
201.30
189.96
179.26
169.21
159.16
150.54
142.00
134.68
127.45
121.78
116.88
112.37
109.04
106.44
105.93
105.91
107.87
110.70
114.96
119.20
125.01
131.17
138.55
146.40
155.80
165.21
175.66
186.08
197.71
209.02
220.89
232.63
245.24
257.74
270.39
283.27
296.28
309.43
322.18
335.34
348.22
361.23
373.61
385.99
398.09
409.96
421.42
432.50
443.08
453.12
462.40
470.92
478.90
486.12
492.31
497.85
502.35
506.23
508.66
509.97
509.97
509.44
507.12
504.18
500.42
496.56
490.76
484.46
476.97
469.10
459.69
450.18
439.59
429.17
417.68
406.21
393.72
381.74
368.69
356.36
342.92
330.70
317.41
304.79
292.03
279.39
266.65
254.02
241.89
229.52
217.42
206.32
194.71
184.19
173.19
163.55
153.23
144.98
136.72
129.92
123.71
118.69
113.93
110.44
107.47
106.59
105.90
107.63
109.40
113.41
117.14
122.43
128.35
135.44
142.92
151.95
161.21
171.54
181.84
193.31
204.52
216.64
228.61
240.87
253.25
266.24
279.01
291.53
305.05
317.78
331.23
343.43
356.87
369.22
381.59
393.73
405.69
417.55
428.13
439.22
448.85
458.82
467.15
476.21
483.28
490.51
496.17
501.20
504.55
507.91
509.94
510.36
510.12
508.78
506.49
502.62
498.61
493.86
487.40
481.11
472.96
464.61
454.41
444.89
433.65
422.86
410.46
399.40
386.60
374.66
361.49
349.13
336.11
323.08
310.21
297.31
284.56
271.80
259.16
246.67
234.29
222.05
210.46
198.71
188.03
177.06
167.16
157.35
148.33
140.22
132.60
126.43
120.36
116.12
111.72
108.91
106.96
106.56
106.97
108.77
111.85
115.85
120.23
126.17
132.60
140.22
148.07
157.49
167.01
177.72
188.40
199.89
211.10
223.21
235.06
247.57
260.19
273.22
286.24
299.11
312.27
325.15
338.17
350.93
363.69
376.57
388.55
400.69
412.27
423.74
434.44
444.88
454.55
464.22
472.31
480.35
487.27
493.71
498.77
502.87
506.36
508.93
509.56
510.26
509.17
507.64
504.05
500.29
495.65
490.12
483.28
476.34
467.80
459.06
448.74
438.57
427.35
416.14
404.28
392.17
379.80
367.16
354.54
341.64
328.63
316.01
302.97
290.24
277.08
264.57
251.82
239.19
227.08
215.34
203.75
192.42
181.71
171.39
161.35
151.56
143.31
135.04
128.37
122.29
117.40
113.16
109.66
107.48
106.18
106.56
107.74
110.71
113.90
118.71
123.44
130.16
136.99
145.24
153.88
163.41
173.45
184.29
194.98
206.98
218.68
231.34
243.18
255.96
268.70
281.45
294.36
307.10
320.26
333.27
345.89
358.68
371.03
383.79
395.65
407.64
419.10
430.58
441.13
451.33
460.99
470.00
478.40
485.60
492.06
497.73
502.09
505.85
508.28
509.96
510.23
509.57
507.77
504.94
501.58
497.46
491.80
486.00
478.50
470.67
461.24
452.23
441.78
431.09
419.75
408.28
396.28
383.67
371.43
358.64
345.91
333.01
320.63
307.89
295.26
282.62
270.00
256.84
244.22
232.10
219.72
208.03
196.65
185.83
174.77
164.57
155.41
146.27
138.29
131.18
125.13
119.46
114.70
111.09
108.37
107.09
106.44
107.62
109.53
113.02
116.75
121.53
127.59
134.27
141.90
149.88
159.55
169.33
179.65
190.61
202.06
213.93
225.79
238.16
250.79
263.29
276.18
289.06
302.34
314.97
328.13
340.48
353.39
365.48
378.25
390.23
402.48
414.20
425.55
436.51
446.94
456.87
466.15
474.78
482.38
489.48
495.26
500.70
504.28
507.66
509.83
510.47
510.38
509.04
506.99
503.53
499.38
494.89
488.69
482.26
474.26
466.02
456.60
446.82
436.51
425.67
414.73
403.24
391.52
379.16
367.04
354.14
341.41
328.10
315.36
302.08
289.06
276.44
263.67
251.18
239.07
226.93
215.23
202.97
192.16
181.05
170.63
160.71
151.55
143.05
134.93
127.97
122.30
117.13
113.42
109.79
107.87
106.56
106.31
107.75
110.04
113.80
118.31
123.96
130.30
137.38
145.88
154.52
163.81
173.85
184.93
195.62
207.38
219.33
231.58
243.84
256.45
269.35
281.86
295.12
307.74
320.79
333.26
346.55
358.91
371.81
384.05
396.55
408.14
420.14
430.95
442.19
451.96
461.90
470.65
478.64
486.00
492.17
497.73
502.23
505.57
508.56
509.56
510.88
509.30
508.18
504.92
501.72
496.82
491.41
485.10
477.87
469.36
460.49
450.54
440.76
429.53
418.85
406.85
395.14
382.62
370.39
357.24
344.88
331.58
319.24
305.80
293.33
280.43
267.53
255.32
242.26
230.32
217.92
206.19
194.61
183.51
172.82
162.91
153.34
144.99
136.73
130.03
123.84
118.43
113.93
110.18
107.61
106.44
106.05
107.49
109.40
113.29
117.13
122.17
128.24
135.55
143.17
151.70
161.21
171.53
181.71
192.80
204.40
216.12
228.11
240.48
252.98
265.87
278.49
291.65
304.27
317.42
330.04
342.94
355.70
368.45
380.57
392.82
404.91
416.52
427.62
438.43
448.88
458.28
467.44
475.55
483.81
490.23
496.33
501.07
505.31
507.78
510.10
510.85
510.50
508.93
506.73
503.14
498.62
493.98
488.18
481.35
473.76
464.98
455.71
445.52
434.82
423.75
412.27
400.42
388.31
375.79
363.44
350.41
338.04
325.15
312.65
299.76
287.27
274.37
261.75
248.85
236.61
224.37
212.64
200.79
190.10
178.60
168.85
158.36
150.02
140.98
134.03
127.06
121.40
116.63
112.63
109.42
107.61
106.94
107.22
108.77
111.59
115.47
120.10
125.39
131.98
138.90
147.31
155.67
165.48
175.79
186.86
198.21
209.69
221.92
234.03
246.03
258.66
271.52
284.17
297.20
310.19
323.23
335.85
348.60
361.63
373.85
386.51
398.48
410.72
422.07
433.15
443.85
454.29
463.30
472.48
480.18
487.42
493.34
498.35
503.02
505.95
508.94
510.09
510.36
509.46
507.50
504.29
500.44
495.90
490.51
484.07
476.44
468.61
458.91
449.66
438.81
428.51
416.78
405.19
393.19
380.82
368.34
355.82
343.32
330.31
317.55
304.53
291.65
278.75
266.00
253.50
240.98
228.76
216.51
205.03
193.44
182.62
171.91
162.52
152.96
144.47
136.35
129.64
123.45
117.79
113.54
110.17
107.61
106.45
106.43
108.13
110.05
113.80
117.78
123.07
128.74
135.83
143.56
152.33
161.47
172.18
182.60
193.97
205.55
217.53
229.41
241.38
254.14
266.38
279.54
292.28
305.19
318.20
330.81
343.47
355.82
368.71
380.83
393.46
405.17
417.32
427.98
439.35
449.12
459.19
467.95
476.46
483.80
490.51
495.91
500.82
504.42
507.64
