=~=~=~=~=~=~=~=~=~=~=~= PuTTY log 2024.12.04 15:19:01 =~=~=~=~=~=~=~=~=~=~=~=
-7.25
-26.57
-44.84
-44.63
-9.33
70.09
189.43
329.16
458.66
545.86
567.76
519.14
416.25
292.77
189.18
140.13
162.76
250.24
373.87
493.22
569.44
578.28
518.52
411.99
295.44
207.92
177.54
211.75
295.65
398.48
484.68
526.37
512.89
453.54
372.74
300.62
261.85
266.65
308.27
367.10
418.86
444.11
435.78
401.13
357.55
325.03
317.90
338.50
376.57
414.21
433.41
423.82
387.65
339.01
298.20
283.58
303.95
353.92
415.38
464.72
481.56
457.01
398.02
325.29
265.67
242.22
265.35
328.14
408.58
477.60
509.59
492.02
430.65
347.37
272.20
232.48
242.80
299.31
381.13
458.48
503.33
499.80
450.05
373.16
297.75
251.49
250.90
294.93
365.89
436.63
480.70
482.24
442.02
376.53
311.39
271.62
271.95
311.12
372.82
432.53
466.91
462.78
422.36
362.18
306.33
277.13
286.31
330.19
391.17
444.89
469.67
455.05
406.27
342.17
287.84
265.19
284.13
338.20
407.22
464.95
488.79
468.72
411.61
338.43
276.46
249.28
267.60
324.79
399.56
464.07
494.16
478.49
423.12
348.95
283.73
251.89
265.23
318.08
389.92
453.42
484.62
471.97
420.85
351.31
290.14
260.87
274.60
325.57
393.88
453.13
480.46
465.50
414.35
346.93
289.26
263.69
280.10
331.84
398.70
454.83
478.43
460.35
407.85
341.41
286.83
265.59
286.31
340.99
408.47
462.55
481.88
458.45
400.85
330.86
275.16
255.37
279.56
338.73
410.51
467.83
488.79
465.26
406.24
334.17
276.35
254.86
277.85
336.29
407.85
465.38
486.93
464.38
406.64
335.93
279.21
258.28
281.09
338.55
408.39
463.86
483.65
460.11
402.45
332.81
277.82
258.76
283.08
341.27
411.01
465.73
484.51
460.23
402.43
333.42
279.64
261.86
286.80
344.40
412.23
464.07
479.71
453.09
394.65
327.04
276.45
262.79
291.69
352.11
420.89
471.59
484.42
454.07
391.90
321.41
269.29
255.61
285.71
347.99
418.85
471.51
485.94
456.79
395.52
325.58
273.67
259.67
288.81
349.55
418.33
468.65
480.99
450.56
389.26
320.67
271.20
260.09
291.72
353.81
422.52
471.52
481.79
449.32
386.63
317.65
268.84
259.14
292.37
355.72
425.03
473.89
483.60
450.56
387.69
319.04
270.90
261.88
295.32
358.03
425.75
472.36
479.70
444.78
381.06
313.06
266.98
260.83
297.19
362.01
430.57
476.68
482.51
445.75
380.51
311.67
265.53
259.82
296.62
361.56
429.76
475.10
480.07
442.88
378.02
310.30
265.69
261.60
299.65
365.02
432.74
476.94
480.65
442.60
377.58
310.60
267.43
264.77
303.60
368.73
435.15
477.26
478.59
438.50
372.43
305.59
263.58
262.84
303.77
370.70
438.23
480.62
481.52
440.66
373.79
306.32
263.90
262.83
303.36
369.67
436.26
477.63
477.89
437.09
371.02
305.01
264.44
265.04
306.43
372.53
438.01
477.76
476.43
434.68
368.79
304.03
265.26
267.53
309.83
375.65
439.57
476.93
473.19
429.90
363.83
300.41
264.22
269.50
314.25
381.13
444.31
479.37
472.54
426.29
358.29
294.53
259.63
267.50
315.48
385.33
450.61
486.46
479.06
431.10
360.75
294.55
257.61
264.01
311.04
380.44
445.77
482.15
475.80
429.53
361.29
297.30
262.21
269.60
316.39
384.38
447.48
481.43
473.06
425.66
357.48
294.58
261.08
269.94
317.67
385.82
448.36
481.33
472.16
424.58
357.03
295.53
263.90
274.45
322.96
390.53
450.99
480.82
468.30
418.16
349.69
289.20
260.13
274.07
325.87
395.72
457.03
486.24
471.93
419.44
348.65
286.36
256.38
270.25
322.48
392.98
454.91
484.63
470.73
418.68
348.54
287.19
258.17
272.62
324.86
394.77
455.62
484.13
469.38
417.23
347.79
287.61
259.86
275.24
327.63
396.84
456.40
483.45
467.62
415.21
346.54
287.99
262.14
278.88
331.52
399.58
456.72
480.72
462.12
408.15
339.64
282.97
260.29
280.73
336.49
406.18
463.13
485.29
463.82
406.75
335.75
277.78
255.04
276.51
333.98
405.60
464.27
487.62
466.89
410.24
339.32
281.06
257.66
277.88
333.43
402.78
459.40
481.59
461.09
406.17
338.20
283.51
263.29
285.33
340.80
408.02
460.88
478.61
454.03
396.58
328.46
276.03
259.86
286.56
345.99
415.45
468.46
484.50
457.10
396.64
325.99
272.00
255.52
283.01
343.90
415.10
469.63
486.68
459.84
399.59
328.96
274.83
257.97
284.77
344.58
414.35
467.41
483.44
456.34
396.73
327.57
275.35
260.19
287.83
347.25
415.49
466.36
480.22
451.82
392.41
324.98
275.61
263.64
293.80
354.23
421.54
469.69
479.79
447.65
385.63
317.47
269.37
260.14
293.62
357.01
426.11
474.52
483.41
449.17
384.94
315.17
266.50
257.79
292.47
357.19
427.35
476.25
485.17
450.78
386.31
316.33
267.52
258.61
292.94
357.10
426.48
474.69
483.34
449.35
386.13
317.91
270.79
262.89
296.97
359.53
426.49
472.13
478.80
444.08
381.67
315.73
271.71
266.82
302.87
365.51
430.41
472.38
474.87
436.79
372.99
308.14
267.50
267.25
307.92
373.94
440.08
480.91
480.38
438.32
370.55
302.63
260.34
260.00
301.83
369.86
438.38
481.46
482.65
441.66
374.35
306.35
263.56
262.40
303.03
369.52
436.30
477.71
477.88
436.87
370.61
304.51
264.05
265.00
306.91
373.49
439.26
479.01
477.40
435.09
368.48
303.06
263.86
265.99
308.47
374.81
439.49
477.56
474.30
431.07
364.66
300.69
263.96
268.90
313.70
381.11
445.35
481.76
476.06
430.21
361.67
296.45
259.49
265.09
311.05
379.65
444.77
481.62
476.10
430.55
362.67
298.51
262.82
269.52
315.97
384.22
448.13
483.06
475.35
427.90
358.79
294.27
259.00
266.66
314.28
383.59
448.30
483.85
476.75
430.05
361.90
298.30
263.54
270.96
317.41
384.72
446.82
479.67
470.53
423.01
355.52
294.01
262.32
272.96
321.81
390.03
451.45
482.34
470.61
420.71
351.69
289.82
258.84
270.71
320.76
389.79
451.50
482.31
470.51
420.94
352.78
292.20
262.60
275.44
325.55
393.38
452.65
480.38
465.70
414.35
346.21
287.47
260.95
277.15
329.86
398.78
457.48
483.29
466.07
412.34
342.65
283.57
257.89
275.72
330.20
400.55
460.15
486.20
468.68
414.48
344.38
285.08
259.32
276.84
330.54
399.62
457.65
482.32
464.26
410.69
342.42
285.79
262.79
282.40
336.82
404.80
459.97
480.70
458.56
401.89
332.33
276.46
256.05
279.47
337.98
409.41
466.80
488.28
465.55
407.26
335.52
277.49
255.22
277.06
334.36
405.13
462.49
484.64
463.34
407.19
338.02
282.39
261.70
283.78
339.67
407.44
460.84
479.14
455.17
398.24
330.41
277.93
261.40
287.55
346.34
415.20
467.73
483.50
456.19
396.20
326.36
273.25
257.49
285.24
345.79
416.04
469.28
485.19
457.77
397.72
328.07
275.48
260.16
287.87
347.66
416.40
467.65
481.57
452.78
392.53
324.07
273.68
261.04
291.27
352.55
421.41
471.56
483.60
452.73
390.80
321.42
271.05
259.15
290.32
352.39
421.63
471.70
483.41
452.31
390.60
321.98
272.73
261.94
293.66
355.28
422.95
470.68
479.91
447.10
385.12
317.86
271.32
263.78
298.29
361.44
428.94
474.70
480.66
444.28
379.38
310.68
264.52
258.96
296.44
362.77
432.94
480.41
486.95
450.06
383.84
313.37
265.30
257.93
293.87
358.94
428.29
475.57
482.70
447.24
383.25
315.41
269.79
264.03
300.10
363.57
429.85
473.35
477.19
439.99
376.29
310.71
268.63
266.67
305.76
370.72
436.54
477.72
478.02
436.99
370.23
303.08
261.22
261.01
302.64
370.26
438.26
480.91
481.91
440.95
373.88
306.24
263.74
262.65
303.19
369.55
436.22
477.69
478.11
437.61
372.03
306.61
266.54
267.41
308.72
374.19
438.53
476.96
474.56
432.23
366.40
302.46
265.16
269.22
313.19
380.11
444.44
481.39
476.53
431.60
363.76
298.85
261.78
266.90
312.15
380.04
444.69
481.30
475.72
430.02
361.71
296.98
260.81
267.28
313.91
382.76
447.51
483.38
476.48
429.42
360.19
295.07
258.85
265.48
312.27
381.17
445.97
481.98
475.47
429.21
361.12
297.19
261.87
268.68
314.67
381.91
444.57
478.54
470.74
424.43
357.64
296.17
263.97
273.72
321.58
388.98
449.94
480.81
469.36
419.85
351.22
289.69
258.91
270.85
320.91
389.92
451.69
482.65
471.01
421.48
353.26
292.54
262.85
275.76
326.16
394.45
454.27
482.38
467.53
415.24
345.43
284.67
256.38
271.68
324.70
395.30
456.79
485.77
471.27
419.09
349.35
288.70
260.40
275.39
327.60
396.69
456.21
483.16
466.96
413.95
344.49
285.20
259.01
276.21
330.20
400.21
459.58
485.50
467.92
413.66
343.47
284.03
258.09
275.63
329.74
399.60
458.52
484.01
466.46
412.85
343.85
285.86
261.12
279.09
332.50
400.51
456.99
480.17
461.26
407.93
340.94
286.26
265.28
286.16
340.57
407.30
460.39
479.04
455.75
399.37
331.59
278.52
260.98
286.16
344.50
413.72
467.35
484.53
458.36
398.86
328.73
274.61
257.37
283.82
343.80
414.36
468.49
485.22
458.01
397.29
326.13
271.68
254.99
282.63
344.03
415.89
471.00
488.44
461.71
401.28
330.18
275.31
257.57
283.47
342.60
412.11
465.46
482.31
456.44
398.26
330.44
279.14
264.16
291.16
349.34
415.95
465.12
477.50
448.11
388.35
321.24
272.79
262.13
293.74
355.52
423.81
472.48
482.66
450.14
387.26
317.94
268.67
258.50
291.39
354.69
424.28
473.72
484.05
451.40
388.55
319.59
270.90
261.34
294.50
357.32
425.61
473.09
481.29
447.04
383.63
315.30
268.33
261.15
296.59
360.94
429.60
476.27
482.84
446.70
381.70
312.56
265.69
259.29
295.89
361.39
430.83
477.76
484.24
447.88
382.74
313.61
266.80
260.23
296.18
360.48
428.47
474.27
480.55
445.21
381.99
315.26
270.57
265.11
300.55
362.45
426.66
468.18
470.78
433.63
371.43
308.47
269.50
270.13
310.42
374.79
438.41
476.61
474.24
431.91
365.78
301.12
263.00
266.59
310.93
379.17
445.34
484.16
480.41
435.12
365.30
297.18
256.53
258.97
303.50
373.13
441.59
483.04
481.88
438.92
370.84
303.68
263.18
264.88
307.90
375.40
441.47
480.85
478.33
434.97
367.59
301.99
263.28
266.34
309.73
376.39
440.65
477.85
473.67
429.92
363.69
300.41
264.48
269.84
314.26
380.45
442.97
477.76
471.39
426.53
360.64
299.17
266.03
274.27
320.65
387.14
448.11
479.73
469.45
420.96
352.80
291.05
259.55
270.86
320.84
390.45
453.21
485.03
473.48
422.83
352.31
288.62
256.14
267.40
318.04
388.74
452.78
485.94
475.73
426.35
356.89
293.85
261.25
271.30
319.57
387.09
447.75
478.19
466.77
418.18
351.45
292.44
264.08
277.50
327.37
394.21
452.12
478.46
462.76
411.11
343.47
285.97
261.14
278.99
332.79
402.00
460.18
484.79
466.00
410.77
339.95
280.39
254.92
273.54
329.16
400.62
460.89
487.02
468.97
413.74
342.54
282.46
256.51
274.64
329.64
400.38
459.90
485.42
467.16
412.33
341.96
282.81
257.51
275.63
329.80
399.10
457.07
481.60
463.49
410.09
342.24
286.18
263.68
283.43
337.49
404.69
458.93
479.10
457.28
401.93
334.49
281.04
262.54
286.50
343.68
412.06
465.34
482.71
457.04
398.03
328.18
274.18
256.97
283.48
343.62
414.60
469.52
487.27
460.96
400.70
329.42
274.19
256.16
282.20
342.15
413.06
467.89
485.73
459.90
400.56
330.53
276.58
259.47
285.65
344.65
413.69
466.31
482.27
455.55
396.73
328.57
277.23
262.61
290.22
349.03
416.25
465.96
478.90
450.17
391.09
324.62
276.54
265.75
296.55
356.91
423.43
470.27
478.99
445.97
383.85
316.47
269.81
262.29
297.24
361.44
430.52
478.17
485.95
450.56
385.31
314.84
265.80
256.91
291.40
355.79
425.47
473.90
482.52
448.14
384.22
315.29
267.83
260.19
295.28
359.53
428.34
475.40
482.54
446.98
382.47
313.66
266.87
260.16
296.09
360.72
429.39
475.91
482.45
446.70
382.62
314.84
269.31
263.55
299.57
363.06
429.43
473.03
476.90
439.61
375.64
309.68
267.23
264.94
303.74
368.56
434.52
476.26
477.54
437.79
372.36
306.42
265.45
265.54
306.90
373.70
440.42
481.51
480.99
438.94
371.35
303.83
262.08
262.20
304.02
371.47
438.95
480.83
481.18
440.11
373.61
307.17
266.19
266.35
307.23
372.69
437.39
476.34
474.41
432.53
367.10
303.35
265.96
269.66
313.08
379.37
443.07
479.57
474.60
429.97
362.80
298.79
262.60
268.38
314.00
381.93
446.26
482.22
475.83
429.45
360.76
295.84
259.56
265.99
312.67
381.64
446.69
483.05
476.80
430.45
361.85
297.13
260.95
267.15
313.04
380.72
444.35
479.58
472.99
427.47
360.92
299.06
265.83
274.11
320.47
386.65
446.95
477.84
467.02
418.53
351.09
290.63
260.67
273.14
323.43
392.19
453.14
482.78
469.42
418.02
348.18
286.45
256.56
270.29
322.49
393.27
455.88
486.46
473.33
421.66
351.27
288.89
258.29
271.08
322.02
391.40
452.71
482.51
469.54
419.17
351.07
291.50
263.46
277.65
328.24
395.40
453.02
478.59
462.09
409.95
342.37
285.51
261.69
280.51
334.83
403.84
461.12
484.48
464.64
409.05
338.79
280.58
256.98
277.27
333.74
404.96
463.95
488.27
468.66
412.67
341.65
282.52
257.74
276.59
331.45
401.15
459.13
483.31
464.72
411.00
343.15
287.35
265.18
285.09
338.90
405.45
458.87
478.18
455.69
400.20
333.26
280.83
263.58
288.55
346.21
414.38
466.82
483.04
456.39
396.86
327.01
273.51
257.14
284.53
345.29
416.38
470.87
487.87
460.71
399.77
328.19
273.07
255.42
281.86
341.99
412.77
467.38
485.13
459.47
400.67
331.40
278.17
261.49
287.63
346.10
414.15
465.53
480.32
452.86
394.00
326.56
276.67
263.96
293.42
353.55
421.10
469.98
481.03
449.68
387.87
319.08
269.55
258.54
290.52
353.22
422.82
472.92
484.34
452.75
390.50
321.44
271.94
261.09
292.94
354.95
423.20
471.48
481.12
448.51
386.42
318.82
271.79
263.73
297.89
360.92
428.59
474.85
481.58
445.88
381.35
312.46
265.46
258.61
294.63
359.65
428.94
476.13
483.05
447.07
382.10
312.89
265.84
259.15
295.42
360.56
429.69
476.55
483.25
447.27
382.64
314.16
267.96
261.78
297.79
361.71
428.84
473.36
478.05
441.17
377.22
310.86
267.75
264.77
303.15
368.03
434.52
476.98
478.81
439.09
372.95
305.47
262.42
260.56
300.59
367.11
434.87
478.15
480.46
441.11
375.42
308.54
266.05
264.27
303.62
368.48
433.73
474.26
474.41
434.24
369.55
305.47
266.94
269.29
311.80
378.01
442.49
480.27
476.45
432.14
364.11
298.14
259.44
263.07
307.79
376.54
443.25
482.60
479.60
435.46
367.17
300.74
261.47
264.41
308.20
375.84
441.53
480.14
476.96
433.50
366.66
302.08
264.55
268.54
312.20
378.35
441.40
476.91
471.02
426.06
359.40
296.69
262.25
269.70
316.35
384.28
447.56
481.90
474.02
427.03
359.09
296.20
262.50
271.05
318.44
386.29
448.58
481.29
471.63
423.33
354.86
292.28
259.66
269.65
318.36
387.02
449.42
481.69
471.46
422.85
354.71
293.19
262.09
273.52
322.92
391.06
451.68
481.25
468.09
417.18
348.05
287.15
258.08
272.33
324.48
394.57
455.94
485.05
470.60
418.04
347.36
285.42
256.00
270.45
323.13
393.86
455.75
485.21
471.03
418.84
348.74
287.41
258.28
272.42
324.06
393.16
453.17
481.08
466.31
414.77
346.45
287.74
261.50
278.09
330.99
399.78
458.11
483.46
465.90
412.15
342.84
284.38
259.21
277.12
331.09
400.31
458.28
482.75
464.31
410.24
341.44
284.24
260.71
279.89
334.16
402.47
458.55
480.74
460.42
405.63
337.66
282.72
262.33
284.67
341.12
410.02
464.88
484.29
460.35
402.02
331.38
275.36
255.62
279.88
338.83
410.11
466.70
486.99
463.19
404.52
333.36
276.67
256.07
279.36
337.24
407.44
463.17
483.21
460.09
403.07
334.26
280.07
261.42
285.27
341.94
409.40
461.60
478.31
453.09
395.95
329.10
278.48
263.87
291.04
349.33
416.04
465.26
477.72
448.38
388.57
321.33
272.81
262.29
294.24
356.47
425.29
474.32
484.35
451.16
387.29
316.98
267.05
256.86
290.61
355.51
427.07
478.23
489.45
456.49
391.99
320.26
268.34
255.92
287.46
350.38
420.60
471.43
483.55
452.68
391.18
322.82
273.85
263.22
294.84
356.01
422.94
469.71
478.10
444.87
382.97
316.32
270.76
264.30
299.61
363.04
430.34
475.68
481.34
444.89
380.32
312.18
266.43
260.82
297.58
362.56
431.03
476.87
482.41
445.57
380.74
312.73
267.49
262.50
299.60
364.25
431.63
475.85
479.78
441.92
376.94
309.75
266.14
263.17
302.00
367.36
434.24
476.95
478.89
439.31
373.50
306.59
264.22
262.79
302.73
368.51
435.03
476.81
477.84
437.91
372.58
307.00
266.45
266.74
307.71
373.31
438.25
477.46
475.56
433.20
366.67
301.55
263.07
266.51
310.80
378.99
445.18
484.07
480.55
435.75
366.59
299.14
258.99
261.41
305.24
373.54
440.42
480.48
478.58
435.83
368.98
303.73
265.11
267.94
310.83
376.85
440.48
477.22
472.90
429.32
363.59
301.21
266.44
273.03
318.51
385.20
447.41
481.00
472.74
425.67
357.82
295.20
261.93
271.03
319.05
387.51
450.15
482.85
472.80
423.76
354.41
291.15
258.23
268.39
317.67
387.18
450.44
483.34
473.33
424.45
355.57
293.09
261.04
271.85
321.11
389.72
451.27
481.98
469.83
419.39
349.97
288.09
257.61
270.41
321.57
391.54
453.69
484.28
471.59
420.65
350.99
289.09
258.67
271.43
322.24
391.55
452.85
482.78
470.03
419.80
351.63
291.76
263.17
276.75
326.85
393.77
451.53
477.74
462.19
411.07
344.26
287.61
263.30
281.05
333.94
401.52
457.66
480.39
460.48
405.34
336.04
279.10
256.61
277.63
334.42
405.51
464.02
487.62
467.21
410.60
339.34
280.41
256.30
276.13
331.97
402.33
460.47
484.22
464.64
409.59
340.40
283.62
261.23
281.84
337.18
405.75
461.10
481.72
459.45
402.84
333.57
278.20
258.30
281.74
339.54
409.66
465.40
485.41
461.98
404.19
334.17
278.58
258.74
282.18
339.56
408.61
462.96
481.72
457.68
400.39
332.11
279.20
262.35
288.28
346.94
415.84
468.48
484.41
457.27
397.38
327.48
274.20
258.08
285.38
345.46
415.32
468.36
484.22
456.82
396.80
327.20
274.68
259.51
287.54
347.82
417.14
468.96
483.22
454.39
393.74
324.59
273.53
260.46
290.62
352.43
422.21
473.30
485.95
455.15
392.69
322.30
270.66
257.58
288.00
349.98
419.78
470.84
483.62
453.42
392.10
323.22
273.16
261.18
291.68
352.52
420.09
468.46
479.00
447.76
387.15
320.69
274.16
265.77
298.74
360.07
426.04
471.12
477.73
443.13
380.74
314.57
270.15
264.91
300.95
364.26
430.41
473.86
477.49
439.69
375.04
308.28
265.17
262.75
302.33
368.74
436.68
480.17
482.25
441.78
374.08
304.75
260.20
257.76
298.38
366.43
436.21
481.30
484.51
444.74
377.32
307.86
262.71
259.07
298.21
364.91
433.70
478.45
482.25
444.05
378.89
311.80
268.40
265.31
303.31
367.22
432.18
473.07
474.12
435.21
371.75
308.46
270.03
271.62
312.57
376.79
439.32
475.73
471.50
427.97
361.80
298.39
262.28
267.78
313.04
380.80
445.27
481.71
475.91
429.95
361.38
296.23
259.44
265.32
311.71
380.92
446.76
484.28
479.15
433.47
364.87
299.48
262.24
267.41
312.66
380.29
444.27
479.97
473.58
427.61
359.82
296.28
261.55
269.19
316.26
384.55
447.89
481.89
473.33
425.51
356.76
293.33
259.58
268.65
317.10
386.37
450.13
484.04
475.15
427.10
358.40
295.32
261.99
271.19
318.97
386.55
448.02
479.71
469.38
421.27
354.20
294.13
264.44
276.81
326.51
394.20
453.70
481.88
467.52
416.00
346.98
286.86
258.91
274.20
326.92
396.84
457.28
484.99
469.22
416.03
345.77
285.21
257.69
273.99
327.85
398.66
459.43
486.89
470.34
416.07
344.71
283.34
255.39
271.63
325.74
397.00
458.43
486.82
471.50
418.73
348.91
288.61
260.82
275.95
327.57
395.46
453.41
479.10
462.81
411.22
344.55
288.73
265.64
284.42
337.60
404.41
458.96
479.94
459.01
404.17
336.48
281.99
261.95
284.33
340.49
408.75
462.85
481.81
458.02
400.58
331.52
277.45
259.56
285.16
344.56
415.14
470.02
488.00
461.91
401.52
329.57
273.23
254.04
279.41
339.52
411.59
468.44
488.53
464.42
405.73
334.98
279.05
259.24
282.85
340.23
408.99
462.64
480.53
455.89
398.64
331.11
279.47
263.90
290.54
348.84
416.11
466.32
479.73
450.86
390.76
322.50
272.39
260.20
291.08
353.37
423.45
474.71
487.42
456.53
393.83
323.06
270.97
257.45
287.53
349.34
419.12
470.30
483.32
453.35
392.27
323.63
273.84
262.25
293.29
354.77
422.99
471.72
481.98
449.70
387.38
318.86
270.43
260.92
294.07
357.02
425.75
474.02
483.20
449.72
386.49
317.74
269.76
261.06
294.90
357.95
425.97
472.89
480.50
445.92
382.68
315.11
269.20
262.90
298.75
362.76
430.28
475.30
480.15
442.74
377.34
308.86
263.55
259.05
297.33
363.82
433.28
479.31
484.29
446.37
380.21
310.93
264.75
259.32
296.48
361.54
429.49
474.37
478.87
441.35
376.59
309.58
266.22
263.39
302.21
367.72
434.86
477.91
480.23
440.90
375.10
307.93
265.11
263.21
302.89
368.74
435.47
477.55
478.87
439.12
373.80
308.02
267.12
266.92
307.42
372.82
437.89
477.45
476.05
434.17
367.89
302.52
263.15
265.07
307.60
374.37
439.93
479.18
476.99
434.35
367.77
302.81
264.51
267.70
311.03
377.61
441.79
478.89
474.54
430.39
363.52
299.73
263.70
269.55
315.11
382.84
446.75
482.15
475.22
428.51
359.88
295.58
260.30
267.75
315.04
383.96
448.22
483.13
475.12
427.20
357.58
292.63
257.15
264.74
312.32
381.55
446.08
481.34
474.01
427.30
359.42
296.43
262.50
270.63
317.42
384.54
446.10
478.38
468.98
421.82
355.41
295.38
265.08
276.42
324.92
391.68
450.83
479.25
465.55
414.83
346.51
286.75
258.78
273.85
326.45
396.61
457.74
486.49
471.70
419.05
348.58
287.04
257.96
272.42
324.62
394.40
455.12
483.52
468.70
416.46
346.96
286.76
258.97
274.34
326.78
396.10
455.88
483.16
467.49
415.10
346.25
287.31
260.94
277.33
329.94
398.31
456.09
480.92
463.05
409.34
340.55
283.18
259.49
278.86
333.93
403.63
461.27
484.59
464.47
408.61
338.31
280.29
256.90
277.22
333.35
403.83
461.91
485.45
465.53
410.06
340.38
283.07
260.11
280.18
335.17
403.72
459.50
481.04
460.14
405.20
337.57
283.39
263.78
286.42
342.30
409.69
462.46
479.96
455.04
397.14
328.45
275.36
258.65
285.14
344.79
414.91
468.82
485.75
458.99
398.66
327.69
272.98
255.48
282.01
342.16
412.91
467.45
485.01
459.05
399.90
330.45
277.29
260.91
287.43
346.26
414.65
466.21
480.97
453.31
394.15
326.40
276.20
263.12
292.23
352.04
419.37
468.21
479.46
448.68
387.87
320.49
272.60
263.04
295.79
358.18
426.25
473.75
482.07
447.64
383.49
313.98
265.67
257.50
292.94
358.62
429.76
479.49
488.82
454.14
388.76
317.38
266.86
256.40
289.72
353.53
423.37
472.62
482.38
449.12
385.95
317.19
269.21
260.55
294.43
357.46
425.32
471.97
479.35
444.72
381.62
314.30
268.66
262.44
298.05
361.58
428.65
473.57
479.00
442.97
379.61
313.31
269.63
265.58
302.73
366.50
432.26
474.63
477.10
438.71
374.46
309.08
267.91
267.15
307.27
372.83
438.65
479.36
479.00
437.42
370.34
303.19
261.70
262.00
304.20
372.22
440.25
482.47
482.68
440.81
372.92
304.73
262.11
261.32
302.38
369.18
436.21
478.00
478.67
438.30
372.74
307.17
266.79
267.12
307.69
372.46
436.36
474.66
472.51
430.88
366.08
303.21
266.79
271.28
314.97
380.84
443.46
478.40
471.80
425.97
358.41
294.93
260.02
267.47
314.60
383.39
447.65
482.87
475.44
428.29
359.53
295.45
260.69
268.82
316.78
386.09
450.30
484.80
476.20
427.69
357.79
293.00
258.06
266.46
314.85
384.67
449.46
484.69
476.99
429.61
361.00
297.40
263.12
271.23
318.21
385.55
447.23
479.44
469.76
422.17
355.25
294.85
264.48
276.06
325.04
392.43
452.23
481.19
467.85
417.21
348.67
288.41
259.66
273.61
324.81
393.59
453.72
482.09
467.68
416.02
347.02
287.06
259.24
274.35
326.37
395.20
454.55
481.66
466.08
413.95
345.49
287.05
261.29
278.38
331.77
400.84
459.03
483.82
465.31
410.44
340.09
281.10
256.19
275.15
330.84
402.11
461.95
487.60
469.32
414.25
343.48
283.88
258.18
276.14
330.39
399.84
457.88
482.24
463.74
409.87
341.61
285.29
262.70
282.46
336.65
404.21
458.91
479.37
457.56
401.87
333.76
279.53
260.37
283.98
341.31
410.36
464.70
483.33
458.92
400.77
331.09
276.47
257.91
282.64
341.08
410.82
465.30
483.69
459.04
401.00
331.91
278.34
261.02
286.62
345.05
413.70
466.15
482.02
455.09
395.83
327.04
275.27
260.79
289.53
350.49
420.42
472.66
486.95
457.52
395.44
324.11
270.51
255.22
284.08
345.82
416.90
470.36
485.85
457.61
396.78
326.72
274.19
259.33
287.67
347.96
416.89
468.04
481.85
453.24
393.55
325.82
276.11
263.67
293.12
352.65
419.10
466.76
477.05
445.98
385.78
319.82
273.74
265.69
298.96
360.59
426.74
471.71
477.62
441.79
377.82
310.07
264.56
259.18
296.30
361.87
431.14
477.84
484.05
447.38
381.99
312.72
266.01
259.87
296.57
361.80
430.55
476.47
481.76
444.39
378.82
310.09
264.63
260.14
298.52
365.11
434.60
480.57
485.30
446.98
380.28
310.48
263.99
258.57
296.08
361.74
430.40
475.85
480.74
443.46
378.57
311.09
266.91
263.18
301.24
366.08
432.76
475.69
478.20
439.38
374.30
307.97
265.97
264.68
304.60
370.30
436.64
478.15
478.72
438.13
372.06
305.73
264.51
264.25
304.92
370.66
436.15
476.24
475.44
434.15
368.41
303.47
264.40
266.43
308.68
374.68
439.00
476.83
473.52
430.44
364.29
300.56
263.96
268.88
313.55
380.75
444.74
480.85
474.89
428.97
360.53
295.65
259.25
265.47
311.98
380.94
446.07
482.53
476.48
430.40
362.17
297.95
262.33
269.04
315.30
383.02
446.16
480.51
472.83
426.28
359.00
296.93
264.16
273.53
321.29
388.88
450.35
481.90
471.00
421.72
352.87
290.66
259.00
270.19
319.89
388.96
451.02
482.39
471.11
421.67
353.12
291.70
261.01
272.93
322.67
390.92
451.48
480.99
467.97
417.58
349.33
289.48
261.39
276.15
328.10
397.34
457.39
485.05
469.37
416.28
345.98
285.10
256.98
272.53
325.77
396.38
457.57
486.09
471.15
418.68
348.92
288.51
260.53
275.58
327.54
396.11
454.77
480.77
464.02
411.12
342.50
284.54
259.81
278.06
332.27
401.66
459.75
484.13
465.31
410.57
340.81
282.62
258.31
277.22
331.93
401.36
459.00
482.71
463.40
408.79
340.06
283.61
261.23
281.59
336.65
405.05
460.42
481.28
459.40
403.17
334.14
278.77
258.52
281.43
338.68
408.39
464.04
484.29
461.36
404.16
334.63
279.38
259.76
283.35
340.81
409.89
464.06
482.33
457.57
399.39
330.12
276.40
259.24
285.50
345.03
415.10
468.99
485.95
459.35
399.30
328.61
274.17
256.92
283.53
343.55
414.03
468.21
485.40
459.14
399.76
330.03
276.53
259.73
285.91
344.57
412.96
464.78
480.05
453.03
394.48
327.17
277.17
264.09
293.04
352.57
419.63
468.19
479.15
448.08
387.02
319.43
271.42
261.89
294.78
357.43
425.92
473.90
482.62
448.52
384.56
315.02
266.54
258.00
292.94
358.06
428.72
478.08
487.17
452.39
386.99
315.70
265.37
255.19
288.93
353.34
423.88
473.87
484.52
452.23
389.87
321.50
273.26
263.54
295.64
356.45
422.09
467.05
473.81
439.91
378.87
314.54
272.19
268.75
305.87
369.20
434.27
475.83
477.36
437.79
372.14
305.42
263.20
262.03
302.69
369.66
437.57
480.69
482.42
442.09
375.21
307.23
264.04
262.28
302.50
369.06
436.45
478.82
479.84
439.24
372.76
305.92
264.42
264.31
305.57
372.16
438.49
479.10
478.22
436.12
369.04
302.62
262.37
263.97
306.83
374.47
441.08
481.16
479.26
436.17
368.48
302.01
262.17
264.28
307.38
374.80
440.80
480.19
477.97
435.26
368.68
303.79
265.47
268.39
311.06
376.68
439.85
476.12
471.40
427.66
361.98
299.80
265.35
272.38
318.35
385.50
448.09
481.94
473.69
426.35
357.99
294.68
260.85
269.75
317.95
386.97
450.54
484.29
475.20
426.79
357.63
294.01
260.25
269.38
317.75
386.59
449.57
482.51
472.75
424.18
355.62
293.37
261.45
272.31
321.66
390.39
452.18
483.25
471.45
421.27
351.91
289.78
258.66
270.55
320.72
389.79
451.37
481.89
469.66
419.53
350.99
290.45
261.39
275.20
326.50
395.42
455.51
483.59
468.71
416.62
347.26
287.12
259.31
274.56
326.84
395.88
455.17
481.92
465.73
412.92
343.86
285.05
259.39
276.94
330.89
400.57
459.38
484.76
466.82
412.47
342.52
283.64
258.41
276.48
330.76
400.34
458.64
483.35
465.12
411.26
342.64
285.63
262.31
281.62
335.85
403.83
459.23
480.53
459.39
404.02
335.78
281.04
261.24
284.31
341.35
410.53
465.32
484.40
460.09
401.49
330.81
274.89
255.31
279.86
339.18
410.74
467.48
487.81
463.96
405.25
334.17
277.70
257.35
280.79
338.63
408.41
463.43
482.67
458.79
401.29
332.54
279.03
261.61
287.07
345.38
413.99
466.48
482.44
455.51
396.05
326.77
274.11
258.48
286.01
346.05
415.65
468.28
483.78
456.26
396.47
327.35
275.32
260.45
288.44
348.22
416.63
467.41
480.91
451.85
391.64
323.54
273.79
261.83
292.46
353.72
422.06
471.17
481.88
449.88
387.38
318.26
269.06
258.97
291.98
355.37
425.00
474.29
484.22
450.83
386.94
316.91
267.38
257.46
291.00
355.07
425.28
474.92
485.09
452.07
388.79
319.48
270.51
260.67
293.40
355.73
423.63
471.01
479.74
446.79
385.33
319.24
274.10
267.49
301.85
363.47
428.25
470.97
474.72
437.89
374.86
309.96
268.45
266.85
306.05
370.97
436.69
477.79
477.90
436.48
369.22
301.60
259.55
259.66
302.30
371.33
440.75
484.26
485.19
443.09
373.94
303.86
259.40
257.55
298.96
367.69
437.73
482.64
485.43
445.34
377.90
308.69
263.93
260.55
299.37
364.99
432.12
475.10
477.61
439.14
374.99
310.02
269.28
268.49
307.59
370.98
434.00
472.20
470.76
430.43
367.17
305.69
270.16
274.72
317.69
382.31
443.39
476.90
469.29
423.04
355.73
293.11
259.46
268.29
316.72
386.51
451.27
486.24
477.74
428.70
357.61
291.22
254.77
262.27
310.83
382.04
449.11
486.79
480.96
434.19
364.61
298.73
261.56
267.16
312.96
380.91
444.76
479.96
472.97
426.72
359.25
296.56
262.89
271.33
318.46
385.88
447.59
479.65
469.50
421.06
352.98
291.36
259.97
271.17
320.63
389.27
450.88
481.77
469.93
419.94
351.01
289.47
259.04
271.48
321.85
390.75
451.91
481.87
469.15
418.87
350.46
290.15
261.14
274.62
325.13
393.06
452.25
479.92
465.42
414.58
347.28
289.59
264.05
280.79
333.28
401.13
458.10
481.91
463.00
408.45
339.09
281.49
258.14
278.41
334.71
405.59
464.06
487.60
466.98
409.92
338.01
278.53
254.15
274.25
331.06
402.85
462.41
487.12
467.71
411.94
341.24
282.52
258.19
277.32
332.13
401.40
458.57
481.77
462.31
408.16
340.50
285.45
264.35
285.20
339.58
406.10
458.91
477.27
453.78
397.53
330.21
277.94
261.46
287.68
346.74
416.16
469.39
485.84
458.81
398.40
327.49
272.89
255.48
282.03
342.27
413.31
468.26
486.19
460.40
400.97
330.63
276.19
258.55
284.33
343.24
412.54
465.75
482.46
456.48
398.13
330.03
278.45
263.32
290.41
348.97
416.18
466.05
479.18
450.40
390.93
323.87
275.16
263.94
294.83
355.85
423.56
471.89
481.91
449.48
386.86
317.86
268.85
258.83
291.84
355.22
424.88
474.41
484.89
452.38
389.44
320.18
271.08
261.05
293.80
356.42
424.78
472.51
481.07
447.17
383.92
315.56
268.41
260.82
295.72
359.49
427.65
474.03
480.70
445.01
380.70
312.39
266.35
260.47
297.03
361.80
430.01
475.47
480.52
443.13
377.73
309.24
263.84
259.19
297.18
363.23
432.32
478.21
483.33
445.92
380.50
312.03
266.55
261.43
298.32
362.51
429.27
472.94
476.75
439.56
376.09
310.98
269.55
268.03
306.95
370.99
435.36
474.98
474.18
432.96
367.11
301.87
262.45
264.43
307.24
374.53
440.72
480.47
478.38
435.07
367.10
300.30
260.08
262.04
305.47
373.69
440.92
481.70
480.56
438.18
371.00
304.76
264.79
266.38
308.61
374.84
439.52
477.82
474.91
432.06
365.96
301.94
264.67
268.66
312.22
378.43
441.80
477.91
472.80
428.53
362.35
299.84
265.32
272.41
318.47
385.72
448.31
481.95
473.28
425.27
356.02
291.74
257.02
265.34
313.66
383.58
448.70
484.41
477.18
430.00
361.15
296.96
262.03
269.72
316.84
385.03
448.10
481.72
472.81
424.87
356.37
293.55
260.59
270.32
318.88
387.54
450.07
482.39
471.94
422.80
353.74
291.09
258.86
269.53
318.94
388.05
450.53
482.58
471.99
423.09
354.86
293.47
262.55
274.12
323.41
391.20
451.39
480.79
468.01
418.17
350.58
291.31
263.32
277.60
328.48
396.15
454.46
480.73
464.54
412.03
343.42
285.09
259.76
277.61
331.97
402.12
461.32
486.74
468.36
413.10
341.83
281.47
255.03
272.71
327.60
398.64
458.82
485.32
468.10
414.06
344.10
284.97
259.29
276.89
330.62
399.59
457.32
481.61
463.23
409.53
341.31
284.89
262.24
282.26
337.14
405.67
461.47
482.95
461.66
405.72
336.63
280.91
260.17
282.61
339.53
409.05
464.56
484.63
461.36
403.59
333.38
277.38
257.16
280.57
338.40
408.36
463.80
483.45
459.79
402.19
332.89
278.47
260.00
284.72
342.90
412.13
465.80
483.10
457.21
398.21
328.79
275.57
259.24
286.29
346.33
416.41
469.71
485.60
457.79
396.88
325.92
271.76
255.19
282.64
343.47
414.48
468.79
485.81
459.26
399.70
330.17
277.24
261.22
288.08
347.02
415.11
466.08
480.10
451.77
392.29
324.67
275.06
262.87
292.85
353.22
420.62
468.97
479.38
447.63
385.82
317.65
269.36
259.86
293.02
356.12
425.06
473.47
482.61
448.73
384.76
315.03
266.20
257.20
291.56
356.16
426.41
475.56
484.72
450.30
385.47
314.84
265.22
255.74
290.11
355.01
425.80
475.70
485.81
452.53
388.99
319.51
270.56
260.72
293.39
355.47
422.87
469.66
477.91
444.77
383.56
318.17
274.04
268.60
303.95
366.03
430.69
472.73
475.43
437.43
373.39
308.00
266.69
266.01
306.67
373.20
440.27
482.15
482.42
440.55
372.14
302.86
258.92
257.26
298.55
367.05
436.98
482.01
485.07
445.22
377.91
308.76
264.03
260.79
299.96
366.00
433.51
476.65
478.87
439.56
374.08
307.65
265.89
265.10
305.55
371.47
437.53
478.31
477.97
436.63
370.18
303.94
263.29
263.94
305.55
372.01
437.96
478.25
477.52
436.35
370.90
306.37
267.66
269.86
312.05
377.71
441.43
478.52
474.47
430.73
364.16
300.29
263.78
268.91
313.68
380.83
444.63
480.50
474.50
428.88
361.17
297.23
261.62
268.28
314.67
382.88
446.88
482.09
474.87
427.91
359.16
294.78
259.34
266.64
313.85
382.75
447.19
482.59
475.37
428.44
359.98
296.21
261.57
269.40
316.54
384.72
447.78
481.50
472.91
425.58
357.96
296.00
263.69
273.69
322.06
390.11
451.75
483.05
471.65
421.72
352.24
289.56
257.72
269.09
319.27
389.02
451.88
483.92
472.94
423.43
354.52
292.57
261.31
272.69
322.04
390.09
450.64
480.29
467.52
417.32
349.06
289.07
260.70
275.20
327.06
396.43
456.79
484.93
469.92
417.48
347.65
286.96
258.64
273.55
325.81
395.25
455.31
482.96
467.53
415.13
346.03
286.78
260.32
277.01
330.42
399.96
459.00
484.82
467.27
413.03
342.86
283.48
257.76
275.76
330.54
401.12
460.66
486.35
468.35
413.67
343.20
283.72
258.01
275.90
330.24
399.97
458.41
483.23
465.03
411.09
342.25
284.93
261.19
280.00
333.71
401.36
456.84
478.70
458.60
404.61
337.79
284.13
264.77
287.51
343.44
410.88
463.70
481.06
455.77
397.28
327.87
274.16
257.19
284.03
344.78
416.61
472.48
490.99
464.93
404.11
331.46
274.30
254.30
278.89
338.26
409.61
465.86
485.67
461.72
403.57
333.73
278.95
260.33
284.94
342.96
411.86
465.09
481.96
455.86
396.98
327.97
275.34
259.60
287.08
347.11
416.74
469.39
484.76
456.81
396.27
326.29
273.57
258.38
286.51
346.91
416.35
468.31
482.81
454.37
394.12
325.29
274.37
261.14
290.71
351.55
420.22
470.30
482.27
451.37
389.45
320.13
269.93
258.27
289.73
352.20
421.91
472.37
484.25
453.11
391.04
321.77
271.74
260.16
291.30
352.75
420.78
469.24
479.36
447.36
385.78
318.38
271.24
262.86
296.59
359.32
426.94
473.38
480.47
445.24
381.21
312.78
266.06
259.18
294.99
359.77
428.87
475.95
483.00
447.35
382.76
313.89
267.04
260.27
296.12
360.53
428.83
474.91
481.04
445.03
381.00
313.64
268.87
264.15
301.30
365.79
432.72
476.27
479.37
440.60
374.90
307.34
263.82
261.44
301.29
367.96
436.11
479.76
482.06
442.07
375.10
306.55
262.41
259.59
299.03
365.45
433.54
477.56
480.92
442.73
378.13
311.97
269.62
267.34
305.61
369.12
433.18
472.96
473.03
433.52
369.92
306.95
269.16
271.49
313.04
377.58
440.09
476.22
471.62
427.75
361.44
298.21
262.69
269.09
315.33
383.89
448.76
485.07
478.58
431.40
361.31
294.67
256.76
262.15
308.74
378.75
445.70
484.34
480.02
434.63
365.71
299.47
261.07
265.12
309.64
377.13
441.76
478.86
474.39
430.53
364.60
302.17
267.48
274.06
319.22
385.22
446.49
479.10
470.04
422.52
354.70
292.47
259.90
269.86
318.65
387.63
450.55
483.35
473.37
424.51
355.50
292.57
259.73
269.65
318.34
386.91
449.07
481.03
470.59
421.92
353.97
292.92
262.50
274.71
324.75
393.23
453.86
483.10
469.26
417.40
347.18
285.23
255.47
269.66
322.54
394.11
457.38
488.37
475.34
423.42
352.47
289.34
258.00
270.22
320.90
390.35
452.07
482.54
470.24
420.34
352.41
292.68
264.31
278.24
328.80
396.20
454.39
480.73
464.92
413.10
345.30
287.63
262.44
279.54
332.18
399.97
456.71
480.27
461.32
407.09
338.44
281.76
259.12
279.61
335.48
405.39
462.70
485.35
464.36
407.64
336.83
278.98
256.38
277.96
335.56
407.35
466.14
489.51
468.44
410.99
339.04
279.81
255.76
275.95
332.31
403.13
461.35
484.71
464.32
408.22
338.04
280.72
258.41
279.78
336.40
406.36
462.89
484.19
461.96
404.81
334.62
278.19
257.24
279.80
336.99
406.85
462.73
483.26
460.66
403.88
334.96
280.49
261.63
285.81
343.58
412.60
466.33
483.84
458.08
398.81
328.68
274.40
256.92
283.11
342.86
413.27
467.48
484.65
458.09
398.00
327.35
272.96
255.73
282.30
342.33
412.91
467.26
484.75
458.90
400.03
330.96
278.17
262.09
288.83
347.75
416.07
467.47
481.99
454.02
394.46
326.20
275.47
261.95
290.93
351.03
419.13
469.09
481.60
451.86
391.50
323.72
274.62
263.38
294.31
355.25
422.63
470.34
479.62
446.62
383.97
315.63
267.82
259.28
293.71
358.12
428.10
477.09
486.25
451.92
387.13
316.40
266.56
256.70
290.58
355.06
425.59
475.41
485.56
452.37
388.90
319.50
270.68
261.22
294.60
357.55
425.78
473.04
481.10
446.86
383.65
315.76
269.27
262.25
297.39
360.94
428.47
474.01
479.88
443.79
379.70
312.22
267.27
262.41
299.71
364.81
432.91
478.05
482.82
445.46
380.51
312.81
268.30
264.14
301.77
366.34
433.06
476.17
478.89
440.15
374.92
308.23
265.82
264.37
304.55
370.85
437.97
480.22
481.11
440.06
372.65
304.43
261.24
259.77
300.55
367.85
436.06
479.20
480.82
440.43
373.73
306.19
263.68
262.60
303.17
369.58
436.53
478.53
479.54
439.41
373.82
307.98
267.14
267.07
307.58
372.71
437.24
476.21
474.38
432.55
367.06
303.17
265.65
269.37
313.07
379.94
444.39
481.62
476.99
432.13
364.15
298.90
261.26
265.88
311.06
379.44
445.03
482.87
478.48
433.68
365.77
300.70
263.39
268.20
313.06
380.47
444.55
480.66
474.77
429.27
361.78
298.16
262.92
269.73
315.87
383.42
446.38
480.49
472.50
425.51
357.62
294.93
261.68
270.94
319.19
387.87
450.66
483.43
473.34
424.04
354.32
290.58
257.11
266.89
316.11
385.84
449.53
482.98
473.47
424.93
356.14
293.40
260.80
270.85
319.30
387.18
448.36
479.23
467.90
418.91
351.35
291.36
262.39
275.98
326.94
395.74
455.99
484.42
469.84
417.71
347.87
286.84
257.93
272.30
324.25
393.77
454.31
482.71
468.12
416.31
347.30
287.52
260.08
275.70
328.17
397.23
456.34
482.59
465.70
412.23
342.69
283.71
258.14
275.92
330.25
400.31
459.32
484.66
466.51
411.85
341.68
282.75
257.70
276.29
331.28
401.59
460.40
485.20
466.54
411.75
341.85
283.47
258.94
277.66
332.13
401.22
458.47
481.86
462.46
407.98
339.50
283.35
261.38
282.20
337.65
406.34
461.83
482.58
460.43
403.92
334.66
279.14
258.88
281.86
339.18
408.89
464.37
484.20
460.64
402.77
332.75
277.28
257.82
281.99
340.44
410.75
466.07
485.02
460.18
401.13
330.42
274.96
256.08
281.10
340.29
411.04
466.45
485.30
460.37
401.35
330.86
275.73
257.07
281.86
340.31
409.86
463.88
481.69
456.70
398.92
330.80
278.70
262.94
289.72
348.40
416.20
466.81
480.37
451.43
391.10
322.50
272.08
259.62
290.32
352.52
422.50
473.51
485.79
454.32
391.04
319.93
268.09
255.56
287.32
351.24
423.14
475.80
489.15
458.18
394.80
323.00
269.92
255.70
285.49
347.44
417.75
469.71
483.57
454.42
393.95
325.56
275.42
262.72
291.98
351.33
417.63
465.16
475.47
444.77
385.39
320.54
275.51
268.16
301.56
362.50
427.27
470.68
475.39
439.09
375.59
309.14
265.43
261.92
300.47
366.56
435.28
480.49
484.62
445.84
378.81
308.77
262.23
257.04
295.18
361.99
432.16
479.08
484.88
447.58
381.73
312.43
266.00
260.14
296.80
361.47
429.21
474.03
478.74
441.71
377.58
311.09
267.92
264.98
303.40
368.21
434.46
476.72
478.52
439.05
373.53
306.98
264.91
263.62
303.53
369.11
435.24
476.62
477.32
437.23
372.01
306.77
266.73
267.55
308.94
374.79
439.72
478.71
476.47
433.74
366.96
301.67
262.99
266.18
310.13
377.91
443.70
482.27
478.67
434.17
365.74
299.38
260.40
263.93
308.60
377.20
443.57
482.38
478.75
434.21
365.92
299.87
261.28
264.91
309.10
376.59
441.41
478.71
474.16
429.60
362.36
298.35
262.31
268.29
314.02
381.90
445.93
481.52
474.81
428.33
359.87
295.50
259.87
266.75
313.44
382.01
446.37
482.02
475.41
429.29
361.61
298.46
264.13
271.82
318.36
385.46
447.18
479.48
469.59
421.23
353.05
291.18
259.58
270.76
320.57
390.01
452.59
484.33
472.87
422.47
352.28
288.85
256.35
267.23
317.14
386.86
449.83
482.10
471.47
422.42
354.14
292.89
262.41
274.69
324.86
393.44
454.03
483.18
469.44
417.92
348.25
286.96
257.54
271.38
323.08
392.79
454.00
483.38
469.76
418.63
349.83
289.75
261.42
275.72
326.78
394.76
453.50
480.34
464.94
413.46
345.89
288.37
263.36
280.82
333.92
402.08
459.04
482.60
463.31
408.33
338.53
280.52
256.71
276.57
332.60
403.56
462.65
487.32
468.10
412.42
341.56
282.46
257.74
276.72
331.80
401.66
459.48
482.97
463.00
407.31
337.26
279.61
256.68
277.48
334.01
404.69
462.63
485.72
465.16
408.95
338.65
281.09
258.34
279.04
334.92
404.40
460.86
482.61
461.31
405.39
336.51
281.18
260.76
283.10
339.34
407.73
461.97
481.07
457.65
400.98
332.95
279.81
262.35
287.69
346.06
415.00
468.10
484.62
457.86
397.95
327.64
273.65
256.74
283.42
343.39
413.77
467.84
485.02
458.88
399.66
330.16
276.97
260.53
287.01
345.82
414.22
465.95
481.09
453.82
394.89
327.11
276.64
263.11
291.79
351.32
418.62
467.56
478.89
447.97
386.68
318.54
269.91
259.99
293.03
356.53
426.41
476.12
486.33
452.79
388.12
316.66
265.41
254.02
286.86
351.27
422.80
474.46
486.72
455.20
392.31
322.10
271.28
259.19
290.15
351.72
419.99
468.73
479.12
447.23
385.77
318.59
271.77
263.75
297.81
360.76
428.41
474.70
481.58
446.18
381.99
313.45
266.79
260.13
296.04
360.57
429.15
475.63
482.08
446.03
381.41
312.92
266.65
260.45
296.65
361.01
428.81
474.10
479.46
442.97
378.91
311.92
267.89
264.11
302.16
367.33
434.59
478.06
480.82
441.66
375.56
307.65
263.80
261.13
300.64
366.81
434.37
477.52
479.66
440.01
373.87
306.54
263.89
262.55
302.98
369.52
436.82
479.21
480.44
440.26
374.25
307.72
266.17
265.60
306.04
371.61
437.05
477.12
476.11
434.38
368.03
302.47
262.99
265.11
308.12
375.53
441.65
481.16
478.84
435.64
368.15
302.02
262.47
264.70
307.68
374.73
440.25
479.16
476.62
433.82
367.44
302.96
265.11
268.47
311.43
377.11
440.09
476.02
470.94
426.89
361.02
298.81
264.47
271.66
317.70
384.87
447.44
481.11
472.57
424.85
356.08
292.41
258.37
267.32
315.87
385.46
449.68
484.06
475.33
426.80
357.10
292.73
258.35
267.29
316.05
385.87
450.14
484.38
475.50
427.10
357.86
294.14
260.25
269.13
317.02
385.36
447.91
480.64
470.99
422.91
355.07
293.48
261.94
272.76
321.59
389.56
450.60
481.24
469.59
420.29
352.42
292.01
262.32
274.89
324.71
392.39
451.94
480.35
466.56
415.99
348.20
289.29
262.07
277.19
328.72
396.66
454.92
481.01
464.77
412.48
344.34
286.63
261.90
279.97
333.91
402.98
460.70
484.62
465.14
409.38
338.42
279.18
254.38
273.70
329.80
401.40
461.48
487.24
468.88
413.58
342.56
282.87
257.36
275.75
330.63
400.85
459.57
484.36
465.77
411.16
341.67
283.99
260.46
280.18
335.27
404.37
460.87
482.95
462.09
406.49
337.62
282.00
261.33
283.81
340.71
410.10
465.31
484.89
461.03
402.75
332.24
276.30
256.46
280.49
339.15
410.06
466.32
486.49
462.92
404.81
334.44
278.63
258.82
282.52
340.31
409.86
464.47
483.15
458.74
400.80
331.64
277.76
260.02
285.29
343.64
412.58
465.64
482.38
456.36
397.80
329.25
277.05
261.50
288.60
347.66
415.73
466.59
480.52
452.08
392.26
324.13
274.00
261.52
291.75
352.96
421.70
471.63
483.24
451.70
388.93
318.78
268.04
256.37
288.48
352.07
423.00
474.33
486.40
454.62
391.21
320.28
268.77
256.36
287.71
350.57
420.96
472.14
484.64
454.00
392.35
323.48
273.75
262.24
293.18
354.18
421.50
469.15
478.60
446.20
384.67
317.75
271.28
263.58
297.78
360.55
427.81
473.62
480.05
444.45
380.44
312.51
266.76
261.04
297.83
363.06
431.90
478.06
483.69
446.52
380.82
311.52
264.99
259.17
296.29
361.84
430.88
477.18
482.99
446.31
381.55
313.49
268.12
262.95
299.83
364.26
431.51
475.80
480.02
442.63
378.20
311.49
268.04
264.68
302.52
366.55
432.12
473.95
475.81
437.03
372.75
307.83
267.50
267.66
308.29
373.58
438.41
477.60
475.60
432.85
365.65
299.62
260.18
262.95
307.28
376.49
444.47
485.48
483.78
439.93
370.49
301.52
259.00
258.95
301.04
368.92
436.77
478.95
479.59
438.94
373.12
307.57
267.56
268.46
309.54
374.54
438.15
475.62
472.27
429.40
363.58
300.17
263.87
269.14
314.16
381.71
446.04
482.53
477.05
431.65
363.59
298.69
261.72
266.77
311.62
378.81
442.59
478.54
472.93
428.14
361.68
299.19
264.79
271.83
317.45
383.80
445.24
477.94
469.13
422.27
355.42
294.35
262.90
273.53
322.17
390.15
451.41
482.21
470.34
420.17
350.77
288.58
257.48
269.70
320.57
390.67
453.39
484.78
472.77
422.06
352.10
289.58
258.59
271.27
322.72
393.15
455.71
486.35
473.11
420.99
349.74
286.31
254.85
267.45
319.18
390.26
453.77
485.66
474.00
423.53
353.75
291.24
259.69
270.97
320.24
388.14
448.54
478.28
466.06
417.08
350.65
292.63
265.67
280.33
330.77
397.35
454.22
479.02
461.77
409.01
341.00
283.91
260.04
278.99
333.76
403.50
461.61
485.70
466.21
410.46
339.59
280.42
255.62
274.81
330.60
401.78
461.41
486.85
468.51
413.66
343.36
284.41
259.35
277.66
331.93
401.07
458.51
482.21
463.19
409.01
340.66
284.45
262.13
282.16
336.47
403.90
458.36
478.66
456.96
401.86
334.79
281.76
263.65
287.90
345.33
413.88
467.13
484.25
458.19
398.67
328.24
273.63
255.85
281.97
341.99
413.16
468.61
487.18
461.87
402.60
332.07
277.07
258.63
283.62
342.05
411.27
464.68
481.62
455.57
396.81
328.01
275.61
260.06
287.56
347.33
416.45
468.51
483.38
455.27
395.14
326.11
274.68
260.78
289.82
350.35
419.03
469.49
482.09
451.85
390.49
321.46
271.23
259.35
290.54
352.71
422.08
472.09
483.40
451.54
388.73
318.88
268.66
257.49
289.76
353.00
423.09
473.39
484.73
452.87
390.34
321.15
271.66
260.93
293.00
355.21
423.59
471.97
481.73
449.26
387.40
319.97
272.87
264.36
297.54
359.20
425.41
470.54
476.91
441.95
379.24
313.00
268.92
264.38
301.35
365.60
432.47
476.25
479.79
441.40
375.68
307.62
263.32
260.12
299.52
366.48
435.71
480.96
484.86
445.98
379.26
310.02
264.52
260.14
298.30
363.97
431.93
476.17
479.70
441.40
376.23
309.25
266.22
263.95
303.25
368.75
435.24
477.27
478.61
438.77
373.18
306.99
265.64
265.17
305.65
371.20
436.49
476.30
475.02
433.00
366.45
300.80
261.39
263.75
307.25
375.39
442.43
482.89
481.29
438.36
370.62
303.83
263.38
264.76
307.11
373.81
439.26
478.37
476.14
433.64
367.47
303.11
265.33
268.86
312.21
378.36
441.86
478.20
473.11
428.44
361.45
297.88
262.38
269.03
315.41
383.76
448.00
483.45
476.32
429.25
360.10
295.03
258.84
265.47
312.26
381.18
446.01
482.12
475.79
429.75
361.94
298.41
263.62
271.05
317.62
385.17
447.74
481.15
472.35
424.75
356.68
294.21
261.49
271.40
320.04
388.59
450.87
482.80
471.90
422.24
352.76
289.96
257.93
269.06
319.01
388.60
451.20
482.89
471.57
421.83
352.98
291.47
261.06
273.61
324.20
393.28
454.30
483.70
469.94
418.20
348.19
286.56
256.88
270.65
322.55
392.71
454.45
484.23
470.74
419.45
350.18
289.39
260.40
274.34
325.57
394.14
453.66
481.25
466.24
414.59
346.38
287.92
261.89
278.47
331.21
399.63
457.42
482.13
463.96
409.81
340.39
282.28
258.00
277.24
332.71
403.24
462.05
486.65
467.48
411.91
341.10
281.93
257.01
275.92
331.17
401.49
460.15
484.76
465.97
411.34
341.95
284.35
260.71
280.01
334.39
402.68
458.60
480.46
459.86
405.08
337.42
283.06
263.28
285.94
342.20
410.29
463.98
482.28
457.76
399.71
330.28
276.09
258.27
284.03
343.61
414.29
469.16
487.13
461.01
400.58
328.77
272.79
254.09
279.94
340.32
412.22
468.42
487.60
462.63
403.35
332.56
277.33
258.89
284.22
343.29
413.34
467.59
485.22
459.46
400.35
330.58
276.77
259.55
285.34
343.85
412.40
464.69
480.70
454.45
396.36
328.89
278.01
263.49
290.95
349.38
416.04
465.19
477.67
448.66
389.50
323.11
275.25
264.81
296.13
357.15
424.43
471.95
480.91
447.41
384.07
314.84
266.05
256.71
290.77
355.33
426.06
476.30
486.87
453.70
389.56
318.75
268.07
256.99
289.59
353.05
423.10
472.99
483.60
451.05
388.08
318.91
270.07
260.42
293.54
356.32
424.50
471.85
479.94
445.64
382.30
314.30
267.86
261.13
296.79
361.09
429.47
475.73
481.94
445.68
381.03
312.70
266.86
261.25
298.00
362.79
430.72
475.77
480.52
443.16
378.13
310.25
265.60
261.51
299.57
364.97
432.65
476.71
480.18
441.83
376.47
309.03
265.30
262.10
300.49
365.42
431.97
474.67
477.12
438.66
374.43
309.30
268.43
267.76
307.48
371.97
436.36
475.71
474.59
433.43
368.24
304.18
266.08
269.08
312.35
379.33
444.43
482.59
478.83
434.26
365.69
299.05
259.72
262.81
307.07
375.59
442.47
482.36
480.09
436.73
369.09
302.97
263.62
266.09
309.19
376.03
440.76
478.32
474.08
429.60
362.02
297.19
260.07
265.26
310.98
379.83
445.70
483.62
479.12
434.05
365.77
300.36
262.84
267.58
312.52
380.10
444.24
480.15
473.89
427.88
359.82
295.83
260.56
267.80
314.75
383.25
447.18
482.07
474.38
427.09
358.38
294.43
259.72
267.72
315.32
384.26
448.31
483.04
475.13
427.79
359.31
295.90
261.80
270.06
317.22
384.83
446.89
479.55
470.36
423.18
356.48
295.99
265.19
276.12
324.33
390.96
450.23
479.07
466.07
416.27
348.87
289.87
262.28
277.11
328.83
397.65
457.25
484.66
469.10
416.37
346.52
286.07
258.20
273.76
326.62
396.40
456.41
483.55
467.34
414.06
344.14
284.36
257.89
275.18
329.72
400.70
461.14
487.87
470.47
415.56
344.01
282.91
255.51
272.30
326.65
397.72
458.58
486.05
469.73
416.18
346.02
286.02
259.15
275.59
328.62
397.59
456.02
481.46
464.26
411.36
343.38
286.50
262.78
281.49
335.18
403.03
458.79
480.76
460.23
405.08
336.54
281.00
260.16
282.43
339.23
408.76
464.45
484.72
461.58
403.83
333.42
277.09
256.56
279.84
337.90
408.56
465.02
485.83
463.13
405.88
336.08
280.36
260.05
282.85
339.66
408.54
462.99
481.95
458.05
400.67
332.00
278.43
260.77
285.89
343.93
412.54
465.39
481.94
455.68
396.72
327.68
275.06
259.40
286.94
347.09
416.88
469.60
484.84
456.57
395.64
325.24
272.18
256.93
285.47
346.84
417.69
471.20
486.92
458.88
398.07
327.75
274.61
258.98
286.73
346.81
415.97
467.67
482.02
453.65
393.80
325.60
275.28
262.44
291.98
352.19
419.70
468.38
479.20
447.79
386.35
318.58
270.74
261.70
295.27
358.77
428.02
476.60
485.69
451.55
387.08
316.67
267.01
257.12
290.75
354.89
425.10
474.83
485.17
452.36
389.34
320.25
271.43
261.67
294.42
356.52
423.97
470.81
478.90
445.27
383.26
316.88
271.89
266.11
301.93
365.40
432.01
475.96
479.88
441.83
376.18
307.77
262.65
258.47
297.05
363.64
433.07
479.08
484.16
446.47
380.58
311.57
265.74
260.75
298.40
363.92
432.20
477.06
481.17
442.93
377.11
308.82
264.20
260.57
299.30
365.46
433.85
478.47
482.24
443.82
378.07
310.09
265.83
262.29
300.56
365.53
432.23
475.14
477.81
439.44
375.15
309.83
268.82
268.14
308.03
372.91
437.74
477.40
476.21
434.34
367.76
301.78
261.65
262.98
305.35
372.38
438.51
478.53
477.00
434.57
367.66
301.90
262.57
264.96
308.07
375.19
440.78
479.73
477.03
433.88
366.99
302.00
263.90
267.40
310.96
377.62
441.70
478.45
473.50
428.69
361.34
297.35
261.41
267.71
314.03
382.64
447.40
483.49
476.88
429.97
360.62
295.14
258.39
264.50
310.96
379.77
444.77
481.26
475.41
429.84
362.33
298.92
263.98
270.99
317.12
384.43
446.97
480.46
471.80
424.31
356.20
293.48
260.36
269.79
318.12
386.80
449.61
482.50
472.82
424.43
355.98
293.66
261.47
271.95
320.87
389.16
450.64
481.65
470.10
420.40
351.72
290.42
260.23
273.08
324.01
393.55
455.26
485.42
472.25
420.76
350.50
288.08
257.32
269.98
321.07
390.89
452.82
483.25
470.60
419.93
350.82
289.75
260.04
273.00
323.37
391.51
451.26
479.65
465.88
415.56
348.30
290.02
263.33
278.66
329.78
396.72
453.52
478.06
460.71
408.26
341.06
285.08
262.27
281.76
336.06
404.39
460.48
482.52
461.77
406.05
336.70
280.35
258.88
280.94
338.28
409.05
466.31
488.06
465.68
407.48
335.37
276.48
253.20
274.42
331.84
403.59
462.48
486.22
465.97
409.90
339.64
281.98
259.03
279.45
334.94
403.91
459.84
481.12
459.47
403.39
334.54
279.47
259.60
282.81
340.21
409.82
465.11
484.87
461.48
404.04
334.54
279.47
259.93
283.31
340.20
408.45
461.87
479.89
455.65
398.77
331.34
279.44
263.49
289.84
348.09
415.74
466.62
480.73
452.27
391.94
322.71
271.16
257.45
287.15
348.95
419.40
471.77
485.90
456.24
394.12
323.11
270.16
255.64
285.07
347.01
417.87
470.73
485.43
456.54
395.43
325.51
273.54
259.60
288.96
349.98
419.20
470.00
482.75
452.49
390.91
321.62
271.14
258.96
289.85
351.84
421.21
471.52
483.48
452.58
390.88
322.05
272.38
261.02
292.21
353.61
421.57
470.03
480.43
448.86
387.76
320.78
273.77
265.15
298.29
360.13
426.76
472.36
478.87
443.45
379.64
311.77
265.96
260.30
297.28
362.82
432.10
478.78
484.87
447.95
382.15
312.43
265.35
259.08
296.04
361.97
431.75
478.86
485.18
448.29
382.38
312.47
265.21
258.73
295.38
360.95
430.50
477.57
484.19
448.05
383.27
314.59
268.22
261.97
297.91
361.67
428.69
473.26
478.31
442.09
378.66
312.58
269.36
266.00
303.60
366.98
431.53
472.08
472.63
432.69
367.67
302.61
262.89
264.43
307.17
375.01
442.31
483.41
482.40
439.50
370.99
302.67
260.40
260.38
302.53
370.54
438.65
481.09
481.73
440.57
373.68
306.59
264.86
264.46
305.17
370.91
436.26
476.07
475.02
433.73
368.47
304.44
266.45
269.36
312.05
377.95
441.70
478.60
474.14
429.89
362.83
298.54
261.92
267.30
312.75
380.98
445.99
482.97
477.66
432.09
363.76
298.65
261.63
267.00
312.60
380.81
445.48
481.78
475.69
429.65
361.36
296.81
260.83
267.40
313.77
382.04
446.14
481.53
474.74
428.58
360.90
297.67
263.12
270.52
316.72
383.63
445.47
478.33
469.49
422.62
355.99
295.32
264.25
275.13
323.78
391.38
451.92
481.82
469.17
418.53
349.12
287.38
257.06
270.08
321.64
392.17
455.01
486.29
474.07
423.11
352.94
290.26
259.05
271.26
321.93
391.37
452.89
482.84
469.57
418.18
348.38
286.92
257.60
271.87
324.18
394.40
455.73
484.70
470.22
417.94
347.92
286.88
258.22
272.87
325.00
394.39
454.48
482.21
466.90
414.61
345.57
286.21
259.49
275.86
328.86
398.08
457.09
483.23
466.45
413.39
344.48
286.12
260.75
278.04
331.04
399.14
456.10
479.92
461.35
407.73
339.90
284.09
262.13
282.80
338.14
406.92
462.76
483.98
462.11
405.41
335.50
279.04
257.75
279.96
337.09
407.28
463.90
485.25
463.17
406.26
336.38
280.30
259.67
282.54
339.96
409.72
465.04
484.54
460.57
402.23
331.78
276.06
256.51
280.76
339.33
409.74
465.20
484.52
460.30
401.98
331.98
277.01
258.30
283.18
341.89
411.97
466.72
485.17
460.34
402.06
332.68
278.73
261.03
286.19
344.08
412.18
464.24
480.07
453.59
395.25
327.64
276.83
262.70
290.77
350.05
417.69
467.65
480.47
451.11
390.96
323.15
273.72
262.00
292.60
353.51
421.26
469.78
480.04
447.92
385.83
317.56
269.40
260.25
293.95
357.60
426.99
475.58
484.48
450.03
385.21
314.47
264.60
254.81
288.98
354.10
425.63
476.72
488.09
455.72
392.35
322.15
271.80
260.44
291.98
353.58
421.17
468.67
477.79
445.27
384.10
318.11
272.97
266.51
301.34
363.83
429.84
473.82
478.39
441.44
377.10
309.86
265.50
261.39
299.39
364.99
433.30
478.36
482.80
444.87
379.25
311.02
266.30
262.41
300.80
366.50
434.30
478.20
481.16
441.86
375.35
307.02
263.07
260.62
300.75
368.07
437.02
481.35
484.04
444.04
376.56
307.19
262.23
258.78
297.92
364.35
432.74
477.20
480.89
442.78
377.97
311.46
268.77
266.34
304.75
368.64
433.12
473.11
473.03
433.01
368.79
305.27
267.25
269.85
312.30
378.29
442.42
479.81
475.64
431.15
363.10
297.25
258.85
262.94
308.12
377.17
443.96
483.17
479.76
435.11
366.34
299.57
260.25
263.48
307.75
375.82
441.66
480.08
476.20
431.72
363.90
298.78
261.46
266.40
311.73
380.04
445.26
482.41
477.11
431.44
362.96
297.67
260.50
265.72
311.15
379.19
443.91
480.65
475.50
430.73
363.82
300.50
265.15
271.32
316.27
382.30
443.72
476.57
468.05
421.52
354.99
294.18
262.82
273.31
321.68
389.35
450.36
481.13
469.54
419.89
351.22
289.78
259.33
271.96
323.03
393.20
455.88
487.11
474.82
423.66
353.03
289.63
257.59
269.21
319.79
389.79
452.46
483.79
471.85
421.54
352.31
290.74
260.44
272.99
323.31
391.85
452.29
481.32
467.72
416.82
348.22
288.25
260.17
275.07
327.15
396.35
456.31
484.02
468.70
416.28
346.86
286.91
259.41
274.85
326.99
395.66
454.55
481.04
465.06
413.04
345.12
287.47
262.50
279.92
332.77
400.51
456.89
479.89
460.42
405.91
337.33
281.05
258.97
279.95
336.02
405.79
462.64
484.65
463.13
406.22
335.55
278.06
255.95
277.94
335.63
407.07
465.19
487.88
466.50
409.40
338.37
280.32
257.39
278.19
334.36
404.24
461.21
483.54
462.85
407.43
338.81
283.42
262.62
284.33
339.72
407.13
460.50
479.09
455.67
399.48
332.33
280.18
263.43
288.77
346.17
413.43
464.57
479.56
452.40
393.66
325.90
275.27
261.78
291.02
351.86
421.05
472.03
484.93
454.40
391.82
320.77
268.21
254.46
285.14
348.70
421.19
475.31
490.55
461.12
398.32
325.92
271.11
254.54
282.22
343.03
413.52
466.89
482.89
455.76
396.41
327.89
276.55
262.21
290.23
349.29
416.35
465.42
477.41
447.73
388.11
321.82
274.74
265.57
298.23
360.14
427.54
474.40
482.27
447.72
383.74
314.57
266.61
258.48
293.52
358.38
428.44
477.10
485.70
450.97
386.37
316.50
268.03
259.63
294.50
358.99
428.44
476.31
484.10
448.76
383.99
314.59
267.10
259.88
295.77
360.84
430.19
477.32
484.06
447.81
382.57
313.15
265.90
259.03
295.02
359.76
428.50
475.10
481.78
446.23
382.61
315.45
270.58
265.42
301.78
365.18
431.03
473.77
476.64
438.45
374.01
308.15
266.41
265.35
305.65
371.78
438.49
480.12
480.37
438.83
371.14
302.91
260.11
259.31
300.86
368.81
437.44
480.85
482.57
442.16
375.35
307.72
265.11
263.85
304.20
370.36
436.86
478.16
478.35
437.45
371.35
305.45
265.10
265.99
307.76
374.22
439.85
479.46
477.72
435.27
368.45
302.70
263.21
265.26
307.96
374.77
440.12
478.98
476.35
433.40
366.74
301.92
263.87
267.33
310.80
377.36
441.34
478.05
473.16
428.55
361.41
297.48
261.51
267.74
313.91
382.39
447.16
483.52
477.54
431.60
363.33
298.73
262.43
268.38
314.01
381.44
444.72
479.42
472.11
425.78
358.35
295.74
262.29
271.19
319.09
387.52
450.29
483.27
473.59
424.80
355.45
291.92
258.51
268.18
317.25
386.89
450.69
484.38
475.16
426.79
357.93
294.86
261.75
271.28
319.41
387.27
448.68
479.90
468.76
419.61
351.48
290.64
260.71
273.57
324.32
393.50
454.66
484.21
470.62
418.96
348.89
286.99
256.96
270.48
322.23
392.39
454.40
484.65
471.67
420.73
351.51
290.51
261.07
274.46
325.19
393.41
452.83
480.46
465.53
413.90
345.54
286.80
260.57
277.31
330.67
400.12
459.15
484.99
467.53
413.41
343.22
283.53
257.18
274.38
328.41
398.53
458.02
484.13
466.92
413.35
344.15
285.88
261.08
279.41
333.60
402.70
460.20
483.95
464.69
409.80
340.35
282.86
259.41
279.07
334.15
403.42
460.51
483.53
463.63
408.75
340.12
284.11
262.39
283.32
338.57
406.66
461.30
481.20
458.49
401.91
333.25
278.94
260.21
284.58
342.63
412.08
466.35
484.42
459.05
399.79
329.21
274.18
255.98
281.73
341.51
412.58
467.90
486.32
460.80
401.24
330.38
275.18
256.78
282.13
341.17
411.13
465.33
482.98
457.35
398.57
329.34
276.31
260.02
286.74
346.00
415.00
467.26
482.57
454.95
395.09
325.99
274.24
259.99
288.90
349.83
419.53
471.45
485.64
456.61
395.57
325.81
273.90
259.75
288.60
348.96
417.52
468.01
480.98
451.53
391.27
323.57
274.56
263.32
294.12
354.87
422.16
470.06
479.82
447.48
385.50
317.67
270.14
261.61
295.61
359.04
427.63
475.02
482.73
447.54
382.83
313.21
265.23
257.47
293.10
358.44
428.66
477.02
484.80
448.98
383.38
312.93
264.46
256.69
292.67
358.55
429.39
478.35
486.72
451.47
386.34
316.04
267.20
258.40
292.65
356.35
425.00
472.42
480.59
446.77
384.51
318.04
272.98
266.86
301.81
363.84
428.72
471.13
474.33
437.03
373.84
309.33
268.69
268.28
308.69
374.24
439.77
479.99
478.85
436.15
367.87
299.76
257.63
257.94
300.88
370.24
439.97
483.81
485.13
443.61
375.30
306.02
261.95
259.81
300.03
366.75
434.42
477.28
479.08
439.53
374.28
308.54
267.64
267.43
307.75
372.78
437.32
476.29
474.46
432.55
366.73
302.32
264.27
267.60
311.17
378.17
442.97
480.70
476.71
432.50
365.06
300.10
262.51
266.88
311.38
378.67
442.93
479.43
473.94
428.58
360.87
296.79
261.12
267.85
314.44
382.98
447.40
482.97
475.82
428.65
359.47
294.49
258.48
265.39
312.37
381.39
446.25
482.20
475.53
429.10
360.94
297.09
261.98
269.06
315.32
382.74
445.50
479.55
471.92
425.85
359.45
298.38
266.22
275.33
321.92
387.64
446.87
476.43
464.62
416.03
349.48
290.81
263.07
277.53
328.95
397.67
457.38
485.04
469.73
417.23
347.51
287.01
258.97
274.34
327.18
397.14
457.55
485.17
469.17
415.73
345.25
284.57
257.01
273.31
327.19
398.04
458.93
486.66
470.59
416.95
346.22
285.23
257.22
272.85
325.88
395.88
456.18
483.83
468.45
416.41
348.00
289.54
263.66
280.30
332.65
400.19
456.78
480.32
461.38
407.21
338.61
281.90
259.11
279.40
335.12
405.03
462.53
485.56
465.23
409.34
339.25
281.66
258.67
279.07
334.87
404.57
461.57
483.95
463.05
407.09
337.61
281.31
259.99
281.98
338.72
408.41
464.39
485.00
462.15
404.56
334.16
277.77
257.07
280.07
337.89
408.41
464.80
485.56
462.77
405.37
335.44
279.58
259.22
282.00
338.68
407.32
461.63
480.73
457.45
401.17
333.79
281.32
264.21
289.13
346.13
413.02
463.87
478.68
451.45
392.68
325.03
274.72
261.64
291.37
352.80
422.62
474.15
487.32
456.67
393.56
321.67
268.12
253.32
282.88
345.52
417.52
471.69
487.52
459.24
398.04
327.37
274.06
258.41
286.23
346.35
415.55
467.36
481.96
454.02
394.73
327.13
277.21
264.21
292.89
351.68
417.69
465.32
475.99
445.61
386.25
321.07
275.57
267.86
301.27
362.87
428.87
473.66
479.39
443.25
378.79
310.39
264.20
258.36
295.50
361.61
431.88
479.76
486.91
450.61
384.78
314.31
265.91
258.07
293.56
358.42
427.75
475.06
482.09
446.21
381.36
312.35
265.69
259.59
296.47
361.99
431.18
477.72
483.68
446.73
381.07
311.67
264.89
258.64
295.19
360.21
428.77
474.86
480.96
445.03
381.28
314.39
270.14
265.71
302.74
366.57
432.47
474.94
477.29
438.38
373.09
306.42
264.01
262.48
302.62
369.08
436.57
479.37
480.93
440.60
373.88
306.11
263.09
261.39
301.55
367.95
435.28
477.98
479.81
440.35
375.15
309.28
268.02
267.30
307.01
371.40
435.51
474.51
473.18
432.13
367.42
304.15
266.92
270.48
313.60
379.62
443.15
479.50
474.23
429.08
361.20
296.41
259.72
265.57
311.96
381.28
447.26
484.78
479.36
433.03
363.45
296.94
258.73
263.37
308.82
377.51
443.21
480.80
475.92
430.68
362.72
298.12
261.74
267.79
313.94
382.34
446.87
482.76
476.15
429.64
361.16
296.78
261.12
267.90
314.36
382.60
446.58
481.83
474.82
428.47
360.77
297.72
263.57
271.47
318.13
385.27
446.87
479.10
469.37
421.50
354.02
292.86
261.69
272.86
322.09
390.44
451.76
482.34
470.11
419.66
350.22
288.21
257.46
269.97
321.00
391.06
453.55
484.68
472.59
422.09
352.63
290.77
260.34
273.07
323.90
393.17
454.28
483.70
470.03
418.57
349.03
288.03
259.04
273.30
325.18
394.69
455.30
483.85
469.44
417.82
348.97
289.31
261.85
277.23
329.31
397.89
456.64
482.87
466.41
413.67
344.95
286.69
261.49
279.27
333.24
402.66
461.01
485.75
467.12
412.19
341.91
282.98
257.99
276.48
331.11
400.86
459.15
483.66
465.02
410.61
341.52
284.34
261.19
281.09
336.25
405.33
461.71
483.47
461.87
405.09
334.76
277.65
255.76
277.75
335.30
406.46
464.32
486.79
465.30
408.31
337.61
280.11
257.81
279.16
335.57
405.19
461.35
482.36
460.16
403.50
334.31
279.22
259.72
283.61
341.69
411.66
466.77
485.70
460.99
402.12
331.50
275.96
256.86
281.58
340.61
411.37
466.99
486.28
461.90
403.37
333.16
278.05
259.10
283.38
341.08
409.76
463.02
480.29
455.05
397.30
329.43
277.75
262.44
289.48
348.32
416.21
467.01
480.93
452.36
392.35
323.99
273.55
260.83
291.09
352.76
422.31
473.20
485.79
455.03
392.67
322.46
271.09
258.20
288.70
350.63
420.16
470.73
482.91
452.07
390.30
321.40
271.91
261.12
293.30
355.98
425.20
474.38
484.39
451.21
387.44
317.27
267.28
256.67
289.52
353.11
423.18
473.16
483.99
451.67
388.85
319.60
270.35
259.96
292.22
354.31
422.29
470.11
479.41
446.87
385.44
318.97
273.24
266.22
300.72
363.25
429.75
474.52
479.89
443.47
379.06
311.11
265.54
260.07
296.96
361.95
430.30
475.93
481.20
444.08
378.94
310.68
265.42
260.76
298.57
364.11
432.30
477.02
480.97
442.55
376.54
308.19
263.67
260.40
299.83
366.83
435.95
480.90
484.48
445.38
378.60
309.46
264.11
259.90
298.24
364.06
432.21
476.66
480.43
442.41
377.57
310.83
267.81
265.04
303.38
367.67
433.03
474.25
475.30
435.89
371.42
306.74
266.87
267.44
308.26
373.41
437.87
476.83
475.17
433.58
368.14
304.02
266.07
269.29
312.61
379.32
443.77
481.10
476.59
431.71
363.48
297.71
259.54
263.90
309.22
378.23
444.79
483.64
480.00
435.35
366.88
300.66
261.92
265.49
309.68
377.16
442.00
479.31
474.69
430.15
363.01
299.12
263.18
269.26
315.05
382.79
446.47
481.59
474.41
427.58
359.07
295.11
260.18
267.87
315.26
384.11
448.18
483.02
475.22
427.90
359.31
295.53
260.94
268.86
316.03
384.05
446.84
480.30
471.51
424.03
356.31
294.41
262.20
272.11
320.08
387.46
448.37
479.28
468.16
419.43
352.01
291.82
262.21
274.76
324.52
392.18
451.67
479.95
465.95
415.11
347.02
287.82
260.53
276.01
328.42
397.68
457.36
484.46
468.28
414.92
344.69
284.25
256.83
273.05
326.64
397.04
457.42
484.71
468.43
414.90
344.66
284.58
257.83
274.85
329.12
399.83
459.95
486.38
468.89
414.22
343.20
282.74
256.04
273.50
328.35
399.60
460.24
487.21
470.29
416.19
345.64
285.47
258.58
275.01
327.96
396.86
455.36
481.08
464.32
412.02
344.70
288.40
264.94
283.36
336.17
402.68
457.03
477.95
457.11
402.68
335.81
282.44
263.49
286.62
342.96
410.78
463.93
481.60
456.49
398.03
328.51
274.51
257.06
283.33
343.43
414.52
469.61
487.54
461.20
400.43
328.19
271.83
252.86
278.62
339.24
411.75
468.79
488.81
464.35
405.08
333.69
277.29
257.26
280.91
338.54
407.75
462.01
480.63
456.80
400.23
333.16
281.65
265.69
291.31
348.19
414.05
463.19
476.28
448.11
389.65
323.49
275.39
264.38
295.04
355.60
422.82
470.77
480.63
448.22
385.76
317.01
268.27
258.48
291.69
355.28
425.21
474.91
485.33
452.46
389.00
319.12
269.38
258.85
291.44
354.37
423.57
472.60
482.60
449.85
387.19
318.74
270.73
261.73
295.16
357.87
425.68
472.52
480.11
445.40
381.76
313.50
266.81
259.90
295.54
360.03
428.80
475.58
482.40
446.71
382.37
313.95
267.58
261.15
297.06
361.21
429.04
474.62
480.41
444.35
380.61
313.71
269.43
265.07
302.27
366.38
432.67
475.53
478.11
439.29
374.02
307.30
264.92
263.61
304.11
370.88
438.50
481.17
482.35
441.41
373.90
305.35
261.75
259.86
300.32
367.47
435.76
479.32
481.62
442.03
375.96
308.68
265.81
263.77
303.11
368.35
434.28
475.50
476.08
435.87
370.52
305.10
264.82
265.39
306.59
372.46
437.79
477.60
476.57
435.27
369.79
305.25
266.48
268.48
310.32
375.56
438.89
475.74
471.63
428.09
361.95
298.69
262.89
268.77
314.30
382.02
446.08
481.85
475.27
428.56
359.39
294.07
257.57
264.08
311.33
381.39
447.80
485.39
479.88
433.57
364.29
298.37
260.76
265.73
310.93
378.66
442.98
479.22
473.59
428.64
362.00
299.42
265.15
272.59
318.72
385.42
446.91
479.32
469.75
421.83
354.00
292.28
260.64
271.62
321.11
390.10
452.29
483.84
472.42
422.34
352.70
289.95
258.11
269.50
319.79
389.73
452.76
484.83
473.71
423.94
354.76
292.56
261.28
273.01
323.00
391.86
453.11
483.11
470.19
419.20
349.67
288.21
258.50
272.21
324.04
394.15
455.89
485.69
472.09
420.45
350.60
289.07
259.37
272.77
323.72
392.38
452.44
480.87
466.84
416.05
348.35
289.88
263.37
279.10
330.68
398.01
454.94
479.22
461.22
407.78
339.50
282.69
259.57
279.49
334.87
404.54
461.89
484.77
464.21
408.13
337.95
280.45
257.85
279.06
335.96
406.91
464.87
487.53
466.06
408.66
337.15
278.59
255.26
276.11
333.00
404.14
462.53
485.99
465.69
409.78
339.86
282.75
260.51
281.63
337.63
406.72
462.29
482.86
460.46
403.90
335.00
280.28
261.01
284.79
342.44
411.84
466.44
485.16
460.70
402.41
332.49
277.58
258.81
283.30
341.42
410.77
464.82
482.82
457.94
399.96
331.28
278.23
261.32
287.06
345.22
413.24
464.86
480.03
452.86
393.95
326.13
275.56
262.06
291.11
351.50
420.02
470.34
482.78
452.18
390.04
319.87
268.38
255.49
286.31
349.06
420.01
472.34
486.12
456.18
394.23
324.04
272.42
259.23
289.53
351.39
420.96
471.53
483.58
452.41
390.10
320.50
270.28
258.89
290.75
353.44
422.93
472.70
483.54
451.21
388.19
318.58
269.05
258.71
291.53
354.85
424.52
474.03
484.50
452.04
389.29
320.26
271.22
260.91
293.07
354.83
422.35
469.76
478.79
446.21
385.08
319.15
274.03
267.42
301.84
363.64
428.77
471.83
475.72
438.70
374.95
308.96
266.34
264.11
303.67
370.01
437.95
481.54
483.76
443.44
375.81
306.37
261.37
258.15
298.00
365.53
435.13
480.46
484.26
445.21
378.47
309.47
264.55
260.96
299.78
365.71
433.43
477.04
479.82
440.87
375.40
308.58
266.07
264.21
303.52
368.59
434.30
475.35
475.82
435.58
370.29
305.10
265.18
266.25
307.98
374.21
439.68
479.32
477.85
435.87
369.62
304.49
265.52
267.78
310.21
376.24
440.34
477.77
473.86
430.02
363.09
298.84
262.14
267.42
312.88
381.19
446.33
483.28
477.72
431.66
362.60
296.69
259.04
264.10
309.89
378.85
444.81
482.68
478.05
432.98
365.00
300.13
263.26
268.64
313.99
381.60
445.43
480.80
473.88
427.32
359.00
295.00
260.02
267.71
315.27
384.54
449.19
484.63
477.24
429.94
360.88
296.29
260.81
267.97
314.68
382.76
446.06
480.33
472.49
425.84
358.64
296.81
264.22
273.55
320.99
387.98
448.58
479.30
468.07
419.20
351.57
291.25
261.73
274.69
325.30
394.16
454.91
484.08
470.26
418.62
348.84
287.47
258.05
271.98
323.81
393.70
455.03
484.33
470.30
418.47
348.85
288.09
259.65
274.59
327.13
397.06
457.58
485.46
469.89
416.86
346.66
285.96
258.05
273.68
326.65
396.58
456.80
484.35
468.77
416.38
347.55
288.72
262.51
278.92
331.36
399.37
456.70
481.10
463.04
409.63
341.46
284.66
261.26
280.49
334.84
403.27
459.46
481.70
461.29
406.18
337.57
281.83
260.62
282.25
338.32
407.17
462.39
482.59
459.82
402.83
333.54
278.57
259.25
283.21
341.12
410.76
465.49
484.15
459.31
400.47
330.18
275.32
257.11
282.78
342.52
413.59
469.02
487.53
461.89
401.93
330.43
274.46
255.38
280.39
339.70
410.66
466.34
485.64
461.45
403.45
334.20
280.29
262.53
287.64
345.45
413.42
465.27
480.78
453.82
394.90
326.70
275.54
261.48
290.10
350.29
418.99
469.82
483.05
453.38
392.19
322.82
271.79
258.77
288.81
350.25
419.61
470.46
483.26
453.17
391.94
323.05
272.81
260.56
291.02
352.19
420.46
469.62
480.57
449.03
387.35
319.33
271.20
261.79
294.92
357.80
426.44
474.53
483.30
449.26
385.44
316.04
267.49
258.40
292.25
355.96
425.19
473.57
482.61
449.05
386.08
317.80
270.32
262.03
295.91
358.48
425.64
471.54
478.47
443.87
381.34
315.03
270.59
265.51
301.80
365.31
431.55
474.86
478.17
439.85
374.54
307.07
263.30
260.40
299.73
366.27
434.80
479.23
482.39
442.99
376.18
307.32
262.61
259.34
298.69
365.32
433.80
478.05
481.08
441.83
375.55
307.61
264.08
261.92
302.06
368.98
437.14
480.55
482.46
442.10
374.98
306.50
262.69
260.28
299.96
366.26
433.79
476.84
479.05
439.95
374.96
309.19
268.02
267.45
307.51
372.47
437.21
476.66
475.39
433.82
368.01
303.17
264.21
266.32
308.69
374.95
439.82
478.45
476.06
433.67
367.77
303.78
266.44
270.33
313.90
380.20
443.68
479.71
474.09
428.74
360.96
296.59
260.36
266.53
313.00
382.15
447.73
484.83
479.21
433.00
363.86
297.99
260.42
265.49
311.02
379.25
444.03
480.66
475.20
430.03
362.80
299.38
264.14
270.69
316.31
383.13
445.31
478.74
470.27
423.10
355.37
292.99
260.10
269.72
318.25
387.17
450.28
483.51
474.07
425.60
356.73
293.72
260.74
270.54
319.26
387.93
450.24
482.26
471.50
422.15
353.27
291.29
260.09
271.89
322.15
391.50
453.39
484.00
471.40
420.40
350.40
288.03
257.19
269.76
320.83
390.92
453.53
484.77
472.85
422.60
353.49
291.98
261.63
274.13
324.42
392.94
453.28
482.17
468.45
417.43
348.80
288.78
260.42
274.71
325.83
393.83
452.57
479.38
463.93
412.34
344.63
286.90
261.62
278.72
331.49
399.48
456.45
480.25
461.40
407.07
338.14
281.11
258.24
278.88
335.42
406.42
464.87
488.37
467.64
410.38
338.14
278.13
253.19
272.86
329.42
401.35
461.46
487.01
468.48
413.35
342.92
284.01
259.08
277.44
331.48
400.04
456.67
479.59
460.15
406.28
339.06
284.60
264.19
285.93
341.28
408.75
462.27
480.92
457.13
399.88
331.04
276.93
258.50
283.12
341.41
411.18
465.92
484.65
460.19
402.10
332.70
278.51
260.48
285.61
344.04
413.26
466.69
483.65
457.42
398.09
328.36
274.88
258.46
285.62
345.91
416.34
470.04
486.41
459.13
398.64
328.01
274.00
257.26
284.07
343.74
413.31
466.28
482.33
455.45
396.36
327.93
276.54
262.21
290.53
350.29
418.36
468.41
480.82
450.62
389.49
320.89
271.22
259.87
291.38
353.55
422.59
472.05
482.77
450.41
387.37
317.67
267.94
257.47
290.44
354.13
424.30
474.31
485.04
452.45
389.17
319.29
269.38
258.61
290.92
353.46
422.16
470.74
480.57
448.08
386.11
318.66
271.85
264.06
298.31
361.18
428.38
473.90
479.83
443.54
378.88
310.43
264.37
258.67
295.78
361.48
430.87
477.69
483.93
447.20
381.75
312.53
265.81
259.52
296.01
360.95
429.33
475.00
480.39
443.50
378.80
311.24
266.86
263.00
301.28
366.85
434.59
478.57
481.78
442.81
376.41
307.77
262.99
259.35
298.27
364.65
433.21
477.92
481.72
443.43
378.00
310.45
266.55
263.07
301.05
365.47
431.51
473.85
476.29
438.21
374.72
310.47
270.35
269.99
309.36
372.90
435.89
473.85
471.93
430.84
366.54
303.86
267.25
271.25
314.46
380.18
443.13
478.88
473.23
428.00
360.38
296.24
260.33
266.94
313.88
383.37
449.14
486.04
479.81
432.66
362.38
295.43
257.16
262.19
308.40
378.00
444.61
482.94
478.47
433.17
364.67
299.17
261.67
266.53
311.57
379.16
443.30
479.30
473.33
427.94
360.87
297.98
263.63
271.25
317.83
385.37
447.95
481.38
472.61
425.01
356.82
294.03
260.78
270.02
318.16
386.64
449.37
482.39
472.97
424.86
356.65
294.45
262.22
272.40
320.86
388.79
450.08
481.13
469.93
420.86
352.88
292.14
262.22
274.81
324.95
393.28
453.51
482.31
468.32
416.87
347.66
287.17
258.84
273.86
326.58
396.87
458.03
486.62
471.57
418.62
347.95
286.35
257.28
271.86
324.34
394.58
455.87
484.89
470.69
419.03
349.85
289.58
261.33
275.85
327.14
395.10
453.44
479.60
463.51
411.67
344.29
287.43
263.31
281.46
334.79
402.69
459.01
481.79
461.93
406.92
337.72
280.75
257.99
278.49
334.45
404.58
462.19
485.18
464.67
408.60
338.41
280.88
258.10
278.82
334.90
404.78
461.74
483.84
462.52
406.08
336.23
279.75
258.46
280.70
337.88
408.11
464.64
485.72
463.19
405.75
335.26
278.48
