=~=~=~=~=~=~=~=~=~=~=~= PuTTY log 2024.12.04 14:39:01 =~=~=~=~=~=~=~=~=~=~=~=
0.00
110.90
161.51
215.66
268.21
314.66
418.07
408.01
397.19
387.03
376.82
365.99
355.85
344.60
334.17
323.11
310.97
300.29
289.06
278.61
267.53
256.86
247.32
237.88
227.85
218.60
209.01
200.40
191.52
183.11
176.55
169.45
164.05
159.02
155.29
152.45
149.61
148.08
147.56
147.66
148.59
150.15
152.96
156.96
161.48
166.62
172.56
179.53
187.50
196.38
204.78
214.08
223.47
233.52
243.06
252.98
263.41
272.43
284.33
294.57
305.94
317.07
328.49
340.21
351.73
362.65
374.24
385.48
396.16
407.49
417.55
428.15
437.78
447.85
456.74
465.75
474.13
481.75
489.36
496.03
502.62
508.55
513.43
518.48
521.44
524.41
527.50
528.11
528.41
527.39
526.45
525.16
521.56
518.36
514.47
509.83
503.92
497.60
491.14
482.89
473.90
464.35
455.31
445.64
435.21
424.65
413.96
403.91
393.32
382.62
372.07
360.84
350.04
338.57
327.34
316.64
304.51
294.10
282.61
272.44
262.14
251.29
242.04
231.96
222.55
213.04
204.53
195.61
188.69
180.54
174.49
168.43
163.14
158.38
154.01
151.30
147.91
147.05
145.86
145.99
147.84
149.61
153.47
158.00
162.62
169.47
176.03
183.64
191.64
199.76
208.26
217.54
227.06
236.21
245.66
255.70
267.66
278.34
288.43
299.28
311.35
323.84
334.94
345.01
356.76
368.31
379.39
389.73
399.90
410.98
421.16
431.36
441.01
451.06
460.08
468.98
476.97
485.23
492.56
498.75
505.35
510.33
514.98
518.88
521.94
525.16
527.88
528.38
529.32
528.80
527.36
525.18
521.18
517.30
512.01
506.37
500.05
493.33
486.39
477.87
469.89
460.86
451.06
441.29
430.96
420.89
409.82
398.75
387.66
377.09
366.64
355.81
344.75
334.58
323.33
312.15
300.95
289.30
279.91
268.04
257.50
247.72
238.01
228.23
218.20
209.02
200.37
192.02
183.78
177.20
171.14
165.98
160.43
155.95
152.72
149.20
147.05
146.66
145.56
147.06
148.09
151.01
156.46
161.20
167.25
173.61
179.93
188.03
196.26
204.12
212.25
220.63
230.31
240.60
251.16
261.22
272.33
283.26
295.51
306.59
317.42
329.17
340.22
351.95
362.14
372.20
383.42
394.08
404.66
414.87
425.03
435.86
445.53
455.20
464.21
473.11
480.84
488.45
495.79
501.96
507.40
511.91
516.92
520.51
523.76
526.59
527.86
529.07
528.29
527.61
526.33
522.19
518.23
513.20
508.02
501.97
495.01
487.79
480.45
472.59
464.34
455.45
446.05
436.25
426.18
415.10
403.91
393.20
382.36
371.42
360.60
349.76
339.20
328.13
317.55
306.97
295.64
284.96
274.49
264.05
252.61
242.82
232.71
223.46
213.43
203.75
196.80
188.38
181.06
174.39
168.03
163.80
158.25
154.39
151.68
148.82
147.83
146.65
147.80
148.83
150.53
154.53
158.09
163.16
168.84
176.27
183.88
191.27
199.39
208.51
217.92
226.81
236.09
246.29
257.10
267.40
279.42
290.34
301.56
312.94
323.34
335.46
345.77
356.09
367.05
377.33
388.56
399.64
410.06
421.19
431.48
442.16
452.10
460.61
469.89
477.08
485.37
491.91
498.10
504.19
509.06
514.85
518.85
521.95
525.57
528.25
529.42
530.10
528.78
527.37
525.06
521.28
517.05
511.79
505.84
499.40
492.32
484.44
477.34
467.55
458.71
450.04
441.23
432.12
420.40
411.27
400.14
389.59
377.87
366.25
355.44
343.70
332.24
320.91
310.33
298.97
288.69
277.20
267.03
256.85
246.91
237.38
228.37
218.82
210.08
202.09
193.67
185.58
177.99
171.76
164.93
159.84
153.99
151.67
148.58
145.74
145.90
145.85
148.06
149.50
152.98
158.37
161.96
166.93
172.32
179.35
186.72
193.06
201.82
211.21
221.02
231.08
241.63
252.46
263.81
274.23
285.08
296.56
306.82
317.82
327.75
338.41
350.15
360.70
371.93
383.29
394.61
406.35
417.04
427.23
437.03
446.04
455.32
464.07
472.19
479.43
487.30
494.87
501.83
507.79
513.19
518.08
523.00
525.93
528.52
530.09
530.07
530.34
528.01
525.44
522.47
518.19
513.19
507.67
502.22
496.67
488.83
480.99
473.50
465.73
456.60
446.96
436.50
427.24
416.65
405.43
394.76
383.00
371.93
361.00
350.14
339.05
328.40
317.16
307.10
296.03
285.21
274.88
263.67
253.26
243.44
233.75
224.38
214.46
205.94
198.08
189.30
182.11
174.09
167.54
161.74
156.81
153.08
150.13
147.55
146.79
146.66
147.67
149.35
150.91
153.75
158.64
163.25
168.57
174.39
181.31
189.69
197.17
205.68
214.96
225.00
235.06
246.03
256.19
267.56
278.25
289.06
300.41
310.84
321.67
331.99
342.94
354.14
365.48
375.92
386.51
398.63
409.53
420.78
430.72
440.75
451.07
459.44
468.34
476.70
484.56
491.54
497.99
504.69
510.47
514.60
518.75
522.32
525.28
527.64
528.26
529.56
528.40
527.12
525.17
521.54
517.84
512.16
506.75
500.44
493.59
485.85
477.88
469.76
460.59
451.99
442.43
433.13
422.84
411.77
401.45
390.22
378.90
367.69
356.70
345.25
333.55
322.84
311.85
301.45
289.58
279.28
269.09
258.38
249.00
238.15
230.31
220.22
211.62
203.51
194.31
187.67
178.61
172.17
165.86
160.04
155.93
151.29
149.51
147.02
147.56
147.41
148.58
151.05
153.35
157.49
160.70
165.99
170.99
177.84
185.05
192.39
201.58
210.19
220.62
230.68
240.47
250.80
261.37
273.08
283.76
294.62
304.67
315.88
326.95
337.64
348.74
359.17
370.66
381.73
392.68
404.16
414.19
425.56
435.60
444.88
454.70
463.04
472.06
479.81
486.37
493.61
499.91
506.09
511.77
515.50
519.52
523.64
526.68
528.52
528.81
528.27
527.76
525.43
522.07
518.21
513.83
508.54
502.63
497.22
490.34
483.67
475.44
466.78
458.04
448.11
437.78
427.61
416.77
405.43
394.64
384.18
373.97
363.17
352.23
341.13
330.57
319.23
308.39
296.92
285.86
275.28
264.69
254.02
243.46
233.25
224.37
214.56
205.03
196.29
188.02
181.57
174.34
168.31
162.64
159.41
155.27
152.34
149.63
147.93
147.30
146.91
147.93
149.74
152.59
156.19
161.73
167.26
173.71
180.82
188.54
197.56
206.19
215.74
226.17
235.30
245.41
255.58
265.96
277.08
286.48
297.19
308.80
319.46
331.09
342.68
353.61
365.12
376.20
387.51
398.74
408.29
418.99
428.37
439.22
448.08
457.25
466.43
474.64
483.67
490.89
497.85
503.91
509.98
514.33
519.25
521.94
525.05
527.63
528.38
529.58
528.66
527.49
525.06
521.70
517.43
512.68
507.13
500.42
494.01
486.25
479.28
470.52
461.52
453.14
443.31
433.82
423.37
412.77
402.36
390.37
379.15
368.07
356.71
346.02
334.42
323.88
313.17
302.59
292.17
281.33
270.50
260.47
249.75
239.83
230.05
219.46
210.34
201.05
192.52
185.19
177.70
171.65
166.25
161.22
158.00
153.85
150.92
148.08
146.77
147.15
146.88
148.34
151.18
155.01
159.67
165.10
170.73
178.36
185.19
192.92
202.60
211.06
220.89
229.80
239.97
250.78
260.32
271.04
281.19
292.15
303.13
314.19
325.53
337.15
348.34
360.33
371.29
382.00
392.56
403.12
414.19
423.20
433.05
442.19
452.60
461.88
470.27
479.17
487.01
495.16
501.85
507.77
513.46
517.82
522.07
524.02
526.49
527.99
528.63
527.77
526.21
525.16
521.81
518.63
514.73
510.20
505.09
497.98
491.80
483.93
475.68
467.04
457.37
448.37
437.27
428.15
417.29
406.98
396.43
384.94
375.04
363.81
353.12
342.43
331.46
320.64
309.57
298.99
287.64
276.71
265.74
255.15
244.35
234.31
224.48
215.86
206.46
197.95
190.74
182.98
177.08
169.97
164.84
159.29
155.55
152.05
148.32
146.81
145.21
146.26
147.68
149.34
153.12
157.74
162.35
168.97
174.49
181.31
189.34
196.38
205.03
213.94
222.93
233.65
244.21
254.51
266.28
276.82
288.94
299.63
309.69
321.18
331.82
343.05
353.01
363.95
375.27
386.49
396.94
407.12
418.47
428.75
439.21
448.63
458.16
467.04
475.44
483.16
490.11
496.57
502.37
507.89
513.57
517.68
520.67
524.31
526.83
528.76
529.32
528.14
527.24
525.32
522.07
518.34
512.93
506.88
500.95
494.23
487.01
478.52
470.02
461.76
452.86
443.72
433.67
424.39
414.59
403.89
393.09
381.86
370.77
359.56
347.44
335.98
324.64
313.93
303.88
292.79
281.87
271.18
260.97
251.42
240.46
229.92
220.26
210.95
202.72
193.82
185.31
178.38
171.26
165.46
160.32
155.66
152.32
148.46
147.19
146.11
146.38
146.92
148.97
152.96
155.79
160.74
165.46
171.64
177.85
183.51
191.39
199.49
208.76
218.56
228.49
239.07
249.77
260.72
271.28
282.24
292.53
303.11
314.21
324.75
335.73
346.94
357.99
368.96
380.20
391.25
402.99
413.44
424.01
434.82
444.74
453.13
462.18
470.90
478.62
486.79
492.55
499.66
505.60
510.85
516.79
520.26
524.15
527.24
529.04
530.09
528.79
528.28
525.66
522.20
518.49
513.56
509.84
503.90
497.59
491.04
483.80
475.93
466.93
458.17
448.60
439.08
428.13
417.69
407.50
396.67
385.59
374.78
364.07
353.76
342.81
331.86
321.55
309.80
299.01
287.65
277.32
266.50
255.56
245.25
235.58
225.91
216.63
207.74
198.97
190.87
183.26
177.06
170.61
164.96
159.29
155.17
151.55
147.54
146.67
145.45
146.25
147.84
150.12
154.00
158.15
162.49
167.91
173.72
179.76
187.25
195.12
203.61
213.03
223.34
232.47
244.25
254.51
265.73
276.47
286.10
298.35
308.37
319.35
329.93
340.61
352.36
363.04
374.38
385.34
395.90
407.51
418.57
429.28
439.23
448.63
458.41
466.65
474.27
481.75
488.68
495.53
501.59
508.28
514.20
519.12
523.39
526.85
529.94
530.33
530.61
529.29
527.87
525.17
521.30
517.19
512.16
506.61
500.69
493.71
486.77
479.29
471.17
463.32
454.15
445.53
435.60
425.68
414.60
403.52
393.46
381.56
370.53
358.93
347.68
337.66
325.40
315.62
304.77
294.22
283.67
272.44
262.40
251.43
241.24
231.45
221.26
212.40
203.88
196.00
188.67
180.55
173.34
167.16
161.45
156.17
152.47
149.34
147.55
146.55
145.62
146.78
148.97
150.22
153.77
157.36
163.00
169.59
175.77
183.64
191.63
201.44
210.56
220.38
229.80
239.45
250.02
259.54
270.12
279.91
291.13
302.21
313.15
324.40
335.47
347.44
358.78
369.75
380.19
391.93
402.46
413.17
422.72
432.12
442.57
451.69
460.60
469.64
477.86
486.51
493.99
501.07
507.64
512.04
517.60
520.89
524.40
526.35
527.48
528.53
527.89
526.72
525.17
523.23
519.74
516.04
511.53
506.22
500.44
492.31
484.58
476.19
467.29
457.64
448.12
438.69
429.53
420.00
409.17
398.90
387.67
376.83
365.75
354.26
342.54
331.35
319.61
310.21
299.35
288.29
278.15
266.62
257.25
246.67
236.20
226.96
217.15
207.99
200.16
192.14
184.01
177.23
170.48
165.18
159.94
154.65
151.42
148.71
147.03
145.86
146.78
148.18
150.26
154.42
157.84
163.54
168.31
173.97
181.97
188.12
196.55
204.27
213.27
223.73
232.85
243.57
253.64
264.84
276.17
286.48
297.33
308.65
319.45
330.07
341.28
353.22
364.31
375.32
386.62
397.94
408.81
417.82
428.91
438.54
447.58
456.50
464.98
474.26
481.73
489.10
496.70
503.76
509.06
513.74
518.74
522.56
525.96
526.85
528.14
528.67
527.49
526.34
522.97
520.80
516.90
512.15
507.55
501.70
496.03
488.46
480.20
472.20
463.18
453.77
444.10
434.31
424.39
413.95
403.77
393.07
382.24
371.04
359.44
348.10
336.74
325.27
314.20
303.24
292.41
282.25
271.79
261.48
251.83
241.88
231.71
221.56
212.26
203.59
194.59
185.85
178.35
172.29
166.24
160.70
156.45
153.35
149.73
147.58
146.53
145.58
146.41
147.04
149.60
153.62
157.86
163.39
169.73
176.30
184.16
192.41
201.03
210.31
219.98
229.91
239.58
250.16
259.80
269.86
280.31
290.33
301.57
312.27
322.83
334.84
345.89
357.10
368.21
378.89
390.36
401.97
412.39
422.72
432.40
442.18
451.82
460.21
468.86
476.96
485.22
492.19
499.15
506.48
511.09
515.93
519.90
523.21
526.86
527.36
528.40
528.80
526.96
525.83
522.85
519.35
516.16
510.73
505.08
499.69
492.28
484.96
476.48
467.15
458.41
448.37
438.30
428.64
418.59
408.52
398.48
387.15
376.73
366.13
355.16
343.72
332.12
320.76
309.83
298.73
286.73
276.85
266.10
256.30
246.17
235.85
227.34
217.79
208.52
199.11
191.12
183.37
176.03
169.22
163.67
159.01
154.50
150.66
147.30
146.53
145.85
146.90
147.68
150.54
154.26
158.11
163.68
167.90
174.24
179.79
186.73
195.36
202.56
211.76
220.38
231.45
242.40
251.81
263.59
274.62
286.34
296.95
307.76
319.21
330.18
341.53
352.06
363.44
374.14
385.07
396.68
407.11
417.81
427.88
438.32
447.83
457.13
465.51
473.23
481.75
489.20
495.52
502.27
508.28
514.32
519.25
521.95
525.97
527.87
528.52
528.42
527.10
526.45
523.61
520.54
517.45
513.30
508.69
502.50
496.30
489.21
481.10
472.21
463.45
453.76
444.24
433.79
423.74
413.43
402.09
392.06
381.32
371.01
360.35
349.51
338.94
328.00
316.91
305.94
294.22
283.28
272.04
261.22
250.42
240.86
231.17
220.51
210.75
202.19
193.92
185.72
177.97
171.64
166.90
160.43
156.60
152.71
149.72
147.82
146.13
146.00
146.40
148.08
150.25
154.38
157.98
163.54
169.98
176.67
184.56
192.02
201.17
209.41
218.45
228.37
238.00
248.22
257.90
268.70
279.39
290.74
301.29
312.27
324.15
335.05
347.32
358.15
369.60
380.44
391.29
402.61
412.63
422.87
432.00
441.77
451.20
459.57
468.33
476.97
485.09
492.95
499.79
505.59
511.91
516.13
520.41
523.12
525.29
525.70
527.14
527.84
526.93
525.35
522.22
521.17
517.05
512.69
506.34
499.92
493.23
485.32
477.35
468.10
458.54
449.65
439.72
429.53
419.24
408.67
398.22
387.40
376.97
365.74
355.57
343.96
333.02
321.94
310.32
299.90
288.02
277.34
266.39
256.07
246.27
235.45
226.71
217.90
208.88
200.56
191.25
184.55
177.32
170.22
163.80
158.39
153.99
150.52
148.47
146.11
146.15
146.78
147.91
151.05
153.74
157.86
162.78
167.78
173.84
179.91
187.26
194.84
203.49
211.61
220.12
231.21
240.69
251.56
261.90
272.17
285.48
295.35
306.73
317.71
328.61
340.49
350.67
361.37
373.10
383.64
394.23
405.46
415.73
426.97
437.41
447.05
457.01
465.78
474.38
482.64
489.60
495.91
502.24
507.64
512.15
516.30
520.27
523.73
526.46
528.41
528.78
529.07
527.89
526.18
522.84
517.84
513.20
507.63
501.85
495.01
487.65
480.20
471.18
463.32
454.40
445.52
435.47
424.78
416.03
404.37
394.12
382.90
371.38
361.25
349.25
338.16
327.23
315.74
304.39
294.10
282.73
272.31
263.05
252.56
242.81
233.69
223.82
215.35
205.06
196.01
188.92
181.30
173.97
167.43
162.38
156.81
152.99
149.09
145.72
145.65
145.07
145.98
147.99
149.88
154.37
158.78
162.88
169.07
174.62
181.98
189.69
198.06
207.23
215.85
226.44
235.96
247.06
258.13
268.95
279.67
290.11
301.57
311.99
322.71
333.01
344.34
355.56
366.52
378.00
388.69
400.69
411.48
421.54
431.90
440.87
450.55
459.46
467.67
476.45
483.55
491.55
498.61
505.32
511.01
516.01
520.79
523.76
527.12
529.28
529.93
529.33
527.89
526.45
523.10
519.25
514.73
509.83
504.18
497.98
491.91
484.44
476.47
467.83
460.22
450.66
440.64
431.12
420.75
410.85
399.14
387.79
377.48
366.37
355.43
343.97
333.28
323.08
311.61
301.21
289.96
279.26
268.72
257.22
247.44
237.65
226.80
217.82
208.39
200.11
192.02
184.03
177.84
171.77
166.77
161.34
157.10
153.24
149.86
148.20
146.76
146.12
147.45
148.83
152.45
156.32
160.81
166.89
172.94
180.03
187.26
195.51
204.51
212.36
221.82
231.19
240.84
251.98
261.59
272.69
283.68
295.11
306.31
317.71
328.25
339.96
350.93
362.02
372.82
383.15
393.74
403.88
415.10
424.64
434.70
444.50
455.06
463.94
472.74
481.24
488.55
496.06
501.59
506.74
512.69
516.64
520.40
523.78
526.19
529.16
529.43
529.06
527.89
525.94
523.23
518.72
513.84
507.91
502.11
495.91
488.17
480.59
472.33
464.59
455.44
446.45
437.66
427.58
416.94
405.60
394.86
384.04
372.31
360.72
349.90
338.68
328.25
316.90
306.08
295.64
284.28
273.88
262.27
252.08
242.15
231.44
222.57
212.50
203.76
195.78
187.48
180.81
173.85
167.52
162.52
157.74
154.50
151.15
149.11
147.03
147.04
147.16
148.83
150.64
153.24
157.88
162.21
168.31
173.98
181.83
190.33
198.85
207.62
217.04
227.08
236.73
245.89
256.35
266.61
277.59
288.83
300.13
312.00
322.98
334.05
345.77
356.46
366.65
377.10
388.29
398.59
408.68
419.25
430.16
441.26
450.17
459.86
469.37
478.63
486.12
492.84
499.53
505.57
511.13
514.86
519.00
522.34
525.16
528.01
528.25
529.07
528.92
527.21
525.45
520.79
517.70
513.05
506.74
500.46
493.09
486.50
477.86
468.86
459.32
450.17
441.53
431.19
421.83
411.25
400.80
390.00
378.00
367.04
355.29
344.34
333.26
321.67
311.40
300.92
290.98
280.43
268.32
258.16
248.08
237.61
228.38
218.17
209.02
200.95
192.14
184.80
177.98
170.60
165.73
160.96
156.55
153.25
149.25
148.07
146.23
146.13
146.77
148.05
151.84
155.41
161.07
166.37
171.66
178.76
186.21
194.20
202.59
211.22
220.63
230.56
240.47
251.17
261.22
272.32
283.13
294.35
305.83
316.76
327.73
338.57
350.41
361.47
372.72
384.06
394.98
406.49
416.79
426.82
436.77
445.78
455.18
463.69
471.83
479.55
487.54
494.62
501.58
507.77
513.19
517.58
522.22
525.28
527.75
528.53
528.40
528.41
526.58
524.91
521.94
518.59
514.22
509.59
504.04
497.59
490.64
482.37
473.88
464.61
455.19
446.03
435.72
425.56
415.37
405.05
395.01
384.17
373.22
362.28
350.80
339.97
328.75
317.02
306.22
294.73
284.04
273.09
262.51
252.33
242.41
231.84
222.84
214.44
205.91
197.71
189.20
183.64
176.13
169.88
163.68
159.00
154.90
150.01
147.18
146.00
145.85
145.35
147.46
150.25
154.49
158.53
163.81
170.47
177.19
183.79
191.13
199.88
208.12
217.03
225.91
235.71
245.64
255.95
266.64
277.72
288.80
300.79
311.87
323.11
334.84
345.88
357.24
367.82
378.11
388.96
399.52
409.68
420.27
429.80
440.24
450.41
459.57
468.87
477.23
485.48
493.09
499.64
505.32
510.50
515.38
519.61
523.24
525.69
527.75
529.18
529.69
529.16
527.24
524.03
521.18
516.64
511.39
505.21
499.00
492.82
484.83
477.24
468.85
460.08
451.47
441.26
431.48
421.05
410.07
399.65
388.17
377.73
366.51
355.96
345.38
334.81
323.75
313.05
301.68
290.62
278.90
268.05
258.12
246.78
237.15
226.94
218.44
209.67
200.13
191.91
184.55
177.16
170.77
164.84
160.03
156.32
152.47
150.26
148.32
147.05
146.78
147.79
149.61
151.94
155.29
160.32
165.85
171.77
177.98
185.20
193.94
201.92
211.50
220.62
230.93
241.14
250.79
262.13
272.04
282.37
293.59
304.50
315.74
326.33
337.39
349.63
360.96
371.80
382.52
393.73
405.17
415.48
425.69
435.08
445.01
454.94
463.03
471.96
479.43
487.53
494.88
500.68
507.53
512.65
517.57
521.33
524.26
527.49
527.87
528.54
527.88
526.84
524.79
521.56
518.21
513.31
508.05
502.62
496.54
488.69
480.87
473.23
465.08
456.62
446.04
437.03
428.00
416.88
406.37
395.02
384.28
372.45
361.01
349.74
338.92
327.75
316.77
307.23
296.79
286.11
275.80
265.35
254.66
244.74
234.40
224.11
214.86
205.40
197.43
189.32
181.69
175.77
169.47
163.67
159.30
155.02
151.15
147.83
145.62
145.47
145.47
146.92
149.62
153.22
157.88
162.25
168.69
175.25
181.31
189.60
197.16
206.19
215.37
224.74
234.66
244.63
255.17
265.72
277.74
288.40
299.75
311.65
322.69
334.17
344.77
354.92
366.51
376.94
387.14
397.85
408.79
419.22
429.30
439.60
449.24
458.55
467.32
475.67
484.32
491.15
497.85
504.17
509.83
514.98
518.35
522.49
525.80
528.24
529.32
528.67
528.41
526.85
523.87
520.79
515.88
511.01
505.73
499.90
493.59
486.13
478.26
470.53
461.89
452.23
443.09
433.01
422.83
412.03
400.80
390.23
379.15
367.67
356.86
345.25
334.44
323.22
311.74
301.32
290.60
280.03
268.46
258.42
248.31
238.27
227.74
218.18
210.04
200.78
192.82
184.54
177.71
170.89
163.91
159.03
154.25
151.28
148.97
146.01
147.08
147.51
148.95
150.05
151.95
157.60
161.05
166.52
170.75
177.98
185.96
193.14
201.83
209.94
219.85
229.78
239.97
250.52
261.22
271.94
282.89
294.22
305.56
316.12
327.35
337.39
348.62
359.43
370.62
381.59
391.91
403.27
414.46
425.41
435.47
444.89
453.91
463.45
471.28
479.68
487.02
494.49
501.33
507.40
513.31
517.56
522.10
524.39
526.85
527.38
527.62
527.87
526.06
524.54
521.30
518.86
514.86
509.71
504.95
497.70
491.04
483.17
474.37
466.67
456.46
447.33
437.55
426.70
416.93
406.08
395.24
384.32
373.36
362.64
352.22
341.00
329.92
318.85
307.50
297.31
285.82
275.29
264.33
254.26
244.35
234.16
224.11
214.84
205.93
197.29
188.81
180.04
173.34
167.38
161.70
156.46
152.34
150.00
147.80
146.80
146.38
147.28
149.24
150.26
154.42
158.37
162.61
168.46
173.44
181.19
188.16
196.41
205.93
214.43
224.01
233.66
245.10
255.67
266.27
277.09
287.91
299.65
309.93
320.51
331.87
341.88
353.90
364.85
376.43
387.79
398.89
409.43
420.40
430.58
439.71
449.54
458.54
467.41
475.44
483.05
490.36
497.33
503.65
509.30
514.60
518.61
521.57
525.83
527.71
528.39
527.79
526.99
526.31
523.75
519.89
516.28
512.41
507.25
501.60
494.89
487.54
479.56
470.91
461.88
451.97
442.19
432.11
422.19
412.02
402.08
391.51
380.46
369.89
358.38
347.46
335.59
324.23
313.17
301.96
290.61
280.06
270.12
259.64
249.12
238.83
228.99
220.50
211.48
202.05
193.97
185.97
180.15
172.92
166.27
160.98
155.77
153.50
148.69
147.04
146.54
146.23
148.72
149.74
152.85
157.11
160.68
165.87
171.66
178.19
185.96
192.67
201.31
211.48
220.72
230.31
240.50
249.99
262.16
271.78
282.22
293.48
303.61
315.61
326.19
337.14
348.10
359.31
371.15
382.34
393.60
403.52
415.00
425.67
435.59
444.89
453.26
462.93
471.16
479.29
486.52
494.24
500.54
506.24
511.66
516.90
521.29
524.29
527.24
528.90
529.57
528.92
527.48
526.20
522.19
518.62
515.01
510.32
504.69
497.88
491.53
483.52
475.33
465.89
456.84
447.86
437.27
427.35
417.19
406.08
395.78
385.34
374.49
363.30
351.99
341.52
330.67
319.49
307.37
296.55
285.97
274.62
264.21
253.23
243.96
234.54
224.75
215.88
207.49
199.73
192.15
184.03
177.21
170.50
163.28
157.63
152.95
149.32
146.01
144.35
144.32
146.13
147.42
149.88
153.88
157.46
163.03
168.56
174.47
181.09
188.03
196.38
204.51
213.29
222.94
233.38
243.45
254.55
265.34
276.31
287.54
298.45
310.20
320.39
331.87
343.31
354.65
364.85
375.69
386.75
396.92
407.53
418.19
428.74
438.58
448.38
458.53
468.20
476.47
484.32
491.66
498.38
503.52
509.07
513.82
517.55
521.45
524.40
526.84
528.29
528.79
527.99
526.35
523.64
519.87
516.16
510.74
505.45
499.53
492.95
485.86
478.40
470.53
461.50
452.89
443.59
433.90
424.40
413.69
403.38
393.73
382.22
371.43
359.84
347.95
337.01
325.40
313.66
302.09
290.89
280.54
270.23
259.95
249.37
240.62
231.19
220.76
212.81
203.20
194.97
186.51
178.34
172.81
166.24
160.96
156.58
152.45
150.15
147.02
146.66
146.90
147.65
150.42
152.07
156.85
161.34
165.97
171.40
176.68
184.55
191.61
199.24
208.54
217.37
227.98
237.92
247.81
259.70
270.25
281.71
293.20
304.27
316.00
326.70
338.31
348.72
359.18
370.02
380.54
391.77
402.10
412.53
424.01
434.43
444.88
453.77
462.43
471.31
479.01
486.51
492.83
499.26
505.07
510.49
515.50
520.00
523.24
525.83
528.14
528.90
528.93
528.40
526.69
523.89
519.66
515.51
511.24
505.18
498.50
491.16
483.55
476.33
467.67
458.54
448.25
438.58
428.37
418.33
407.37
395.77
385.49
374.50
364.05
353.13
341.78
331.21
320.00
309.18
298.72
287.76
277.35
266.26
256.85
245.62
235.99
225.78
215.97
206.73
197.04
190.60
182.83
175.53
169.38
164.42
159.51
155.19
151.03
148.82
147.18
145.36
146.01
147.03
149.09
151.42
155.56
160.56
166.48
172.95
180.03
188.28
196.66
205.68
215.21
224.75
233.66
243.08
253.88
263.77
273.87
284.44
295.22
307.37
318.71
330.03
342.44
353.89
364.45
375.71
386.11
396.78
407.26
417.04
427.60
438.19
448.10
457.51
466.81
475.17
483.15
490.77
496.94
502.88
508.31
513.44
517.55
521.57
524.00
526.85
528.27
528.66
529.31
527.60
525.70
521.97
517.83
513.45
507.89
501.45
493.99
486.91
479.40
471.55
463.19
453.76
445.02
435.35
425.67
414.98
403.78
392.95
381.32
370.40
358.65
347.18
336.25
325.15
314.82
304.15
292.94
282.51
272.18
260.83
250.42
240.47
230.26
220.78
210.85
202.84
195.36
186.72
179.41
173.21
167.50
162.51
157.10
153.36
150.77
147.67
146.80
146.50
147.40
149.51
151.16
155.56
160.05
164.80
170.63
176.68
184.54
192.27
200.41
209.43
218.94
228.36
238.17
247.82
258.52
269.09
279.91
290.35
301.20
312.65
324.23
335.85
346.29
358.68
369.98
381.21
392.32
403.11
414.07
423.37
433.82
443.31
452.09
460.89
468.96
478.25
486.51
493.58
500.96
507.41
512.53
517.33
520.15
523.10
525.55
526.58
527.24
527.38
526.72
525.43
522.85
519.24
515.39
509.96
505.08
498.35
491.66
483.29
474.92
466.92
458.00
448.74
438.58
429.16
419.48
409.05
398.23
387.14
375.80
364.73
353.11
341.90
330.83
319.34
308.66
297.84
287.12
277.08
265.86
256.47
246.26
236.48
226.45
216.25
207.75
197.93
189.96
182.08
174.73
168.97
163.92
159.26
155.83
151.94
149.09
148.10
145.85
146.91
147.03
148.97
152.59
155.40
161.50
166.35
173.84
180.55
188.16
197.31
205.80
214.58
223.87
233.76
243.55
253.51
263.42
275.14
285.83
296.29
307.38
318.57
330.68
341.77
352.74
364.22
374.77
386.12
396.28
406.98
416.90
426.59
437.03
446.67
456.35
464.99
473.23
482.00
489.59
496.43
502.51
508.94
513.93
518.48
522.22
525.15
528.28
528.53
528.92
528.02
526.20
523.75
520.00
516.28
512.28
507.12
501.74
495.54
488.42
481.11
472.07
463.43
453.77
443.86
434.31
423.85
413.44
402.62
392.93
382.36
371.69
360.35
349.13
338.44
326.42
315.74
303.88
292.80
281.73
271.15
261.35
250.65
240.49
230.56
221.91
213.53
204.38
196.29
188.42
181.19
174.76
167.52
162.38
157.22
152.96
149.63
146.78
145.48
145.74
145.60
147.57
149.75
153.87
158.76
163.53
170.37
176.54
184.94
192.92
201.29
209.95
218.45
228.10
237.50
247.05
256.98
267.54
278.63
290.09
301.04
312.40
323.35
334.30
345.91
356.58
367.67
377.87
388.70
399.64
410.20
420.52
430.96
441.65
451.32
460.62
470.02
478.37
486.39
492.83
499.14
505.46
510.73
515.50
519.77
523.37
526.98
528.78
529.70
530.21
529.03
527.76
524.14
520.41
516.42
511.11
505.32
499.28
492.03
485.10
476.47
467.95
459.31
449.38
439.73
429.15
418.98
408.93
399.11
388.28
377.50
366.41
356.08
345.51
333.00
321.69
310.59
299.61
288.56
276.32
266.27
255.15
245.38
235.57
225.63
217.31
207.49
200.41
192.39
184.66
176.95
170.25
164.30
159.02
154.00
149.48
147.69
145.72
146.00
146.27
147.30
150.67
153.60
158.11
161.73
166.64
173.07
179.24
187.00
193.82
202.59
212.13
221.25
231.85
242.03
252.58
263.82
274.76
285.44
296.56
306.98
318.31
329.40
339.71
350.81
361.88
373.21
384.43
395.13
405.71
416.93
427.85
438.16
448.12
457.38
466.40
475.31
482.63
490.12
496.18
501.97
507.39
512.28
517.56
521.02
523.90
526.49
528.12
528.52
527.39
525.55
523.10
520.16
516.14
512.27
507.40
501.33
495.80
489.21
481.34
472.99
464.22
454.92
445.40
434.96
425.15
414.33
404.04
392.93
383.27
372.70
360.71
350.84
339.18
328.62
317.06
305.16
294.47
283.40
271.91
261.75
251.43
241.37
232.37
222.43
213.81
204.53
196.41
188.53
180.54
173.60
166.75
161.73
157.22
152.57
150.02
147.29
145.74
145.90
146.11
148.44
150.78
154.52
159.54
164.31
170.13
176.29
183.11
190.22
198.33
207.47
216.76
227.09
237.12
248.09
258.53
268.96
279.66
290.23
300.53
311.50
322.70
334.16
345.13
356.49
367.67
379.53
390.49
401.06
412.41
422.83
433.67
442.69
451.86
461.38
469.72
477.23
484.60
491.52
499.26
504.81
510.61
515.89
519.50
523.78
525.80
528.26
528.79
528.01
527.77
526.33
523.86
520.68
516.68
512.01
507.02
499.53
493.22
484.82
476.46
468.09
458.26
449.28
439.09
430.17
420.24
409.58
398.88
388.69
378.24
366.78
355.19
344.75
333.37
322.06
310.87
298.84
288.31
277.08
266.48
255.81
245.52
235.83
226.94
217.42
208.52
200.26
192.01
183.78
176.69
170.74
164.03
159.57
154.37
151.41
148.34
145.88
145.62
145.86
147.41
149.23
152.60
156.32
162.25
167.90
173.84
180.57
187.38
196.66
204.24
212.78
222.19
230.91
241.66
251.31
262.37
274.25
283.77
296.19
307.74
318.94
330.21
340.62
352.46
362.91
373.37
384.43
395.24
406.23
416.27
427.23
438.05
447.44
457.27
465.51
473.88
482.00
488.94
495.91
501.85
507.78
513.57
518.59
522.59
525.96
528.40
529.17
529.71
528.90
527.60
524.53
520.93
516.92
512.28
507.52
501.44
495.01
487.82
480.58
473.35
464.21
455.21
446.42
436.86
426.21
415.27
404.53
394.60
382.87
371.04
360.36
348.85
338.30
326.96
316.37
305.68
294.62
284.05
273.60
263.16
252.85
241.62
231.86
221.53
211.98
203.50
194.32
187.25
180.29
173.58
168.32
163.28
158.49
154.92
151.03
148.06
146.93
146.11
146.11
147.97
149.99
154.11
158.79
163.01
170.37
176.28
183.26
191.40
198.57
208.53
217.40
225.89
235.63
245.51
256.67
267.15
276.71
288.30
299.62
310.98
322.58
333.51
345.27
355.45
366.65
377.86
388.28
399.00
409.18
420.27
430.31
440.38
450.56
459.55
468.99
477.11
485.47
493.09
498.89
505.21
509.95
514.60
518.21
521.55
524.91
526.97
528.79
529.56
528.91
527.89
525.04
521.56
517.45
512.27
507.13
499.53
492.34
484.96
477.20
468.20
458.56
450.04
441.12
431.61
420.79
411.12
400.66
389.46
378.40
366.51
355.83
343.84
332.62
321.02
310.21
299.75
288.53
279.04
268.43
259.03
248.62
238.04
228.62
218.56
209.93
200.11
192.29
185.07
177.56
172.20
165.46
160.95
155.94
151.56
148.71
147.15
146.25
146.13
147.31
149.36
153.23
156.95
161.08
166.52
171.77
178.36
185.97
193.14
202.33
210.07
220.25
230.16
240.60
251.56
261.99
272.97
283.93
295.37
306.45
317.30
328.12
339.58
350.02
361.25
371.41
382.38
393.46
403.22
414.23
423.75
434.17
444.50
454.28
464.20
472.85
481.25
489.35
497.06
502.87
507.79
512.68
517.03
521.05
523.62
526.59
528.52
529.17
529.58
528.64
527.61
524.14
519.52
515.53
510.32
503.63
496.60
488.30
481.22
472.72
463.30
454.17
444.37
435.21
425.66
415.75
404.68
395.03
385.07
374.23
362.93
351.07
339.84
328.25
317.03
306.05
294.60
283.68
272.96
263.41
253.23
242.41
233.28
223.32
214.45
205.82
196.64
188.68
181.33
174.07
167.54
162.27
157.18
153.49
150.03
146.76
146.40
146.00
145.84
147.06
150.16
154.08
158.51
163.45
169.44
176.54
183.28
190.34
199.10
207.87
216.24
226.44
235.06
245.66
256.07
266.48
277.35
287.01
299.38
310.05
321.94
333.01
343.83
355.34
366.52
377.70
387.92
398.12
408.78
419.61
429.55
439.72
449.64
459.46
467.57
476.60
484.69
491.13
497.75
503.26
509.30
514.22
518.35
522.20
525.05
527.64
528.51
529.05
528.15
526.84
524.78
520.92
517.33
512.27
507.01
500.18
493.21
485.86
477.35
469.63
460.20
451.47
442.19
432.10
422.34
411.12
400.67
390.10
378.76
367.43
356.22
345.13
334.17
323.60
312.51
301.70
291.40
280.68
271.03
260.45
249.75
239.85
228.49
219.62
210.30
201.01
193.46
184.66
178.24
172.19
165.70
160.84
155.42
151.93
149.87
147.67
147.18
147.30
148.45
150.53
153.35
156.69
160.84
165.48
170.88
177.85
184.78
192.91
201.30
210.32
220.38
230.29
240.22
250.67
260.83
271.41
282.11
293.05
304.01
315.24
326.43
337.78
349.26
360.72
372.44
383.67
394.37
404.94
415.76
425.79
435.98
444.88
454.04
463.19
472.32
480.83
487.80
494.78
501.33
507.63
511.89
515.91
519.76
522.83
525.70
527.23
528.39
528.29
527.77
526.06
523.11
519.27
514.33
509.71
502.88
496.57
489.59
481.60
473.77
464.85
456.48
447.47
437.01
428.15
417.54
406.59
395.68
384.69
374.35
362.65
351.08
339.97
329.27
318.58
307.09
296.29
285.34
274.88
265.09
253.87
244.24
234.28
224.87
214.97
205.44
197.17
189.94
181.81
174.51
167.68
162.76
157.84
153.35
150.13
146.76
146.81
146.50
148.17
149.63
151.31
155.56
159.39
163.40
168.32
173.96
180.80
188.81
197.02
206.19
215.76
225.40
236.22
245.89
255.56
266.39
276.54
287.91
298.08
309.18
320.39
331.59
343.70
354.52
366.02
377.36
388.55
400.04
409.82
420.14
430.06
439.71
449.26
457.64
466.67
475.03
483.54
491.53
498.61
504.82
510.12
515.65
519.74
522.85
524.67
526.46
527.75
527.37
527.12
525.16
523.24
520.41
516.52
512.04
506.64
501.07
494.49
486.78
478.65
470.26
461.25
451.85
441.91
431.87
421.43
410.72
400.29
389.20
378.38
367.55
357.24
346.66
335.85
324.14
313.96
303.47
292.27
280.59
269.36
259.67
249.10
238.30
228.24
219.08
210.83
201.67
193.32
186.37
178.84
172.83
165.99
161.21
156.57
151.56
149.13
145.72
145.63
145.61
145.71
148.24
150.92
155.77
161.48
166.50
171.91
179.17
186.34
194.57
202.33
210.20
219.21
228.62
238.16
248.46
259.15
269.99
281.34
292.80
303.76
315.51
326.42
337.64
348.23
358.27
370.40
381.19
392.16
402.89
413.43
424.51
434.70
444.62
453.90
463.06
471.56
479.16
487.17
494.10
499.77
506.01
510.73
516.26
520.54
523.75
526.97
528.41
529.32
529.29
527.87
525.70
522.72
518.72
514.37
509.32
504.15
497.33
490.91
483.39
475.55
467.33
457.75
449.14
438.44
427.74
417.43
406.46
396.03
384.69
374.26
363.43
352.34
341.41
330.82
320.23
308.53
297.99
286.99
276.69
265.89
254.51
244.35
233.91
224.10
214.95
205.94
197.56
189.83
182.23
176.04
169.70
164.31
159.17
154.64
151.82
148.32
146.53
145.88
146.11
147.68
150.01
153.35
158.77
163.91
169.07
174.91
182.23
190.43
197.55
205.20
214.45
224.21
233.66
243.07
252.71
264.72
274.86
286.48
297.33
308.40
320.52
331.71
343.45
354.27
365.76
376.19
387.29
397.97
408.13
417.95
427.62
438.30
448.60
458.16
467.06
476.47
484.43
491.67
498.63
504.39
509.32
513.61
517.94
522.06
525.31
527.36
529.17
529.45
529.32
527.74
525.17
521.70
517.03
512.29
506.76
500.42
493.60
486.78
477.97
469.90
460.88
451.55
443.34
432.89
423.23
412.55
402.24
391.51
380.30
369.37
357.87
347.19
336.38
325.27
314.33
303.52
292.14
281.98
271.02
259.80
249.78
239.83
230.79
221.02
210.99
203.38
194.69
186.75
179.02
172.14
166.50
160.20
155.03
151.42
148.32
144.83
144.75
144.04
146.12
148.60
151.53
156.33
161.36
166.48
172.18
178.63
184.77
192.54
200.41
208.62
218.19
227.47
237.76
248.59
259.04
270.38
281.84
293.84
304.78
315.89
326.71
337.52
348.86
358.64
369.37
380.57
391.50
403.13
412.79
424.14
434.17
444.36
454.55
463.29
472.22
480.34
488.30
495.14
501.09
506.74
512.14
516.54
520.28
523.88
526.98
528.52
528.53
528.68
527.48
525.68
522.60
518.73
514.86
510.10
504.55
498.11
491.42
483.28
475.56
466.53
457.51
447.59
437.93
427.99
417.42
407.39
396.41
386.63
376.32
364.96
354.31
342.82
331.45
320.26
308.26
297.17
285.84
274.38
264.21
255.03
244.95
235.47
225.42
216.77
208.00
199.11
190.59
182.73
175.14
168.05
162.78
157.84
153.34
150.28
147.15
146.78
146.65
146.50
149.38
151.14
154.38
158.42
162.36
168.17
173.98
180.40
188.40
196.66
205.55
215.74
225.26
235.20
245.39
255.16
265.88
275.92
286.86
297.31
308.28
319.35
330.56
341.91
352.47
363.82
375.03
386.61
398.09
408.41
419.26
429.55
439.59
449.14
457.37
465.77
474.41
481.59
489.61
496.56
503.50
509.84
514.75
520.03
524.26
526.97
528.67
529.69
529.68
528.53
526.47
524.01
521.17
517.05
512.42
507.40
501.46
495.66
488.56
480.96
471.83
463.08
454.02
444.47
433.93
423.24
413.17
402.47
392.31
381.20
370.90
360.21
349.12
338.18
327.61
315.98
304.16
292.70
281.82
270.74
259.58
249.24
239.81
230.31
220.90
211.72
203.76
195.76
187.48
180.06
172.96
167.12
162.50
156.82
151.95
149.26
146.37
146.00
145.09
145.61
147.83
151.17
154.89
160.59
165.45
171.39
178.13
184.14
193.06
200.77
209.15
217.94
227.73
237.88
248.99
258.77
269.74
281.22
292.40
304.40
314.20
325.95
337.13
347.94
358.81
368.58
380.70
390.86
401.59
412.93
423.07
434.33
443.86
453.25
462.30
470.92
478.74
486.13
492.84
498.99
505.59
510.87
516.52
521.04
524.29
527.77
529.80
531.11
530.47
528.78
526.73
523.37
519.75
514.47
508.96
503.40
497.31
490.38
482.65
475.03
467.04
458.55
449.00
439.99
429.41
419.11
408.41
397.70
387.01
375.03
363.97
352.60
342.02
330.42
319.49
308.65
298.08
287.66
277.08
266.64
255.82
246.29
235.81
225.92
215.76
207.22
199.34
190.47
182.89
176.29
169.83
164.33
158.76
154.89
151.17
148.59
147.15
146.39
147.05
147.67
150.53
152.83
156.70
161.48
166.62
173.59
180.28
187.90
196.16
205.42
214.94
223.47
233.94
243.67
254.26
264.22
274.49
285.58
296.29
306.85
317.81
329.42
340.34
352.34
363.17
374.90
386.63
397.57
408.68
418.98
428.90
438.84
447.32
456.61
464.98
473.61
482.25
489.21
496.98
503.78
509.82
514.49
518.62
522.19
525.17
526.73
527.75
528.66
528.26
526.72
525.06
521.69
517.83
513.20
507.63
501.32
494.13
486.77
479.40
470.91
462.03
453.00
443.33
434.71
424.10
414.60
403.78
392.81
382.90
371.15
360.08
348.35
337.26
326.30
314.71
303.78
292.15
281.86
270.88
259.92
249.77
239.83
230.80
221.67
212.52
204.14
196.01
187.51
180.30
173.19
167.91
161.98
157.62
153.62
150.13
148.60
146.49
146.52
146.78
148.06
150.66
154.53
158.74
164.18
169.08
175.53
183.64
191.35
199.76
208.53
218.56
228.48
238.69
248.99
259.54
270.39
280.43
291.52
302.46
313.41
324.77
335.33
347.59
358.90
370.25
380.46
391.41
402.46
412.90
422.98
431.99
442.32
451.58
461.10
469.36
477.24
485.35
493.20
499.78
505.99
511.25
515.89
519.90
522.72
525.29
526.59
527.11
527.88
526.96
524.92
522.49
519.75
516.39
510.36
505.23
498.73
492.04
484.21
475.28
467.04
457.78
447.83
438.96
428.76
419.10
408.67
398.36
388.17
377.21
366.53
354.92
344.49
331.71
320.54
309.68
298.29
287.02
276.21
265.96
256.20
245.66
235.95
227.45
217.92
208.40
199.64
192.28
184.38
176.42
169.36
163.65
159.65
154.90
151.43
149.10
147.94
147.42
146.77
148.08
149.35
152.06
155.94
160.16
165.46
171.42
179.13
186.84
195.13
203.12
213.02
223.07
232.74
243.19
253.23
264.20
274.38
285.59
296.01
306.98
317.81
328.75
341.02
352.20
363.69
374.53
384.95
396.30
406.46
415.87
426.34
435.45
445.53
454.82
463.42
473.76
481.07
489.23
496.58
502.86
509.46
513.57
517.95
521.18
523.76
525.94
527.10
527.37
526.99
526.20
524.52
521.44
518.62
514.46
509.71
503.80
497.08
490.12
481.49
472.47
463.43
453.37
443.60
434.31
424.61
414.99
404.17
394.11
383.27
372.07
359.94
348.99
337.51
326.18
315.37
304.01
293.71
282.49
272.05
262.64
252.18
242.17
232.65
223.58
214.44
204.92
195.88
188.01
180.81
172.80
167.43
162.50
157.83
153.77
150.02
147.41
147.43
146.62
146.76
148.24
150.39
154.89
158.51
162.90
168.82
176.02
183.63
191.25
199.39
208.79
218.55
227.83
237.40
247.44
257.74
268.46
279.14
289.95
300.93
311.24
322.96
335.06
346.01
357.52
368.34
379.92
390.49
400.68
410.85
421.29
431.34
440.89
450.95
460.21
468.98
477.63
485.85
493.58
500.06
505.73
511.64
516.53
520.40
522.85
525.32
527.49
527.60
527.52
526.47
525.01
523.24
519.50
515.89
511.91
506.87
500.81
494.39
486.63
478.64
470.02
460.60
450.80
440.38
430.58
419.72
409.32
398.49
387.77
377.62
366.65
355.68
344.88
333.41
321.54
310.74
299.10
288.79
278.24
267.67
258.02
247.32
238.57
227.95
218.31
208.53
198.96
191.25
183.51
176.14
169.87
163.81
158.63
154.91
150.50
147.94
146.27
145.35
145.49
147.57
149.58
152.97
156.34
161.08
166.88
172.56
178.74
185.70
193.83
201.93
210.96
220.38
230.68
241.24
251.70
262.14
273.61
284.41
295.12
305.96
317.28
328.36
338.83
349.65
361.61
372.81
382.64
393.24
404.53
415.85
426.20
436.12
445.65
455.86
464.46
472.84
480.33
487.28
493.97
500.56
506.48
511.76
516.55
520.80
524.64
527.75
528.91
528.41
528.95
527.33
525.28
521.33
516.54
513.19
507.50
501.33
494.64
488.30
481.59
473.11
464.50
455.71
446.55
436.25
425.42
414.84
404.79
393.31
382.52
371.17
360.20
348.99
338.03
327.06
316.26
305.06
294.62
284.94
273.45
262.67
252.21
241.99
232.11
221.93
212.76
204.52
195.76
188.54
181.05
174.89
169.72
163.89
159.31
154.92
151.78
149.48
147.30
147.15
148.18
149.62
152.72
155.53
160.59
165.33
170.47
176.96
182.22
190.35
198.20
206.82
216.38
224.62
235.74
246.52
257.85
268.33
278.77
290.48
301.30
312.66
322.43
334.06
344.73
355.68
366.02
376.98
388.28
398.85
410.36
419.99
431.36
441.16
450.93
460.73
468.33
477.38
484.56
491.92
498.00
504.04
509.95
514.47
518.48
522.21
525.29
528.14
529.42
529.69
529.45
527.75
525.69
521.70
516.80
511.39
506.36
499.24
492.07
484.47
477.21
469.09
459.07
450.19
440.73
431.08
421.31
410.83
400.16
389.25
378.76
368.03
356.74
344.75
333.91
323.87
311.99
301.71
290.74
280.03
270.13
259.03
248.99
238.95
229.13
219.33
210.08
200.78
192.53
184.81
177.70
171.00
165.49
159.54
156.20
152.57
148.96
145.14
145.01
146.07
146.99
149.03
150.91
158.00
162.36
168.57
173.97
180.42
187.65
194.97
203.35
210.71
220.39
230.01
239.82
250.43
260.57
271.79
282.90
293.69
305.94
316.38
327.88
339.33
350.79
362.02
372.19
383.15
393.84
404.02
414.22
424.65
433.90
444.13
452.87
463.04
471.81
480.20
488.84
496.55
502.88
507.94
513.58
517.53
521.70
523.37
525.82
527.64
528.52
529.16
527.87
526.35
523.50
519.89
515.78
510.73
504.66
497.74
489.87
482.64
473.61
464.87
455.57
446.28
436.90
425.68
416.94
406.71
395.76
384.73
373.48
362.89
351.58
339.08
328.77
317.53
306.85
295.26
284.57
274.50
263.79
254.02
243.56
234.16
224.12
214.72
206.07
197.67
188.66
180.31
173.47
167.50
162.50
157.73
153.61
150.93
148.72
148.44
147.66
147.18
148.35
150.76
154.89
157.86
162.39
168.31
175.63
183.24
190.22
199.01
207.99
217.27
226.06
234.81
245.24
255.41
266.25
276.57
287.54
300.03
311.33
322.84
333.04
344.23
355.56
366.64
377.33
387.66
397.99
408.80
418.96
429.29
438.69
447.32
457.54
466.12
475.28
482.53
489.75
497.97
504.39
510.23
514.49
519.25
523.11
525.81
528.01
528.13
527.91
527.00
525.80
523.48
519.89
516.28
511.89
507.02
501.21
494.23
487.29
478.90
470.52
461.38
451.59
442.43
431.98
421.43
410.61
400.27
390.22
379.02
368.73
358.27
347.83
337.15
325.54
314.33
302.73
291.64
280.29
269.09
258.66
247.81
238.69
228.36
219.21
210.72
202.05
193.95
185.47
177.98
172.03
165.96
159.02
154.68
150.63
148.57
146.15
145.10
145.86
147.16
149.75
152.70
157.23
161.47
165.86
172.32
178.59
185.17
192.96
200.64
210.69
220.12
229.00
239.34
250.53
261.71
272.82
282.77
294.11
305.56
316.51
327.09
337.00
348.49
358.78
369.75
380.97
391.76
402.86
413.32
423.74
435.22
444.61
454.04
463.20
471.93
479.93
486.65
493.60
500.02
506.36
510.86
515.65
521.06
523.85
527.65
528.27
529.43
529.70
526.96
525.45
521.55
517.94
513.07
507.78
502.35
496.05
489.48
482.89
475.02
466.94
457.91
448.74
439.22
428.50
418.19
406.99
395.66
384.57
373.35
362.52
350.79
339.85
329.66
318.56
308.29
297.45
287.50
276.43
265.51
254.78
244.72
234.55
223.59
214.72
205.28
197.43
188.92
181.97
175.00
168.83
164.06
158.48
154.79
150.53
148.06
147.17
146.50
147.29
149.50
151.15
154.93
159.29
163.88
169.86
174.62
181.46
189.32
196.64
204.91
213.29
222.81
232.34
242.55
253.49
264.69
276.32
286.75
298.23
309.95
320.62
331.34
342.18
352.97
364.72
375.28
386.63
398.22
408.91
419.50
430.07
440.23
449.52
458.04
466.66
475.54
483.40
490.25
497.48
504.16
509.83
514.49
519.12
522.57
525.44
527.12
527.61
528.29
527.49
525.41
523.39
520.27
517.16
513.33
507.14
502.00
494.88
487.28
478.91
469.87
461.11
451.45
442.43
433.14
422.45
412.43
402.47
391.49
381.11
369.36
358.52
347.99
336.09
324.63
312.93
301.43
290.20
279.28
268.44
258.38
247.83
238.70
228.98
220.50
211.23
202.06
194.36
186.48
179.37
172.30
165.87
160.83
156.17
151.82
149.37
146.75
147.18
146.64
148.06
150.28
152.45
156.20
160.19
164.94
170.49
176.94
183.51
192.04
200.00
209.42
219.21
228.60
239.20
249.38
260.19
271.55
281.97
292.55
303.52
314.44
325.01
336.13
346.66
358.26
368.72
379.93
391.51
402.08
413.33
423.86
434.30
444.00
453.14
462.65
470.91
478.79
486.37
492.82
499.55
505.83
511.99
517.06
520.68
524.54
528.28
529.41
530.21
529.31
528.13
526.59
523.49
519.76
514.75
509.85
503.89
497.46
490.51
482.75
474.79
467.20
458.51
449.52
439.50
429.15
419.22
408.15
396.68
385.34
374.39
363.16
352.21
341.40
330.82
319.99
309.45
298.47
288.03
277.08
266.26
255.81
246.02
235.57
225.28
216.14
206.56
198.85
189.04
181.73
175.14
168.53
163.43
157.87
153.99
150.27
147.43
146.38
145.85
146.01
147.83
150.25
153.88
157.10
161.73
167.39
172.67
179.53
187.12
195.09
203.77
213.04
223.31
233.25
243.20
253.88
264.96
275.41
286.63
297.68
308.39
319.77
330.55
341.64
352.50
363.67
374.87
385.22
395.67
407.23
417.67
428.15
438.69
448.46
458.31
467.19
475.92
484.46
490.37
497.35
503.52
508.53
513.07
516.93
520.52
523.62
526.08
527.22
528.41
528.02
526.97
525.18
521.82
518.21
512.80
507.02
501.08
493.96
486.39
477.76
469.62
461.50
452.73
443.07
433.56
423.49
413.43
402.86
392.42
380.81
369.38
358.55
347.55
337.78
325.78
314.98
304.81
293.69
283.54
272.18
261.61
250.79
239.58
230.05
220.22
210.83
201.83
192.79
185.72
178.87
172.40
166.77
161.23
157.61
153.22
150.16
146.65
146.52
145.84
145.74
148.88
151.25
155.94
160.22
165.32
172.03
177.59
184.03
192.28
199.99
208.78
217.03
227.08
236.98
247.56
258.27
269.47
280.95
291.91
302.87
314.33
325.39
335.97
346.82
357.36
369.10
379.79
389.98
401.08
412.13
422.95
433.17
442.96
453.12
462.28
471.05
479.02
486.89
493.09
499.28
505.32
510.85
515.76
518.73
523.01
526.45
528.24
529.46
528.27
528.66
526.96
523.10
519.53
514.86
509.82
503.67
497.21
490.48
483.67
475.30
467.05
459.20
449.76
440.11
430.33
418.95
408.81
397.33
386.48
375.54
363.94
352.86
341.91
331.47
320.75
309.82
298.88
287.91
277.08
266.65
255.15
245.00
234.55
225.13
216.38
206.58
198.87
190.59
183.77
177.20
170.09
165.11
159.67
156.31
152.44
148.46
146.81
145.60
146.25
146.91
148.71
152.59
156.96
162.37
168.43
175.00
181.84
188.94
196.54
205.16
213.91
222.43
232.24
242.53
253.36
264.46
274.88
285.98
297.46
308.76
319.60
330.33
341.40
352.71
363.82
374.51
385.07
396.31
406.73
417.94
428.38
437.79
447.73
456.73
466.27
473.87
481.62
488.96
495.52
502.50
507.63
513.06
517.71
521.69
525.69
528.01
529.31
529.57
529.56
527.86
525.05
521.71
517.55
512.80
507.15
500.81
494.88
487.41
479.55
472.21
463.68
454.42
444.91
435.20
424.63
414.49
403.23
392.54
381.63
370.90
360.31
349.26
337.66
326.43
315.62
304.01
292.93
281.72
271.15
260.32
250.41
240.35
230.93
222.44
213.53
205.43
196.67
188.94
181.44
174.09
167.40
160.69
156.20
152.44
149.34
147.57
147.30
148.04
148.59
150.30
153.47
156.80
160.98
165.46
170.60
176.97
183.00
191.09
199.23
207.61
217.01
227.34
238.16
247.69
258.82
268.96
279.64
290.75
300.65
312.14
323.49
334.81
346.93
358.53
369.22
380.85
391.26
402.47
413.43
422.56
432.66
441.93
451.82
461.24
469.10
477.50
485.74
493.46
500.05
505.99
511.51
516.53
520.02
522.35
525.32
526.44
527.37
527.12
526.45
525.69
523.24
520.15
516.68
511.77
506.49
499.40
491.67
483.94
475.66
466.00
457.03
447.44
438.29
428.66
418.07
409.05
397.57
387.56
376.82
365.21
354.58
342.54
332.09
321.68
309.53
299.14
288.31
278.09
267.79
256.99
246.92
236.86
226.32
217.17
207.32
198.85
190.35
182.59
176.30
170.25
165.20
160.05
156.48
152.17
149.62
147.45
146.11
145.86
146.41
148.06
151.54
156.06
159.78
166.40
173.97
181.28
189.99
197.19
206.46
215.87
223.58
233.53
242.78
252.83
263.05
273.61
285.32
296.79
308.01
319.35
331.34
342.41
353.13
364.22
374.88
385.84
395.78
405.83
416.92
427.08
437.02
446.83
456.60
465.88
474.41
482.78
491.14
497.97
504.32
509.58
514.86
518.73
522.08
524.78
526.72
527.76
528.02
527.88
525.81
524.29
520.64
517.70
513.71
508.41
503.54
496.18
489.61
481.73
472.19
463.85
454.01
444.87
434.59
423.75
414.34
402.97
392.31
380.95
370.12
359.44
347.96
337.27
326.57
315.47
304.54
293.71
282.48
272.45
261.09
251.31
241.12
231.45
222.44
212.77
204.92
196.52
189.18
180.94
173.73
167.66
161.97
156.96
152.45
149.48
146.91
146.02
145.86
146.76
148.46
150.39
154.91
159.01
164.83
170.62
176.81
184.70
192.14
201.03
209.55
218.70
228.23
238.04
247.96
258.39
268.44
278.50
289.33
301.42
312.36
323.24
334.85
346.65
358.65
369.11
379.67
390.63
401.45
411.36
421.43
432.00
441.37
451.47
460.75
469.99
479.17
486.78
494.24
500.56
506.76
511.36
515.89
519.25
521.69
525.18
526.57
527.23
527.52
526.58
526.58
523.87
520.28
516.56
512.15
506.86
499.92
492.45
484.83
476.58
467.18
458.03
448.35
439.21
429.28
418.84
409.07
398.60
388.55
377.74
366.26
355.45
344.10
333.14
321.80
310.07
299.52
287.76
277.09
266.91
255.78
246.81
236.22
227.32
218.07
208.40
200.53
192.12
184.28
175.92
169.35
164.04
159.26
154.64
150.40
147.57
146.78
146.49
146.50
147.96
150.51
155.02
158.64
163.56
168.82
175.12
181.06
187.13
195.25
203.21
212.38
221.41
231.07
242.16
252.58
263.68
274.90
285.32
296.82
307.75
319.21
330.44
340.88
352.10
362.40
374.01
384.54
394.86
405.34
415.75
427.34
437.27
447.08
456.23
465.77
474.26
481.73
488.84
495.01
501.46
506.74
512.03
515.76
520.16
523.49
525.42
527.78
527.48
528.14
527.24
525.02
522.86
518.22
514.23
509.06
502.22
495.81
487.65
480.45
471.69
462.80
454.55
445.38
435.86
425.95
415.63
405.83
395.00
383.27
371.70
360.08
349.88
338.78
327.60
316.80
306.08
295.52
284.43
273.72
262.62
251.18
241.02
231.44
222.42
213.04
204.40
196.91
189.05
181.47
174.24
168.04
161.98
157.22
152.82
149.62
147.05
146.27
146.76
146.76
148.87
150.38
153.88
157.76
162.23
168.29
174.49
181.44
189.84
198.98
208.37
218.31
227.59
237.52
247.83
258.25
269.34
279.39
289.60
301.33
312.36
323.34
334.72
345.74
357.88
368.09
379.04
390.61
400.91
411.38
420.65
431.23
441.01
450.67
459.70
467.83
476.73
484.30
492.18
498.88
505.45
510.87
515.66
519.89
523.10
525.56
526.98
527.87
528.02
526.99
525.05
523.12
519.35
515.12
510.63
504.92
499.01
491.94
484.57
477.22
467.56
458.69
449.64
440.47
429.94
419.52
410.20
399.61
388.71
376.72
366.26
355.17
343.70
332.50
320.51
309.84
298.60
288.28
277.20
266.13
256.85
246.77
237.01
227.36
217.65
209.29
200.14
192.14
184.28
176.44
169.35
163.80
159.26
154.10
150.16
146.79
145.88
145.35
145.09
146.53
148.06
152.21
156.57
161.33
167.43
173.45
180.28
187.79
195.36
204.12
212.90
221.41
231.34
241.38
252.07
262.64
273.99
284.68
296.04
308.28
319.06
329.81
340.52
351.16
362.78
372.33
383.41
393.83
404.42
415.50
425.13
436.91
445.90
455.84
465.27
473.35
482.13
489.09
495.91
501.97
508.17
512.79
517.19
520.68
523.87
526.71
526.97
528.30
528.25
527.48
525.07
521.32
518.21
513.82
507.89
501.60
494.77
488.69
481.07
472.72
464.49
455.69
446.82
436.00
426.21
415.86
404.66
393.61
382.37
371.66
360.86
349.37
338.94
328.63
317.40
306.61
295.53
284.54
274.25
263.67
251.80
241.42
231.08
221.75
212.77
203.23
195.11
188.03
181.58
174.73
168.71
163.03
158.62
154.51
150.53
147.81
147.16
146.50
147.04
149.24
151.52
154.78
158.80
164.03
169.44
174.90
181.20
189.17
197.94
206.31
215.99
225.67
236.23
247.31
258.12
269.35
279.40
290.51
301.70
312.89
323.34
334.19
344.60
355.83
367.56
378.34
389.59
400.19
411.49
421.92
432.15
441.53
450.79
459.85
467.56
475.81
483.55
490.88
498.10
504.17
509.85
515.25
520.14
522.97
525.71
527.75
528.12
528.04
527.24
525.39
523.00
519.13
515.49
511.25
505.85
500.03
493.47
486.65
477.73
469.90
460.08
450.67
440.89
430.31
420.52
410.08
399.25
388.32
378.00
367.65
356.71
345.67
334.69
323.99
313.18
301.81
290.99
278.63
268.22
257.73
247.03
237.29
226.42
217.41
208.92
199.98
193.30
184.93
177.60
172.07
166.22
161.21
155.04
151.31
148.05
146.77
145.09
145.10
146.40
148.45
152.20
155.54
160.32
165.34
171.65
178.87
185.69
193.84
202.59
212.36
221.65
231.35
242.03
252.83
263.30
273.36
283.78
294.09
305.05
315.84
327.20
338.70
350.28
362.53
373.75
384.32
395.66
405.42
416.14
425.55
435.08
444.90
454.67
463.93
472.47
480.73
489.07
496.94
503.02
508.30
513.33
517.82
520.64
524.15
526.31
527.61
529.08
528.90
528.51
526.22
522.21
519.38
514.72
508.80
503.16
496.29
489.72
482.14
472.58
464.36
455.70
446.51
436.90
425.44
416.03
406.07
394.98
383.68
371.67
361.24
350.15
338.93
328.25
317.16
307.24
296.54
285.98
275.80
264.96
254.79
243.83
233.39
223.47
213.66
204.64
196.01
188.28
181.19
175.14
168.82
163.55
159.55
155.13
151.69
148.22
147.55
147.65
147.93
149.51
151.16
155.31
159.79
164.14
169.74
175.01
181.70
190.23
197.80
207.48
216.38
225.79
236.24
246.27
257.62
267.66
278.25
288.69
299.76
310.97
321.28
332.77
343.18
354.28
365.64
377.07
388.68
399.40
409.32
420.67
431.46
440.08
450.08
457.89
467.94
476.46
483.40
491.69
498.23
504.93
510.75
514.98
519.51
523.24
526.06
529.17
529.16
529.59
529.06
526.95
524.15
520.03
515.61
511.00
504.82
499.27
493.46
486.24
478.66
469.89
461.90
452.47
442.56
432.52
421.80
411.50
400.16
389.85
379.00
367.93
357.13
346.28
335.71
324.26
313.69
302.32
291.91
279.92
268.45
258.41
247.66
238.02
227.47
217.93
210.32
200.89
193.08
185.06
178.33
172.56
165.72
161.74
156.57
152.60
149.25
146.37
146.00
144.31
144.86
147.19
149.98
155.03
159.28
164.95
171.80
178.87
186.34
194.61
202.84
212.38
221.53
231.20
241.25
251.31
261.49
271.93
282.48
292.93
304.02
314.96
327.34
338.67
349.90
361.52
372.83
384.29
394.75
404.54
414.73
425.16
434.94
444.62
453.91
463.43
472.71
480.20
488.99
496.15
502.74
507.68
511.78
517.44
521.15
523.87
526.74
528.13
529.96
529.70
528.78
526.98
523.37
520.29
515.49
510.61
504.18
497.73
490.50
482.64
474.26
465.10
456.62
446.55
437.16
427.36
417.15
407.25
396.30
385.73
375.16
363.68
352.61
341.13
329.39
318.08
306.59
295.89
284.56
274.00
263.67
253.36
243.84
233.89
224.88
215.75
206.84
198.85
190.60
182.87
175.39
169.60
163.26
158.52
154.14
150.25
147.57
145.37
145.47
145.98
147.30
150.15
153.73
159.17
164.43
169.83
175.93
181.85
190.21
197.92
205.81
214.59
223.72
234.04
244.09
254.51
265.61
276.05
287.14
298.61
310.06
321.80
332.10
343.86
355.04
366.25
377.75
387.39
399.66
410.19
420.64
430.99
440.37
451.06
459.69
468.09
476.33
484.18
491.66
498.24
504.55
509.96
514.87
518.73
522.85
525.68
527.75
528.67
529.18
528.78
527.23
525.05
521.29
517.19
512.17
506.74
500.29
493.74
486.10
477.61
469.79
460.71
452.60
442.83
432.64
423.49
412.78
402.36
391.14
379.79
368.72
357.36
346.15
334.95
323.87
313.81
302.97
291.78
281.49
270.61
260.33
249.26
238.92
229.13
219.86
209.92
201.83
193.69
185.82
179.15
171.91
167.01
161.98
157.22
153.11
150.40
147.53
147.95
147.00
148.06
149.39
151.81
156.96
160.54
165.99
170.62
177.72
185.19
192.77
201.70
210.05
219.98
229.91
240.35
251.17
261.10
272.21
282.22
294.09
304.51
314.84
325.70
336.11
348.34
359.28
369.99
380.98
392.17
404.02
414.84
425.42
434.96
444.90
454.55
463.29
471.44
478.53
486.77
494.22
500.03
505.62
511.13
515.87
520.80
523.99
526.96
528.81
529.57
529.81
528.40
525.56
522.72
518.07
514.37
509.18
503.51
497.63
490.24
483.15
475.44
467.03
458.01
448.52
438.06
428.90
418.18
407.25
396.30
384.94
374.40
362.65
351.83
340.87
329.77
319.09
307.89
297.45
287.13
276.55
266.26
255.30
245.00
234.94
225.00
215.86
206.19
197.44
189.45
182.08
175.77
169.33
164.19
159.41
155.29
152.07
149.09
147.68
147.29
147.79
148.85
150.93
154.00
158.37
162.75
167.27
173.09
179.52
187.63
196.13
204.25
213.70
223.73
234.53
245.12
254.79
265.75
276.43
287.26
297.70
308.01
319.75
330.15
341.53
352.61
364.31
375.41
385.62
397.08
408.12
418.97
428.78
438.05
449.02
457.36
466.02
474.28
481.45
489.22
495.54
501.96
507.90
513.33
517.43
522.61
525.16
528.02
529.18
529.43
529.05
526.46
524.67
520.77
516.67
511.79
506.74
501.45
494.89
487.16
479.56
471.56
463.42
453.37
443.62
434.06
423.84
413.84
401.71
391.40
380.82
369.98
359.05
347.72
337.41
327.07
316.51
304.79
294.37
282.61
271.94
260.98
249.73
239.59
228.76
219.85
211.47
202.32
195.01
187.75
180.28
174.79
167.50
163.02
158.14
152.55
149.78
146.27
145.08
144.45
144.33
146.65
149.47
153.36
158.14
163.78
170.36
177.20
184.28
192.67
200.91
209.93
218.83
228.11
238.03
247.94
258.01
268.71
279.91
290.73
301.97
313.17
325.27
336.74
348.35
359.82
371.04
382.39
392.68
403.00
413.18
422.31
432.26
441.40
451.57
460.33
469.00
478.79
486.72
494.26
500.60
506.85
512.66
516.55
520.14
523.23
525.57
527.49
528.38
529.18
527.49
526.61
524.02
520.40
516.16
510.22
504.43
498.11
491.26
483.54
475.83
467.56
459.31
449.78
439.99
430.18
419.48
408.80
397.71
386.23
375.95
364.18
353.38
342.44
331.06
320.78
309.69
298.46
288.18
277.46
267.40
256.98
246.68
236.87
226.94
217.93
207.21
199.13
190.07
182.46
175.66
169.20
163.53
158.40
154.91
151.25
149.12
147.18
146.88
148.07
149.36
151.67
154.78
158.65
163.13
168.30
173.98
180.28
187.77
195.12
203.62
212.89
222.03
232.37
242.79
253.87
264.98
276.18
287.26
297.97
308.80
319.72
330.68
341.40
351.57
363.06
373.60
384.69
395.39
406.08
417.56
427.73
438.71
448.36
457.90
466.93
474.90
482.77
489.48
496.18
502.10
507.78
513.06
517.55
522.21
524.91
528.41
529.81
530.59
529.96
528.01
525.82
521.17
517.33
512.53
507.11
501.86
495.14
488.83
480.73
472.48
463.82
454.40
443.98
433.03
423.24
412.77
402.21
391.79
380.94
370.78
360.35
349.24
338.69
326.70
315.10
303.76
292.66
281.44
269.74
260.35
250.36
240.35
230.99
221.51
213.14
204.16
194.59
186.87
180.05
173.16
166.36
160.23
156.58
153.17
150.40
146.93
146.65
147.41
147.15
149.13
150.64
154.52
159.67
164.27
170.51
176.58
184.28
193.30
200.38
208.67
217.93
227.04
237.78
246.91
257.75
269.10
280.29
291.90
302.87
314.85
326.17
337.66
347.97
359.18
369.74
380.18
390.75
401.05
410.99
421.44
431.98
442.41
452.36
461.51
470.40
479.31
487.27
494.35
500.83
505.58
511.26
515.38
518.85
522.21
524.90
527.22
528.02
528.16
528.79
526.82
524.42
520.16
515.88
511.39
504.42
498.12
491.15
483.79
475.17
466.94
457.75
448.74
439.61
429.65
420.39
409.19
399.02
388.55
377.33
365.76
353.63
342.81
331.46
319.99
308.54
298.35
288.27
277.59
266.41
256.35
246.13
236.36
225.65
216.24
208.13
198.70
191.27
183.00
177.32
171.51
165.20
160.09
155.82
152.82
150.00
147.56
146.00
146.27
147.29
149.47
151.68
155.83
160.56
166.74
173.33
179.51
188.82
196.64
205.43
214.61
223.45
233.51
242.68
252.98
263.79
273.99
284.84
295.76
307.48
318.19
329.02
339.85
351.71
363.80
374.23
385.76
396.04
407.63
417.95
426.83
437.03
445.90
455.19
463.45
471.56
480.58
488.29
496.30
502.11
508.06
514.23
518.18
522.35
524.79
526.83
528.80
528.27
528.02
526.85
524.77
521.81
517.45
514.11
508.65
503.15
496.58
489.19
482.13
472.72
464.48
455.05
445.40
435.35
425.28
415.62
405.05
393.98
383.69
373.35
362.37
351.20
338.82
327.73
316.78
305.67
294.08
282.52
271.94
261.85
251.81
241.77
231.45
222.58
213.93
205.53
197.44
188.81
181.20
174.24
168.04
162.23
157.99
152.96
149.64
147.96
147.39
147.14
147.19
149.50
152.81
155.94
160.22
164.80
171.00
176.82
183.11
190.99
198.98
207.99
216.76
226.83
236.21
247.44
258.13
268.56
280.46
291.50
302.84
314.22
324.37
335.21
346.30
356.83
367.28
378.02
388.16
399.25
409.97
420.24
430.57
440.26
449.39
459.44
468.20
476.06
484.59
491.52
498.50
503.80
509.32
514.72
519.10
522.85
525.05
528.56
529.54
529.94
528.68
526.58
524.64
519.88
515.28
510.36
504.53
497.86
490.39
483.27
475.93
467.44
458.55
449.92
440.49
430.70
420.27
409.31
399.13
387.90
377.48
365.75
354.93
344.10
332.35
322.08
310.70
300.01
290.25
278.35
268.08
257.26
246.37
236.22
225.15
215.47
206.45
198.73
190.32
183.65
176.69
170.88
165.34
159.81
155.55
151.53
148.33
145.89
146.00
145.58
146.67
148.22
151.28
156.06
160.30
165.85
171.54
179.15
186.97
195.11
204.03
212.11
221.93
231.47
240.84
251.44
260.84
271.53
282.75
293.57
304.92
316.14
328.12
339.19
350.94
361.62
373.48
384.17
393.98
405.08
414.95
425.93
435.22
445.27
455.70
464.85
474.28
482.13
489.99
497.35
503.37
508.93
513.72
517.56
521.70
524.14
525.94
527.76
527.74
527.24
525.71
524.26
521.28
517.33
512.94
508.53
503.13
495.42
488.99
481.71
473.60
463.85
453.92
445.65
435.18
425.18
415.11
404.77
394.90
383.68
373.09
362.53
350.41
338.82
327.22
315.99
304.91
293.32
283.28
272.42
262.52
252.09
242.27
233.39
223.20
214.20
205.68
197.16
188.81
181.21
174.34
167.65
162.27
157.07
152.96
150.03
146.76
146.65
146.52
146.88
148.99
151.18
155.41
159.92
164.18
169.73
175.52
183.13
190.33
197.82
207.12
215.58
225.27
235.21
244.70
255.57
266.01
277.32
289.18
299.64
310.87
322.84
334.28
345.13
355.58
366.26
377.60
388.04
399.00
409.95
419.74
430.99
441.26
451.17
460.38
468.60
476.96
484.97
491.39
498.49
504.29
509.32
515.26
519.74
523.75
525.71
527.77
528.90
528.52
527.38
525.42
523.10
520.29
516.01
512.55
507.39
501.46
494.64
486.64
479.03
469.61
459.84
450.18
440.35
430.82
420.01
409.58
399.90
389.83
379.53
368.59
357.25
346.56
335.71
324.23
312.53
300.81
289.58
279.14
268.82
257.99
247.84
238.43
228.72
219.61
210.59
201.78
194.34
185.32
177.98
171.40
165.20
159.66
155.03
151.41
148.71
147.05
146.91
146.88
147.83
150.15
152.94
157.23
160.46
166.25
172.41
178.73
185.72
193.69
202.96
211.60
222.07
231.69
242.29
252.36
262.51
274.11
283.38
294.63
305.16
316.11
327.62
337.90
350.02
361.11
371.54
383.30
394.35
405.55
415.64
425.57
435.60
445.65
454.79
463.04
471.45
479.68
487.39
494.38
500.70
507.12
512.53
517.58
521.82
525.29
528.03
529.17
529.81
529.31
527.75
525.04
522.48
518.20
514.09
508.94
502.61
496.83
489.98
482.75
474.79
465.38
456.50
447.45
437.12
426.59
416.02
405.55
395.27
384.06
374.00
363.02
352.10
340.50
328.89
318.08
306.83
295.36
283.93
273.23
262.88
253.11
242.29
233.01
223.72
215.35
206.19
197.71
189.72
181.83
175.14
168.68
162.48
158.01
153.74
150.38
148.22
145.74
146.00
147.02
147.14
149.15
153.25
157.68
163.02
167.43
174.09
181.70
189.84
197.93
207.10
216.01
225.27
235.33
245.24
255.42
265.86
276.57
287.91
299.11
310.72
322.70
333.64
344.89
355.84
367.15
377.98
388.44
398.35
409.06
419.24
429.40
439.98
449.38
459.06
468.22
476.97
484.96
492.31
498.23
504.56
509.06
513.96
518.21
521.42
524.67
526.59
528.78
529.04
528.54
526.73
524.91
521.55
516.66
512.05
505.83
500.05
493.34
485.45
477.50
469.13
460.45
451.32
441.81
431.72
422.45
412.02
401.57
390.88
379.93
369.10
357.23
345.53
334.18
323.32
312.38
301.58
290.86
280.82
269.88
259.95
249.48
239.06
229.41
218.81
210.73
201.29
193.17
185.46
178.09
172.03
166.11
161.09
156.44
152.85
149.88
146.89
146.80
145.46
146.27
148.35
151.13
156.57
159.54
165.63
172.68
179.86
187.65
194.22
203.24
211.74
221.02
230.54
240.08
249.77
260.22
271.14
281.71
292.82
303.48
315.09
325.55
338.06
349.22
361.24
371.56
383.15
394.74
404.79
415.77
424.76
435.23
444.50
453.75
462.80
470.92
479.29
487.02
494.38
500.55
507.01
512.15
516.15
520.95
524.12
527.48
528.93
528.79
529.45
528.39
526.06
523.00
518.73
514.47
509.20
503.14
496.68
490.12
482.12
474.01
466.42
456.71
447.87
437.55
427.72
417.81
406.21
395.66
384.82
374.12
362.91
351.71
341.26
330.29
319.49
308.80
298.46
287.26
275.95
265.62
254.75
244.48
233.66
223.32
214.34
205.29
196.63
188.29
180.69
175.11
169.05
163.69
158.65
154.76
151.69
147.55
146.01
145.61
145.84
146.66
148.88
152.96
157.19
162.14
166.75
173.45
181.46
188.38
197.45
205.82
215.73
225.65
235.33
245.12
255.05
265.62
276.16
286.86
297.58
308.27
319.49
331.34
342.53
354.41
364.85
376.46
387.66
397.83
409.07
418.56
428.90
438.20
447.45
457.76
466.52
475.17
482.65
491.29
498.08
504.69
510.11
514.85
519.64
522.47
525.05
527.63
528.12
528.15
527.51
526.06
524.14
520.03
516.93
512.52
508.16
501.85
495.54
488.84
480.19
471.96
462.53
452.46
442.58
432.25
422.82
412.14
401.85
391.65
381.20
370.79
359.17
348.61
337.01
325.54
314.46
303.62
291.63
281.11
269.99
259.92
250.15
240.08
230.67
221.55
212.64
204.13
195.51
187.38
179.89
173.20
166.89
160.82
156.98
152.82
149.87
148.08
146.50
146.65
147.57
149.47
152.44
155.82
159.67
164.57
170.63
176.66
183.25
191.14
199.22
208.51
217.81
227.07
238.42
248.84
259.68
270.78
281.72
292.80
303.64
313.80
324.77
335.46
346.15
357.38
368.84
379.91
391.15
402.62
413.41
424.53
433.80
443.86
453.26
461.89
470.27
478.38
485.98
493.09
499.92
505.70
512.04
517.17
520.90
524.69
527.11
528.77
529.19
528.27
527.60
525.16
521.45
518.36
514.32
509.19
504.19
497.18
491.93
483.93
476.58
468.08
458.42
449.66
438.92
429.17
417.81
407.37
396.30
385.86
374.88
364.20
353.39
341.51
331.49
320.89
310.30
299.39
288.19
277.46
267.42
256.45
246.01
236.10
226.17
216.77
208.27
200.13
192.00
185.08
177.19
171.54
165.73
160.30
155.68
150.78
147.81
145.86
145.22
145.35
146.01
148.87
151.93
156.44
161.22
166.23
173.47
180.02
188.67
196.79
205.68
215.36
224.10
233.79
243.45
253.35
264.19
274.11
284.81
295.91
307.36
318.43
329.93
342.03
352.70
364.63
375.29
386.60
397.46
407.38
417.80
428.52
438.17
448.10
458.03
466.91
475.56
483.68
490.88
497.21
503.03
507.89
513.44
516.65
520.29
523.50
525.67
528.15
527.61
528.80
527.22
524.91
522.37
517.81
514.09
507.26
501.09
494.36
486.62
479.30
470.12
462.16
453.39
443.58
434.85
424.12
414.72
404.15
392.81
382.52
370.37
360.09
347.69
336.11
325.81
313.77
303.78
292.56
281.83
272.07
261.48
251.80
241.25
230.97
220.89
211.48
202.97
193.66
185.84
178.12
172.17
166.62
161.35
156.58
153.09
150.26
147.68
146.92
146.12
147.04
148.33
150.64
154.77
158.24
163.55
169.60
175.63
184.05
190.71
198.98
208.80
217.50
228.11
237.53
248.20
259.16
269.62
280.43
291.25
302.48
312.77
323.87
334.95
345.89
357.24
368.32
379.79
391.26
402.48
412.79
423.25
433.93
443.43
452.62
460.62
469.50
478.25
485.72
492.83
499.27
505.72
510.99
516.28
520.26
522.85
525.72
527.48
528.89
528.41
527.12
525.43
522.99
519.50
514.59
510.11
504.16
498.23
491.67
484.05
476.71
468.21
459.70
449.52
440.14
429.79
419.47
408.80
397.19
387.02
376.18
365.87
354.79
344.37
333.01
322.46
311.36
300.01
288.81
277.08
267.03
255.41
246.30
235.04
225.92
216.52
207.21
199.76
191.36
183.76
177.22
170.88
165.85
161.22
155.53
152.61
149.09
147.67
146.39
146.00
147.42
148.97
152.21
156.19
160.81
166.25
171.78
179.26
186.98
194.85
204.15
213.53
223.20
233.03
243.83
253.85
264.22
274.13
285.05
296.02
305.57
317.04
327.84
339.46
350.16
361.37
373.61
384.93
396.42
406.36
416.94
428.12
437.37
446.96
455.20
464.59
472.85
480.59
488.18
495.00
501.47
506.87
513.06
517.94
520.79
523.93
526.98
528.22
528.42
526.62
526.07
524.39
520.53
516.55
512.28
508.41
502.34
496.33
488.58
481.36
473.36
463.80
454.42
444.24
434.69
424.26
414.35
403.62
393.33
382.51
371.54
361.11
350.54
339.45
328.13
317.05
305.68
295.25
283.51
271.93
261.50
251.42
241.75
230.82
222.34
213.25
205.93
196.28
188.30
181.71
174.46
168.31
161.47
157.35
152.57
149.63
146.65
145.23
145.24
145.99
148.18
150.78
155.30
160.56
165.72
171.17
177.33
184.78
191.88
198.98
207.88
216.49
226.18
235.72
246.52
256.83
267.17
278.38
289.43
301.70
312.38
323.48
335.23
346.40
357.49
367.57
377.87
389.06
398.85
408.81
418.72
430.17
440.61
449.91
459.34
469.12
477.98
485.61
492.32
498.75
505.07
510.22
514.73
518.35
521.97
524.64
527.10
527.62
528.15
527.23
526.21
524.40
521.02
517.33
512.17
507.13
500.68
492.96
485.35
476.95
468.33
459.58
449.50
441.43
430.69
421.56
411.50
400.14
389.88
377.74
367.29
355.94
343.83
332.90
321.66
310.84
299.65
289.33
279.24
268.44
258.42
248.07
239.06
228.50
218.71
209.42
200.52
192.01
183.76
176.30
169.86
164.56
159.27
155.04
151.68
149.21
148.47
147.41
147.42
148.35
149.23
152.45
155.66
160.16
166.24
171.77
179.16
186.88
194.84
203.11
210.84
220.11
230.28
240.08
250.29
261.50
272.55
283.78
294.88
305.80
317.03
328.26
339.19
350.80
361.24
371.55
382.77
393.70
404.01
414.23
425.04
435.83
446.04
454.95
464.48
473.09
481.23
488.57
494.74
501.48
507.25
512.26
517.46
520.91
524.78
527.38
527.88
529.06
528.13
526.58
524.15
520.40
517.83
513.17
508.29
503.28
496.93
491.03
482.78
475.04
466.27
456.61
446.31
436.51
425.78
414.85
404.30
394.08
384.29
373.49
362.92
352.22
341.01
329.02
317.81
306.18
294.60
283.54
273.34
263.53
253.25
243.72
233.63
224.38
214.84
204.89
196.93
187.50
180.03
173.21
166.09
161.49
156.57
153.86
151.03
147.82
148.62
147.76
148.97
149.00
151.03
155.54
159.13
164.05
169.08
175.66
182.35
190.34
198.45
206.31
215.50
225.14
234.79
245.92
255.67
267.79
279.14
290.09
301.33
312.42
323.98
334.79
346.04
355.94
367.18
378.27
389.31
400.15
410.61
420.77
431.35
442.05
451.69
460.87
469.65
477.73
486.12
492.44
498.76
505.07
510.21
515.39
519.24
523.37
526.20
528.91
529.93
530.21
529.06
527.37
525.29
521.42
516.80
511.91
505.96
500.95
494.10
486.24
478.29
469.50
461.10
451.45
441.14
431.47
421.54
410.60
399.79
388.82
378.37
366.77
355.71
343.96
333.41
322.19
311.49
300.92
290.35
279.92
269.48
258.92
248.35
238.68
228.21
218.31
208.79
199.87
192.41
184.28
177.20
170.89
164.69
161.61
157.05
153.88
150.82
149.23
148.96
148.20
148.45
149.87
152.45
155.55
161.22
166.60
172.82
179.42
186.73
195.76
203.99
212.37
221.16
231.08
241.23
250.91
261.12
272.17
283.11
294.24
305.57
317.01
328.52
339.86
351.29
362.14
372.61
383.14
394.09
404.29
414.46
424.64
435.61
445.38
454.80
463.47
472.47
480.94
487.66
494.14
500.03
507.25
512.40
516.41
520.57
524.66
527.59
528.93
528.68
528.66
527.61
524.91
521.70
517.56
512.68
507.53
501.96
495.64
488.32
480.85
473.61
465.36
456.36
446.95
436.63
426.86
416.77
405.92
394.64
382.66
372.45
361.86
351.05
340.10
328.89
318.48
307.37
296.79
286.23
273.71
263.84
251.93
242.03
231.99
221.77
213.80
204.51
197.18
188.67
182.51
176.02
169.70
163.56
158.26
154.24
150.91
147.56
147.17
146.75
146.78
148.62
151.14
155.66
158.90
163.29
169.08
176.16
183.36
190.34
199.52
207.85
217.42
226.59
235.82
246.79
255.42
266.14
276.95
287.63
298.88
308.78
320.78
331.97
342.54
354.95
365.85
377.86
388.59
399.13
410.47
420.00
430.32
439.97
449.38
458.04
466.55
476.32
484.02
491.42
498.39
504.92
511.78
515.77
519.77
523.12
526.19
527.98
528.27
527.78
527.76
526.44
522.85
519.28
514.71
511.24
505.71
499.65
494.39
487.01
479.69
471.96
461.99
453.28
442.69
431.97
422.61
410.96
400.41
390.39
379.77
368.95
357.54
346.68
336.59
324.89
312.81
302.34
291.48
279.93
268.99
258.37
248.98
238.94
228.74
219.75
210.85
202.57
194.33
186.49
178.22
171.42
165.61
160.28
155.54
151.96
149.08
147.68
147.06
147.28
149.08
149.75
152.35
156.57
161.96
167.13
172.57
179.15
186.49
194.98
202.82
211.22
219.87
229.52
239.32
250.55
261.32
271.78
283.06
293.70
305.42
316.15
327.21
338.53
348.87
359.85
371.15
382.10
392.83
402.47
414.20
423.99
433.55
443.74
453.75
463.03
470.81
479.31
486.87
494.63
500.82
506.47
512.43
517.57
521.54
525.71
527.62
529.04
529.97
529.16
527.74
525.32
522.34
518.84
515.13
510.22
504.16
498.40
491.27
483.13
474.55
464.60
456.21
446.15
436.38
426.83
417.03
407.13
396.17
386.24
374.76
363.95
352.21
341.38
329.92
318.46
307.37
295.76
285.21
273.58
262.91
252.47
242.91
233.38
224.25
215.74
206.57
198.63
190.34
182.97
175.53
168.19
162.89
157.98
153.23
149.37
147.16
146.50
145.73
146.02
148.34
151.01
155.42
158.90
163.79
170.25
176.66
183.11
190.38
198.33
206.82
216.01
224.23
234.16
244.48
255.28
266.11
276.97
287.92
299.11
310.72
320.89
331.86
342.43
354.01
364.57
375.69
386.76
397.56
409.20
419.22
430.44
440.11
449.66
459.58
468.19
476.59
483.68
491.66
498.48
503.40
509.36
514.19
518.45
521.85
524.00
527.36
528.14
527.64
528.03
525.79
523.64
519.65
515.62
511.77
505.70
499.92
494.38
487.64
480.20
471.97
463.18
454.55
444.75
433.52
422.73
411.38
400.91
390.35
378.24
367.71
356.85
346.92
335.59
324.00
314.21
302.82
292.04
280.45
269.08
258.92
248.46
237.87
228.12
218.33
209.54
202.33
193.93
185.96
178.78
172.17
166.74
161.22
155.67
152.07
148.20
145.37
144.86
144.80
145.73
147.20
150.53
155.92
160.43
165.49
172.44
178.71
186.50
193.70
202.05
210.97
219.35
229.64
239.69
249.50
259.58
270.77
281.96
292.93
302.99
314.72
326.42
337.64
349.53
360.06
371.69
382.13
392.42
403.12
412.78
422.97
432.76
442.69
452.74
462.53
471.68
480.08
488.07
495.27
501.85
507.39
511.89
516.16
520.02
523.48
525.43
527.13
528.26
529.03
527.88
525.83
523.24
519.76
515.51
509.57
504.05
497.46
490.36
483.17
474.77
466.66
458.03
447.83
438.46
427.86
417.29
407.00
395.63
385.59
374.51
364.08
353.63
342.16
331.23
319.61
309.03
297.43
285.72
274.52
264.06
253.74
243.70
233.90
224.62
216.13
207.61
200.14
191.75
183.27
176.07
169.44
163.90
157.47
152.34
149.50
146.88
145.75
145.36
146.37
148.59
150.66
154.53
158.51
163.54
168.68
174.35
181.85
189.42
197.94
206.60
215.22
224.76
234.30
244.20
254.51
264.97
276.18
286.74
297.98
308.92
320.36
331.46
342.94
354.14
365.24
376.86
387.77
399.24
409.18
418.98
429.16
439.08
448.35
457.64
466.27
475.29
483.54
490.77
497.61
504.17
510.33
514.59
518.49
521.70
525.55
527.48
528.27
528.80
528.64
527.61
525.70
522.20
518.48
513.72
507.77
502.37
494.87
487.02
479.06
470.26
461.89
452.74
443.32
434.31
423.87
413.45
403.27
392.41
381.08
369.63
358.26
347.05
335.99
324.63
314.06
302.86
292.03
281.33
271.15
260.71
250.79
241.51
231.57
221.42
212.29
202.69
194.59
185.96
177.31
171.03
164.43
160.30
155.40
151.18
148.99
147.14
147.42
147.55
147.93
150.43
152.71
156.43
160.84
164.68
170.50
176.56
184.02
192.14
199.88
209.18
218.68
228.99
239.33
249.63
260.33
271.81
282.35
293.84
304.02
314.59
325.67
336.09
347.71
358.38
369.36
380.20
391.14
402.21
412.92
423.09
433.54
443.21
452.50
462.03
470.90
479.28
486.64
493.34
500.70
506.34
512.42
516.79
521.30
525.31
527.61
529.83
530.59
530.45
529.05
526.47
523.49
519.88
515.63
510.86
504.81
499.81
492.67
485.48
476.87
467.56
459.83
448.72
438.59
428.53
417.78
408.42
397.32
387.25
376.46
365.25
354.15
343.32
331.71
319.60
308.67
297.43
287.38
276.82
266.26
255.31
245.66
234.79
225.14
215.48
206.04
197.69
189.20
182.09
175.38
169.21
163.66
158.63
154.79
151.94
149.08
148.22
147.03
147.67
148.46
150.01
153.87
157.71
161.73
167.82
174.46
181.95
189.47
196.79
205.94
214.45
223.46
232.74
242.54
252.72
263.54
274.76
286.23
297.31
308.41
320.65
331.95
342.94
353.15
364.20
375.91
385.84
395.53
406.62
417.14
427.61
437.68
447.44
457.90
466.28
475.18
483.02
490.12
497.35
502.98
508.29
513.21
517.03
521.30
524.53
526.44
528.93
528.79
528.92
527.76
525.81
522.07
517.33
513.72
508.11
502.24
494.92
487.79
481.08
471.94
462.41
453.01
443.59
433.52
423.36
412.92
402.47
392.05
382.12
371.14
360.48
349.40
338.54
327.34
314.86
303.64
292.27
281.45
269.73
259.95
250.65
240.85
231.62
221.80
213.28
204.52
194.97
186.49
179.14
172.40
165.98
160.21
155.93
152.17
149.63
146.77
146.13
