=~=~=~=~=~=~=~=~=~=~=~= PuTTY log 2024.11.27 15:26:44 =~=~=~=~=~=~=~=~=~=~=~=
0.00
26.31
52.79
115.76
187.83
289.02
361.14
409.64
412.56
371.89
299.34
232.79
197.96
210.46
263.57
338.25
398.03
418.31
392.08
328.80
255.29
205.27
198.65
237.56
307.10
377.06
415.55
408.81
358.68
284.89
222.15
196.16
217.08
277.01
351.04
405.45
416.98
383.02
314.73
243.51
200.73
203.06
249.46
321.85
387.68
417.12
400.53
342.76
268.87
212.15
196.56
227.46
293.41
365.92
411.68
412.97
369.42
297.42
230.30
197.47
210.84
265.76
339.55
397.41
414.18
383.96
318.49
247.50
204.57
206.90
254.50
326.62
390.04
414.58
392.64
330.74
258.39
208.59
203.79
244.26
314.61
381.48
413.67
398.61
341.88
268.72
213.53
200.81
234.81
302.47
372.28
411.33
403.81
353.00
279.18
219.42
198.31
226.14
289.28
361.94
407.56
408.35
363.22
291.35
227.04
199.36
218.73
278.43
351.18
403.95
411.44
373.86
303.74
236.37
200.93
213.02
267.30
340.59
398.09
414.05
382.92
316.41
246.08
204.04
208.21
256.43
329.34
391.20
414.46
390.31
327.77
255.54
207.55
204.69
247.64
318.47
384.22
413.80
396.27
337.74
264.71
212.10
202.87
239.85
308.81
376.69
412.64
401.07
347.31
273.64
216.79
200.52
231.57
297.30
368.14
409.78
405.11
356.36
283.33
222.51
199.85
225.35
287.73
360.37
407.31
409.00
365.17
293.41
228.73
199.74
218.47
277.13
350.41
402.89
411.46
373.85
304.39
236.50
201.19
212.75
267.05
340.06
397.70
413.15
381.89
315.25
244.91
203.53
208.34
257.47
330.37
391.98
414.72
389.91
327.14
254.63
207.43
205.08
248.41
319.26
384.99
414.18
396.15
337.09
264.20
211.45
202.23
239.47
308.54
376.82
412.50
401.08
347.05
273.76
216.53
200.15
231.31
297.29
368.02
409.78
405.49
357.27
283.97
222.65
198.96
223.54
285.28
358.04
406.40
409.77
367.76
296.64
230.93
199.89
216.27
273.64
346.53
401.09
412.10
377.23
308.53
239.74
202.23
211.18
263.95
336.31
395.64
413.28
384.22
318.74
247.88
205.22
207.67
255.79
327.52
390.44
414.06
390.96
328.56
256.43
208.20
204.69
246.73
317.71
383.54
413.42
396.29
338.11
265.24
211.84
202.22
238.95
307.76
376.17
412.12
400.82
346.80
273.64
216.51
200.66
232.09
298.20
368.80
410.42
405.48
356.51
283.19
222.77
200.11
225.99
288.51
360.90
407.44
408.35
363.88
291.86
227.56
199.36
218.73
278.43
351.18
403.43
410.93
372.95
302.85
235.85
201.56
214.44
269.51
342.52
398.88
412.76
380.19
312.79
243.23
203.52
210.15
260.58
333.60
393.67
414.08
386.93
322.74
251.13
206.24
206.90
252.55
324.42
387.97
414.07
392.76
332.05
259.41
209.50
204.30
244.38
314.50
380.97
413.02
397.46
340.46
267.81
213.40
201.84
237.26
305.30
374.11
411.47
402.24
349.51
276.23
217.82
199.75
229.24
294.19
365.56
408.74
406.27
359.09
286.56
224.07
199.10
221.85
283.34
355.84
405.24
409.65
368.67
297.80
231.71
200.40
216.26
273.26
346.15
400.82
411.98
376.97
308.27
239.87
202.34
211.97
264.33
337.23
395.89
413.15
383.18
317.58
246.98
204.31
207.56
255.78
328.30
390.69
414.33
390.70
328.42
256.04
207.82
204.44
246.99
317.58
383.43
413.15
395.90
337.87
265.09
211.85
201.97
238.43
307.13
375.64
411.85
401.36
347.82
275.06
217.30
200.78
231.57
297.29
368.02
409.78
405.23
356.63
283.19
222.64
199.59
225.75
287.72
360.66
407.17
408.60
364.27
292.63
228.33
199.75
218.99
278.17
350.93
402.64
410.43
372.04
302.33
234.94
201.05
213.91
269.12
342.14
398.87
412.76
379.95
312.79
242.96
202.76
209.12
259.53
332.45
393.41
414.32
387.86
323.77
252.29
206.25
205.61
250.87
322.47
386.94
413.94
393.94
333.99
260.82
210.30
203.25
243.10
312.41
379.94
412.50
398.50
342.12
269.37
214.18
201.83
236.36
303.75
373.20
411.20
402.64
350.41
277.38
218.73
200.13
229.76
294.57
365.70
408.75
406.01
358.31
285.40
223.80
199.73
223.28
285.16
357.78
406.28
409.25
367.38
295.99
230.68
200.13
217.56
275.06
348.35
401.59
411.73
374.88
306.21
238.05
202.48
213.39
267.31
339.81
397.32
412.25
380.99
314.21
244.40
204.05
209.87
259.94
332.57
393.54
414.21
387.59
323.64
251.91
206.25
206.25
251.91
323.12
387.34
413.41
393.17
332.04
259.94
209.88
204.17
244.40
314.34
381.36
412.90
397.85
340.84
267.81
213.28
201.83
237.26
305.31
374.23
411.47
401.60
348.73
275.70
217.95
201.04
231.56
297.17
368.02
410.16
405.88
357.15
284.10
222.63
199.61
224.43
286.84
359.34
406.91
409.00
365.56
294.19
229.50
200.39
218.86
277.39
350.41
402.63
410.82
372.82
303.48
235.97
201.45
214.17
269.37
342.14
398.62
412.50
379.81
312.40
242.84
203.40
210.27
261.23
333.60
393.56
413.16
385.64
320.94
249.97
205.85
207.04
253.34
325.32
388.88
414.20
392.64
331.40
259.15
209.23
204.31
245.03
315.38
381.89
413.53
398.10
340.71
267.56
213.53
202.21
237.91
305.83
374.88
411.60
401.48
348.34
275.31
217.57
201.04
231.94
297.56
368.15
410.16
405.75
356.76
283.72
222.89
200.37
225.73
288.12
360.51
407.05
407.97
363.88
291.98
227.83
199.48
219.25
278.30
351.32
403.28
410.55
372.18
302.44
235.72
201.57
214.96
270.28
342.91
398.88
412.11
379.30
311.49
242.60
203.77
211.56
262.78
335.28
394.98
413.29
385.00
319.76
248.80
205.09
207.16
254.11
326.10
389.13
413.81
390.96
329.34
257.20
208.84
205.21
247.37
318.23
383.69
413.68
396.01
338.00
264.58
211.73
201.70
238.82
307.37
375.79
411.61
400.70
346.53
273.77
216.90
201.69
233.51
299.74
370.22
410.16
404.21
353.78
280.48
220.95
199.97
227.31
290.71
362.95
407.71
406.54
360.90
289.66
226.24
200.55
221.96
283.07
354.94
404.85
409.77
369.07
298.32
232.34
200.92
216.90
274.29
347.05
401.09
411.60
375.79
306.85
238.71
202.08
213.01
266.00
339.04
397.31
414.17
383.70
317.58
246.98
204.83
208.07
256.70
328.68
391.22
414.32
390.31
327.66
255.39
207.69
204.69
247.76
318.74
384.08
413.42
395.76
337.08
264.21
211.58
202.87
239.85
308.81
376.94
412.25
400.31
345.75
272.99
216.38
201.69
234.02
300.53
370.74
410.68
404.20
353.91
280.35
220.70
199.33
227.05
290.05
362.72
407.95
408.09
362.45
290.44
226.52
199.88
220.54
280.89
353.52
404.46
410.68
370.74
300.53
233.77
201.31
215.73
271.96
344.86
399.91
412.25
377.61
309.57
240.77
203.25
212.09
264.46
337.22
396.15
413.80
384.34
318.74
247.76
205.21
208.19
256.05
328.43
390.81
414.21
390.05
327.65
255.27
207.69
205.08
248.67
319.38
385.00
413.93
395.76
336.58
263.55
211.33
202.35
240.12
309.31
377.08
413.42
401.68
347.85
274.29
217.67
201.31
232.09
298.06
368.67
409.90
405.37
356.36
283.33
222.25
199.99
225.72
288.38
360.64
407.44
408.35
364.14
291.98
228.35
199.99
220.17
279.20
352.35
403.68
410.55
371.53
301.55
234.67
201.05
214.96
270.79
343.69
399.65
412.49
379.43
311.23
242.21
202.87
210.53
261.62
334.11
394.21
413.03
385.13
320.15
249.18
205.34
207.42
254.49
326.50
389.53
413.94
391.35
329.45
257.47
208.46
205.09
246.71
317.59
383.30
414.06
397.05
339.29
266.00
212.50
201.70
238.05
306.21
375.14
411.85
401.86
348.73
275.70
217.95
200.53
231.06
296.51
367.50
409.27
405.50
357.14
284.10
222.90
199.85
225.22
287.34
359.74
406.67
408.09
364.27
292.37
228.47
200.12
220.16
279.45
352.49
403.81
410.81
371.78
301.55
234.69
201.43
215.34
271.32
343.94
399.92
412.23
378.78
310.85
241.93
203.40
211.70
263.29
335.55
394.72
412.90
384.23
318.99
248.41
205.34
208.45
256.30
328.43
390.57
413.95
389.40
327.01
254.86
208.20
205.98
250.48
321.31
386.17
413.42
394.21
334.50
261.73
211.07
204.54
244.25
313.71
380.57
413.03
398.23
341.61
268.60
213.79
202.08
236.87
304.80
373.84
411.73
402.38
350.16
276.73
219.13
201.28
231.83
296.64
367.63
409.27
404.85
355.98
282.94
221.86
199.61
225.47
288.38
360.39
407.06
407.44
362.73
290.95
227.16
200.15
220.92
281.53
353.65
404.47
409.89
369.72
298.83
232.99
201.04
217.03
273.76
347.07
401.46
413.14
377.47
309.05
240.12
202.87
212.09
264.59
337.23
396.15
413.28
383.71
317.57
247.38
204.94
208.84
257.22
329.72
391.60
413.95
389.14
325.84
254.11
207.41
206.63
250.86
322.36
386.80
413.94
393.56
333.34
260.57
210.29
203.90
244.52
314.08
380.85
412.51
396.93
339.56
266.91
213.25
202.75
239.20
307.75
376.06
411.73
400.44
346.28
273.24
216.65
201.43
233.89
300.13
370.10
409.78
403.43
352.87
279.45
220.31
199.71
228.09
291.34
363.88
408.35
407.44
361.16
288.89
226.13
200.64
223.26
284.24
356.63
405.50
409.00
366.74
295.47
230.27
200.27
218.07
276.48
349.38
402.51
411.33
373.61
304.27
236.74
202.22
214.55
270.02
342.39
399.15
412.62
379.95
312.14
243.10
204.29
211.69
263.30
335.40
394.99
413.29
384.73
319.26
248.67
205.46
208.34
255.78
328.30
390.69
414.33
390.70
328.17
255.92
208.07
205.33
248.15
319.39
384.58
413.69
394.98
336.19
263.29
211.57
203.38
242.19
311.24
379.04
412.25
399.27
343.03
270.16
214.56
201.69
235.32
302.86
372.28
411.22
402.89
351.46
278.29
219.51
200.39
229.36
293.79
365.44
408.60
406.54
358.95
286.69
224.31
200.00
223.79
285.27
357.93
405.75
409.27
366.20
294.97
229.89
200.38
218.60
276.74
350.03
402.63
411.72
373.72
304.54
236.87
202.60
214.81
269.76
342.53
398.75
412.38
378.90
311.51
242.06
203.26
210.92
262.51
335.16
394.47
413.16
384.47
319.52
248.53
205.60
208.19
256.17
327.91
390.32
413.16
389.16
326.23
254.10
207.43
205.32
249.72
320.67
385.90
413.56
394.33
334.63
262.00
210.92
204.03
243.22
312.67
380.19
413.14
399.02
342.79
269.88
214.44
201.45
235.71
303.24
372.55
411.08
403.03
351.70
278.41
219.53
200.77
229.73
293.68
365.18
408.85
406.54
358.96
286.56
224.70
200.11
224.31
285.78
358.45
405.76
408.36
364.91
293.41
228.98
200.38
219.51
278.56
351.45
403.29
410.55
371.91
301.94
234.81
201.05
214.56
270.28
343.30
399.40
412.50
378.78
310.86
241.80
203.25
211.32
263.30
336.05
395.12
412.91
383.96
318.47
247.64
205.21
208.83
256.82
328.96
390.95
413.30
388.38
324.93
253.60
206.76
205.74
250.10
321.44
386.17
413.29
393.56
333.22
261.09
210.52
204.30
244.13
313.96
380.46
412.12
396.81
339.68
267.04
213.52
202.86
239.08
307.37
376.05
411.99
401.09
346.92
273.90
216.77
200.78
232.36
298.58
369.18
409.92
404.46
354.82
281.65
221.33
199.99
226.90
290.19
362.46
407.70
407.45
361.42
289.54
225.99
199.88
221.58
282.56
355.08
404.73
409.65
368.41
297.68
231.95
201.56
218.06
275.85
348.34
402.00
411.33
374.64
305.30
237.79
202.21
214.17
268.33
341.24
397.97
412.25
379.82
312.27
243.23
203.51
211.06
262.12
334.76
394.09
412.65
384.35
318.99
248.29
205.08
208.33
255.78
328.31
390.30
413.83
389.14
326.75
254.48
207.81
205.85
250.23
321.32
386.29
413.42
394.09
333.71
261.10
209.89
203.38
242.84
312.67
380.06
412.77
398.62
342.12
269.25
214.17
202.34
237.13
304.66
373.99
411.07
401.49
348.48
275.69
217.83
201.04
231.94
297.30
368.03
409.64
405.24
356.11
283.33
222.51
200.37
226.37
289.16
361.42
407.32
408.10
362.95
290.84
226.79
199.73
220.55
280.10
353.27
404.19
410.42
370.63
300.12
234.04
201.17
216.26
272.47
345.63
400.30
411.73
376.71
308.39
240.12
202.99
213.13
266.13
338.77
396.16
412.13
381.24
314.86
245.05
204.55
210.40
260.06
332.83
393.28
414.08
387.06
323.39
251.38
206.13
206.25
252.03
323.65
387.85
414.06
393.04
332.18
259.40
209.25
203.52
244.13
314.23
380.97
412.77
397.20
340.06
267.30
213.52
202.86
239.08
307.37
376.05
411.99
401.09
347.18
274.02
216.78
200.53
231.96
297.80
368.41
409.52
404.72
355.33
282.43
222.11
200.11
226.65
289.52
361.94
407.06
407.45
362.06
290.05
226.40
199.74
221.06
281.13
353.79
404.20
410.03
369.84
299.23
233.39
201.17
216.39
273.12
346.14
400.57
411.73
376.70
308.01
239.48
202.60
212.48
265.37
338.12
396.54
412.38
381.91
315.24
245.56
204.16
209.62
259.03
332.05
393.14
414.46
387.59
323.92
252.02
206.89
206.12
251.93
323.50
387.71
413.56
392.52
332.05
259.40
209.64
204.17
245.16
315.12
381.37
412.51
396.42
338.77
265.88
212.49
202.48
239.46
307.89
376.45
412.11
400.95
346.40
273.25
216.65
201.17
233.39
299.48
369.96
410.04
403.94
353.91
280.61
220.83
199.60
227.17
290.57
362.84
407.71
407.45
361.41
289.41
225.99
200.26
221.97
282.69
355.33
404.98
410.94
370.58
299.89
233.41
201.29
216.38
272.08
345.25
400.30
412.37
377.48
309.18
240.38
203.13
212.21
265.11
337.47
395.90
412.51
382.40
316.41
246.08
204.30
208.85
257.72
330.37
391.73
414.21
388.62
325.47
253.32
207.42
206.76
251.64
322.89
386.94
413.55
392.65
331.92
259.93
210.14
204.82
245.55
315.51
381.89
412.90
397.07
339.29
266.53
212.87
202.48
239.08
307.24
376.19
411.58
400.58
346.15
273.24
216.01
200.40
232.47
298.59
369.19
410.03
404.59
354.82
281.51
221.48
199.59
226.91
289.40
362.21
407.17
407.33
361.16
289.28
226.13
199.99
222.11
282.56
355.34
404.46
408.87
367.25
296.64
231.44
201.04
218.33
276.09
348.87
402.12
411.58
374.64
305.56
237.91
202.73
214.42
268.86
341.36
397.97
412.12
379.55
312.40
243.10
204.03
211.30
262.39
334.76
394.59
413.03
385.01
319.89
249.32
205.21
208.20
254.86
327.55
389.64
414.34
390.31
328.43
256.04
208.33
204.82
247.91
318.60
384.22
412.91
394.86
336.19
263.41
211.84
203.77
242.57
311.51
379.16
412.50
398.76
343.04
270.00
214.71
201.31
235.58
302.85
372.42
410.82
402.78
351.19
278.15
219.38
201.03
230.52
294.97
366.35
409.24
405.89
357.67
285.00
223.54
199.73
224.83
286.95
359.35
406.92
408.85
365.32
293.54
229.36
200.91
220.01
279.21
351.58
403.55
410.80
372.17
302.07
235.20
201.18
214.44
269.63
342.79
398.75
411.86
378.40
310.85
241.80
203.26
211.44
263.56
335.79
394.99
412.90
384.22
318.61
248.29
205.20
208.59
256.16
328.69
390.57
413.95
389.66
326.88
254.75
207.68
205.47
249.45
320.54
385.77
413.94
394.85
335.29
262.50
211.44
204.03
243.22
312.67
379.94
412.76
398.62
342.14
269.37
214.43
201.83
236.37
303.88
373.20
410.56
401.61
348.99
276.35
218.33
201.04
231.44
296.90
367.63
409.27
404.85
355.73
282.56
221.98
199.72
226.00
288.76
361.29
406.92
407.45
362.19
290.44
227.03
200.38
221.20
281.40
354.16
404.46
409.78
369.58
299.09
232.99
200.78
216.39
272.99
346.28
400.68
412.25
377.09
308.53
239.87
202.60
211.83
264.48
337.08
396.02
412.90
383.44
317.44
247.12
204.94
209.10
257.34
329.99
391.21
413.70
387.71
324.95
252.92
207.42
206.89
252.03
323.53
387.32
413.81
392.52
331.80
259.28
209.62
204.17
245.17
315.25
381.63
412.26
396.03
338.12
265.62
212.74
203.25
240.38
309.05
377.21
412.25
399.79
345.13
272.33
216.50
202.34
235.57
302.47
371.78
410.43
402.13
350.43
277.76
219.11
200.92
230.38
295.74
366.08
408.76
404.72
356.38
283.33
222.50
199.99
225.73
288.51
360.90
407.18
407.71
363.11
291.07
227.82
200.76
222.09
282.18
354.68
404.59
409.39
368.42
297.80
232.21
201.56
218.32
275.97
348.61
401.60
410.56
373.21
304.00
236.62
201.57
214.31
268.84
341.63
397.97
411.85
378.79
311.37
242.57
203.90
212.21
263.80
336.59
395.36
413.42
383.70
318.09
247.76
204.81
208.61
256.68
329.47
391.22
414.07
389.54
326.48
254.36
207.55
205.85
249.97
321.20
385.76
413.43
393.42
333.73
260.96
210.67
204.42
244.65
314.35
380.98
412.51
396.81
339.29
266.78
213.25
203.38
239.97
308.54
376.83
412.11
400.31
345.37
272.60
216.25
201.95
234.80
301.69
371.39
410.95
403.03
351.60
278.41
219.37
199.88
228.71
293.67
365.05
408.75
406.40
359.09
286.18
224.45
200.11
223.80
285.28
357.79
405.76
408.48
365.70
294.32
230.01
201.02
219.51
278.18
351.05
402.64
410.05
371.39
301.82
234.55
201.31
214.95
270.93
343.56
399.15
411.47
376.97
308.79
240.24
203.12
213.00
265.88
338.79
396.80
413.15
382.02
315.64
245.55
204.43
209.62
259.28
332.05
392.64
413.83
387.06
323.14
251.26
206.12
206.77
252.54
324.43
387.59
413.43
391.08
329.99
257.20
208.73
204.29
246.34
316.55
382.79
412.90
395.90
337.61
265.23
212.74
203.64
241.67
310.07
378.14
412.23
399.79
344.34
271.30
215.74
201.56
235.32
301.94
371.91
410.30
402.40
350.29
277.90
219.10
201.18
230.52
295.88
366.33
409.01
404.97
356.77
283.84
223.15
200.37
225.99
288.51
360.64
406.54
407.19
362.19
290.44
226.78
200.00
221.06
280.88
353.92
404.31
410.30
369.98
299.61
233.64
201.42
217.29
274.02
346.93
401.35
411.84
376.07
306.97
238.95
202.22
212.87
266.53
339.29
396.81
412.26
381.11
314.72
244.78
204.70
210.64
260.97
333.60
393.54
413.71
386.02
322.09
250.35
206.12
207.68
254.36
326.36
389.01
413.57
390.57
328.82
256.43
208.46
205.85
248.78
319.53
384.61
413.29
394.34
334.51
262.00
210.53
203.26
242.45
312.28
379.42
412.13
397.72
341.23
268.21
213.92
202.47
237.91
305.83
374.63
411.21
401.09
347.43
274.94
217.15
201.19
232.08
298.32
368.28
410.82
406.10
357.69
283.84
223.54
200.37
225.86
288.11
360.26
406.54
407.57
362.84
291.22
227.55
200.65
221.44
281.39
354.04
404.33
410.30
369.71
299.36
233.38
201.68
217.68
274.54
347.32
400.83
411.20
374.50
305.83
238.04
202.73
213.78
268.08
340.58
398.23
413.01
381.64
314.60
245.04
204.68
210.52
260.97
333.46
393.94
413.95
386.55
322.23
250.73
206.38
207.93
254.74
326.50
389.02
413.30
390.31
328.17
256.05
208.46
205.46
248.54
319.25
384.47
413.18
394.33
335.29
262.50
211.70
204.42
243.61
313.06
380.06
412.90
398.10
341.89
269.10
214.69
202.48
237.52
305.30
373.85
410.83
400.95
348.22
275.05
217.57
200.78
231.82
297.29
368.03
409.65
405.37
356.11
283.21
222.76
201.27
227.54
290.71
362.45
409.39
409.21
364.54
291.73
228.46
200.64
220.67
280.24
353.00
403.81
409.78
369.72
299.23
233.25
201.29
217.03
274.03
347.05
401.35
411.72
375.80
306.85
238.70
202.48
213.51
267.30
339.82
396.94
411.86
379.95
312.92
243.49
204.03
211.17
262.00
334.13
394.47
413.40
385.66
320.41
249.83
205.98
208.31
255.27
327.28
389.53
413.18
389.02
326.36
254.63
207.15
205.48
249.31
320.80
385.65
413.16
394.09
333.71
261.36
210.02
203.91
243.35
313.32
380.19
414.32
400.26
344.61
270.79
216.12
202.20
235.72
302.59
372.42
410.82
402.52
350.55
277.90
219.10
200.92
230.40
295.61
366.21
408.49
404.34
355.99
283.06
222.37
199.73
225.73
288.51
360.64
407.06
407.44
362.73
290.69
227.55
200.64
221.84
282.18
354.68
404.59
409.39
368.68
297.93
232.22
200.78
217.42
274.54
347.58
400.95
410.96
374.12
305.42
237.52
202.61
214.54
269.25
341.75
398.35
412.12
379.17
311.75
242.58
203.90
211.94
263.30
335.94
395.23
413.42
384.09
318.87
248.28
205.33
208.20
256.05
328.42
390.69
413.69
389.67
327.00
255.01
207.68
205.73
249.32
320.68
385.37
413.18
393.69
333.72
261.36
210.26
204.43
243.86
314.11
380.71
412.77
396.94
339.68
266.91
213.39
202.60
239.09
307.50
376.05
411.61
400.70
346.53
273.77
216.90
201.95
233.89
300.13
370.36
410.16
403.82
353.00
279.97
220.17
199.73
227.94
291.60
363.63
407.57
406.29
359.34
286.95
224.84
200.11
223.66
284.89
357.41
405.50
408.48
365.44
294.45
229.87
201.17
219.89
279.20
351.84
403.43
410.55
371.52
301.42
234.93
202.07
216.64
272.73
345.63
400.05
411.61
376.44
308.27
239.60
202.87
212.86
266.01
338.52
396.67
412.90
382.28
315.76
245.82
204.81
210.01
259.55
332.18
392.90
413.83
387.06
323.39
251.38
206.13
206.25
252.03
323.65
387.33
413.04
391.62
330.36
258.25
208.97
204.82
246.46
317.06
382.92
413.42
396.40
338.26
265.36
213.00
203.63
241.03
309.83
377.73
413.80
401.42
347.60
273.49
217.30
200.78
232.34
298.20
368.54
409.01
403.31
353.65
280.35
220.70
199.59
227.43
290.44
362.85
407.44
406.68
360.25
288.11
225.61
200.11
223.15
284.10
356.89
405.24
409.13
366.85
295.74
230.41
200.39
218.21
276.22
349.00
401.61
410.55
372.82
303.50
236.36
202.34
215.20
270.54
343.04
399.02
412.37
379.03
311.25
242.07
203.38
210.92
262.13
334.76
394.33
412.65
385.65
320.50
249.49
205.10
207.39
253.72
325.07
388.49
413.56
390.96
329.34
257.20
208.84
205.21
247.63
318.35
383.70
412.91
394.86
336.19
263.15
211.46
203.12
241.80
310.73
378.51
412.12
398.76
342.91
270.14
214.82
202.08
236.36
303.75
373.20
411.20
402.39
350.29
277.37
219.51
201.55
231.95
296.90
367.63
409.27
404.85
355.98
282.94
222.12
199.99
225.86
288.77
360.77
406.80
407.19
362.45
290.57
227.05
200.38
221.44
281.40
354.17
404.33
411.21
370.70
300.68
233.39
201.56
215.60
271.58
344.60
399.65
411.61
376.57
308.66
239.99
202.87
212.48
265.36
338.00
396.02
412.51
382.02
316.02
245.69
204.44
209.36
258.50
331.16
391.98
413.96
387.83
324.42
252.43
206.63
206.63
251.64
323.27
387.07
413.04
391.62
330.36
258.25
208.97
204.30
245.70
316.02
382.52
413.15
396.81
339.17
266.51
213.13
202.87
239.59
308.15
376.18
411.35
399.66
345.24
272.34
216.26
201.82
234.93
301.42
371.26
410.17
402.78
351.32
278.29
219.64
200.76
229.50
294.07
365.42
408.62
405.38
357.80
285.27
223.66
200.25
224.69
287.09
358.95
406.16
407.44
363.88
291.99
228.21
200.12
220.16
279.71
352.35
403.18
409.26
369.84
299.22
233.26
201.17
217.29
274.02
346.93
400.83
411.34
375.41
306.45
238.57
202.60
214.16
267.81
340.47
397.32
411.86
379.57
312.53
243.10
203.91
211.29
262.65
334.90
394.21
412.78
385.37
320.00
249.10
204.69
207.16
253.19
324.94
388.11
413.30
392.51
330.85
258.67
208.85
204.68
244.90
315.00
381.36
413.03
397.19
340.20
267.16
213.53
202.34
238.56
306.33
375.15
411.34
400.83
347.19
274.14
217.30
201.68
233.50
299.89
369.95
410.82
404.19
354.44
280.47
221.22
200.22
228.46
291.61
363.76
409.12
407.93
361.95
289.27
226.78
200.38
222.23
282.95
355.46
404.73
409.01
367.63
296.64
231.06
200.65
217.68
275.59
348.34
402.00
411.07
374.51
305.03
237.67
201.69
213.79
267.68
340.72
397.32
411.86
379.05
312.02
242.95
203.64
211.19
262.90
335.54
394.74
413.03
384.61
318.73
248.16
205.06
208.58
256.17
328.57
390.57
413.30
388.76
326.09
253.84
206.92
204.94
249.06
319.77
384.87
412.91
393.69
333.99
261.61
210.79
204.03
243.87
313.31
380.60
412.88
398.49
341.62
268.98
214.17
202.35
237.25
305.18
373.85
410.96
400.96
347.96
274.92
217.43
201.04
232.33
298.07
368.54
409.90
404.46
354.83
281.77
221.59
199.99
226.90
290.44
362.32
407.59
406.67
360.78
288.24
225.61
199.73
222.50
283.59
356.24
404.86
408.62
366.47
295.35
230.27
200.65
218.72
277.00
349.78
402.25
410.30
372.06
302.45
235.71
201.95
215.85
271.57
344.48
399.65
412.25
377.61
309.57
241.03
203.63
213.25
265.48
338.27
396.15
412.77
381.76
315.64
245.55
204.43
209.11
258.77
331.39
392.38
413.57
387.71
324.03
252.56
207.27
207.54
253.33
324.67
387.99
412.52
390.46
328.42
256.57
208.19
205.21
248.02
318.87
384.35
413.55
395.24
336.20
263.41
211.83
203.64
242.32
311.76
379.03
412.13
398.11
342.00
268.98
214.57
202.59
237.79
305.43
374.23
412.64
403.24
351.35
277.51
219.76
201.03
230.65
295.08
366.36
408.74
405.50
356.89
284.10
223.15
200.11
225.35
287.99
360.24
406.94
407.57
363.50
291.46
227.94
200.38
221.32
281.39
353.91
403.96
409.39
368.80
298.20
232.34
201.30
217.55
275.06
347.57
401.36
410.81
374.26
304.91
237.40
202.08
214.04
268.34
341.24
398.22
413.02
380.72
313.70
244.26
204.16
210.67
260.96
331.93
392.56
411.29
384.52
319.00
249.58
205.47
207.29
253.84
325.98
388.88
413.81
390.70
329.22
256.94
208.98
205.59
248.14
319.01
384.20
412.91
394.35
335.27
263.03
211.57
204.16
243.36
312.40
379.55
412.12
397.46
341.12
268.06
214.05
201.69
236.89
304.66
373.96
411.08
401.36
349.13
275.95
218.35
200.90
231.95
297.03
367.77
409.52
404.84
355.60
282.56
222.36
200.37
226.78
289.79
362.07
407.32
407.19
361.67
289.66
226.52
200.38
222.49
283.07
355.73
405.11
409.39
367.65
296.90
231.43
201.44
218.58
277.01
349.51
402.25
410.82
372.94
303.50
236.23
202.07
215.08
270.28
343.04
399.02
411.85
378.52
310.59
241.81
203.38
211.95
263.68
336.06
394.86
412.77
383.31
317.71
247.24
205.46
209.22
257.87
330.24
391.99
413.95
388.75
325.32
253.46
207.28
206.76
251.51
322.62
386.56
413.16
392.12
331.67
259.40
210.27
204.94
246.20
316.28
382.40
412.91
396.42
338.38
265.36
212.36
202.60
239.86
308.40
376.83
411.73
399.66
344.86
271.95
216.12
202.07
235.45
302.21
372.04
410.55
402.66
350.67
278.03
219.11
200.39
229.76
294.57
365.70
408.49
405.37
357.54
284.88
223.66
200.64
225.72
287.99
360.13
406.53
407.59
363.23
291.46
227.95
200.76
221.70
281.66
354.03
403.96
409.01
368.41
297.55
231.84
200.77
217.42
274.80
347.83
401.48
411.34
375.02
305.68
237.80
202.21
213.90
267.83
340.59
397.58
412.12
379.95
312.92
243.49
204.03
210.91
261.36
333.87
393.93
413.16
385.01
320.55
249.56
205.86
207.80
255.14
327.01
389.66
413.56
389.79
327.66
255.39
208.20
205.71
249.44
320.17
385.26
413.55
394.33
334.64
261.86
211.32
204.15
243.75
313.19
379.94
412.01
397.19
340.70
267.57
213.67
202.59
238.43
305.95
374.89
411.34
401.09
347.31
274.41
217.42
201.42
232.99
298.97
369.57
410.04
404.34
354.43
281.26
220.95
199.47
226.78
289.92
362.34
407.44
407.19
361.29
289.27
226.13
200.26
222.61
283.72
355.98
405.38
409.38
367.77
296.64
231.44
201.30
218.71
276.74
349.38
401.99
410.56
372.82
303.48
236.23
201.83
214.82
269.89
342.53
398.62
411.60
378.28
310.59
241.80
203.26
211.44
263.56
335.79
395.25
413.02
384.23
318.61
248.02
204.95
207.81
255.66
328.04
390.18
413.83
389.53
327.40
254.74
208.08
205.84
249.83
320.82
385.76
413.81
394.33
334.63
262.00
210.92
203.78
242.84
312.28
379.54
412.38
398.11
342.01
269.10
214.57
202.47
237.52
305.31
373.98
411.09
400.69
347.84
274.66
217.43
200.78
232.21
297.80
368.42
409.39
404.34
354.30
281.27
221.20
200.24
227.55
291.09
363.11
407.97
406.53
360.26
287.84
225.61
200.64
223.77
285.02
357.41
405.88
408.87
366.35
294.82
230.28
200.50
219.51
277.64
350.82
402.51
410.17
371.53
301.67
235.20
201.82
216.25
272.22
344.98
399.92
411.73
376.83
308.40
239.86
202.86
212.74
265.75
338.26
396.29
412.25
381.50
314.99
245.17
204.43
210.01
259.67
332.45
393.02
413.83
386.94
323.12
251.77
206.89
207.93
253.97
325.59
388.49
413.30
390.84
329.33
256.95
208.47
204.68
247.11
317.32
382.93
412.51
394.60
335.94
263.41
211.83
203.64
242.06
311.38
378.89
412.12
398.63
342.64
270.02
214.82
202.47
237.01
304.53
373.72
411.21
401.99
349.25
276.35
218.33
201.30
231.56
297.17
367.50
409.14
404.20
355.21
282.16
221.72
199.99
226.51
289.67
361.55
407.45
407.05
361.82
289.52
226.52
200.26
222.22
282.95
355.21
404.73
409.00
367.25
296.26
231.05
200.65
217.95
275.83
348.87
401.60
410.82
373.34
304.27
236.75
202.08
214.43
269.11
342.01
398.61
412.76
379.95
312.79
243.22
204.17
211.04
262.27
334.51
394.59
414.83
387.16
322.90
251.00
206.77
206.89
252.42
324.30
387.83
413.83
391.87
330.89
258.37
208.97
204.70
246.19
316.94
382.92
413.29
396.55
338.37
265.62
212.49
202.99
240.24
308.66
376.83
411.73
399.66
345.12
272.07
216.13
201.56
234.67
301.30
371.00
410.31
402.90
351.97
278.80
219.77
200.38
228.97
293.29
364.65
408.10
405.64
358.18
285.92
223.92
200.26
224.56
286.69
358.70
406.03
408.09
364.14
292.77
228.45
200.53
220.02
279.71
352.49
403.55
410.43
370.87
300.91
234.02
201.83
216.49
273.26
345.63
400.57
411.46
375.68
307.11
239.07
202.73
213.27
267.04
339.68
396.81
412.12
380.46
313.70
244.01
203.78
210.02
260.18
333.22
393.41
413.83
386.29
322.23
250.73
206.63
208.31
254.87
326.77
389.39
413.56
390.32
328.03
256.19
208.19
205.59
248.41
319.26
384.73
413.03
394.35
335.14
262.25
210.43
202.73
241.92
311.13
378.65
412.12
398.37
342.14
269.37
214.43
202.34
237.13
304.66
373.99
411.33
401.87
348.87
276.08
218.21
200.53
231.06
296.25
367.12
408.62
404.47
355.47
282.81
222.11
200.25
226.77
290.05
361.94
407.59
406.79
361.30
288.74
226.26
200.38
223.26
284.24
356.63
405.24
409.13
366.59
295.62
230.40
201.17
219.10
277.65
350.29
402.64
410.30
371.93
302.06
235.32
201.43
215.47
271.17
344.08
399.27
411.99
377.61
309.57
240.77
203.51
212.73
265.24
337.74
396.28
412.64
382.29
316.14
245.95
204.70
209.74
259.15
331.67
392.63
413.83
387.33
323.38
251.78
206.50
206.89
252.69
324.29
387.98
413.56
391.99
330.63
258.38
209.36
205.08
246.46
317.06
382.92
413.42
396.15
338.14
265.09
212.87
203.12
240.90
309.56
377.61
411.74
399.01
343.43
270.79
214.93
202.10
235.83
303.63
372.94
410.95
402.26
349.76
276.87
218.34
200.13
230.15
295.08
366.09
408.23
404.85
356.76
283.84
222.90
200.11
225.60
287.99
359.99
406.68
407.44
363.11
291.34
227.55
200.79
221.56
281.66
353.92
404.07
409.27
368.42
297.93
232.22
201.04
217.55
274.80
347.45
401.09
410.95
374.38
305.30
237.79
202.21
214.17
268.33
341.24
397.46
411.48
378.52
311.24
242.19
203.90
212.08
264.21
336.57
395.77
413.03
384.87
318.83
248.19
204.69
208.06
255.40
327.39
390.05
413.69
390.05
327.65
255.52
208.07
205.98
249.31
320.30
384.73
412.53
392.92
332.95
260.97
210.78
205.32
245.81
315.64
381.76
412.51
395.77
337.88
265.35
213.00
203.90
241.53
310.48
377.86
412.00
398.88
343.56
270.66
215.21
201.83
236.10
303.09
372.70
410.69
402.39
350.03
276.99
218.86
201.03
231.05
296.14
366.98
409.13
404.59
355.99
283.06
222.89
200.49
227.03
289.79
361.81
406.94
406.80
361.28
289.28
226.00
200.26
221.96
282.57
355.08
404.72
409.52
368.15
297.68
232.21
201.94
219.23
277.12
349.78
402.13
410.31
372.05
302.32
235.32
201.69
215.60
271.44
344.21
399.53
411.47
377.10
308.91
240.25
202.87
212.47
265.24
337.74
397.31
414.42
384.75
318.61
248.26
205.73
209.22
257.85
330.11
391.47
413.31
387.46
324.03
252.29
207.03
207.27
253.07
324.56
387.84
413.18
390.70
329.34
256.95
208.98
205.32
248.15
318.61
384.09
412.65
394.09
335.02
262.50
211.19
203.78
243.35
312.40
379.31
411.86
397.32
340.72
267.94
214.43
202.72
238.83
306.71
375.28
410.97
400.18
346.15
273.38
216.50
201.57
233.63
300.39
369.96
409.67
402.64
351.71
278.94
220.14
201.55
230.52
295.23
366.21
408.87
406.53
358.54
286.20
223.93
200.38
223.53
285.02
357.14
405.38
407.97
365.32
294.19
229.75
200.91
219.89
278.94
351.71
402.90
411.34
372.26
302.75
235.20
202.07
215.08
270.02
342.92
398.49
411.61
377.48
309.70
241.03
203.24
212.22
264.33
337.23
396.66
415.84
387.16
322.13
250.60
207.03
207.66
253.84
325.33
388.49
413.30
390.58
328.95
256.55
208.34
204.94
248.14
318.61
384.10
412.51
394.22
334.49
262.00
210.80
204.02
243.48
313.06
380.19
413.03
398.10
341.76
268.71
214.57
202.86
238.29
306.08
374.63
411.47
400.95
347.58
274.54
217.16
201.44
232.58
298.99
368.92
409.92
403.69
353.91
280.61
221.09
200.49
228.07
291.62
363.48
408.48
407.18
360.90
288.51
225.99
200.63
223.27
284.11
356.89
406.52
410.91
369.58
298.45
232.74
201.30
217.41
274.67
347.45
402.25
413.12
377.74
308.27
240.13
202.98
213.25
265.88
338.53
396.42
412.25
381.12
314.34
245.17
204.80
211.56
261.73
334.26
393.82
413.16
384.61
319.91
248.91
205.86
208.19
255.66
327.92
390.16
413.83
389.54
327.27
255.13
207.93
205.98
249.96
320.94
385.39
412.91
393.17
333.08
260.58
210.67
204.54
244.91
314.47
382.01
414.17
399.78
342.77
269.76
214.82
202.21
236.62
303.88
373.20
410.56
401.36
348.61
275.96
218.20
201.56
232.33
298.33
368.66
409.40
403.70
354.03
280.86
220.83
199.85
227.55
290.96
362.72
407.33
405.89
359.35
286.95
225.09
200.37
224.05
285.66
358.18
405.89
408.22
365.18
293.79
229.62
201.03
220.54
279.71
352.23
403.17
409.78
370.10
299.88
233.77
201.68
217.03
273.90
346.66
400.71
411.08
375.15
306.07
238.18
202.21
213.52
267.43
340.20
396.94
411.48
379.04
312.02
242.71
203.64
211.18
262.77
335.02
394.35
412.38
383.58
318.09
247.37
204.57
207.81
256.04
328.43
390.05
414.48
390.78
328.31
255.81
208.44
205.98
247.88
319.01
384.20
413.16
394.48
335.28
262.77
211.44
204.28
243.48
313.06
379.68
412.27
397.31
340.71
267.83
214.04
203.37
239.07
307.25
375.79
411.73
400.96
346.91
274.16
216.91
201.69
233.50
299.62
369.71
409.78
403.56
353.00
279.71
220.30
200.10
228.33
292.00
364.14
408.09
406.29
359.09
286.83
224.31
199.61
223.27
284.88
357.67
405.76
408.87
365.70
294.19
229.88
201.28
220.54
279.72
352.35
403.43
409.78
370.10
299.88
233.77
201.94
217.41
274.03
346.67
400.95
411.33
375.16
306.21
238.82
203.10
214.55
268.60
341.36
397.97
411.86
379.17
311.75
242.58
203.90
211.94
263.56
335.81
395.37
413.02
383.59
318.61
248.63
206.77
210.26
259.28
331.13
393.28
417.02
393.38
330.64
257.87
209.36
205.08
246.46
317.06
382.92
413.42
396.40
338.26
265.36
213.00
203.89
241.15
309.84
377.73
413.54
401.18
347.08
273.37
217.04
201.30
232.85
299.12
369.18
409.66
403.31
353.00
277.65
219.57
198.33
228.00
290.71
364.65
408.10
405.38
358.06
285.39
223.93
200.11
224.83
286.83
358.83
405.65
406.80
363.11
291.21
227.70
200.64
221.69
281.40
353.92
403.55
408.50
367.38
297.02
231.71
201.17
218.85
276.47
349.26
401.74
410.82
372.94
303.50
236.49
202.20
215.61
270.52
343.57
398.88
413.02
379.26
312.30
242.31
203.92
210.65
261.87
333.99
393.95
413.03
384.88
319.77
249.05
205.85
208.45
256.31
328.30
390.70
413.42
389.16
325.97
254.75
208.30
207.15
251.78
322.73
386.95
414.32
394.30
334.01
260.97
210.79
203.64
242.84
312.67
379.54
412.01
397.07
340.46
267.69
213.65
202.99
238.81
306.99
375.41
411.34
400.57
346.27
273.52
216.77
201.68
233.51
299.75
369.83
411.46
405.32
355.88
282.16
222.62
200.37
227.03
290.17
362.20
407.33
406.67
360.78
288.24
225.87
200.11
223.15
284.10
356.63
404.86
407.97
365.57
294.31
230.01
201.29
220.53
279.59
351.97
403.43
409.90
370.63
300.12
234.04
201.17
216.26
272.47
345.37
399.92
411.34
376.06
307.63
239.47
202.86
213.13
266.53
339.03
396.68
411.99
380.73
313.82
244.26
204.29
210.78
261.48
333.73
393.69
412.65
384.23
319.26
248.40
205.47
208.45
256.43
328.83
391.72
415.61
391.99
329.33
256.82
208.46
204.94
247.50
318.09
383.96
413.29
395.51
336.44
263.94
211.95
203.90
242.32
311.51
378.90
411.86
397.98
341.74
269.24
214.43
202.73
237.64
305.57
373.98
410.83
400.57
347.31
274.41
217.42
201.68
233.63
299.48
369.72
409.78
403.55
352.88
279.45
220.30
200.10
228.59
292.38
364.27
408.10
405.76
358.71
285.65
224.20
199.84
224.05
285.67
358.30
405.89
408.10
364.91
293.67
229.11
200.91
220.27
279.59
351.97
403.43
409.90
370.37
300.26
234.15
201.69
217.03
273.89
346.28
400.33
410.81
374.77
305.69
237.91
202.34
213.65
267.83
340.33
398.75
413.50
382.44
314.98
245.69
204.43
210.01
259.93
332.57
392.77
414.99
388.05
324.85
252.03
207.16
205.86
250.74
321.84
386.30
413.03
392.53
332.19
259.52
209.77
203.90
244.78
315.00
381.22
412.40
397.19
340.03
267.20
213.02
202.86
238.29
306.08
374.63
410.96
400.45
346.92
274.02
217.04
201.42
233.12
299.24
369.44
409.92
403.43
353.53
279.96
220.83
199.97
228.21
291.61
363.75
407.71
405.77
358.96
286.81
224.57
200.77
224.41
286.46
358.44
405.76
407.60
363.61
292.38
228.20
200.64
220.93
280.62
353.14
403.56
409.13
368.81
298.32
232.86
201.42
218.07
275.31
348.10
401.22
410.95
373.73
304.40
237.01
202.33
214.69
269.25
342.40
398.48
412.00
378.78
311.36
242.20
203.38
211.30
262.78
335.28
394.72
412.91
383.83
318.74
248.01
205.73
208.71
257.35
329.45
392.25
415.09
391.22
328.17
255.92
208.07
205.59
248.79
319.65
384.61
412.65
393.31
333.60
261.22
210.67
204.42
244.65
314.35
380.98
412.26
396.68
339.02
266.40
212.62
202.48
239.08
307.50
375.80
412.90
402.07
348.89
275.05
217.95
200.66
230.91
296.39
366.98
408.87
404.73
355.85
283.21
222.50
200.37
226.38
289.28
361.42
408.74
409.34
365.33
292.63
229.37
201.02
221.19
280.62
353.39
403.69
409.14
368.81
298.31
232.22
201.18
217.66
275.33
347.70
401.22
410.31
372.96
303.88
236.61
202.34
215.20
270.54
343.04
398.76
411.73
378.00
310.08
241.42
203.37
212.48
264.58
337.23
395.64
414.18
384.44
319.16
248.14
206.50
209.22
257.34
329.33
390.70
414.73
390.00
328.08
255.13
208.98
206.11
249.44
320.03
384.87
413.16
393.82
334.26
261.73
211.56
204.54
244.53
314.08
381.10
412.77
397.58
340.71
268.07
214.81
204.01
240.64
308.39
376.71
411.47
399.92
344.98
272.22
215.99
202.21
234.92
302.22
371.63
410.70
402.52
350.67
277.91
219.36
201.81
231.17
296.66
367.23
409.66
404.72
355.99
282.68
222.50
200.10
226.91
289.92
361.94
406.95
406.02
360.26
287.84
225.35
200.00
223.00
284.24
356.63
405.24
408.62
366.09
294.96
230.14
200.91
219.24
278.30
350.80
402.66
409.91
371.52
301.55
234.94
201.82
215.99
271.84
344.59
399.53
411.09
377.74
309.26
240.56
202.09
211.56
262.91
335.29
396.01
414.80
387.22
321.70
251.00
206.38
207.15
253.73
325.19
388.37
412.66
389.93
328.18
256.30
208.45
205.86
249.17
320.03
384.62
412.65
393.30
333.48
260.96
210.41
203.78
243.87
313.31
380.08
413.41
399.09
343.07
269.63
214.96
201.70
235.31
302.72
371.90
410.70
402.25
350.68
277.50
219.51
201.41
231.56
296.52
367.38
410.30
406.63
358.19
285.02
223.79
200.51
224.95
287.48
359.60
406.42
407.19
362.85
290.95
227.29
200.52
221.57
282.05
354.43
404.34
409.01
367.77
297.03
231.70
201.03
218.46
276.22
349.00
401.61
410.81
372.94
303.51
236.61
202.71
215.99
271.17
344.08
399.27
411.99
377.35
309.44
240.50
203.13
212.09
264.85
337.35
395.64
412.51
383.69
317.29
247.03
204.43
208.71
256.05
328.43
390.30
413.44
388.75
326.36
254.36
208.19
206.88
251.65
322.61
386.81
413.04
392.39
331.53
259.15
209.62
204.81
245.95
316.03
382.14
412.26
395.52
337.34
264.85
212.36
203.63
241.41
310.22
377.86
413.29
400.53
346.17
272.20
216.78
201.80
234.54
300.66
370.87
409.90
402.67
351.19
278.80
219.76
201.03
230.14
294.84
365.82
408.75
405.37
357.54
284.36
223.42
200.10
225.48
287.73
360.25
407.06
407.83
363.50
291.46
227.94
200.90
222.08
282.18
354.69
404.98
411.57
371.10
300.81
233.78
201.95
215.98
271.84
344.60
399.91
411.99
377.22
308.92
240.51
203.24
213.25
265.88
338.53
396.42
412.25
380.87
314.22
244.65
204.03
210.27
260.57
332.32
393.96
414.26
388.26
323.65
252.92
207.94
207.78
253.59
324.56
388.10
413.56
391.35
330.11
257.72
209.37
205.32
247.76
318.09
383.44
412.53
394.47
335.54
263.16
211.70
204.55
243.47
312.93
379.81
413.55
399.75
343.69
270.41
215.60
202.98
236.99
304.40
373.20
410.83
401.34
348.48
275.58
218.20
201.94
232.98
298.85
369.06
409.66
403.69
353.91
280.35
220.96
199.97
228.08
291.22
363.62
408.09
407.06
360.51
288.37
225.48
200.52
223.12
284.51
356.76
404.99
408.11
365.43
294.44
230.01
201.15
219.90
278.82
351.43
402.91
409.66
370.88
301.03
234.54
201.43
216.00
272.60
345.36
399.68
412.38
377.70
309.85
240.51
203.64
212.35
264.45
336.84
395.25
412.26
382.15
316.41
246.33
205.59
210.77
260.58
332.96
393.41
413.57
385.91
321.58
250.21
205.98
207.93
254.87
326.89
389.14
412.92
390.57
328.39
256.34
208.21
205.45
247.64
317.70
383.57
412.65
394.87
336.05
263.55
211.83
204.02
242.97
312.28
379.68
412.51
398.36
341.74
268.86
213.78
202.22
236.99
304.93
373.85
410.95
400.84
347.70
274.92
217.43
201.04
232.59
298.45
368.93
409.52
403.96
353.78
280.48
220.95
200.22
228.73
291.85
364.28
407.70
405.90
358.31
286.04
224.05
199.73
223.80
285.66
358.18
405.64
407.84
364.79
293.14
228.60
200.00
219.75
278.68
351.73
403.28
410.43
370.88
301.03
234.54
201.95
216.50
273.26
345.62
400.19
410.56
376.71
307.45
239.53
201.57
212.48
264.58
337.23
395.38
412.26
381.76
315.64
245.55
204.94
210.13
260.20
332.69
393.03
412.93
385.26
321.06
249.56
206.12
208.44
256.17
328.18
391.60
415.47
392.26
329.45
257.34
208.58
205.73
248.13
319.01
383.70
412.78
393.82
334.64
261.86
211.06
203.77
243.10
312.41
379.94
413.79
400.15
344.48
271.31
216.25
202.72
235.96
303.12
372.03
411.87
403.77
353.03
278.94
220.42
200.11
228.33
291.99
364.02
407.83
406.03
358.70
286.43
224.44
200.25
224.44
286.43
358.70
407.06
409.36
366.62
294.57
230.15
200.39
218.72
277.26
349.90
402.01
409.91
371.66
301.94
235.07
201.95
215.72
271.71
344.33
399.79
411.47
376.84
308.78
240.50
203.51
213.00
266.28
338.63
396.81
412.12
383.06
316.23
246.12
203.41
208.45
256.69
328.95
390.70
413.31
388.24
324.94
253.07
207.15
206.76
251.91
323.39
387.33
413.30
391.74
330.63
258.37
209.75
205.84
247.63
318.24
383.55
414.59
396.63
338.93
265.48
213.13
203.13
239.97
308.54
376.32
411.35
399.27
344.47
271.57
215.86
202.07
235.45
302.21
371.78
410.69
402.51
350.82
277.90
219.37
200.91
230.26
295.23
365.95
408.23
404.47
355.85
283.46
222.36
200.26
225.86
288.76
360.64
406.80
407.06
362.08
289.92
226.52
199.61
221.06
281.53
354.30
404.08
408.75
367.65
297.02
231.44
201.18
218.18
276.75
348.98
402.14
410.69
373.20
303.75
236.36
202.08
215.08
270.27
343.18
398.88
412.12
378.39
310.72
241.54
203.26
211.70
263.94
336.44
395.51
413.03
383.32
317.84
247.22
205.35
209.61
259.01
331.28
391.74
412.93
386.29
322.35
250.74
206.38
207.66
254.24
326.10
389.01
413.57
390.31
328.43
256.30
208.71
206.50
249.69
320.95
384.99
413.05
392.77
333.22
260.57
210.67
204.81
245.42
315.12
381.37
412.26
396.03
338.12
265.62
212.74
203.51
240.76
309.44
377.09
411.35
398.24
342.92
270.27
215.08
202.08
236.36
303.75
372.94
410.82
401.74
349.52
276.34
218.73
201.41
232.08
297.56
368.01
409.28
403.82
354.43
281.00
221.09
199.59
226.79
289.93
362.19
407.71
406.79
361.44
289.13
226.38
200.52
222.99
284.11
356.37
405.24
408.62
366.35
295.08
230.41
200.77
219.37
278.03
350.67
402.66
410.04
371.53
301.55
234.93
201.69
215.99
272.22
344.98
399.92
411.73
376.83
308.40
240.12
202.98
213.01
265.88
338.77
396.67
412.64
381.64
314.99
245.30
204.67
210.66
260.83
332.19
394.10
413.99
387.88
322.75
252.41
207.03
206.89
252.16
323.92
387.44
413.43
391.49
330.63
258.37
209.23
205.08
246.84
317.20
382.93
412.90
397.06
338.61
266.04
212.63
203.24
239.59
307.50
375.80
411.35
399.79
344.99
272.22
215.98
201.83
234.80
301.82
371.40
411.72
404.41
353.81
279.58
221.47
200.61
229.12
292.50
365.05
409.64
408.20
361.94
289.13
226.40
200.12
222.49
283.07
355.47
404.47
408.62
366.86
296.12
231.05
201.30
218.84
277.39
349.63
402.66
410.54
372.97
302.97
236.10
201.95
215.20
270.67
343.43
399.14
413.02
379.52
312.17
242.72
204.42
211.56
262.65
334.89
394.60
412.77
384.36
318.99
248.53
206.37
209.47
258.27
330.09
392.13
413.69
388.49
324.94
253.07
207.15
206.50
251.78
323.12
387.46
413.42
392.14
331.02
258.49
209.37
204.29
245.96
316.16
382.40
412.51
395.38
337.23
264.58
212.22
203.25
240.89
309.84
377.73
411.73
398.51
342.78
270.40
215.07
202.60
237.13
304.66
373.47
410.56
400.83
347.70
274.93
217.81
201.17
232.48
298.19
368.54
409.02
403.17
353.27
279.83
220.82
200.22
228.60
292.38
364.52
408.10
405.51
358.19
285.65
224.18
200.37
225.48
287.72
360.13
406.54
407.45
362.59
290.82
227.28
200.26
221.46
281.91
354.56
404.08
409.01
368.03
297.41
231.83
201.04
218.20
275.70
348.49
401.60
411.20
373.99
304.78
237.40
202.47
214.69
269.37
341.88
397.98
411.21
378.01
310.21
241.68
203.63
212.60
264.59
336.97
395.51
412.25
382.29
316.02
246.21
204.55
209.49
258.76
331.40
392.26
413.31
386.68
322.49
251.26
206.49
207.81
254.10
326.36
388.75
413.44
390.04
328.31
255.78
208.58
205.46
248.68
319.38
384.47
412.53
393.44
333.99
261.35
210.41
203.90
243.60
313.46
380.33
412.77
397.32
340.33
267.42
214.04
203.50
240.11
308.28
376.57
411.21
399.42
344.06
271.58
215.60
202.07
235.46
302.59
372.16
410.70
402.51
351.07
277.64
219.52
201.14
231.05
295.49
366.60
408.62
404.73
355.85
282.95
222.37
200.36
226.64
289.41
361.55
408.48
408.83
364.54
291.85
228.73
200.50
220.81
280.23
353.00
403.56
409.78
369.71
299.36
233.38
201.94
218.06
274.93
347.97
401.08
411.09
374.11
305.42
237.27
202.10
213.77
268.34
340.71
397.59
411.61
378.92
312.40
242.68
204.33
211.93
264.06
335.68
395.12
413.02
383.59
317.84
247.49
204.82
208.46
256.69
329.48
391.07
413.57
388.51
325.44
253.72
206.77
205.99
250.47
321.71
386.04
413.29
393.17
332.70
260.44
210.66
204.81
245.43
315.25
381.63
412.51
396.16
338.39
265.74
213.00
203.51
240.76
309.44
377.35
413.28
401.18
347.08
273.37
216.78
200.66
232.08
298.33
368.66
409.66
403.82
354.30
280.73
221.22
199.97
228.08
291.47
363.75
408.10
406.80
360.12
287.60
224.96
200.25
223.39
284.76
357.15
405.24
409.39
366.95
296.28
230.54
200.78
217.81
275.31
348.10
401.22
410.95
373.73
304.66
236.87
201.96
213.78
268.60
341.36
399.26
414.03
382.55
315.11
245.43
204.43
210.01
260.18
332.69
392.79
414.73
387.65
324.34
251.38
207.29
206.62
251.91
323.27
387.06
414.72
393.77
333.76
260.83
211.17
204.94
244.77
314.61
380.98
412.51
396.81
339.55
266.65
213.14
202.86
239.46
307.76
375.92
411.35
399.15
344.73
271.68
216.00
201.56
235.07
301.82
371.90
410.55
403.31
351.57
279.07
219.89
200.77
229.63
294.17
365.56
408.23
405.38
357.66
284.88
223.28
199.99
225.21
287.60
359.87
406.29
407.84
363.09
291.49
227.55
200.64
221.32
281.13
353.79
403.94
409.39
368.81
298.32
233.12
202.58
219.35
277.01
349.51
402.25
410.56
372.82
303.48
236.23
202.08
215.20
270.28
342.92
398.75
411.73
377.75
310.08
241.41
203.25
211.97
264.45
336.96
395.52
412.12
382.29
315.89
246.34
205.19
210.66
260.06
332.83
393.02
413.44
386.29
322.35
250.74
206.38
207.66
254.24
326.10
389.01
413.05
390.06
327.90
255.79
208.07
205.97
249.18
320.30
384.85
414.60
395.19
337.51
263.52
213.03
204.01
242.44
310.87
378.24
412.26
398.88
343.56
270.66
215.47
202.21
236.49
303.48
372.82
410.56
401.74
349.26
276.47
218.33
200.92
231.17
296.77
367.38
409.01
404.47
355.59
282.29
222.13
200.22
227.29
289.93
362.20
407.06
406.16
359.87
287.98
225.34
200.26
223.39
284.75
357.02
404.73
407.72
364.65
293.41
228.98
200.64
220.14
279.33
351.97
403.43
409.90
370.88
300.25
234.31
201.80
217.53
273.64
346.55
400.56
410.96
375.80
306.81
238.61
201.58
212.73
265.62
337.88
395.78
411.86
380.85
314.22
244.66
204.42
210.40
260.71
332.17
392.81
411.58
384.51
319.12
249.32
206.23
209.35
257.08
329.34
391.08
413.57
388.49
325.06
253.34
206.76
206.25
250.61
322.36
386.29
412.92
391.88
331.40
259.14
209.62
205.08
246.45
316.68
382.53
412.90
395.64
337.49
264.70
212.49
203.63
241.79
310.61
378.25
412.12
398.50
342.79
269.88
214.96
202.21
237.01
304.53
373.72
410.96
401.61
348.86
275.96
218.21
201.17
232.09
297.41
368.28
408.87
403.97
354.03
281.39
220.94
199.99
227.29
290.96
362.72
408.87
408.44
363.38
290.57
227.68
200.38
221.32
281.13
353.79
403.69
409.01
368.16
297.80
232.21
201.56
218.06
276.10
348.47
401.75
410.43
372.96
303.50
236.22
202.47
215.58
271.32
343.95
399.79
412.11
377.62
309.57
241.02
203.77
212.86
265.63
338.12
396.28
412.51
381.76
315.64
245.55
204.68
210.01
259.67
332.45
393.02
415.37
388.97
325.87
253.07
207.81
205.97
250.49
321.44
386.03
413.18
393.29
333.08
260.71
210.26
204.82
244.63
314.88
380.84
412.39
395.90
338.65
265.86
213.01
202.99
240.24
308.66
376.57
411.35
400.56
345.86
273.02
215.62
200.66
231.95
297.80
368.42
409.13
404.21
354.03
281.40
221.58
201.01
228.59
291.99
364.02
407.83
406.03
358.96
286.81
224.57
200.26
224.17
285.92
358.19
405.76
407.84
364.41
292.75
228.98
200.76
221.19
280.62
353.14
403.56
410.68
370.84
300.81
234.04
201.82
215.86
271.57
344.47
399.79
412.11
377.62
309.31
240.89
203.75
213.38
266.40
339.03
396.81
412.51
381.24
314.47
244.66
204.42
210.66
260.83
333.22
393.30
412.39
385.01
320.01
249.33
205.73
208.44
256.05
327.65
390.32
413.16
389.16
325.97
254.49
207.92
206.76
251.13
322.49
387.58
414.96
395.24
335.02
262.38
211.44
204.42
244.13
313.57
380.46
412.26
396.94
339.94
267.03
213.14
202.48
239.07
307.11
375.68
411.46
400.31
345.77
273.11
217.15
202.45
235.58
302.20
371.78
411.99
404.80
354.19
279.84
221.07
200.10
227.56
291.09
363.10
407.84
406.53
360.39
287.86
225.61
200.37
223.27
284.63
357.14
405.51
408.10
365.57
294.17
229.88
201.03
220.79
279.83
352.50
403.29
410.04
370.10
299.88
233.51
201.30
216.38
273.12
345.89
400.57
411.46
375.94
307.24
239.08
202.73
213.00
266.79
339.41
397.07
413.55
382.76
316.56
245.96
205.20
209.61
258.64
331.01
391.61
412.81
386.15
322.62
250.86
206.63
207.66
254.24
325.85
389.92
415.08
393.43
331.78
259.28
209.64
204.29
245.43
315.25
381.63
412.26
397.32
339.77
267.20
213.02
202.86
238.04
305.96
374.36
411.09
400.31
347.45
274.27
217.57
201.55
233.38
299.24
369.44
409.92
403.43
353.01
277.65
219.56
198.21
227.48
290.59
364.13
407.85
405.37
357.92
285.55
223.91
201.28
225.45
288.14
360.12
407.06
409.00
364.62
293.31
228.20
200.53
218.98
278.30
350.80
402.91
410.04
371.53
301.55
234.93
201.69
216.25
272.60
345.12
400.45
411.97
377.24
308.53
240.50
203.77
213.89
267.18
339.68
397.19
412.77
380.98
314.35
244.65
204.42
210.92
261.34
333.87
393.69
413.03
384.88
320.03
248.91
205.74
207.92
255.54
327.66
389.91
413.44
390.43
328.27
256.21
207.94
205.59
247.88
318.35
383.70
412.91
394.60
335.55
262.90
211.18
203.26
242.06
311.76
379.03
412.39
398.49
342.65
269.49
214.96
202.59
237.66
305.04
374.11
410.96
401.22
347.83
275.06
217.55
201.56
232.73
298.85
369.06
409.66
403.69
353.65
280.48
220.56
200.25
228.05
291.74
363.50
407.83
406.29
359.09
286.83
224.57
200.25
224.04
285.92
358.31
405.77
409.65
366.55
295.38
229.77
201.03
218.59
276.48
349.38
402.51
411.33
373.86
304.13
237.14
202.20
214.96
269.63
342.79
398.75
411.86
378.40
310.85
241.80
203.52
212.34
264.45
336.85
395.37
412.51
382.15
316.16
246.20
205.07
210.01
259.29
332.05
392.63
413.44
386.42
322.74
251.12
206.63
207.92
254.36
326.37
388.88
413.19
389.54
327.65
255.27
208.20
205.84
249.71
320.29
385.00
412.27
392.53
332.43
260.32
210.40
204.81
245.43
315.25
381.63
412.26
396.03
338.12
265.62
212.74
203.51
240.76
309.70
377.21
413.17
400.65
346.30
272.73
217.02
201.95
234.02
300.78
370.60
410.31
403.04
352.36
279.18
220.29
200.50
229.50
293.54
365.18
408.22
405.89
357.92
285.54
224.30
201.01
225.87
288.11
360.51
406.80
407.45
362.85
291.21
227.42
200.27
221.19
281.65
353.91
403.96
409.13
368.68
297.67
232.36
201.41
218.20
275.59
348.08
401.36
410.30
373.21
304.01
237.78
203.09
216.01
270.78
343.81
399.02
411.86
378.65
310.85
241.81
203.38
212.21
264.06
336.46
395.25
412.38
382.68
316.40
246.73
204.93
210.14
259.28
332.05
392.64
413.83
387.06
323.14
251.51
207.01
207.92
253.98
325.72
388.88
413.30
390.46
328.68
256.69
208.46
205.08
247.89
318.47
383.70
413.04
394.71
336.33
263.28
212.36
204.15
243.22
312.02
379.30
411.86
397.59
340.71
268.34
214.29
203.37
239.08
307.37
376.05
411.47
400.33
345.88
273.25
216.38
201.95
234.41
301.18
370.74
409.79
402.14
350.67
278.29
219.49
201.56
231.03
296.00
366.86
409.51
405.88
357.28
284.49
223.53
200.89
225.86
288.65
360.76
407.06
407.33
362.58
290.82
227.03
200.00
220.81
280.75
353.65
403.68
409.53
369.57
299.22
233.27
201.55
217.93
274.41
347.06
400.83
410.95
374.38
305.30
238.05
203.10
215.07
269.38
342.14
398.61
412.38
380.59
313.15
243.53
203.39
210.39
260.58
333.08
393.17
413.19
385.50
321.06
249.58
205.98
208.06
255.14
327.01
389.66
413.30
389.67
327.39
255.78
208.45
206.63
250.34
321.20
385.65
413.03
392.92
332.70
260.43
210.27
204.43
244.90
315.00
381.36
412.51
396.43
338.90
266.39
213.13
203.77
240.75
309.58
377.21
412.00
399.01
343.95
270.78
215.35
201.82
235.84
302.98
372.29
410.18
401.61
349.37
276.48
218.60
201.15
231.57
296.64
367.38
408.63
403.82
354.30
281.53
221.32
200.25
227.55
291.08
362.98
407.45
406.67
360.12
287.73
225.35
200.63
223.65
285.02
357.27
405.77
408.35
365.57
293.93
229.36
200.52
219.24
278.43
350.93
402.66
409.52
370.49
300.65
234.28
201.95
216.76
273.38
345.89
400.31
411.08
375.54
306.85
238.70
202.48
213.25
266.92
339.42
397.84
413.65
382.80
315.90
246.20
204.55
209.50
258.88
331.66
392.26
413.31
386.94
322.87
251.39
207.01
208.05
254.50
325.97
389.14
413.30
390.19
328.43
256.42
209.23
206.49
250.35
320.67
385.78
413.41
393.95
333.87
261.34
210.92
204.16
244.01
313.84
380.32
412.27
396.67
340.20
267.16
213.53
202.60
238.94
306.72
375.29
411.34
400.44
346.42
273.37
216.91
201.42
234.03
300.26
370.49
410.17
403.29
352.36
279.44
220.41
201.03
229.75
294.06
365.30
408.48
405.64
357.80
285.27
223.66
199.73
224.70
286.68
359.23
405.89
407.45
363.50
291.59
227.95
200.12
220.93
280.62
353.14
403.31
408.75
367.90
297.68
231.94
201.44
218.06
275.97
348.61
401.60
410.56
373.21
303.74
237.02
202.32
215.61
270.40
343.56
400.17
413.65
380.99
313.04
243.49
203.40
210.14
260.83
333.22
393.30
412.65
384.62
320.03
249.17
206.12
208.57
256.57
328.30
390.44
413.30
388.63
325.72
254.22
208.18
206.89
251.52
322.87
387.06
413.30
392.53
331.92
259.79
210.01
205.08
246.33
316.41
382.41
413.93
397.81
340.34
267.04
213.92
202.86
238.94
306.98
375.67
411.47
400.71
346.53
273.76
217.03
202.33
234.66
301.18
370.74
409.79
402.14
350.67
278.03
219.37
201.03
230.53
295.35
366.21
408.75
404.97
356.77
283.84
223.41
200.75
226.64
289.28
361.42
407.19
407.06
361.43
289.28
226.37
200.25
222.50
283.59
356.24
404.86
410.16
368.50
297.84
231.45
201.30
217.41
274.67
347.19
401.10
410.81
375.55
306.04
238.47
201.44
212.75
265.48
338.26
396.02
412.77
381.88
315.91
245.93
205.07
210.27
259.79
332.70
392.76
413.44
386.03
321.97
250.35
206.24
207.41
253.99
325.85
388.88
413.18
389.67
328.05
255.77
208.20
205.08
248.67
319.38
384.48
412.65
393.69
334.25
261.73
211.06
204.42
244.25
313.58
380.20
412.12
398.10
340.81
268.37
213.52
202.60
237.13
304.66
373.73
410.69
400.84
347.45
274.79
217.42
201.30
232.73
298.85
369.06
409.66
403.69
353.65
280.23
220.95
200.22
228.47
291.73
364.02
409.38
408.31
362.60
289.78
227.17
200.12
221.97
282.29
354.95
405.50
411.17
370.49
299.50
233.76
202.20
217.80
274.80
347.45
400.83
410.56
373.47
304.66
237.13
202.34
214.95
269.62
342.67
398.35
412.26
378.25
310.99
241.92
204.16
212.73
264.85
337.23
395.37
411.88
381.12
315.25
245.42
204.68
210.40
260.70
333.34
393.42
413.31
387.32
322.44
251.18
205.72
207.41
252.42
324.04
387.45
412.92
390.97
329.59
257.47
208.58
204.82
246.85
317.58
383.31
412.65
394.87
336.05
263.80
211.95
204.29
243.09
312.54
379.42
412.39
398.10
341.88
268.72
214.31
202.72
237.90
305.70
374.37
411.21
400.83
347.31
274.41
217.68
201.80
233.64
299.48
369.96
410.04
403.69
353.53
280.22
221.21
200.62
228.73
292.52
364.77
409.77
408.59
362.58
290.05
226.64
200.00
221.46
281.65
354.44
404.07
409.27
368.42
297.67
232.10
201.03
217.80
275.20
347.96
401.48
410.69
373.61
304.13
237.14
202.45
215.60
270.40
343.31
398.62
411.09
376.59
308.78
239.99
202.49
211.57
264.46
336.96
395.77
412.38
382.94
316.78
246.86
204.94
209.87
258.50
331.16
391.72
413.32
386.54
323.14
251.77
207.40
208.57
255.01
326.62
389.54
413.42
390.06
327.78
255.65
207.94
205.08
248.41
319.26
384.47
414.45
396.37
338.15
264.71
213.01
203.63
241.02
309.70
377.47
412.00
399.01
343.95
271.04
215.47
202.34
236.09
303.51
373.19
411.84
403.17
351.20
278.14
219.51
200.77
230.53
295.61
366.33
408.50
404.34
355.73
282.81
222.36
200.63
227.42
290.57
362.59
407.71
406.92
360.78
288.49
225.99
200.64
223.65
285.01
357.15
405.25
407.97
365.18
293.79
229.36
200.65
219.63
279.07
351.57
403.31
410.30
371.52
301.17
234.81
201.80
216.51
272.47
345.37
399.92
410.82
375.56
306.97
239.21
202.86
214.16
267.81
340.47
398.35
413.90
382.41
315.38
245.81
205.07
210.40
260.06
332.83
393.02
413.44
386.29
322.35
251.00
206.24
207.29
253.33
325.20
388.10
412.92
392.13
330.58
258.55
208.85
205.07
245.81
315.64
382.02
412.64
396.29
338.38
265.74
213.01
203.63
241.27
309.57
377.62
411.85
398.89
343.31
270.65
215.60
202.47
237.01
304.27
373.59
410.95
401.61
348.61
275.96
218.20
201.30
232.21
298.06
368.54
409.14
405.24
355.55
282.85
221.86
200.75
226.64
289.28
361.42
406.94
406.94
361.42
289.54
226.51
200.90
223.00
283.86
356.50
405.23
409.14
366.98
296.12
230.92
201.29
219.36
277.91
350.41
402.66
410.04
371.79
301.67
234.94
201.69
215.72
271.71
344.33
399.53
411.09
376.19
308.01
239.47
202.73
212.86
266.40
338.77
396.68
411.99
380.47
313.96
244.12
204.44
210.64
261.74
333.73
393.69
412.65
384.48
319.64
249.05
205.98
208.84
256.69
328.82
390.83
413.95
389.40
326.75
254.48
207.81
205.85
249.97
320.94
385.90
413.29
393.57
333.60
261.22
210.67
204.42
244.39
314.23
380.71
412.39
398.10
341.06
268.63
213.40
202.61
237.12
304.78
373.47
410.96
401.34
348.10
275.44
218.18
202.21
233.50
299.88
369.57
409.93
403.16
353.01
278.67
220.19
199.43
228.87
292.11
364.54
407.84
405.11
357.55
284.48
223.67
200.10
225.74
288.11
360.39
406.81
406.92
362.21
289.91
227.29
201.02
223.52
284.24
356.63
405.50
409.00
366.74
295.47
230.53
200.65
218.98
277.38
350.43
402.25
410.18
371.40
301.80
234.93
201.95
216.37
272.61
345.12
400.18
411.20
376.21
307.48
239.60
202.86
213.77
267.30
339.82
396.68
411.48
380.59
313.28
243.79
203.00
209.88
259.02
331.93
392.37
414.99
388.71
325.61
253.20
207.66
206.63
251.12
322.49
386.56
413.04
392.14
331.40
258.88
209.76
204.67
246.47
316.54
382.53
412.27
394.73
336.32
263.67
212.35
204.40
243.62
312.79
379.81
411.88
396.94
340.06
267.30
213.52
203.12
239.46
307.25
376.45
412.47
402.13
347.83
275.19
218.07
201.80
233.51
299.09
369.58
410.04
404.33
354.04
280.62
221.07
200.10
227.56
291.09
363.10
407.59
405.89
359.35
287.21
224.95
200.52
223.91
285.79
357.92
406.93
409.75
367.78
295.85
231.45
201.15
219.50
277.38
350.17
402.13
410.17
371.40
301.56
234.93
201.94
216.50
272.47
345.38
400.05
411.85
375.92
307.78
239.58
203.63
213.90
267.69
340.20
397.20
411.86
379.69
312.54
243.10
203.90
210.91
262.01
334.51
394.07
412.27
383.71
318.60
248.15
205.59
209.48
257.85
330.11
391.47
413.57
387.84
324.42
252.68
207.41
207.79
253.45
325.21
388.10
414.73
392.34
331.56
258.25
209.88
204.81
246.20
316.41
382.28
412.53
395.37
337.09
264.45
212.35
203.64
241.28
310.22
377.73
412.90
400.40
345.78
272.61
217.02
201.82
234.17
300.64
371.25
411.33
405.36
354.82
281.53
221.58
201.14
228.45
292.14
363.62
407.71
405.38
358.19
285.78
224.31
200.63
225.47
287.60
359.87
406.29
407.59
362.70
290.84
227.29
200.89
222.09
282.57
355.20
404.99
409.13
367.65
296.64
231.30
200.91
218.59
276.87
349.52
402.01
410.30
372.31
302.45
235.97
202.45
216.50
272.22
344.72
399.28
410.70
375.15
306.99
239.07
203.37
214.30
268.21
340.85
397.32
411.74
379.04
312.02
242.71
203.90
211.82
263.55
336.06
394.99
412.91
383.31
317.84
247.23
205.73
209.99
259.02
331.28
391.99
413.44
387.06
323.26
251.52
206.50
207.15
253.07
324.68
388.11
413.30
390.96
329.34
257.20
208.84
205.47
248.01
318.74
383.83
412.91
394.47
335.16
262.77
211.30
204.17
243.21
312.67
379.69
411.99
397.21
340.20
267.68
214.04
203.24
239.73
307.89
376.18
411.35
399.41
345.12
271.81
216.27
201.67
235.20
301.82
371.51
410.32
402.25
350.55
277.65
219.62
201.67
231.83
297.02
367.77
408.76
403.56
354.04
280.61
221.21
200.22
228.73
292.11
364.67
410.67
411.65
366.71
293.95
229.51
201.03
219.36
277.91
350.41
402.40
411.46
373.03
303.53
235.46
201.95
214.30
269.11
341.89
398.37
411.60
378.28
310.33
241.68
203.51
212.34
264.98
337.22
395.91
412.12
381.90
315.11
245.56
204.54
210.53
260.44
332.57
394.09
414.54
388.25
323.53
252.41
207.03
206.89
252.42
324.04
388.48
415.22
394.46
333.48
261.09
211.04
205.07
245.43
315.25
381.63
412.26
396.03
338.12
265.62
213.00
203.89
241.41
310.22
377.86
412.00
398.36
343.31
270.12
215.23
202.21
237.25
304.53
374.24
412.36
403.68
350.81
277.64
219.24
201.55
231.68
297.17
367.63
409.28
403.94
354.44
281.26
221.46
199.85
227.18
290.69
362.84
407.33
406.29
360.39
288.10
225.35
200.00
223.00
284.24
356.63
405.24
408.62
366.09
294.70
230.01
200.64
219.63
278.29
351.33
402.64
411.60
372.90
303.26
235.60
202.20
214.69
269.38
342.26
398.11
411.36
377.60
310.22
241.15
203.51
212.60
265.23
337.74
396.81
414.04
384.61
318.22
247.64
205.21
208.83
257.34
329.46
391.35
413.43
389.66
325.80
254.28
206.89
206.50
249.70
320.82
385.38
412.91
392.92
332.57
260.58
210.64
205.32
246.20
316.41
382.53
412.13
394.88
335.92
263.68
211.30
203.78
242.44
311.90
379.04
411.86
397.59
341.23
268.33
214.18
202.59
238.17
305.83
374.63
411.21
400.57
346.93
274.28
217.41
202.21
234.27
300.27
371.14
412.84
407.92
357.81
284.63
223.91
201.14
226.12
289.03
360.89
406.81
406.68
361.42
289.54
226.25
200.52
222.87
283.85
355.99
404.60
407.71
365.19
293.92
229.62
200.91
220.27
279.85
352.35
403.56
411.46
372.39
302.35
235.08
202.45
215.85
271.32
343.94
399.15
411.09
376.57
308.66
239.99
203.38
213.24
266.66
338.77
396.68
411.99
380.47
313.70
244.25
204.55
211.17
262.00
334.38
393.82
412.53
383.83
318.87
248.28
206.11
209.86
258.50
330.63
392.12
413.69
389.27
325.29
253.63
206.51
206.24
249.96
320.94
385.39
412.39
392.15
331.66
259.54
210.40
205.57
246.73
317.07
383.03
413.04
395.38
337.22
264.71
212.60
204.28
242.57
311.51
378.65
411.74
397.46
341.24
268.59
214.55
203.37
239.07
306.99
375.67
411.46
400.58
346.01
273.38
216.90
201.80
234.43
300.77
371.13
410.17
402.91
351.71
278.93
220.28
201.67
231.17
296.00
366.73
408.63
405.76
357.10
284.27
222.64
200.62
225.47
287.61
359.74
406.16
406.68
361.81
290.05
226.90
200.38
222.11
282.68
355.33
404.21
410.17
368.75
298.49
231.83
201.30
217.03
274.02
346.67
400.45
410.69
374.38
305.30
238.05
203.10
215.33
270.02
342.39
398.63
413.14
380.29
312.69
243.11
204.66
211.94
262.77
335.03
394.48
412.64
383.58
318.09
247.63
205.21
209.10
257.59
329.99
390.96
413.44
387.83
324.68
252.81
207.28
207.41
252.67
324.04
387.46
413.30
390.84
329.61
257.32
209.49
205.97
249.05
319.65
384.61
412.91
393.44
333.87
261.34
210.41
203.91
243.98
313.58
380.22
411.99
396.94
339.16
266.79
213.51
203.75
240.50
309.05
377.09
411.74
398.76
343.57
270.65
215.60
202.98
237.25
305.06
373.71
411.35
401.09
348.35
275.57
218.20
201.95
233.36
299.23
369.33
409.52
403.56
352.74
280.10
220.54
200.90
229.23
293.41
365.18
408.35
406.16
358.04
285.79
223.79
200.51
224.95
287.22
359.48
405.89
406.95
362.32
290.82
227.03
200.52
221.83
282.18
354.69
404.20
408.88
367.38
296.90
231.70
201.68
219.10
277.39
349.63
401.88
409.66
371.40
301.82
235.31
202.33
217.15
273.24
346.03
400.18
411.34
376.83
307.72
239.91
202.46
213.00
265.50
337.86
396.17
412.12
381.64
314.99
245.30
204.42
210.53
260.57
333.09
393.04
412.65
384.36
319.65
249.04
206.62
209.34
258.00
329.97
391.61
413.05
389.01
325.29
253.63
206.51
205.98
249.58
320.55
385.00
412.01
392.15
332.04
260.19
210.14
205.08
245.93
315.90
382.02
412.64
396.29
338.38
265.74
213.01
203.63
241.02
309.70
377.47
411.74
399.15
343.55
271.06
215.58
203.24
237.39
304.92
373.59
412.12
402.86
350.70
277.00
219.37
201.03
230.79
295.47
366.74
408.74
405.12
355.98
283.21
222.62
200.62
227.29
290.31
362.33
408.10
409.22
364.11
291.77
227.95
201.28
220.92
280.37
352.87
403.82
409.52
369.58
299.09
232.99
201.04
216.77
273.90
346.66
400.71
411.08
374.89
305.95
237.91
202.34
213.65
268.34
341.09
398.24
412.64
380.33
312.79
243.36
204.28
211.82
263.16
335.67
395.89
414.69
386.42
320.94
249.96
206.50
208.44
255.79
327.78
389.92
413.19
388.75
326.10
254.24
208.18
207.40
252.16
323.65
387.45
413.57
391.87
330.89
258.63
209.61
205.47
247.23
317.84
383.05
412.27
394.22
335.54
262.90
211.45
204.02
243.35
312.67
379.55
412.13
397.32
340.71
267.81
214.17
203.50
239.97
307.89
375.94
412.38
400.92
347.08
273.63
217.68
202.33
234.27
300.66
370.35
410.05
402.91
351.84
279.20
219.89
200.91
229.49
294.32
365.17
408.11
404.73
356.63
283.98
223.14
200.63
226.64
289.14
361.56
406.79
407.07
361.16
289.28
226.13
200.51
222.87
283.86
356.12
404.86
407.97
365.32
293.93
229.88
201.02
220.41
279.45
352.23
403.43
409.90
370.37
300.00
234.03
201.94
217.41
274.29
347.05
400.83
410.96
374.50
305.56
237.79
202.21
214.17
268.33
341.24
397.46
411.23
378.14
310.59
241.94
203.63
212.60
264.85
337.35
395.90
412.38
382.03
315.76
245.55
204.56
209.99
259.67
332.46
393.14
413.83
386.56
322.47
251.26
206.50
207.93
254.36
326.10
388.89
413.04
390.06
328.17
256.04
208.34
205.71
249.05
319.65
384.87
413.03
393.96
334.11
262.12
211.17
205.20
245.15
315.00
382.14
414.81
399.90
342.66
269.75
215.33
203.12
238.17
306.07
374.63
410.97
401.86
348.31
275.35
217.30
201.29
231.70
297.03
367.77
409.01
403.82
354.44
281.12
221.34
199.84
227.68
291.08
363.11
407.46
407.44
360.99
288.92
225.61
200.64
222.74
283.45
355.86
404.35
407.98
365.70
294.57
229.76
201.17
220.26
279.47
351.71
403.17
409.52
369.72
299.48
233.63
201.68
217.94
274.92
347.71
400.71
410.31
372.96
303.62
236.49
201.82
214.96
270.01
342.92
398.50
411.73
377.74
309.70
241.29
203.88
213.25
265.75
338.52
396.42
412.26
381.25
314.60
245.17
204.80
211.31
261.61
333.73
393.57
412.38
384.10
319.00
248.66
205.85
208.84
257.08
329.33
390.96
413.31
388.24
325.20
253.45
207.28
206.77
251.89
323.26
386.69
412.66
391.09
330.11
258.24
209.61
206.12
248.39
319.00
383.83
412.65
394.09
334.76
262.12
211.06
204.28
243.60
313.33
380.06
412.65
397.07
340.59
267.54
213.53
202.48
238.42
306.73
375.66
412.88
402.89
349.51
276.35
218.59
201.94
232.59
298.33
368.41
409.28
403.43
353.65
280.48
221.33
200.87
228.98
292.64
364.26
407.98
405.50
358.45
285.78
224.31
200.63
225.47
287.34
359.49
406.15
407.32
362.59
290.70
227.29
200.51
221.70
281.92
354.44
403.82
409.78
368.63
298.35
232.36
202.06
217.80
274.68
347.18
400.71
410.05
374.90
305.65
237.58
200.94
212.47
265.62
338.14
395.90
411.88
380.60
314.34
244.39
204.82
211.28
262.39
333.99
393.70
412.00
383.32
317.84
247.76
205.32
209.11
257.34
329.98
391.08
413.19
387.59
324.68
252.80
207.68
207.65
253.59
324.94
388.24
413.31
390.96
329.33
257.08
209.61
206.73
249.97
320.29
385.26
412.65
394.47
334.60
262.29
210.68
204.28
242.70
311.78
378.77
413.29
399.36
343.97
270.66
216.11
202.72
236.61
304.01
372.81
410.19
400.71
348.08
275.19
217.81
201.68
233.24
298.97
369.07
409.14
403.17
352.61
279.33
220.04
200.10
228.33
292.26
363.75
407.60
404.85
357.67
285.01
224.18
200.75
226.13
288.49
360.64
406.55
407.06
362.32
290.17
226.65
200.00
221.44
281.78
354.30
404.34
409.39
368.42
297.80
232.47
201.94
218.71
276.62
349.11
401.87
410.31
372.56
303.10
236.10
202.33
215.85
271.44
343.95
399.15
411.08
376.19
308.02
239.85
202.86
213.01
266.00
338.79
396.16
411.86
381.76
314.96
245.34
203.91
209.61
258.64
331.01
391.87
412.93
386.94
323.25
251.78
206.89
208.18
253.97
325.60
388.62
413.30
390.20
328.30
256.56
208.96
206.62
250.47
321.06
385.92
413.15
393.44
332.83
260.70
210.66
204.81
245.43
315.25
381.37
411.88
395.38
337.35
265.10
212.47
204.03
241.91
310.73
378.14
411.60
397.98
341.75
269.36
214.69
202.73
238.16
305.81
374.26
411.99
402.08
349.41
275.82
218.60
201.04
231.68
296.90
367.39
408.75
403.82
354.44
281.12
221.60
200.48
228.20
291.49
363.49
409.26
408.06
362.35
289.66
227.16
200.90
223.13
283.85
355.99
404.60
409.51
367.60
296.54
231.07
201.15
218.07
275.32
348.22
401.48
412.49
376.01
